<?xml version="1.0" encoding="UTF-8"?>
<testsuites name="TestSuite_CURA_Login_004" time="29.203" tests="4" failures="0" errors="0">
   <testsuite name="TestSuite_CURA_Login_004" tests="4" failures="0" errors="0" time="29.203" skipped="0" timestamp="11-02-2024T21:07:47" hostname="DELL - DESKTOP-M964U7P" id="Test Suites/TestSuite_CURA_Login_004">
      <properties>
         <property name="deviceName" value=""/>
         <property name="devicePlatform" value=""/>
         <property name="logFolder" value="C:\\Users\\DELL\\Katalon Studio\\Software_Test_Automation_CURA\\Reports\\20240211_210737\\TestSuite_CURA_Login_004\\20240211_210738"/>
         <property name="logFiles" value="C:\\Users\\DELL\\Katalon Studio\\Software_Test_Automation_CURA\\Reports\\20240211_210737\\TestSuite_CURA_Login_004\\20240211_210738\\execution0.log"/>
         <property name="attachments" value=""/>
         <property name="hostName" value="DELL - DESKTOP-M964U7P"/>
         <property name="os" value="Windows 10 64bit"/>
         <property name="katalonVersion" value="9.2.0.212"/>
         <property name="browser" value="Chrome 121.0.0.0"/>
         <property name="hostAddress" value="192.168.55.101"/>
         <property name="sessionId" value="49a2a5d6bf352bf4f91c638471c74b6c"/>
         <property name="seleniumVersion" value="3.141.59"/>
         <property name="proxyInformation" value="ProxyInformation { proxyOption=NO_PROXY, proxyServerType=HTTP, username=, password=********, proxyServerAddress=, proxyServerPort=0, executionList=&quot;&quot;, isApplyToDesiredCapabilities=true }"/>
         <property name="platform" value="Windows 10"/>
      </properties>
      <testcase name="Test Cases/TC_CURA_Login_004" time="5.457" classname="Test Cases/TC_CURA_Login_004" status="PASSED">
         <system-out><![CDATA[11-02-2024T21:07:56 - [TEST_CASE][PASSED] - Test Cases/TC_CURA_Login_004: Test Cases/TC_CURA_Login_004

11-02-2024T21:07:56 - [TEST_STEP][PASSED] - Start listener action : sampleBeforeTestCase: null

11-02-2024T21:07:56 - [TEST_STEP][PASSED] - println("Before Test Case"): null

11-02-2024T21:07:57 - [TEST_STEP][PASSED] - click(findTestObject("Object Repository/CURA_OR/Page_CURA Healthcare Service/amenu-toggle")): Object: 'Object Repository/CURA_OR/Page_CURA Healthcare Service/amenu-toggle' is clicked on

11-02-2024T21:07:57 - [MESSAGE][PASSED] - Object: 'Object Repository/CURA_OR/Page_CURA Healthcare Service/amenu-toggle' is clicked on

11-02-2024T21:07:57 - [TEST_STEP][PASSED] - click(findTestObject("Object Repository/CURA_OR/Page_CURA Healthcare Service/a_Login")): Object: 'Object Repository/CURA_OR/Page_CURA Healthcare Service/a_Login' is clicked on

11-02-2024T21:07:58 - [MESSAGE][PASSED] - Object: 'Object Repository/CURA_OR/Page_CURA Healthcare Service/a_Login' is clicked on

11-02-2024T21:07:58 - [TEST_STEP][PASSED] - setText(findTestObject("CURA_OR/Page_CURA Healthcare Service/input_username"), u_name): Text '' is set on object 'Object Repository/CURA_OR/Page_CURA Healthcare Service/input_username'

11-02-2024T21:07:59 - [MESSAGE][PASSED] - Text '' is set on object 'Object Repository/CURA_OR/Page_CURA Healthcare Service/input_username'

11-02-2024T21:07:59 - [TEST_STEP][PASSED] - setText(findTestObject("CURA_OR/Page_CURA Healthcare Service/input_password"), u_pass): Text '' is set on object 'Object Repository/CURA_OR/Page_CURA Healthcare Service/input_password'

11-02-2024T21:08:00 - [MESSAGE][PASSED] - Text '' is set on object 'Object Repository/CURA_OR/Page_CURA Healthcare Service/input_password'

11-02-2024T21:08:00 - [TEST_STEP][PASSED] - click(findTestObject("Object Repository/CURA_OR/Page_CURA Healthcare Service/button_Login")): Object: 'Object Repository/CURA_OR/Page_CURA Healthcare Service/button_Login' is clicked on

11-02-2024T21:08:01 - [MESSAGE][PASSED] - Object: 'Object Repository/CURA_OR/Page_CURA Healthcare Service/button_Login' is clicked on

11-02-2024T21:08:01 - [TEST_STEP][PASSED] - verifyElementPresent(findTestObject("Object Repository/CURA_OR/Page_CURA Healthcare Service/p_Login failed Please ensure the username a_eb55b5"), 0): Object 'Object Repository/CURA_OR/Page_CURA Healthcare Service/p_Login failed Please ensure the username a_eb55b5' is present

11-02-2024T21:08:01 - [MESSAGE][WARNING] - Timeout '0' is invalid. Using default page load timeout: '30'

11-02-2024T21:08:02 - [MESSAGE][PASSED] - Object 'Object Repository/CURA_OR/Page_CURA Healthcare Service/p_Login failed Please ensure the username a_eb55b5' is present

11-02-2024T21:08:02 - [TEST_STEP][PASSED] - Start listener action : sampleAfterTestCase: null

11-02-2024T21:08:02 - [TEST_STEP][PASSED] - println("After Test Case -- Logging out"): null]]></system-out>
         <system-err><![CDATA[]]></system-err>
      </testcase>
      <testcase name="Test Cases/TC_CURA_Login_004" time="4.043" classname="Test Cases/TC_CURA_Login_004" status="PASSED">
         <system-out><![CDATA[11-02-2024T21:08:02 - [TEST_CASE][PASSED] - Test Cases/TC_CURA_Login_004: Test Cases/TC_CURA_Login_004

11-02-2024T21:08:02 - [TEST_STEP][PASSED] - Start listener action : sampleBeforeTestCase: null

11-02-2024T21:08:02 - [TEST_STEP][PASSED] - println("Before Test Case"): null

11-02-2024T21:08:02 - [TEST_STEP][PASSED] - click(findTestObject("Object Repository/CURA_OR/Page_CURA Healthcare Service/amenu-toggle")): Object: 'Object Repository/CURA_OR/Page_CURA Healthcare Service/amenu-toggle' is clicked on

11-02-2024T21:08:02 - [MESSAGE][PASSED] - Object: 'Object Repository/CURA_OR/Page_CURA Healthcare Service/amenu-toggle' is clicked on

11-02-2024T21:08:02 - [TEST_STEP][PASSED] - click(findTestObject("Object Repository/CURA_OR/Page_CURA Healthcare Service/a_Login")): Object: 'Object Repository/CURA_OR/Page_CURA Healthcare Service/a_Login' is clicked on

11-02-2024T21:08:03 - [MESSAGE][PASSED] - Object: 'Object Repository/CURA_OR/Page_CURA Healthcare Service/a_Login' is clicked on

11-02-2024T21:08:03 - [TEST_STEP][PASSED] - setText(findTestObject("CURA_OR/Page_CURA Healthcare Service/input_username"), u_name): Text 'John Doe' is set on object 'Object Repository/CURA_OR/Page_CURA Healthcare Service/input_username'

11-02-2024T21:08:03 - [MESSAGE][PASSED] - Text 'John Doe' is set on object 'Object Repository/CURA_OR/Page_CURA Healthcare Service/input_username'

11-02-2024T21:08:03 - [TEST_STEP][PASSED] - setText(findTestObject("CURA_OR/Page_CURA Healthcare Service/input_password"), u_pass): Text '' is set on object 'Object Repository/CURA_OR/Page_CURA Healthcare Service/input_password'

11-02-2024T21:08:04 - [MESSAGE][PASSED] - Text '' is set on object 'Object Repository/CURA_OR/Page_CURA Healthcare Service/input_password'

11-02-2024T21:08:04 - [TEST_STEP][PASSED] - click(findTestObject("Object Repository/CURA_OR/Page_CURA Healthcare Service/button_Login")): Object: 'Object Repository/CURA_OR/Page_CURA Healthcare Service/button_Login' is clicked on

11-02-2024T21:08:05 - [MESSAGE][PASSED] - Object: 'Object Repository/CURA_OR/Page_CURA Healthcare Service/button_Login' is clicked on

11-02-2024T21:08:05 - [TEST_STEP][PASSED] - verifyElementPresent(findTestObject("Object Repository/CURA_OR/Page_CURA Healthcare Service/p_Login failed Please ensure the username a_eb55b5"), 0): Object 'Object Repository/CURA_OR/Page_CURA Healthcare Service/p_Login failed Please ensure the username a_eb55b5' is present

11-02-2024T21:08:05 - [MESSAGE][WARNING] - Timeout '0' is invalid. Using default page load timeout: '30'

11-02-2024T21:08:06 - [MESSAGE][PASSED] - Object 'Object Repository/CURA_OR/Page_CURA Healthcare Service/p_Login failed Please ensure the username a_eb55b5' is present

11-02-2024T21:08:06 - [TEST_STEP][PASSED] - Start listener action : sampleAfterTestCase: null

11-02-2024T21:08:06 - [TEST_STEP][PASSED] - println("After Test Case -- Logging out"): null]]></system-out>
         <system-err><![CDATA[]]></system-err>
      </testcase>
      <testcase name="Test Cases/TC_CURA_Login_004" time="5.803" classname="Test Cases/TC_CURA_Login_004" status="PASSED">
         <system-out><![CDATA[11-02-2024T21:08:06 - [TEST_CASE][PASSED] - Test Cases/TC_CURA_Login_004: Test Cases/TC_CURA_Login_004

11-02-2024T21:08:06 - [TEST_STEP][PASSED] - Start listener action : sampleBeforeTestCase: null

11-02-2024T21:08:06 - [TEST_STEP][PASSED] - println("Before Test Case"): null

11-02-2024T21:08:06 - [TEST_STEP][PASSED] - click(findTestObject("Object Repository/CURA_OR/Page_CURA Healthcare Service/amenu-toggle")): Object: 'Object Repository/CURA_OR/Page_CURA Healthcare Service/amenu-toggle' is clicked on

11-02-2024T21:08:06 - [MESSAGE][PASSED] - Object: 'Object Repository/CURA_OR/Page_CURA Healthcare Service/amenu-toggle' is clicked on

11-02-2024T21:08:06 - [TEST_STEP][PASSED] - click(findTestObject("Object Repository/CURA_OR/Page_CURA Healthcare Service/a_Login")): Object: 'Object Repository/CURA_OR/Page_CURA Healthcare Service/a_Login' is clicked on

11-02-2024T21:08:07 - [MESSAGE][PASSED] - Object: 'Object Repository/CURA_OR/Page_CURA Healthcare Service/a_Login' is clicked on

11-02-2024T21:08:07 - [TEST_STEP][PASSED] - setText(findTestObject("CURA_OR/Page_CURA Healthcare Service/input_username"), u_name): Text '' is set on object 'Object Repository/CURA_OR/Page_CURA Healthcare Service/input_username'

11-02-2024T21:08:08 - [MESSAGE][PASSED] - Text '' is set on object 'Object Repository/CURA_OR/Page_CURA Healthcare Service/input_username'

11-02-2024T21:08:08 - [TEST_STEP][PASSED] - setText(findTestObject("CURA_OR/Page_CURA Healthcare Service/input_password"), u_pass): Text 'ThisIsNotAPassword' is set on object 'Object Repository/CURA_OR/Page_CURA Healthcare Service/input_password'

11-02-2024T21:08:08 - [MESSAGE][PASSED] - Text 'ThisIsNotAPassword' is set on object 'Object Repository/CURA_OR/Page_CURA Healthcare Service/input_password'

11-02-2024T21:08:08 - [TEST_STEP][PASSED] - click(findTestObject("Object Repository/CURA_OR/Page_CURA Healthcare Service/button_Login")): Object: 'Object Repository/CURA_OR/Page_CURA Healthcare Service/button_Login' is clicked on

11-02-2024T21:08:11 - [MESSAGE][PASSED] - Object: 'Object Repository/CURA_OR/Page_CURA Healthcare Service/button_Login' is clicked on

11-02-2024T21:08:11 - [TEST_STEP][PASSED] - verifyElementPresent(findTestObject("Object Repository/CURA_OR/Page_CURA Healthcare Service/p_Login failed Please ensure the username a_eb55b5"), 0): Object 'Object Repository/CURA_OR/Page_CURA Healthcare Service/p_Login failed Please ensure the username a_eb55b5' is present

11-02-2024T21:08:11 - [MESSAGE][WARNING] - Timeout '0' is invalid. Using default page load timeout: '30'

11-02-2024T21:08:12 - [MESSAGE][PASSED] - Object 'Object Repository/CURA_OR/Page_CURA Healthcare Service/p_Login failed Please ensure the username a_eb55b5' is present

11-02-2024T21:08:12 - [TEST_STEP][PASSED] - Start listener action : sampleAfterTestCase: null

11-02-2024T21:08:12 - [TEST_STEP][PASSED] - println("After Test Case -- Logging out"): null]]></system-out>
         <system-err><![CDATA[]]></system-err>
      </testcase>
      <testcase name="Test Cases/TC_CURA_Login_004" time="4.507" classname="Test Cases/TC_CURA_Login_004" status="PASSED">
         <system-out><![CDATA[11-02-2024T21:08:12 - [TEST_CASE][PASSED] - Test Cases/TC_CURA_Login_004: Test Cases/TC_CURA_Login_004

11-02-2024T21:08:12 - [TEST_STEP][PASSED] - Start listener action : sampleBeforeTestCase: null

11-02-2024T21:08:12 - [TEST_STEP][PASSED] - println("Before Test Case"): null

11-02-2024T21:08:12 - [TEST_STEP][PASSED] - click(findTestObject("Object Repository/CURA_OR/Page_CURA Healthcare Service/amenu-toggle")): Object: 'Object Repository/CURA_OR/Page_CURA Healthcare Service/amenu-toggle' is clicked on

11-02-2024T21:08:12 - [MESSAGE][PASSED] - Object: 'Object Repository/CURA_OR/Page_CURA Healthcare Service/amenu-toggle' is clicked on

11-02-2024T21:08:12 - [TEST_STEP][PASSED] - click(findTestObject("Object Repository/CURA_OR/Page_CURA Healthcare Service/a_Login")): Object: 'Object Repository/CURA_OR/Page_CURA Healthcare Service/a_Login' is clicked on

11-02-2024T21:08:13 - [MESSAGE][PASSED] - Object: 'Object Repository/CURA_OR/Page_CURA Healthcare Service/a_Login' is clicked on

11-02-2024T21:08:13 - [TEST_STEP][PASSED] - setText(findTestObject("CURA_OR/Page_CURA Healthcare Service/input_username"), u_name): Text 'Sarvan' is set on object 'Object Repository/CURA_OR/Page_CURA Healthcare Service/input_username'

11-02-2024T21:08:14 - [MESSAGE][PASSED] - Text 'Sarvan' is set on object 'Object Repository/CURA_OR/Page_CURA Healthcare Service/input_username'

11-02-2024T21:08:14 - [TEST_STEP][PASSED] - setText(findTestObject("CURA_OR/Page_CURA Healthcare Service/input_password"), u_pass): Text 'sarvan123' is set on object 'Object Repository/CURA_OR/Page_CURA Healthcare Service/input_password'

11-02-2024T21:08:15 - [MESSAGE][PASSED] - Text 'sarvan123' is set on object 'Object Repository/CURA_OR/Page_CURA Healthcare Service/input_password'

11-02-2024T21:08:15 - [TEST_STEP][PASSED] - click(findTestObject("Object Repository/CURA_OR/Page_CURA Healthcare Service/button_Login")): Object: 'Object Repository/CURA_OR/Page_CURA Healthcare Service/button_Login' is clicked on

11-02-2024T21:08:16 - [MESSAGE][PASSED] - Object: 'Object Repository/CURA_OR/Page_CURA Healthcare Service/button_Login' is clicked on

11-02-2024T21:08:16 - [TEST_STEP][PASSED] - verifyElementPresent(findTestObject("Object Repository/CURA_OR/Page_CURA Healthcare Service/p_Login failed Please ensure the username a_eb55b5"), 0): Object 'Object Repository/CURA_OR/Page_CURA Healthcare Service/p_Login failed Please ensure the username a_eb55b5' is present

11-02-2024T21:08:16 - [MESSAGE][WARNING] - Timeout '0' is invalid. Using default page load timeout: '30'

11-02-2024T21:08:16 - [MESSAGE][PASSED] - Object 'Object Repository/CURA_OR/Page_CURA Healthcare Service/p_Login failed Please ensure the username a_eb55b5' is present

11-02-2024T21:08:16 - [TEST_STEP][PASSED] - Start listener action : sampleAfterTestCase: null

11-02-2024T21:08:16 - [TEST_STEP][PASSED] - println("After Test Case -- Logging out"): null]]></system-out>
         <system-err><![CDATA[]]></system-err>
      </testcase>
      <system-out><![CDATA[11-02-2024T21:07:47 - [TEST_SUITE][PASSED] - TestSuite_CURA_Login_004: Test Cases/TC_CURA_Login_004]]></system-out>
      <system-err><![CDATA[]]></system-err>
   </testsuite>
</testsuites>
