<?xml version="1.0" encoding="UTF-8"?>
<testsuites name="TestSuite_CURA_MakeAppointment_006" time="170.032" tests="12" failures="0" errors="0">
   <testsuite name="TestSuite_CURA_MakeAppointment_006" tests="12" failures="0" errors="0" time="170.032" skipped="0" timestamp="14-02-2024T22:01:53" hostname="DELL - DESKTOP-M964U7P" id="Test Suites/TestSuite_CURA_MakeAppointment_006">
      <properties>
         <property name="deviceName" value=""/>
         <property name="devicePlatform" value=""/>
         <property name="logFolder" value="C:\\Users\\DELL\\Katalon Studio\\Software_Test_Automation_CURA\\Reports\\20240214_220144\\TestSuite_CURA_MakeAppointment_006\\20240214_220144"/>
         <property name="logFiles" value="C:\\Users\\DELL\\Katalon Studio\\Software_Test_Automation_CURA\\Reports\\20240214_220144\\TestSuite_CURA_MakeAppointment_006\\20240214_220144\\execution0.log"/>
         <property name="attachments" value=""/>
         <property name="hostName" value="DELL - DESKTOP-M964U7P"/>
         <property name="os" value="Windows 10 64bit"/>
         <property name="katalonVersion" value="9.2.0.212"/>
         <property name="browser" value="Chrome 121.0.0.0"/>
         <property name="hostAddress" value="192.168.55.101"/>
         <property name="sessionId" value="9ec10408ac4b292c32bb97458b45bf76"/>
         <property name="seleniumVersion" value="3.141.59"/>
         <property name="proxyInformation" value="ProxyInformation { proxyOption=NO_PROXY, proxyServerType=HTTP, username=, password=********, proxyServerAddress=, proxyServerPort=0, executionList=&quot;&quot;, isApplyToDesiredCapabilities=true }"/>
         <property name="platform" value="Windows 10"/>
      </properties>
      <testcase name="Test Cases/TC_CURA_MakeAppointment_006" time="15.532" classname="Test Cases/TC_CURA_MakeAppointment_006" status="PASSED">
         <system-out><![CDATA[14-02-2024T22:02:01 - [TEST_CASE][PASSED] - Test Cases/TC_CURA_MakeAppointment_006: Test Cases/TC_CURA_MakeAppointment_006

14-02-2024T22:02:01 - [TEST_STEP][PASSED] - Start listener action : sampleBeforeTestCase: Object: 'Object Repository/CURA_OR/Page_CURA Healthcare Service/button_Login' is clicked on

14-02-2024T22:02:01 - [TEST_STEP][PASSED] - println("Before Test Case -- Logging in"): null

14-02-2024T22:02:01 - [TEST_STEP][PASSED] - click(findTestObject("Object Repository/CURA_OR/Page_CURA Healthcare Service/amenu-toggle")): Object: 'Object Repository/CURA_OR/Page_CURA Healthcare Service/amenu-toggle' is clicked on

14-02-2024T22:02:02 - [MESSAGE][PASSED] - Object: 'Object Repository/CURA_OR/Page_CURA Healthcare Service/amenu-toggle' is clicked on

14-02-2024T22:02:02 - [TEST_STEP][PASSED] - click(findTestObject("Object Repository/CURA_OR/Page_CURA Healthcare Service/a_Login")): Object: 'Object Repository/CURA_OR/Page_CURA Healthcare Service/a_Login' is clicked on

14-02-2024T22:02:03 - [MESSAGE][PASSED] - Object: 'Object Repository/CURA_OR/Page_CURA Healthcare Service/a_Login' is clicked on

14-02-2024T22:02:03 - [TEST_STEP][PASSED] - setText(findTestObject("Object Repository/CURA_OR/Page_CURA Healthcare Service/input_username"), username): Text 'John Doe' is set on object 'Object Repository/CURA_OR/Page_CURA Healthcare Service/input_username'

14-02-2024T22:02:04 - [MESSAGE][PASSED] - Text 'John Doe' is set on object 'Object Repository/CURA_OR/Page_CURA Healthcare Service/input_username'

14-02-2024T22:02:04 - [TEST_STEP][PASSED] - setText(findTestObject("CURA_OR/Page_CURA Healthcare Service/input_password"), password): Text 'ThisIsNotAPassword' is set on object 'Object Repository/CURA_OR/Page_CURA Healthcare Service/input_password'

14-02-2024T22:02:04 - [MESSAGE][PASSED] - Text 'ThisIsNotAPassword' is set on object 'Object Repository/CURA_OR/Page_CURA Healthcare Service/input_password'

14-02-2024T22:02:04 - [TEST_STEP][PASSED] - click(findTestObject("Object Repository/CURA_OR/Page_CURA Healthcare Service/button_Login")): Object: 'Object Repository/CURA_OR/Page_CURA Healthcare Service/button_Login' is clicked on

14-02-2024T22:02:06 - [MESSAGE][PASSED] - Object: 'Object Repository/CURA_OR/Page_CURA Healthcare Service/button_Login' is clicked on

14-02-2024T22:02:06 - [TEST_STEP][PASSED] - selectOptionByLabel(findTestObject("Object Repository/CURA_OR/Page_CURA Healthcare Service/select_Tokyo CURA Healthcare Center        _5b4107"), Facility, true): All options with label 'Tokyo CURA Healthcare Center' are selected in object 'Object Repository/CURA_OR/Page_CURA Healthcare Service/select_Tokyo CURA Healthcare Center        _5b4107'  using regular expression

14-02-2024T22:02:07 - [MESSAGE][PASSED] - All options with label 'Tokyo CURA Healthcare Center' are selected in object 'Object Repository/CURA_OR/Page_CURA Healthcare Service/select_Tokyo CURA Healthcare Center        _5b4107'  using regular expression

14-02-2024T22:02:07 - [TEST_STEP][PASSED] - click(findTestObject("CURA_OR/Page_CURA Healthcare Service/div_input-group-addon")): Object: 'Object Repository/CURA_OR/Page_CURA Healthcare Service/div_input-group-addon' is clicked on

14-02-2024T22:02:07 - [MESSAGE][PASSED] - Object: 'Object Repository/CURA_OR/Page_CURA Healthcare Service/div_input-group-addon' is clicked on

14-02-2024T22:02:07 - [TEST_STEP][PASSED] - click(findTestObject("Object Repository/CURA_OR/Page_CURA Healthcare Service/th_February 2024")): Object: 'Object Repository/CURA_OR/Page_CURA Healthcare Service/th_February 2024' is clicked on

14-02-2024T22:02:08 - [MESSAGE][PASSED] - Object: 'Object Repository/CURA_OR/Page_CURA Healthcare Service/th_February 2024' is clicked on

14-02-2024T22:02:08 - [TEST_STEP][PASSED] - click(findTestObject("Object Repository/CURA_OR/Page_CURA Healthcare Service/th_2024")): Object: 'Object Repository/CURA_OR/Page_CURA Healthcare Service/th_2024' is clicked on

14-02-2024T22:02:08 - [MESSAGE][PASSED] - Object: 'Object Repository/CURA_OR/Page_CURA Healthcare Service/th_2024' is clicked on

14-02-2024T22:02:08 - [TEST_STEP][PASSED] - click(findTestObject("CURA_OR/Page_CURA Healthcare Service/yearObject", ["year_value":Year])): Object: 'Object Repository/CURA_OR/Page_CURA Healthcare Service/yearObject' is clicked on

14-02-2024T22:02:09 - [MESSAGE][PASSED] - Object: 'Object Repository/CURA_OR/Page_CURA Healthcare Service/yearObject' is clicked on

14-02-2024T22:02:09 - [TEST_STEP][PASSED] - click(findTestObject("CURA_OR/Page_CURA Healthcare Service/monthObject", ["month_value":Month])): Object: 'Object Repository/CURA_OR/Page_CURA Healthcare Service/monthObject' is clicked on

14-02-2024T22:02:09 - [MESSAGE][PASSED] - Object: 'Object Repository/CURA_OR/Page_CURA Healthcare Service/monthObject' is clicked on

14-02-2024T22:02:09 - [TEST_STEP][PASSED] - click(findTestObject("CURA_OR/Page_CURA Healthcare Service/dateObject", ["date_value":date])): Object: 'Object Repository/CURA_OR/Page_CURA Healthcare Service/dateObject' is clicked on

14-02-2024T22:02:10 - [MESSAGE][PASSED] - Object: 'Object Repository/CURA_OR/Page_CURA Healthcare Service/dateObject' is clicked on

14-02-2024T22:02:10 - [TEST_STEP][PASSED] - setText(findTestObject("Object Repository/CURA_OR/Page_CURA Healthcare Service/textarea_comment"), Comments): Text '' is set on object 'Object Repository/CURA_OR/Page_CURA Healthcare Service/textarea_comment'

14-02-2024T22:02:11 - [MESSAGE][PASSED] - Text '' is set on object 'Object Repository/CURA_OR/Page_CURA Healthcare Service/textarea_comment'

14-02-2024T22:02:11 - [TEST_STEP][PASSED] - click(findTestObject("Object Repository/CURA_OR/Page_CURA Healthcare Service/button_Book Appointment")): Object: 'Object Repository/CURA_OR/Page_CURA Healthcare Service/button_Book Appointment' is clicked on

14-02-2024T22:02:13 - [MESSAGE][PASSED] - Object: 'Object Repository/CURA_OR/Page_CURA Healthcare Service/button_Book Appointment' is clicked on

14-02-2024T22:02:13 - [TEST_STEP][PASSED] - verifyElementText(findTestObject("CURA_OR/Page_CURA Healthcare Service/h2_Appointment Confirmation"), "Appointment Confirmation"): Actual text and expected text of test object 'Object Repository/CURA_OR/Page_CURA Healthcare Service/h2_Appointment Confirmation' are matched.

14-02-2024T22:02:13 - [MESSAGE][PASSED] - Actual text and expected text of test object 'Object Repository/CURA_OR/Page_CURA Healthcare Service/h2_Appointment Confirmation' are matched.

14-02-2024T22:02:14 - [TEST_STEP][PASSED] - Start listener action : sampleAfterTestCase: Object: 'Object Repository/CURA_OR/Page_CURA Healthcare Service/a_Logout' is clicked on

14-02-2024T22:02:14 - [TEST_STEP][PASSED] - println("After Test Case -- Logging out"): null

14-02-2024T22:02:14 - [TEST_STEP][PASSED] - click(findTestObject("Object Repository/CURA_OR/Page_CURA Healthcare Service/amenu-toggle")): Object: 'Object Repository/CURA_OR/Page_CURA Healthcare Service/amenu-toggle' is clicked on

14-02-2024T22:02:14 - [MESSAGE][PASSED] - Object: 'Object Repository/CURA_OR/Page_CURA Healthcare Service/amenu-toggle' is clicked on

14-02-2024T22:02:14 - [TEST_STEP][PASSED] - click(findTestObject("Object Repository/CURA_OR/Page_CURA Healthcare Service/a_Logout")): Object: 'Object Repository/CURA_OR/Page_CURA Healthcare Service/a_Logout' is clicked on

14-02-2024T22:02:17 - [MESSAGE][PASSED] - Object: 'Object Repository/CURA_OR/Page_CURA Healthcare Service/a_Logout' is clicked on]]></system-out>
         <system-err><![CDATA[]]></system-err>
      </testcase>
      <testcase name="Test Cases/TC_CURA_MakeAppointment_006" time="19.451" classname="Test Cases/TC_CURA_MakeAppointment_006" status="PASSED">
         <system-out><![CDATA[14-02-2024T22:02:17 - [TEST_CASE][PASSED] - Test Cases/TC_CURA_MakeAppointment_006: Test Cases/TC_CURA_MakeAppointment_006

14-02-2024T22:02:17 - [TEST_STEP][PASSED] - Start listener action : sampleBeforeTestCase: Object: 'Object Repository/CURA_OR/Page_CURA Healthcare Service/button_Login' is clicked on

14-02-2024T22:02:17 - [TEST_STEP][PASSED] - println("Before Test Case -- Logging in"): null

14-02-2024T22:02:17 - [TEST_STEP][PASSED] - click(findTestObject("Object Repository/CURA_OR/Page_CURA Healthcare Service/amenu-toggle")): Object: 'Object Repository/CURA_OR/Page_CURA Healthcare Service/amenu-toggle' is clicked on

14-02-2024T22:02:17 - [MESSAGE][PASSED] - Object: 'Object Repository/CURA_OR/Page_CURA Healthcare Service/amenu-toggle' is clicked on

14-02-2024T22:02:17 - [TEST_STEP][PASSED] - click(findTestObject("Object Repository/CURA_OR/Page_CURA Healthcare Service/a_Login")): Object: 'Object Repository/CURA_OR/Page_CURA Healthcare Service/a_Login' is clicked on

14-02-2024T22:02:21 - [MESSAGE][PASSED] - Object: 'Object Repository/CURA_OR/Page_CURA Healthcare Service/a_Login' is clicked on

14-02-2024T22:02:21 - [TEST_STEP][PASSED] - setText(findTestObject("Object Repository/CURA_OR/Page_CURA Healthcare Service/input_username"), username): Text 'John Doe' is set on object 'Object Repository/CURA_OR/Page_CURA Healthcare Service/input_username'

14-02-2024T22:02:22 - [MESSAGE][PASSED] - Text 'John Doe' is set on object 'Object Repository/CURA_OR/Page_CURA Healthcare Service/input_username'

14-02-2024T22:02:22 - [TEST_STEP][PASSED] - setText(findTestObject("CURA_OR/Page_CURA Healthcare Service/input_password"), password): Text 'ThisIsNotAPassword' is set on object 'Object Repository/CURA_OR/Page_CURA Healthcare Service/input_password'

14-02-2024T22:02:23 - [MESSAGE][PASSED] - Text 'ThisIsNotAPassword' is set on object 'Object Repository/CURA_OR/Page_CURA Healthcare Service/input_password'

14-02-2024T22:02:23 - [TEST_STEP][PASSED] - click(findTestObject("Object Repository/CURA_OR/Page_CURA Healthcare Service/button_Login")): Object: 'Object Repository/CURA_OR/Page_CURA Healthcare Service/button_Login' is clicked on

14-02-2024T22:02:26 - [MESSAGE][PASSED] - Object: 'Object Repository/CURA_OR/Page_CURA Healthcare Service/button_Login' is clicked on

14-02-2024T22:02:26 - [TEST_STEP][PASSED] - selectOptionByLabel(findTestObject("Object Repository/CURA_OR/Page_CURA Healthcare Service/select_Tokyo CURA Healthcare Center        _5b4107"), Facility, true): All options with label 'Tokyo CURA Healthcare Center' are selected in object 'Object Repository/CURA_OR/Page_CURA Healthcare Service/select_Tokyo CURA Healthcare Center        _5b4107'  using regular expression

14-02-2024T22:02:27 - [MESSAGE][PASSED] - All options with label 'Tokyo CURA Healthcare Center' are selected in object 'Object Repository/CURA_OR/Page_CURA Healthcare Service/select_Tokyo CURA Healthcare Center        _5b4107'  using regular expression

14-02-2024T22:02:27 - [TEST_STEP][PASSED] - click(findTestObject("CURA_OR/Page_CURA Healthcare Service/div_input-group-addon")): Object: 'Object Repository/CURA_OR/Page_CURA Healthcare Service/div_input-group-addon' is clicked on

14-02-2024T22:02:28 - [MESSAGE][PASSED] - Object: 'Object Repository/CURA_OR/Page_CURA Healthcare Service/div_input-group-addon' is clicked on

14-02-2024T22:02:28 - [TEST_STEP][PASSED] - click(findTestObject("Object Repository/CURA_OR/Page_CURA Healthcare Service/th_February 2024")): Object: 'Object Repository/CURA_OR/Page_CURA Healthcare Service/th_February 2024' is clicked on

14-02-2024T22:02:28 - [MESSAGE][PASSED] - Object: 'Object Repository/CURA_OR/Page_CURA Healthcare Service/th_February 2024' is clicked on

14-02-2024T22:02:28 - [TEST_STEP][PASSED] - click(findTestObject("Object Repository/CURA_OR/Page_CURA Healthcare Service/th_2024")): Object: 'Object Repository/CURA_OR/Page_CURA Healthcare Service/th_2024' is clicked on

14-02-2024T22:02:28 - [MESSAGE][PASSED] - Object: 'Object Repository/CURA_OR/Page_CURA Healthcare Service/th_2024' is clicked on

14-02-2024T22:02:28 - [TEST_STEP][PASSED] - click(findTestObject("CURA_OR/Page_CURA Healthcare Service/yearObject", ["year_value":Year])): Object: 'Object Repository/CURA_OR/Page_CURA Healthcare Service/yearObject' is clicked on

14-02-2024T22:02:29 - [MESSAGE][PASSED] - Object: 'Object Repository/CURA_OR/Page_CURA Healthcare Service/yearObject' is clicked on

14-02-2024T22:02:29 - [TEST_STEP][PASSED] - click(findTestObject("CURA_OR/Page_CURA Healthcare Service/monthObject", ["month_value":Month])): Object: 'Object Repository/CURA_OR/Page_CURA Healthcare Service/monthObject' is clicked on

14-02-2024T22:02:29 - [MESSAGE][PASSED] - Object: 'Object Repository/CURA_OR/Page_CURA Healthcare Service/monthObject' is clicked on

14-02-2024T22:02:29 - [TEST_STEP][PASSED] - click(findTestObject("CURA_OR/Page_CURA Healthcare Service/dateObject", ["date_value":date])): Object: 'Object Repository/CURA_OR/Page_CURA Healthcare Service/dateObject' is clicked on

14-02-2024T22:02:30 - [MESSAGE][PASSED] - Object: 'Object Repository/CURA_OR/Page_CURA Healthcare Service/dateObject' is clicked on

14-02-2024T22:02:30 - [TEST_STEP][PASSED] - setText(findTestObject("Object Repository/CURA_OR/Page_CURA Healthcare Service/textarea_comment"), Comments): Text 'Hello' is set on object 'Object Repository/CURA_OR/Page_CURA Healthcare Service/textarea_comment'

14-02-2024T22:02:31 - [MESSAGE][PASSED] - Text 'Hello' is set on object 'Object Repository/CURA_OR/Page_CURA Healthcare Service/textarea_comment'

14-02-2024T22:02:31 - [TEST_STEP][PASSED] - click(findTestObject("Object Repository/CURA_OR/Page_CURA Healthcare Service/button_Book Appointment")): Object: 'Object Repository/CURA_OR/Page_CURA Healthcare Service/button_Book Appointment' is clicked on

14-02-2024T22:02:33 - [MESSAGE][PASSED] - Object: 'Object Repository/CURA_OR/Page_CURA Healthcare Service/button_Book Appointment' is clicked on

14-02-2024T22:02:33 - [TEST_STEP][PASSED] - verifyElementText(findTestObject("CURA_OR/Page_CURA Healthcare Service/h2_Appointment Confirmation"), "Appointment Confirmation"): Actual text and expected text of test object 'Object Repository/CURA_OR/Page_CURA Healthcare Service/h2_Appointment Confirmation' are matched.

14-02-2024T22:02:33 - [MESSAGE][PASSED] - Actual text and expected text of test object 'Object Repository/CURA_OR/Page_CURA Healthcare Service/h2_Appointment Confirmation' are matched.

14-02-2024T22:02:33 - [TEST_STEP][PASSED] - Start listener action : sampleAfterTestCase: Object: 'Object Repository/CURA_OR/Page_CURA Healthcare Service/a_Logout' is clicked on

14-02-2024T22:02:33 - [TEST_STEP][PASSED] - println("After Test Case -- Logging out"): null

14-02-2024T22:02:33 - [TEST_STEP][PASSED] - click(findTestObject("Object Repository/CURA_OR/Page_CURA Healthcare Service/amenu-toggle")): Object: 'Object Repository/CURA_OR/Page_CURA Healthcare Service/amenu-toggle' is clicked on

14-02-2024T22:02:33 - [MESSAGE][PASSED] - Object: 'Object Repository/CURA_OR/Page_CURA Healthcare Service/amenu-toggle' is clicked on

14-02-2024T22:02:33 - [TEST_STEP][PASSED] - click(findTestObject("Object Repository/CURA_OR/Page_CURA Healthcare Service/a_Logout")): Object: 'Object Repository/CURA_OR/Page_CURA Healthcare Service/a_Logout' is clicked on

14-02-2024T22:02:36 - [MESSAGE][PASSED] - Object: 'Object Repository/CURA_OR/Page_CURA Healthcare Service/a_Logout' is clicked on]]></system-out>
         <system-err><![CDATA[]]></system-err>
      </testcase>
      <testcase name="Test Cases/TC_CURA_MakeAppointment_006" time="13.753" classname="Test Cases/TC_CURA_MakeAppointment_006" status="PASSED">
         <system-out><![CDATA[14-02-2024T22:02:36 - [TEST_CASE][PASSED] - Test Cases/TC_CURA_MakeAppointment_006: Test Cases/TC_CURA_MakeAppointment_006

14-02-2024T22:02:36 - [TEST_STEP][PASSED] - Start listener action : sampleBeforeTestCase: Object: 'Object Repository/CURA_OR/Page_CURA Healthcare Service/button_Login' is clicked on

14-02-2024T22:02:36 - [TEST_STEP][PASSED] - println("Before Test Case -- Logging in"): null

14-02-2024T22:02:36 - [TEST_STEP][PASSED] - click(findTestObject("Object Repository/CURA_OR/Page_CURA Healthcare Service/amenu-toggle")): Object: 'Object Repository/CURA_OR/Page_CURA Healthcare Service/amenu-toggle' is clicked on

14-02-2024T22:02:37 - [MESSAGE][PASSED] - Object: 'Object Repository/CURA_OR/Page_CURA Healthcare Service/amenu-toggle' is clicked on

14-02-2024T22:02:37 - [TEST_STEP][PASSED] - click(findTestObject("Object Repository/CURA_OR/Page_CURA Healthcare Service/a_Login")): Object: 'Object Repository/CURA_OR/Page_CURA Healthcare Service/a_Login' is clicked on

14-02-2024T22:02:39 - [MESSAGE][PASSED] - Object: 'Object Repository/CURA_OR/Page_CURA Healthcare Service/a_Login' is clicked on

14-02-2024T22:02:39 - [TEST_STEP][PASSED] - setText(findTestObject("Object Repository/CURA_OR/Page_CURA Healthcare Service/input_username"), username): Text 'John Doe' is set on object 'Object Repository/CURA_OR/Page_CURA Healthcare Service/input_username'

14-02-2024T22:02:40 - [MESSAGE][PASSED] - Text 'John Doe' is set on object 'Object Repository/CURA_OR/Page_CURA Healthcare Service/input_username'

14-02-2024T22:02:40 - [TEST_STEP][PASSED] - setText(findTestObject("CURA_OR/Page_CURA Healthcare Service/input_password"), password): Text 'ThisIsNotAPassword' is set on object 'Object Repository/CURA_OR/Page_CURA Healthcare Service/input_password'

14-02-2024T22:02:40 - [MESSAGE][PASSED] - Text 'ThisIsNotAPassword' is set on object 'Object Repository/CURA_OR/Page_CURA Healthcare Service/input_password'

14-02-2024T22:02:40 - [TEST_STEP][PASSED] - click(findTestObject("Object Repository/CURA_OR/Page_CURA Healthcare Service/button_Login")): Object: 'Object Repository/CURA_OR/Page_CURA Healthcare Service/button_Login' is clicked on

14-02-2024T22:02:42 - [MESSAGE][PASSED] - Object: 'Object Repository/CURA_OR/Page_CURA Healthcare Service/button_Login' is clicked on

14-02-2024T22:02:42 - [TEST_STEP][PASSED] - selectOptionByLabel(findTestObject("Object Repository/CURA_OR/Page_CURA Healthcare Service/select_Tokyo CURA Healthcare Center        _5b4107"), Facility, true): All options with label 'Tokyo CURA Healthcare Center' are selected in object 'Object Repository/CURA_OR/Page_CURA Healthcare Service/select_Tokyo CURA Healthcare Center        _5b4107'  using regular expression

14-02-2024T22:02:43 - [MESSAGE][PASSED] - All options with label 'Tokyo CURA Healthcare Center' are selected in object 'Object Repository/CURA_OR/Page_CURA Healthcare Service/select_Tokyo CURA Healthcare Center        _5b4107'  using regular expression

14-02-2024T22:02:43 - [TEST_STEP][PASSED] - click(findTestObject("CURA_OR/Page_CURA Healthcare Service/div_input-group-addon")): Object: 'Object Repository/CURA_OR/Page_CURA Healthcare Service/div_input-group-addon' is clicked on

14-02-2024T22:02:43 - [MESSAGE][PASSED] - Object: 'Object Repository/CURA_OR/Page_CURA Healthcare Service/div_input-group-addon' is clicked on

14-02-2024T22:02:43 - [TEST_STEP][PASSED] - click(findTestObject("Object Repository/CURA_OR/Page_CURA Healthcare Service/th_February 2024")): Object: 'Object Repository/CURA_OR/Page_CURA Healthcare Service/th_February 2024' is clicked on

14-02-2024T22:02:44 - [MESSAGE][PASSED] - Object: 'Object Repository/CURA_OR/Page_CURA Healthcare Service/th_February 2024' is clicked on

14-02-2024T22:02:44 - [TEST_STEP][PASSED] - click(findTestObject("Object Repository/CURA_OR/Page_CURA Healthcare Service/th_2024")): Object: 'Object Repository/CURA_OR/Page_CURA Healthcare Service/th_2024' is clicked on

14-02-2024T22:02:44 - [MESSAGE][PASSED] - Object: 'Object Repository/CURA_OR/Page_CURA Healthcare Service/th_2024' is clicked on

14-02-2024T22:02:44 - [TEST_STEP][PASSED] - click(findTestObject("CURA_OR/Page_CURA Healthcare Service/yearObject", ["year_value":Year])): Object: 'Object Repository/CURA_OR/Page_CURA Healthcare Service/yearObject' is clicked on

14-02-2024T22:02:45 - [MESSAGE][PASSED] - Object: 'Object Repository/CURA_OR/Page_CURA Healthcare Service/yearObject' is clicked on

14-02-2024T22:02:45 - [TEST_STEP][PASSED] - click(findTestObject("CURA_OR/Page_CURA Healthcare Service/monthObject", ["month_value":Month])): Object: 'Object Repository/CURA_OR/Page_CURA Healthcare Service/monthObject' is clicked on

14-02-2024T22:02:45 - [MESSAGE][PASSED] - Object: 'Object Repository/CURA_OR/Page_CURA Healthcare Service/monthObject' is clicked on

14-02-2024T22:02:45 - [TEST_STEP][PASSED] - click(findTestObject("CURA_OR/Page_CURA Healthcare Service/dateObject", ["date_value":date])): Object: 'Object Repository/CURA_OR/Page_CURA Healthcare Service/dateObject' is clicked on

14-02-2024T22:02:46 - [MESSAGE][PASSED] - Object: 'Object Repository/CURA_OR/Page_CURA Healthcare Service/dateObject' is clicked on

14-02-2024T22:02:46 - [TEST_STEP][PASSED] - setText(findTestObject("Object Repository/CURA_OR/Page_CURA Healthcare Service/textarea_comment"), Comments): Text 'This is 1st test comment' is set on object 'Object Repository/CURA_OR/Page_CURA Healthcare Service/textarea_comment'

14-02-2024T22:02:47 - [MESSAGE][PASSED] - Text 'This is 1st test comment' is set on object 'Object Repository/CURA_OR/Page_CURA Healthcare Service/textarea_comment'

14-02-2024T22:02:47 - [TEST_STEP][PASSED] - click(findTestObject("Object Repository/CURA_OR/Page_CURA Healthcare Service/button_Book Appointment")): Object: 'Object Repository/CURA_OR/Page_CURA Healthcare Service/button_Book Appointment' is clicked on

14-02-2024T22:02:48 - [MESSAGE][PASSED] - Object: 'Object Repository/CURA_OR/Page_CURA Healthcare Service/button_Book Appointment' is clicked on

14-02-2024T22:02:48 - [TEST_STEP][PASSED] - verifyElementText(findTestObject("CURA_OR/Page_CURA Healthcare Service/h2_Appointment Confirmation"), "Appointment Confirmation"): Actual text and expected text of test object 'Object Repository/CURA_OR/Page_CURA Healthcare Service/h2_Appointment Confirmation' are matched.

14-02-2024T22:02:48 - [MESSAGE][PASSED] - Actual text and expected text of test object 'Object Repository/CURA_OR/Page_CURA Healthcare Service/h2_Appointment Confirmation' are matched.

14-02-2024T22:02:48 - [TEST_STEP][PASSED] - Start listener action : sampleAfterTestCase: Object: 'Object Repository/CURA_OR/Page_CURA Healthcare Service/a_Logout' is clicked on

14-02-2024T22:02:48 - [TEST_STEP][PASSED] - println("After Test Case -- Logging out"): null

14-02-2024T22:02:48 - [TEST_STEP][PASSED] - click(findTestObject("Object Repository/CURA_OR/Page_CURA Healthcare Service/amenu-toggle")): Object: 'Object Repository/CURA_OR/Page_CURA Healthcare Service/amenu-toggle' is clicked on

14-02-2024T22:02:49 - [MESSAGE][PASSED] - Object: 'Object Repository/CURA_OR/Page_CURA Healthcare Service/amenu-toggle' is clicked on

14-02-2024T22:02:49 - [TEST_STEP][PASSED] - click(findTestObject("Object Repository/CURA_OR/Page_CURA Healthcare Service/a_Logout")): Object: 'Object Repository/CURA_OR/Page_CURA Healthcare Service/a_Logout' is clicked on

14-02-2024T22:02:50 - [MESSAGE][PASSED] - Object: 'Object Repository/CURA_OR/Page_CURA Healthcare Service/a_Logout' is clicked on]]></system-out>
         <system-err><![CDATA[]]></system-err>
      </testcase>
      <testcase name="Test Cases/TC_CURA_MakeAppointment_006" time="12.304" classname="Test Cases/TC_CURA_MakeAppointment_006" status="PASSED">
         <system-out><![CDATA[14-02-2024T22:02:50 - [TEST_CASE][PASSED] - Test Cases/TC_CURA_MakeAppointment_006: Test Cases/TC_CURA_MakeAppointment_006

14-02-2024T22:02:50 - [TEST_STEP][PASSED] - Start listener action : sampleBeforeTestCase: Object: 'Object Repository/CURA_OR/Page_CURA Healthcare Service/button_Login' is clicked on

14-02-2024T22:02:50 - [TEST_STEP][PASSED] - println("Before Test Case -- Logging in"): null

14-02-2024T22:02:50 - [TEST_STEP][PASSED] - click(findTestObject("Object Repository/CURA_OR/Page_CURA Healthcare Service/amenu-toggle")): Object: 'Object Repository/CURA_OR/Page_CURA Healthcare Service/amenu-toggle' is clicked on

14-02-2024T22:02:51 - [MESSAGE][PASSED] - Object: 'Object Repository/CURA_OR/Page_CURA Healthcare Service/amenu-toggle' is clicked on

14-02-2024T22:02:51 - [TEST_STEP][PASSED] - click(findTestObject("Object Repository/CURA_OR/Page_CURA Healthcare Service/a_Login")): Object: 'Object Repository/CURA_OR/Page_CURA Healthcare Service/a_Login' is clicked on

14-02-2024T22:02:52 - [MESSAGE][PASSED] - Object: 'Object Repository/CURA_OR/Page_CURA Healthcare Service/a_Login' is clicked on

14-02-2024T22:02:52 - [TEST_STEP][PASSED] - setText(findTestObject("Object Repository/CURA_OR/Page_CURA Healthcare Service/input_username"), username): Text 'John Doe' is set on object 'Object Repository/CURA_OR/Page_CURA Healthcare Service/input_username'

14-02-2024T22:02:53 - [MESSAGE][PASSED] - Text 'John Doe' is set on object 'Object Repository/CURA_OR/Page_CURA Healthcare Service/input_username'

14-02-2024T22:02:53 - [TEST_STEP][PASSED] - setText(findTestObject("CURA_OR/Page_CURA Healthcare Service/input_password"), password): Text 'ThisIsNotAPassword' is set on object 'Object Repository/CURA_OR/Page_CURA Healthcare Service/input_password'

14-02-2024T22:02:53 - [MESSAGE][PASSED] - Text 'ThisIsNotAPassword' is set on object 'Object Repository/CURA_OR/Page_CURA Healthcare Service/input_password'

14-02-2024T22:02:53 - [TEST_STEP][PASSED] - click(findTestObject("Object Repository/CURA_OR/Page_CURA Healthcare Service/button_Login")): Object: 'Object Repository/CURA_OR/Page_CURA Healthcare Service/button_Login' is clicked on

14-02-2024T22:02:55 - [MESSAGE][PASSED] - Object: 'Object Repository/CURA_OR/Page_CURA Healthcare Service/button_Login' is clicked on

14-02-2024T22:02:55 - [TEST_STEP][PASSED] - selectOptionByLabel(findTestObject("Object Repository/CURA_OR/Page_CURA Healthcare Service/select_Tokyo CURA Healthcare Center        _5b4107"), Facility, true): All options with label 'Tokyo CURA Healthcare Center' are selected in object 'Object Repository/CURA_OR/Page_CURA Healthcare Service/select_Tokyo CURA Healthcare Center        _5b4107'  using regular expression

14-02-2024T22:02:56 - [MESSAGE][PASSED] - All options with label 'Tokyo CURA Healthcare Center' are selected in object 'Object Repository/CURA_OR/Page_CURA Healthcare Service/select_Tokyo CURA Healthcare Center        _5b4107'  using regular expression

14-02-2024T22:02:56 - [TEST_STEP][PASSED] - click(findTestObject("CURA_OR/Page_CURA Healthcare Service/div_input-group-addon")): Object: 'Object Repository/CURA_OR/Page_CURA Healthcare Service/div_input-group-addon' is clicked on

14-02-2024T22:02:56 - [MESSAGE][PASSED] - Object: 'Object Repository/CURA_OR/Page_CURA Healthcare Service/div_input-group-addon' is clicked on

14-02-2024T22:02:56 - [TEST_STEP][PASSED] - click(findTestObject("Object Repository/CURA_OR/Page_CURA Healthcare Service/th_February 2024")): Object: 'Object Repository/CURA_OR/Page_CURA Healthcare Service/th_February 2024' is clicked on

14-02-2024T22:02:57 - [MESSAGE][PASSED] - Object: 'Object Repository/CURA_OR/Page_CURA Healthcare Service/th_February 2024' is clicked on

14-02-2024T22:02:57 - [TEST_STEP][PASSED] - click(findTestObject("Object Repository/CURA_OR/Page_CURA Healthcare Service/th_2024")): Object: 'Object Repository/CURA_OR/Page_CURA Healthcare Service/th_2024' is clicked on

14-02-2024T22:02:57 - [MESSAGE][PASSED] - Object: 'Object Repository/CURA_OR/Page_CURA Healthcare Service/th_2024' is clicked on

14-02-2024T22:02:57 - [TEST_STEP][PASSED] - click(findTestObject("CURA_OR/Page_CURA Healthcare Service/yearObject", ["year_value":Year])): Object: 'Object Repository/CURA_OR/Page_CURA Healthcare Service/yearObject' is clicked on

14-02-2024T22:02:58 - [MESSAGE][PASSED] - Object: 'Object Repository/CURA_OR/Page_CURA Healthcare Service/yearObject' is clicked on

14-02-2024T22:02:58 - [TEST_STEP][PASSED] - click(findTestObject("CURA_OR/Page_CURA Healthcare Service/monthObject", ["month_value":Month])): Object: 'Object Repository/CURA_OR/Page_CURA Healthcare Service/monthObject' is clicked on

14-02-2024T22:02:58 - [MESSAGE][PASSED] - Object: 'Object Repository/CURA_OR/Page_CURA Healthcare Service/monthObject' is clicked on

14-02-2024T22:02:58 - [TEST_STEP][PASSED] - click(findTestObject("CURA_OR/Page_CURA Healthcare Service/dateObject", ["date_value":date])): Object: 'Object Repository/CURA_OR/Page_CURA Healthcare Service/dateObject' is clicked on

14-02-2024T22:02:59 - [MESSAGE][PASSED] - Object: 'Object Repository/CURA_OR/Page_CURA Healthcare Service/dateObject' is clicked on

14-02-2024T22:02:59 - [TEST_STEP][PASSED] - setText(findTestObject("Object Repository/CURA_OR/Page_CURA Healthcare Service/textarea_comment"), Comments): Text 'This is 2nd test' is set on object 'Object Repository/CURA_OR/Page_CURA Healthcare Service/textarea_comment'

14-02-2024T22:03:00 - [MESSAGE][PASSED] - Text 'This is 2nd test' is set on object 'Object Repository/CURA_OR/Page_CURA Healthcare Service/textarea_comment'

14-02-2024T22:03:00 - [TEST_STEP][PASSED] - click(findTestObject("Object Repository/CURA_OR/Page_CURA Healthcare Service/button_Book Appointment")): Object: 'Object Repository/CURA_OR/Page_CURA Healthcare Service/button_Book Appointment' is clicked on

14-02-2024T22:03:00 - [MESSAGE][PASSED] - Object: 'Object Repository/CURA_OR/Page_CURA Healthcare Service/button_Book Appointment' is clicked on

14-02-2024T22:03:00 - [TEST_STEP][PASSED] - verifyElementText(findTestObject("CURA_OR/Page_CURA Healthcare Service/h2_Appointment Confirmation"), "Appointment Confirmation"): Actual text and expected text of test object 'Object Repository/CURA_OR/Page_CURA Healthcare Service/h2_Appointment Confirmation' are matched.

14-02-2024T22:03:01 - [MESSAGE][PASSED] - Actual text and expected text of test object 'Object Repository/CURA_OR/Page_CURA Healthcare Service/h2_Appointment Confirmation' are matched.

14-02-2024T22:03:01 - [TEST_STEP][PASSED] - Start listener action : sampleAfterTestCase: Object: 'Object Repository/CURA_OR/Page_CURA Healthcare Service/a_Logout' is clicked on

14-02-2024T22:03:01 - [TEST_STEP][PASSED] - println("After Test Case -- Logging out"): null

14-02-2024T22:03:01 - [TEST_STEP][PASSED] - click(findTestObject("Object Repository/CURA_OR/Page_CURA Healthcare Service/amenu-toggle")): Object: 'Object Repository/CURA_OR/Page_CURA Healthcare Service/amenu-toggle' is clicked on

14-02-2024T22:03:01 - [MESSAGE][PASSED] - Object: 'Object Repository/CURA_OR/Page_CURA Healthcare Service/amenu-toggle' is clicked on

14-02-2024T22:03:01 - [TEST_STEP][PASSED] - click(findTestObject("Object Repository/CURA_OR/Page_CURA Healthcare Service/a_Logout")): Object: 'Object Repository/CURA_OR/Page_CURA Healthcare Service/a_Logout' is clicked on

14-02-2024T22:03:02 - [MESSAGE][PASSED] - Object: 'Object Repository/CURA_OR/Page_CURA Healthcare Service/a_Logout' is clicked on]]></system-out>
         <system-err><![CDATA[]]></system-err>
      </testcase>
      <testcase name="Test Cases/TC_CURA_MakeAppointment_006" time="12.66" classname="Test Cases/TC_CURA_MakeAppointment_006" status="PASSED">
         <system-out><![CDATA[14-02-2024T22:03:03 - [TEST_CASE][PASSED] - Test Cases/TC_CURA_MakeAppointment_006: Test Cases/TC_CURA_MakeAppointment_006

14-02-2024T22:03:03 - [TEST_STEP][PASSED] - Start listener action : sampleBeforeTestCase: Object: 'Object Repository/CURA_OR/Page_CURA Healthcare Service/button_Login' is clicked on

14-02-2024T22:03:03 - [TEST_STEP][PASSED] - println("Before Test Case -- Logging in"): null

14-02-2024T22:03:03 - [TEST_STEP][PASSED] - click(findTestObject("Object Repository/CURA_OR/Page_CURA Healthcare Service/amenu-toggle")): Object: 'Object Repository/CURA_OR/Page_CURA Healthcare Service/amenu-toggle' is clicked on

14-02-2024T22:03:03 - [MESSAGE][PASSED] - Object: 'Object Repository/CURA_OR/Page_CURA Healthcare Service/amenu-toggle' is clicked on

14-02-2024T22:03:03 - [TEST_STEP][PASSED] - click(findTestObject("Object Repository/CURA_OR/Page_CURA Healthcare Service/a_Login")): Object: 'Object Repository/CURA_OR/Page_CURA Healthcare Service/a_Login' is clicked on

14-02-2024T22:03:04 - [MESSAGE][PASSED] - Object: 'Object Repository/CURA_OR/Page_CURA Healthcare Service/a_Login' is clicked on

14-02-2024T22:03:04 - [TEST_STEP][PASSED] - setText(findTestObject("Object Repository/CURA_OR/Page_CURA Healthcare Service/input_username"), username): Text 'John Doe' is set on object 'Object Repository/CURA_OR/Page_CURA Healthcare Service/input_username'

14-02-2024T22:03:05 - [MESSAGE][PASSED] - Text 'John Doe' is set on object 'Object Repository/CURA_OR/Page_CURA Healthcare Service/input_username'

14-02-2024T22:03:05 - [TEST_STEP][PASSED] - setText(findTestObject("CURA_OR/Page_CURA Healthcare Service/input_password"), password): Text 'ThisIsNotAPassword' is set on object 'Object Repository/CURA_OR/Page_CURA Healthcare Service/input_password'

14-02-2024T22:03:06 - [MESSAGE][PASSED] - Text 'ThisIsNotAPassword' is set on object 'Object Repository/CURA_OR/Page_CURA Healthcare Service/input_password'

14-02-2024T22:03:06 - [TEST_STEP][PASSED] - click(findTestObject("Object Repository/CURA_OR/Page_CURA Healthcare Service/button_Login")): Object: 'Object Repository/CURA_OR/Page_CURA Healthcare Service/button_Login' is clicked on

14-02-2024T22:03:07 - [MESSAGE][PASSED] - Object: 'Object Repository/CURA_OR/Page_CURA Healthcare Service/button_Login' is clicked on

14-02-2024T22:03:07 - [TEST_STEP][PASSED] - selectOptionByLabel(findTestObject("Object Repository/CURA_OR/Page_CURA Healthcare Service/select_Tokyo CURA Healthcare Center        _5b4107"), Facility, true): All options with label 'Hongkong CURA Healthcare Center' are selected in object 'Object Repository/CURA_OR/Page_CURA Healthcare Service/select_Tokyo CURA Healthcare Center        _5b4107'  using regular expression

14-02-2024T22:03:09 - [MESSAGE][PASSED] - All options with label 'Hongkong CURA Healthcare Center' are selected in object 'Object Repository/CURA_OR/Page_CURA Healthcare Service/select_Tokyo CURA Healthcare Center        _5b4107'  using regular expression

14-02-2024T22:03:09 - [TEST_STEP][PASSED] - click(findTestObject("CURA_OR/Page_CURA Healthcare Service/div_input-group-addon")): Object: 'Object Repository/CURA_OR/Page_CURA Healthcare Service/div_input-group-addon' is clicked on

14-02-2024T22:03:09 - [MESSAGE][PASSED] - Object: 'Object Repository/CURA_OR/Page_CURA Healthcare Service/div_input-group-addon' is clicked on

14-02-2024T22:03:09 - [TEST_STEP][PASSED] - click(findTestObject("Object Repository/CURA_OR/Page_CURA Healthcare Service/th_February 2024")): Object: 'Object Repository/CURA_OR/Page_CURA Healthcare Service/th_February 2024' is clicked on

14-02-2024T22:03:10 - [MESSAGE][PASSED] - Object: 'Object Repository/CURA_OR/Page_CURA Healthcare Service/th_February 2024' is clicked on

14-02-2024T22:03:10 - [TEST_STEP][PASSED] - click(findTestObject("Object Repository/CURA_OR/Page_CURA Healthcare Service/th_2024")): Object: 'Object Repository/CURA_OR/Page_CURA Healthcare Service/th_2024' is clicked on

14-02-2024T22:03:10 - [MESSAGE][PASSED] - Object: 'Object Repository/CURA_OR/Page_CURA Healthcare Service/th_2024' is clicked on

14-02-2024T22:03:10 - [TEST_STEP][PASSED] - click(findTestObject("CURA_OR/Page_CURA Healthcare Service/yearObject", ["year_value":Year])): Object: 'Object Repository/CURA_OR/Page_CURA Healthcare Service/yearObject' is clicked on

14-02-2024T22:03:10 - [MESSAGE][PASSED] - Object: 'Object Repository/CURA_OR/Page_CURA Healthcare Service/yearObject' is clicked on

14-02-2024T22:03:10 - [TEST_STEP][PASSED] - click(findTestObject("CURA_OR/Page_CURA Healthcare Service/monthObject", ["month_value":Month])): Object: 'Object Repository/CURA_OR/Page_CURA Healthcare Service/monthObject' is clicked on

14-02-2024T22:03:11 - [MESSAGE][PASSED] - Object: 'Object Repository/CURA_OR/Page_CURA Healthcare Service/monthObject' is clicked on

14-02-2024T22:03:11 - [TEST_STEP][PASSED] - click(findTestObject("CURA_OR/Page_CURA Healthcare Service/dateObject", ["date_value":date])): Object: 'Object Repository/CURA_OR/Page_CURA Healthcare Service/dateObject' is clicked on

14-02-2024T22:03:12 - [MESSAGE][PASSED] - Object: 'Object Repository/CURA_OR/Page_CURA Healthcare Service/dateObject' is clicked on

14-02-2024T22:03:12 - [TEST_STEP][PASSED] - setText(findTestObject("Object Repository/CURA_OR/Page_CURA Healthcare Service/textarea_comment"), Comments): Text '' is set on object 'Object Repository/CURA_OR/Page_CURA Healthcare Service/textarea_comment'

14-02-2024T22:03:12 - [MESSAGE][PASSED] - Text '' is set on object 'Object Repository/CURA_OR/Page_CURA Healthcare Service/textarea_comment'

14-02-2024T22:03:12 - [TEST_STEP][PASSED] - click(findTestObject("Object Repository/CURA_OR/Page_CURA Healthcare Service/button_Book Appointment")): Object: 'Object Repository/CURA_OR/Page_CURA Healthcare Service/button_Book Appointment' is clicked on

14-02-2024T22:03:13 - [MESSAGE][PASSED] - Object: 'Object Repository/CURA_OR/Page_CURA Healthcare Service/button_Book Appointment' is clicked on

14-02-2024T22:03:13 - [TEST_STEP][PASSED] - verifyElementText(findTestObject("CURA_OR/Page_CURA Healthcare Service/h2_Appointment Confirmation"), "Appointment Confirmation"): Actual text and expected text of test object 'Object Repository/CURA_OR/Page_CURA Healthcare Service/h2_Appointment Confirmation' are matched.

14-02-2024T22:03:14 - [MESSAGE][PASSED] - Actual text and expected text of test object 'Object Repository/CURA_OR/Page_CURA Healthcare Service/h2_Appointment Confirmation' are matched.

14-02-2024T22:03:14 - [TEST_STEP][PASSED] - Start listener action : sampleAfterTestCase: Object: 'Object Repository/CURA_OR/Page_CURA Healthcare Service/a_Logout' is clicked on

14-02-2024T22:03:14 - [TEST_STEP][PASSED] - println("After Test Case -- Logging out"): null

14-02-2024T22:03:14 - [TEST_STEP][PASSED] - click(findTestObject("Object Repository/CURA_OR/Page_CURA Healthcare Service/amenu-toggle")): Object: 'Object Repository/CURA_OR/Page_CURA Healthcare Service/amenu-toggle' is clicked on

14-02-2024T22:03:14 - [MESSAGE][PASSED] - Object: 'Object Repository/CURA_OR/Page_CURA Healthcare Service/amenu-toggle' is clicked on

14-02-2024T22:03:14 - [TEST_STEP][PASSED] - click(findTestObject("Object Repository/CURA_OR/Page_CURA Healthcare Service/a_Logout")): Object: 'Object Repository/CURA_OR/Page_CURA Healthcare Service/a_Logout' is clicked on

14-02-2024T22:03:15 - [MESSAGE][PASSED] - Object: 'Object Repository/CURA_OR/Page_CURA Healthcare Service/a_Logout' is clicked on]]></system-out>
         <system-err><![CDATA[]]></system-err>
      </testcase>
      <testcase name="Test Cases/TC_CURA_MakeAppointment_006" time="12.033" classname="Test Cases/TC_CURA_MakeAppointment_006" status="PASSED">
         <system-out><![CDATA[14-02-2024T22:03:15 - [TEST_CASE][PASSED] - Test Cases/TC_CURA_MakeAppointment_006: Test Cases/TC_CURA_MakeAppointment_006

14-02-2024T22:03:15 - [TEST_STEP][PASSED] - Start listener action : sampleBeforeTestCase: Object: 'Object Repository/CURA_OR/Page_CURA Healthcare Service/button_Login' is clicked on

14-02-2024T22:03:15 - [TEST_STEP][PASSED] - println("Before Test Case -- Logging in"): null

14-02-2024T22:03:15 - [TEST_STEP][PASSED] - click(findTestObject("Object Repository/CURA_OR/Page_CURA Healthcare Service/amenu-toggle")): Object: 'Object Repository/CURA_OR/Page_CURA Healthcare Service/amenu-toggle' is clicked on

14-02-2024T22:03:16 - [MESSAGE][PASSED] - Object: 'Object Repository/CURA_OR/Page_CURA Healthcare Service/amenu-toggle' is clicked on

14-02-2024T22:03:16 - [TEST_STEP][PASSED] - click(findTestObject("Object Repository/CURA_OR/Page_CURA Healthcare Service/a_Login")): Object: 'Object Repository/CURA_OR/Page_CURA Healthcare Service/a_Login' is clicked on

14-02-2024T22:03:17 - [MESSAGE][PASSED] - Object: 'Object Repository/CURA_OR/Page_CURA Healthcare Service/a_Login' is clicked on

14-02-2024T22:03:17 - [TEST_STEP][PASSED] - setText(findTestObject("Object Repository/CURA_OR/Page_CURA Healthcare Service/input_username"), username): Text 'John Doe' is set on object 'Object Repository/CURA_OR/Page_CURA Healthcare Service/input_username'

14-02-2024T22:03:18 - [MESSAGE][PASSED] - Text 'John Doe' is set on object 'Object Repository/CURA_OR/Page_CURA Healthcare Service/input_username'

14-02-2024T22:03:18 - [TEST_STEP][PASSED] - setText(findTestObject("CURA_OR/Page_CURA Healthcare Service/input_password"), password): Text 'ThisIsNotAPassword' is set on object 'Object Repository/CURA_OR/Page_CURA Healthcare Service/input_password'

14-02-2024T22:03:18 - [MESSAGE][PASSED] - Text 'ThisIsNotAPassword' is set on object 'Object Repository/CURA_OR/Page_CURA Healthcare Service/input_password'

14-02-2024T22:03:18 - [TEST_STEP][PASSED] - click(findTestObject("Object Repository/CURA_OR/Page_CURA Healthcare Service/button_Login")): Object: 'Object Repository/CURA_OR/Page_CURA Healthcare Service/button_Login' is clicked on

14-02-2024T22:03:20 - [MESSAGE][PASSED] - Object: 'Object Repository/CURA_OR/Page_CURA Healthcare Service/button_Login' is clicked on

14-02-2024T22:03:20 - [TEST_STEP][PASSED] - selectOptionByLabel(findTestObject("Object Repository/CURA_OR/Page_CURA Healthcare Service/select_Tokyo CURA Healthcare Center        _5b4107"), Facility, true): All options with label 'Hongkong CURA Healthcare Center' are selected in object 'Object Repository/CURA_OR/Page_CURA Healthcare Service/select_Tokyo CURA Healthcare Center        _5b4107'  using regular expression

14-02-2024T22:03:21 - [MESSAGE][PASSED] - All options with label 'Hongkong CURA Healthcare Center' are selected in object 'Object Repository/CURA_OR/Page_CURA Healthcare Service/select_Tokyo CURA Healthcare Center        _5b4107'  using regular expression

14-02-2024T22:03:21 - [TEST_STEP][PASSED] - click(findTestObject("CURA_OR/Page_CURA Healthcare Service/div_input-group-addon")): Object: 'Object Repository/CURA_OR/Page_CURA Healthcare Service/div_input-group-addon' is clicked on

14-02-2024T22:03:21 - [MESSAGE][PASSED] - Object: 'Object Repository/CURA_OR/Page_CURA Healthcare Service/div_input-group-addon' is clicked on

14-02-2024T22:03:21 - [TEST_STEP][PASSED] - click(findTestObject("Object Repository/CURA_OR/Page_CURA Healthcare Service/th_February 2024")): Object: 'Object Repository/CURA_OR/Page_CURA Healthcare Service/th_February 2024' is clicked on

14-02-2024T22:03:22 - [MESSAGE][PASSED] - Object: 'Object Repository/CURA_OR/Page_CURA Healthcare Service/th_February 2024' is clicked on

14-02-2024T22:03:22 - [TEST_STEP][PASSED] - click(findTestObject("Object Repository/CURA_OR/Page_CURA Healthcare Service/th_2024")): Object: 'Object Repository/CURA_OR/Page_CURA Healthcare Service/th_2024' is clicked on

14-02-2024T22:03:22 - [MESSAGE][PASSED] - Object: 'Object Repository/CURA_OR/Page_CURA Healthcare Service/th_2024' is clicked on

14-02-2024T22:03:22 - [TEST_STEP][PASSED] - click(findTestObject("CURA_OR/Page_CURA Healthcare Service/yearObject", ["year_value":Year])): Object: 'Object Repository/CURA_OR/Page_CURA Healthcare Service/yearObject' is clicked on

14-02-2024T22:03:22 - [MESSAGE][PASSED] - Object: 'Object Repository/CURA_OR/Page_CURA Healthcare Service/yearObject' is clicked on

14-02-2024T22:03:22 - [TEST_STEP][PASSED] - click(findTestObject("CURA_OR/Page_CURA Healthcare Service/monthObject", ["month_value":Month])): Object: 'Object Repository/CURA_OR/Page_CURA Healthcare Service/monthObject' is clicked on

14-02-2024T22:03:23 - [MESSAGE][PASSED] - Object: 'Object Repository/CURA_OR/Page_CURA Healthcare Service/monthObject' is clicked on

14-02-2024T22:03:23 - [TEST_STEP][PASSED] - click(findTestObject("CURA_OR/Page_CURA Healthcare Service/dateObject", ["date_value":date])): Object: 'Object Repository/CURA_OR/Page_CURA Healthcare Service/dateObject' is clicked on

14-02-2024T22:03:24 - [MESSAGE][PASSED] - Object: 'Object Repository/CURA_OR/Page_CURA Healthcare Service/dateObject' is clicked on

14-02-2024T22:03:24 - [TEST_STEP][PASSED] - setText(findTestObject("Object Repository/CURA_OR/Page_CURA Healthcare Service/textarea_comment"), Comments): Text 'Hello' is set on object 'Object Repository/CURA_OR/Page_CURA Healthcare Service/textarea_comment'

14-02-2024T22:03:25 - [MESSAGE][PASSED] - Text 'Hello' is set on object 'Object Repository/CURA_OR/Page_CURA Healthcare Service/textarea_comment'

14-02-2024T22:03:25 - [TEST_STEP][PASSED] - click(findTestObject("Object Repository/CURA_OR/Page_CURA Healthcare Service/button_Book Appointment")): Object: 'Object Repository/CURA_OR/Page_CURA Healthcare Service/button_Book Appointment' is clicked on

14-02-2024T22:03:25 - [MESSAGE][PASSED] - Object: 'Object Repository/CURA_OR/Page_CURA Healthcare Service/button_Book Appointment' is clicked on

14-02-2024T22:03:25 - [TEST_STEP][PASSED] - verifyElementText(findTestObject("CURA_OR/Page_CURA Healthcare Service/h2_Appointment Confirmation"), "Appointment Confirmation"): Actual text and expected text of test object 'Object Repository/CURA_OR/Page_CURA Healthcare Service/h2_Appointment Confirmation' are matched.

14-02-2024T22:03:26 - [MESSAGE][PASSED] - Actual text and expected text of test object 'Object Repository/CURA_OR/Page_CURA Healthcare Service/h2_Appointment Confirmation' are matched.

14-02-2024T22:03:26 - [TEST_STEP][PASSED] - Start listener action : sampleAfterTestCase: Object: 'Object Repository/CURA_OR/Page_CURA Healthcare Service/a_Logout' is clicked on

14-02-2024T22:03:26 - [TEST_STEP][PASSED] - println("After Test Case -- Logging out"): null

14-02-2024T22:03:26 - [TEST_STEP][PASSED] - click(findTestObject("Object Repository/CURA_OR/Page_CURA Healthcare Service/amenu-toggle")): Object: 'Object Repository/CURA_OR/Page_CURA Healthcare Service/amenu-toggle' is clicked on

14-02-2024T22:03:26 - [MESSAGE][PASSED] - Object: 'Object Repository/CURA_OR/Page_CURA Healthcare Service/amenu-toggle' is clicked on

14-02-2024T22:03:26 - [TEST_STEP][PASSED] - click(findTestObject("Object Repository/CURA_OR/Page_CURA Healthcare Service/a_Logout")): Object: 'Object Repository/CURA_OR/Page_CURA Healthcare Service/a_Logout' is clicked on

14-02-2024T22:03:27 - [MESSAGE][PASSED] - Object: 'Object Repository/CURA_OR/Page_CURA Healthcare Service/a_Logout' is clicked on]]></system-out>
         <system-err><![CDATA[]]></system-err>
      </testcase>
      <testcase name="Test Cases/TC_CURA_MakeAppointment_006" time="12.752" classname="Test Cases/TC_CURA_MakeAppointment_006" status="PASSED">
         <system-out><![CDATA[14-02-2024T22:03:28 - [TEST_CASE][PASSED] - Test Cases/TC_CURA_MakeAppointment_006: Test Cases/TC_CURA_MakeAppointment_006

14-02-2024T22:03:28 - [TEST_STEP][PASSED] - Start listener action : sampleBeforeTestCase: Object: 'Object Repository/CURA_OR/Page_CURA Healthcare Service/button_Login' is clicked on

14-02-2024T22:03:28 - [TEST_STEP][PASSED] - println("Before Test Case -- Logging in"): null

14-02-2024T22:03:28 - [TEST_STEP][PASSED] - click(findTestObject("Object Repository/CURA_OR/Page_CURA Healthcare Service/amenu-toggle")): Object: 'Object Repository/CURA_OR/Page_CURA Healthcare Service/amenu-toggle' is clicked on

14-02-2024T22:03:28 - [MESSAGE][PASSED] - Object: 'Object Repository/CURA_OR/Page_CURA Healthcare Service/amenu-toggle' is clicked on

14-02-2024T22:03:28 - [TEST_STEP][PASSED] - click(findTestObject("Object Repository/CURA_OR/Page_CURA Healthcare Service/a_Login")): Object: 'Object Repository/CURA_OR/Page_CURA Healthcare Service/a_Login' is clicked on

14-02-2024T22:03:29 - [MESSAGE][PASSED] - Object: 'Object Repository/CURA_OR/Page_CURA Healthcare Service/a_Login' is clicked on

14-02-2024T22:03:29 - [TEST_STEP][PASSED] - setText(findTestObject("Object Repository/CURA_OR/Page_CURA Healthcare Service/input_username"), username): Text 'John Doe' is set on object 'Object Repository/CURA_OR/Page_CURA Healthcare Service/input_username'

14-02-2024T22:03:30 - [MESSAGE][PASSED] - Text 'John Doe' is set on object 'Object Repository/CURA_OR/Page_CURA Healthcare Service/input_username'

14-02-2024T22:03:30 - [TEST_STEP][PASSED] - setText(findTestObject("CURA_OR/Page_CURA Healthcare Service/input_password"), password): Text 'ThisIsNotAPassword' is set on object 'Object Repository/CURA_OR/Page_CURA Healthcare Service/input_password'

14-02-2024T22:03:31 - [MESSAGE][PASSED] - Text 'ThisIsNotAPassword' is set on object 'Object Repository/CURA_OR/Page_CURA Healthcare Service/input_password'

14-02-2024T22:03:31 - [TEST_STEP][PASSED] - click(findTestObject("Object Repository/CURA_OR/Page_CURA Healthcare Service/button_Login")): Object: 'Object Repository/CURA_OR/Page_CURA Healthcare Service/button_Login' is clicked on

14-02-2024T22:03:32 - [MESSAGE][PASSED] - Object: 'Object Repository/CURA_OR/Page_CURA Healthcare Service/button_Login' is clicked on

14-02-2024T22:03:32 - [TEST_STEP][PASSED] - selectOptionByLabel(findTestObject("Object Repository/CURA_OR/Page_CURA Healthcare Service/select_Tokyo CURA Healthcare Center        _5b4107"), Facility, true): All options with label 'Hongkong CURA Healthcare Center' are selected in object 'Object Repository/CURA_OR/Page_CURA Healthcare Service/select_Tokyo CURA Healthcare Center        _5b4107'  using regular expression

14-02-2024T22:03:33 - [MESSAGE][PASSED] - All options with label 'Hongkong CURA Healthcare Center' are selected in object 'Object Repository/CURA_OR/Page_CURA Healthcare Service/select_Tokyo CURA Healthcare Center        _5b4107'  using regular expression

14-02-2024T22:03:33 - [TEST_STEP][PASSED] - click(findTestObject("CURA_OR/Page_CURA Healthcare Service/div_input-group-addon")): Object: 'Object Repository/CURA_OR/Page_CURA Healthcare Service/div_input-group-addon' is clicked on

14-02-2024T22:03:34 - [MESSAGE][PASSED] - Object: 'Object Repository/CURA_OR/Page_CURA Healthcare Service/div_input-group-addon' is clicked on

14-02-2024T22:03:34 - [TEST_STEP][PASSED] - click(findTestObject("Object Repository/CURA_OR/Page_CURA Healthcare Service/th_February 2024")): Object: 'Object Repository/CURA_OR/Page_CURA Healthcare Service/th_February 2024' is clicked on

14-02-2024T22:03:34 - [MESSAGE][PASSED] - Object: 'Object Repository/CURA_OR/Page_CURA Healthcare Service/th_February 2024' is clicked on

14-02-2024T22:03:34 - [TEST_STEP][PASSED] - click(findTestObject("Object Repository/CURA_OR/Page_CURA Healthcare Service/th_2024")): Object: 'Object Repository/CURA_OR/Page_CURA Healthcare Service/th_2024' is clicked on

14-02-2024T22:03:35 - [MESSAGE][PASSED] - Object: 'Object Repository/CURA_OR/Page_CURA Healthcare Service/th_2024' is clicked on

14-02-2024T22:03:35 - [TEST_STEP][PASSED] - click(findTestObject("CURA_OR/Page_CURA Healthcare Service/yearObject", ["year_value":Year])): Object: 'Object Repository/CURA_OR/Page_CURA Healthcare Service/yearObject' is clicked on

14-02-2024T22:03:35 - [MESSAGE][PASSED] - Object: 'Object Repository/CURA_OR/Page_CURA Healthcare Service/yearObject' is clicked on

14-02-2024T22:03:35 - [TEST_STEP][PASSED] - click(findTestObject("CURA_OR/Page_CURA Healthcare Service/monthObject", ["month_value":Month])): Object: 'Object Repository/CURA_OR/Page_CURA Healthcare Service/monthObject' is clicked on

14-02-2024T22:03:36 - [MESSAGE][PASSED] - Object: 'Object Repository/CURA_OR/Page_CURA Healthcare Service/monthObject' is clicked on

14-02-2024T22:03:36 - [TEST_STEP][PASSED] - click(findTestObject("CURA_OR/Page_CURA Healthcare Service/dateObject", ["date_value":date])): Object: 'Object Repository/CURA_OR/Page_CURA Healthcare Service/dateObject' is clicked on

14-02-2024T22:03:36 - [MESSAGE][PASSED] - Object: 'Object Repository/CURA_OR/Page_CURA Healthcare Service/dateObject' is clicked on

14-02-2024T22:03:36 - [TEST_STEP][PASSED] - setText(findTestObject("Object Repository/CURA_OR/Page_CURA Healthcare Service/textarea_comment"), Comments): Text 'This is 1st test comment' is set on object 'Object Repository/CURA_OR/Page_CURA Healthcare Service/textarea_comment'

14-02-2024T22:03:37 - [MESSAGE][PASSED] - Text 'This is 1st test comment' is set on object 'Object Repository/CURA_OR/Page_CURA Healthcare Service/textarea_comment'

14-02-2024T22:03:37 - [TEST_STEP][PASSED] - click(findTestObject("Object Repository/CURA_OR/Page_CURA Healthcare Service/button_Book Appointment")): Object: 'Object Repository/CURA_OR/Page_CURA Healthcare Service/button_Book Appointment' is clicked on

14-02-2024T22:03:38 - [MESSAGE][PASSED] - Object: 'Object Repository/CURA_OR/Page_CURA Healthcare Service/button_Book Appointment' is clicked on

14-02-2024T22:03:38 - [TEST_STEP][PASSED] - verifyElementText(findTestObject("CURA_OR/Page_CURA Healthcare Service/h2_Appointment Confirmation"), "Appointment Confirmation"): Actual text and expected text of test object 'Object Repository/CURA_OR/Page_CURA Healthcare Service/h2_Appointment Confirmation' are matched.

14-02-2024T22:03:39 - [MESSAGE][PASSED] - Actual text and expected text of test object 'Object Repository/CURA_OR/Page_CURA Healthcare Service/h2_Appointment Confirmation' are matched.

14-02-2024T22:03:39 - [TEST_STEP][PASSED] - Start listener action : sampleAfterTestCase: Object: 'Object Repository/CURA_OR/Page_CURA Healthcare Service/a_Logout' is clicked on

14-02-2024T22:03:39 - [TEST_STEP][PASSED] - println("After Test Case -- Logging out"): null

14-02-2024T22:03:39 - [TEST_STEP][PASSED] - click(findTestObject("Object Repository/CURA_OR/Page_CURA Healthcare Service/amenu-toggle")): Object: 'Object Repository/CURA_OR/Page_CURA Healthcare Service/amenu-toggle' is clicked on

14-02-2024T22:03:39 - [MESSAGE][PASSED] - Object: 'Object Repository/CURA_OR/Page_CURA Healthcare Service/amenu-toggle' is clicked on

14-02-2024T22:03:39 - [TEST_STEP][PASSED] - click(findTestObject("Object Repository/CURA_OR/Page_CURA Healthcare Service/a_Logout")): Object: 'Object Repository/CURA_OR/Page_CURA Healthcare Service/a_Logout' is clicked on

14-02-2024T22:03:40 - [MESSAGE][PASSED] - Object: 'Object Repository/CURA_OR/Page_CURA Healthcare Service/a_Logout' is clicked on]]></system-out>
         <system-err><![CDATA[]]></system-err>
      </testcase>
      <testcase name="Test Cases/TC_CURA_MakeAppointment_006" time="12.007" classname="Test Cases/TC_CURA_MakeAppointment_006" status="PASSED">
         <system-out><![CDATA[14-02-2024T22:03:40 - [TEST_CASE][PASSED] - Test Cases/TC_CURA_MakeAppointment_006: Test Cases/TC_CURA_MakeAppointment_006

14-02-2024T22:03:40 - [TEST_STEP][PASSED] - Start listener action : sampleBeforeTestCase: Object: 'Object Repository/CURA_OR/Page_CURA Healthcare Service/button_Login' is clicked on

14-02-2024T22:03:40 - [TEST_STEP][PASSED] - println("Before Test Case -- Logging in"): null

14-02-2024T22:03:40 - [TEST_STEP][PASSED] - click(findTestObject("Object Repository/CURA_OR/Page_CURA Healthcare Service/amenu-toggle")): Object: 'Object Repository/CURA_OR/Page_CURA Healthcare Service/amenu-toggle' is clicked on

14-02-2024T22:03:41 - [MESSAGE][PASSED] - Object: 'Object Repository/CURA_OR/Page_CURA Healthcare Service/amenu-toggle' is clicked on

14-02-2024T22:03:41 - [TEST_STEP][PASSED] - click(findTestObject("Object Repository/CURA_OR/Page_CURA Healthcare Service/a_Login")): Object: 'Object Repository/CURA_OR/Page_CURA Healthcare Service/a_Login' is clicked on

14-02-2024T22:03:42 - [MESSAGE][PASSED] - Object: 'Object Repository/CURA_OR/Page_CURA Healthcare Service/a_Login' is clicked on

14-02-2024T22:03:42 - [TEST_STEP][PASSED] - setText(findTestObject("Object Repository/CURA_OR/Page_CURA Healthcare Service/input_username"), username): Text 'John Doe' is set on object 'Object Repository/CURA_OR/Page_CURA Healthcare Service/input_username'

14-02-2024T22:03:43 - [MESSAGE][PASSED] - Text 'John Doe' is set on object 'Object Repository/CURA_OR/Page_CURA Healthcare Service/input_username'

14-02-2024T22:03:43 - [TEST_STEP][PASSED] - setText(findTestObject("CURA_OR/Page_CURA Healthcare Service/input_password"), password): Text 'ThisIsNotAPassword' is set on object 'Object Repository/CURA_OR/Page_CURA Healthcare Service/input_password'

14-02-2024T22:03:43 - [MESSAGE][PASSED] - Text 'ThisIsNotAPassword' is set on object 'Object Repository/CURA_OR/Page_CURA Healthcare Service/input_password'

14-02-2024T22:03:43 - [TEST_STEP][PASSED] - click(findTestObject("Object Repository/CURA_OR/Page_CURA Healthcare Service/button_Login")): Object: 'Object Repository/CURA_OR/Page_CURA Healthcare Service/button_Login' is clicked on

14-02-2024T22:03:45 - [MESSAGE][PASSED] - Object: 'Object Repository/CURA_OR/Page_CURA Healthcare Service/button_Login' is clicked on

14-02-2024T22:03:45 - [TEST_STEP][PASSED] - selectOptionByLabel(findTestObject("Object Repository/CURA_OR/Page_CURA Healthcare Service/select_Tokyo CURA Healthcare Center        _5b4107"), Facility, true): All options with label 'Hongkong CURA Healthcare Center' are selected in object 'Object Repository/CURA_OR/Page_CURA Healthcare Service/select_Tokyo CURA Healthcare Center        _5b4107'  using regular expression

14-02-2024T22:03:46 - [MESSAGE][PASSED] - All options with label 'Hongkong CURA Healthcare Center' are selected in object 'Object Repository/CURA_OR/Page_CURA Healthcare Service/select_Tokyo CURA Healthcare Center        _5b4107'  using regular expression

14-02-2024T22:03:46 - [TEST_STEP][PASSED] - click(findTestObject("CURA_OR/Page_CURA Healthcare Service/div_input-group-addon")): Object: 'Object Repository/CURA_OR/Page_CURA Healthcare Service/div_input-group-addon' is clicked on

14-02-2024T22:03:46 - [MESSAGE][PASSED] - Object: 'Object Repository/CURA_OR/Page_CURA Healthcare Service/div_input-group-addon' is clicked on

14-02-2024T22:03:46 - [TEST_STEP][PASSED] - click(findTestObject("Object Repository/CURA_OR/Page_CURA Healthcare Service/th_February 2024")): Object: 'Object Repository/CURA_OR/Page_CURA Healthcare Service/th_February 2024' is clicked on

14-02-2024T22:03:47 - [MESSAGE][PASSED] - Object: 'Object Repository/CURA_OR/Page_CURA Healthcare Service/th_February 2024' is clicked on

14-02-2024T22:03:47 - [TEST_STEP][PASSED] - click(findTestObject("Object Repository/CURA_OR/Page_CURA Healthcare Service/th_2024")): Object: 'Object Repository/CURA_OR/Page_CURA Healthcare Service/th_2024' is clicked on

14-02-2024T22:03:47 - [MESSAGE][PASSED] - Object: 'Object Repository/CURA_OR/Page_CURA Healthcare Service/th_2024' is clicked on

14-02-2024T22:03:47 - [TEST_STEP][PASSED] - click(findTestObject("CURA_OR/Page_CURA Healthcare Service/yearObject", ["year_value":Year])): Object: 'Object Repository/CURA_OR/Page_CURA Healthcare Service/yearObject' is clicked on

14-02-2024T22:03:48 - [MESSAGE][PASSED] - Object: 'Object Repository/CURA_OR/Page_CURA Healthcare Service/yearObject' is clicked on

14-02-2024T22:03:48 - [TEST_STEP][PASSED] - click(findTestObject("CURA_OR/Page_CURA Healthcare Service/monthObject", ["month_value":Month])): Object: 'Object Repository/CURA_OR/Page_CURA Healthcare Service/monthObject' is clicked on

14-02-2024T22:03:48 - [MESSAGE][PASSED] - Object: 'Object Repository/CURA_OR/Page_CURA Healthcare Service/monthObject' is clicked on

14-02-2024T22:03:48 - [TEST_STEP][PASSED] - click(findTestObject("CURA_OR/Page_CURA Healthcare Service/dateObject", ["date_value":date])): Object: 'Object Repository/CURA_OR/Page_CURA Healthcare Service/dateObject' is clicked on

14-02-2024T22:03:49 - [MESSAGE][PASSED] - Object: 'Object Repository/CURA_OR/Page_CURA Healthcare Service/dateObject' is clicked on

14-02-2024T22:03:49 - [TEST_STEP][PASSED] - setText(findTestObject("Object Repository/CURA_OR/Page_CURA Healthcare Service/textarea_comment"), Comments): Text 'This is 2nd test' is set on object 'Object Repository/CURA_OR/Page_CURA Healthcare Service/textarea_comment'

14-02-2024T22:03:49 - [MESSAGE][PASSED] - Text 'This is 2nd test' is set on object 'Object Repository/CURA_OR/Page_CURA Healthcare Service/textarea_comment'

14-02-2024T22:03:49 - [TEST_STEP][PASSED] - click(findTestObject("Object Repository/CURA_OR/Page_CURA Healthcare Service/button_Book Appointment")): Object: 'Object Repository/CURA_OR/Page_CURA Healthcare Service/button_Book Appointment' is clicked on

14-02-2024T22:03:50 - [MESSAGE][PASSED] - Object: 'Object Repository/CURA_OR/Page_CURA Healthcare Service/button_Book Appointment' is clicked on

14-02-2024T22:03:50 - [TEST_STEP][PASSED] - verifyElementText(findTestObject("CURA_OR/Page_CURA Healthcare Service/h2_Appointment Confirmation"), "Appointment Confirmation"): Actual text and expected text of test object 'Object Repository/CURA_OR/Page_CURA Healthcare Service/h2_Appointment Confirmation' are matched.

14-02-2024T22:03:51 - [MESSAGE][PASSED] - Actual text and expected text of test object 'Object Repository/CURA_OR/Page_CURA Healthcare Service/h2_Appointment Confirmation' are matched.

14-02-2024T22:03:51 - [TEST_STEP][PASSED] - Start listener action : sampleAfterTestCase: Object: 'Object Repository/CURA_OR/Page_CURA Healthcare Service/a_Logout' is clicked on

14-02-2024T22:03:51 - [TEST_STEP][PASSED] - println("After Test Case -- Logging out"): null

14-02-2024T22:03:51 - [TEST_STEP][PASSED] - click(findTestObject("Object Repository/CURA_OR/Page_CURA Healthcare Service/amenu-toggle")): Object: 'Object Repository/CURA_OR/Page_CURA Healthcare Service/amenu-toggle' is clicked on

14-02-2024T22:03:51 - [MESSAGE][PASSED] - Object: 'Object Repository/CURA_OR/Page_CURA Healthcare Service/amenu-toggle' is clicked on

14-02-2024T22:03:51 - [TEST_STEP][PASSED] - click(findTestObject("Object Repository/CURA_OR/Page_CURA Healthcare Service/a_Logout")): Object: 'Object Repository/CURA_OR/Page_CURA Healthcare Service/a_Logout' is clicked on

14-02-2024T22:03:52 - [MESSAGE][PASSED] - Object: 'Object Repository/CURA_OR/Page_CURA Healthcare Service/a_Logout' is clicked on]]></system-out>
         <system-err><![CDATA[]]></system-err>
      </testcase>
      <testcase name="Test Cases/TC_CURA_MakeAppointment_006" time="12.984" classname="Test Cases/TC_CURA_MakeAppointment_006" status="PASSED">
         <system-out><![CDATA[14-02-2024T22:03:53 - [TEST_CASE][PASSED] - Test Cases/TC_CURA_MakeAppointment_006: Test Cases/TC_CURA_MakeAppointment_006

14-02-2024T22:03:53 - [TEST_STEP][PASSED] - Start listener action : sampleBeforeTestCase: Object: 'Object Repository/CURA_OR/Page_CURA Healthcare Service/button_Login' is clicked on

14-02-2024T22:03:53 - [TEST_STEP][PASSED] - println("Before Test Case -- Logging in"): null

14-02-2024T22:03:53 - [TEST_STEP][PASSED] - click(findTestObject("Object Repository/CURA_OR/Page_CURA Healthcare Service/amenu-toggle")): Object: 'Object Repository/CURA_OR/Page_CURA Healthcare Service/amenu-toggle' is clicked on

14-02-2024T22:03:53 - [MESSAGE][PASSED] - Object: 'Object Repository/CURA_OR/Page_CURA Healthcare Service/amenu-toggle' is clicked on

14-02-2024T22:03:53 - [TEST_STEP][PASSED] - click(findTestObject("Object Repository/CURA_OR/Page_CURA Healthcare Service/a_Login")): Object: 'Object Repository/CURA_OR/Page_CURA Healthcare Service/a_Login' is clicked on

14-02-2024T22:03:54 - [MESSAGE][PASSED] - Object: 'Object Repository/CURA_OR/Page_CURA Healthcare Service/a_Login' is clicked on

14-02-2024T22:03:54 - [TEST_STEP][PASSED] - setText(findTestObject("Object Repository/CURA_OR/Page_CURA Healthcare Service/input_username"), username): Text 'John Doe' is set on object 'Object Repository/CURA_OR/Page_CURA Healthcare Service/input_username'

14-02-2024T22:03:55 - [MESSAGE][PASSED] - Text 'John Doe' is set on object 'Object Repository/CURA_OR/Page_CURA Healthcare Service/input_username'

14-02-2024T22:03:55 - [TEST_STEP][PASSED] - setText(findTestObject("CURA_OR/Page_CURA Healthcare Service/input_password"), password): Text 'ThisIsNotAPassword' is set on object 'Object Repository/CURA_OR/Page_CURA Healthcare Service/input_password'

14-02-2024T22:03:56 - [MESSAGE][PASSED] - Text 'ThisIsNotAPassword' is set on object 'Object Repository/CURA_OR/Page_CURA Healthcare Service/input_password'

14-02-2024T22:03:56 - [TEST_STEP][PASSED] - click(findTestObject("Object Repository/CURA_OR/Page_CURA Healthcare Service/button_Login")): Object: 'Object Repository/CURA_OR/Page_CURA Healthcare Service/button_Login' is clicked on

14-02-2024T22:03:57 - [MESSAGE][PASSED] - Object: 'Object Repository/CURA_OR/Page_CURA Healthcare Service/button_Login' is clicked on

14-02-2024T22:03:57 - [TEST_STEP][PASSED] - selectOptionByLabel(findTestObject("Object Repository/CURA_OR/Page_CURA Healthcare Service/select_Tokyo CURA Healthcare Center        _5b4107"), Facility, true): All options with label 'Seoul CURA Healthcare Center' are selected in object 'Object Repository/CURA_OR/Page_CURA Healthcare Service/select_Tokyo CURA Healthcare Center        _5b4107'  using regular expression

14-02-2024T22:03:58 - [MESSAGE][PASSED] - All options with label 'Seoul CURA Healthcare Center' are selected in object 'Object Repository/CURA_OR/Page_CURA Healthcare Service/select_Tokyo CURA Healthcare Center        _5b4107'  using regular expression

14-02-2024T22:03:58 - [TEST_STEP][PASSED] - click(findTestObject("CURA_OR/Page_CURA Healthcare Service/div_input-group-addon")): Object: 'Object Repository/CURA_OR/Page_CURA Healthcare Service/div_input-group-addon' is clicked on

14-02-2024T22:03:58 - [MESSAGE][PASSED] - Object: 'Object Repository/CURA_OR/Page_CURA Healthcare Service/div_input-group-addon' is clicked on

14-02-2024T22:03:58 - [TEST_STEP][PASSED] - click(findTestObject("Object Repository/CURA_OR/Page_CURA Healthcare Service/th_February 2024")): Object: 'Object Repository/CURA_OR/Page_CURA Healthcare Service/th_February 2024' is clicked on

14-02-2024T22:03:59 - [MESSAGE][PASSED] - Object: 'Object Repository/CURA_OR/Page_CURA Healthcare Service/th_February 2024' is clicked on

14-02-2024T22:03:59 - [TEST_STEP][PASSED] - click(findTestObject("Object Repository/CURA_OR/Page_CURA Healthcare Service/th_2024")): Object: 'Object Repository/CURA_OR/Page_CURA Healthcare Service/th_2024' is clicked on

14-02-2024T22:03:59 - [MESSAGE][PASSED] - Object: 'Object Repository/CURA_OR/Page_CURA Healthcare Service/th_2024' is clicked on

14-02-2024T22:03:59 - [TEST_STEP][PASSED] - click(findTestObject("CURA_OR/Page_CURA Healthcare Service/yearObject", ["year_value":Year])): Object: 'Object Repository/CURA_OR/Page_CURA Healthcare Service/yearObject' is clicked on

14-02-2024T22:04:00 - [MESSAGE][PASSED] - Object: 'Object Repository/CURA_OR/Page_CURA Healthcare Service/yearObject' is clicked on

14-02-2024T22:04:00 - [TEST_STEP][PASSED] - click(findTestObject("CURA_OR/Page_CURA Healthcare Service/monthObject", ["month_value":Month])): Object: 'Object Repository/CURA_OR/Page_CURA Healthcare Service/monthObject' is clicked on

14-02-2024T22:04:00 - [MESSAGE][PASSED] - Object: 'Object Repository/CURA_OR/Page_CURA Healthcare Service/monthObject' is clicked on

14-02-2024T22:04:00 - [TEST_STEP][PASSED] - click(findTestObject("CURA_OR/Page_CURA Healthcare Service/dateObject", ["date_value":date])): Object: 'Object Repository/CURA_OR/Page_CURA Healthcare Service/dateObject' is clicked on

14-02-2024T22:04:01 - [MESSAGE][PASSED] - Object: 'Object Repository/CURA_OR/Page_CURA Healthcare Service/dateObject' is clicked on

14-02-2024T22:04:01 - [TEST_STEP][PASSED] - setText(findTestObject("Object Repository/CURA_OR/Page_CURA Healthcare Service/textarea_comment"), Comments): Text '' is set on object 'Object Repository/CURA_OR/Page_CURA Healthcare Service/textarea_comment'

14-02-2024T22:04:02 - [MESSAGE][PASSED] - Text '' is set on object 'Object Repository/CURA_OR/Page_CURA Healthcare Service/textarea_comment'

14-02-2024T22:04:02 - [TEST_STEP][PASSED] - click(findTestObject("Object Repository/CURA_OR/Page_CURA Healthcare Service/button_Book Appointment")): Object: 'Object Repository/CURA_OR/Page_CURA Healthcare Service/button_Book Appointment' is clicked on

14-02-2024T22:04:03 - [MESSAGE][PASSED] - Object: 'Object Repository/CURA_OR/Page_CURA Healthcare Service/button_Book Appointment' is clicked on

14-02-2024T22:04:03 - [TEST_STEP][PASSED] - verifyElementText(findTestObject("CURA_OR/Page_CURA Healthcare Service/h2_Appointment Confirmation"), "Appointment Confirmation"): Actual text and expected text of test object 'Object Repository/CURA_OR/Page_CURA Healthcare Service/h2_Appointment Confirmation' are matched.

14-02-2024T22:04:04 - [MESSAGE][PASSED] - Actual text and expected text of test object 'Object Repository/CURA_OR/Page_CURA Healthcare Service/h2_Appointment Confirmation' are matched.

14-02-2024T22:04:04 - [TEST_STEP][PASSED] - Start listener action : sampleAfterTestCase: Object: 'Object Repository/CURA_OR/Page_CURA Healthcare Service/a_Logout' is clicked on

14-02-2024T22:04:04 - [TEST_STEP][PASSED] - println("After Test Case -- Logging out"): null

14-02-2024T22:04:04 - [TEST_STEP][PASSED] - click(findTestObject("Object Repository/CURA_OR/Page_CURA Healthcare Service/amenu-toggle")): Object: 'Object Repository/CURA_OR/Page_CURA Healthcare Service/amenu-toggle' is clicked on

14-02-2024T22:04:04 - [MESSAGE][PASSED] - Object: 'Object Repository/CURA_OR/Page_CURA Healthcare Service/amenu-toggle' is clicked on

14-02-2024T22:04:04 - [TEST_STEP][PASSED] - click(findTestObject("Object Repository/CURA_OR/Page_CURA Healthcare Service/a_Logout")): Object: 'Object Repository/CURA_OR/Page_CURA Healthcare Service/a_Logout' is clicked on

14-02-2024T22:04:06 - [MESSAGE][PASSED] - Object: 'Object Repository/CURA_OR/Page_CURA Healthcare Service/a_Logout' is clicked on]]></system-out>
         <system-err><![CDATA[]]></system-err>
      </testcase>
      <testcase name="Test Cases/TC_CURA_MakeAppointment_006" time="12.086" classname="Test Cases/TC_CURA_MakeAppointment_006" status="PASSED">
         <system-out><![CDATA[14-02-2024T22:04:06 - [TEST_CASE][PASSED] - Test Cases/TC_CURA_MakeAppointment_006: Test Cases/TC_CURA_MakeAppointment_006

14-02-2024T22:04:06 - [TEST_STEP][PASSED] - Start listener action : sampleBeforeTestCase: Object: 'Object Repository/CURA_OR/Page_CURA Healthcare Service/button_Login' is clicked on

14-02-2024T22:04:06 - [TEST_STEP][PASSED] - println("Before Test Case -- Logging in"): null

14-02-2024T22:04:06 - [TEST_STEP][PASSED] - click(findTestObject("Object Repository/CURA_OR/Page_CURA Healthcare Service/amenu-toggle")): Object: 'Object Repository/CURA_OR/Page_CURA Healthcare Service/amenu-toggle' is clicked on

14-02-2024T22:04:06 - [MESSAGE][PASSED] - Object: 'Object Repository/CURA_OR/Page_CURA Healthcare Service/amenu-toggle' is clicked on

14-02-2024T22:04:06 - [TEST_STEP][PASSED] - click(findTestObject("Object Repository/CURA_OR/Page_CURA Healthcare Service/a_Login")): Object: 'Object Repository/CURA_OR/Page_CURA Healthcare Service/a_Login' is clicked on

14-02-2024T22:04:07 - [MESSAGE][PASSED] - Object: 'Object Repository/CURA_OR/Page_CURA Healthcare Service/a_Login' is clicked on

14-02-2024T22:04:07 - [TEST_STEP][PASSED] - setText(findTestObject("Object Repository/CURA_OR/Page_CURA Healthcare Service/input_username"), username): Text 'John Doe' is set on object 'Object Repository/CURA_OR/Page_CURA Healthcare Service/input_username'

14-02-2024T22:04:08 - [MESSAGE][PASSED] - Text 'John Doe' is set on object 'Object Repository/CURA_OR/Page_CURA Healthcare Service/input_username'

14-02-2024T22:04:08 - [TEST_STEP][PASSED] - setText(findTestObject("CURA_OR/Page_CURA Healthcare Service/input_password"), password): Text 'ThisIsNotAPassword' is set on object 'Object Repository/CURA_OR/Page_CURA Healthcare Service/input_password'

14-02-2024T22:04:09 - [MESSAGE][PASSED] - Text 'ThisIsNotAPassword' is set on object 'Object Repository/CURA_OR/Page_CURA Healthcare Service/input_password'

14-02-2024T22:04:09 - [TEST_STEP][PASSED] - click(findTestObject("Object Repository/CURA_OR/Page_CURA Healthcare Service/button_Login")): Object: 'Object Repository/CURA_OR/Page_CURA Healthcare Service/button_Login' is clicked on

14-02-2024T22:04:10 - [MESSAGE][PASSED] - Object: 'Object Repository/CURA_OR/Page_CURA Healthcare Service/button_Login' is clicked on

14-02-2024T22:04:10 - [TEST_STEP][PASSED] - selectOptionByLabel(findTestObject("Object Repository/CURA_OR/Page_CURA Healthcare Service/select_Tokyo CURA Healthcare Center        _5b4107"), Facility, true): All options with label 'Seoul CURA Healthcare Center' are selected in object 'Object Repository/CURA_OR/Page_CURA Healthcare Service/select_Tokyo CURA Healthcare Center        _5b4107'  using regular expression

14-02-2024T22:04:11 - [MESSAGE][PASSED] - All options with label 'Seoul CURA Healthcare Center' are selected in object 'Object Repository/CURA_OR/Page_CURA Healthcare Service/select_Tokyo CURA Healthcare Center        _5b4107'  using regular expression

14-02-2024T22:04:11 - [TEST_STEP][PASSED] - click(findTestObject("CURA_OR/Page_CURA Healthcare Service/div_input-group-addon")): Object: 'Object Repository/CURA_OR/Page_CURA Healthcare Service/div_input-group-addon' is clicked on

14-02-2024T22:04:11 - [MESSAGE][PASSED] - Object: 'Object Repository/CURA_OR/Page_CURA Healthcare Service/div_input-group-addon' is clicked on

14-02-2024T22:04:11 - [TEST_STEP][PASSED] - click(findTestObject("Object Repository/CURA_OR/Page_CURA Healthcare Service/th_February 2024")): Object: 'Object Repository/CURA_OR/Page_CURA Healthcare Service/th_February 2024' is clicked on

14-02-2024T22:04:12 - [MESSAGE][PASSED] - Object: 'Object Repository/CURA_OR/Page_CURA Healthcare Service/th_February 2024' is clicked on

14-02-2024T22:04:12 - [TEST_STEP][PASSED] - click(findTestObject("Object Repository/CURA_OR/Page_CURA Healthcare Service/th_2024")): Object: 'Object Repository/CURA_OR/Page_CURA Healthcare Service/th_2024' is clicked on

14-02-2024T22:04:12 - [MESSAGE][PASSED] - Object: 'Object Repository/CURA_OR/Page_CURA Healthcare Service/th_2024' is clicked on

14-02-2024T22:04:12 - [TEST_STEP][PASSED] - click(findTestObject("CURA_OR/Page_CURA Healthcare Service/yearObject", ["year_value":Year])): Object: 'Object Repository/CURA_OR/Page_CURA Healthcare Service/yearObject' is clicked on

14-02-2024T22:04:13 - [MESSAGE][PASSED] - Object: 'Object Repository/CURA_OR/Page_CURA Healthcare Service/yearObject' is clicked on

14-02-2024T22:04:13 - [TEST_STEP][PASSED] - click(findTestObject("CURA_OR/Page_CURA Healthcare Service/monthObject", ["month_value":Month])): Object: 'Object Repository/CURA_OR/Page_CURA Healthcare Service/monthObject' is clicked on

14-02-2024T22:04:13 - [MESSAGE][PASSED] - Object: 'Object Repository/CURA_OR/Page_CURA Healthcare Service/monthObject' is clicked on

14-02-2024T22:04:13 - [TEST_STEP][PASSED] - click(findTestObject("CURA_OR/Page_CURA Healthcare Service/dateObject", ["date_value":date])): Object: 'Object Repository/CURA_OR/Page_CURA Healthcare Service/dateObject' is clicked on

14-02-2024T22:04:14 - [MESSAGE][PASSED] - Object: 'Object Repository/CURA_OR/Page_CURA Healthcare Service/dateObject' is clicked on

14-02-2024T22:04:14 - [TEST_STEP][PASSED] - setText(findTestObject("Object Repository/CURA_OR/Page_CURA Healthcare Service/textarea_comment"), Comments): Text 'Hello' is set on object 'Object Repository/CURA_OR/Page_CURA Healthcare Service/textarea_comment'

14-02-2024T22:04:15 - [MESSAGE][PASSED] - Text 'Hello' is set on object 'Object Repository/CURA_OR/Page_CURA Healthcare Service/textarea_comment'

14-02-2024T22:04:15 - [TEST_STEP][PASSED] - click(findTestObject("Object Repository/CURA_OR/Page_CURA Healthcare Service/button_Book Appointment")): Object: 'Object Repository/CURA_OR/Page_CURA Healthcare Service/button_Book Appointment' is clicked on

14-02-2024T22:04:16 - [MESSAGE][PASSED] - Object: 'Object Repository/CURA_OR/Page_CURA Healthcare Service/button_Book Appointment' is clicked on

14-02-2024T22:04:16 - [TEST_STEP][PASSED] - verifyElementText(findTestObject("CURA_OR/Page_CURA Healthcare Service/h2_Appointment Confirmation"), "Appointment Confirmation"): Actual text and expected text of test object 'Object Repository/CURA_OR/Page_CURA Healthcare Service/h2_Appointment Confirmation' are matched.

14-02-2024T22:04:16 - [MESSAGE][PASSED] - Actual text and expected text of test object 'Object Repository/CURA_OR/Page_CURA Healthcare Service/h2_Appointment Confirmation' are matched.

14-02-2024T22:04:16 - [TEST_STEP][PASSED] - Start listener action : sampleAfterTestCase: Object: 'Object Repository/CURA_OR/Page_CURA Healthcare Service/a_Logout' is clicked on

14-02-2024T22:04:16 - [TEST_STEP][PASSED] - println("After Test Case -- Logging out"): null

14-02-2024T22:04:16 - [TEST_STEP][PASSED] - click(findTestObject("Object Repository/CURA_OR/Page_CURA Healthcare Service/amenu-toggle")): Object: 'Object Repository/CURA_OR/Page_CURA Healthcare Service/amenu-toggle' is clicked on

14-02-2024T22:04:16 - [MESSAGE][PASSED] - Object: 'Object Repository/CURA_OR/Page_CURA Healthcare Service/amenu-toggle' is clicked on

14-02-2024T22:04:16 - [TEST_STEP][PASSED] - click(findTestObject("Object Repository/CURA_OR/Page_CURA Healthcare Service/a_Logout")): Object: 'Object Repository/CURA_OR/Page_CURA Healthcare Service/a_Logout' is clicked on

14-02-2024T22:04:18 - [MESSAGE][PASSED] - Object: 'Object Repository/CURA_OR/Page_CURA Healthcare Service/a_Logout' is clicked on]]></system-out>
         <system-err><![CDATA[]]></system-err>
      </testcase>
      <testcase name="Test Cases/TC_CURA_MakeAppointment_006" time="12.431" classname="Test Cases/TC_CURA_MakeAppointment_006" status="PASSED">
         <system-out><![CDATA[14-02-2024T22:04:18 - [TEST_CASE][PASSED] - Test Cases/TC_CURA_MakeAppointment_006: Test Cases/TC_CURA_MakeAppointment_006

14-02-2024T22:04:18 - [TEST_STEP][PASSED] - Start listener action : sampleBeforeTestCase: Object: 'Object Repository/CURA_OR/Page_CURA Healthcare Service/button_Login' is clicked on

14-02-2024T22:04:18 - [TEST_STEP][PASSED] - println("Before Test Case -- Logging in"): null

14-02-2024T22:04:18 - [TEST_STEP][PASSED] - click(findTestObject("Object Repository/CURA_OR/Page_CURA Healthcare Service/amenu-toggle")): Object: 'Object Repository/CURA_OR/Page_CURA Healthcare Service/amenu-toggle' is clicked on

14-02-2024T22:04:18 - [MESSAGE][PASSED] - Object: 'Object Repository/CURA_OR/Page_CURA Healthcare Service/amenu-toggle' is clicked on

14-02-2024T22:04:18 - [TEST_STEP][PASSED] - click(findTestObject("Object Repository/CURA_OR/Page_CURA Healthcare Service/a_Login")): Object: 'Object Repository/CURA_OR/Page_CURA Healthcare Service/a_Login' is clicked on

14-02-2024T22:04:19 - [MESSAGE][PASSED] - Object: 'Object Repository/CURA_OR/Page_CURA Healthcare Service/a_Login' is clicked on

14-02-2024T22:04:19 - [TEST_STEP][PASSED] - setText(findTestObject("Object Repository/CURA_OR/Page_CURA Healthcare Service/input_username"), username): Text 'John Doe' is set on object 'Object Repository/CURA_OR/Page_CURA Healthcare Service/input_username'

14-02-2024T22:04:20 - [MESSAGE][PASSED] - Text 'John Doe' is set on object 'Object Repository/CURA_OR/Page_CURA Healthcare Service/input_username'

14-02-2024T22:04:20 - [TEST_STEP][PASSED] - setText(findTestObject("CURA_OR/Page_CURA Healthcare Service/input_password"), password): Text 'ThisIsNotAPassword' is set on object 'Object Repository/CURA_OR/Page_CURA Healthcare Service/input_password'

14-02-2024T22:04:21 - [MESSAGE][PASSED] - Text 'ThisIsNotAPassword' is set on object 'Object Repository/CURA_OR/Page_CURA Healthcare Service/input_password'

14-02-2024T22:04:21 - [TEST_STEP][PASSED] - click(findTestObject("Object Repository/CURA_OR/Page_CURA Healthcare Service/button_Login")): Object: 'Object Repository/CURA_OR/Page_CURA Healthcare Service/button_Login' is clicked on

14-02-2024T22:04:22 - [MESSAGE][PASSED] - Object: 'Object Repository/CURA_OR/Page_CURA Healthcare Service/button_Login' is clicked on

14-02-2024T22:04:22 - [TEST_STEP][PASSED] - selectOptionByLabel(findTestObject("Object Repository/CURA_OR/Page_CURA Healthcare Service/select_Tokyo CURA Healthcare Center        _5b4107"), Facility, true): All options with label 'Seoul CURA Healthcare Center' are selected in object 'Object Repository/CURA_OR/Page_CURA Healthcare Service/select_Tokyo CURA Healthcare Center        _5b4107'  using regular expression

14-02-2024T22:04:23 - [MESSAGE][PASSED] - All options with label 'Seoul CURA Healthcare Center' are selected in object 'Object Repository/CURA_OR/Page_CURA Healthcare Service/select_Tokyo CURA Healthcare Center        _5b4107'  using regular expression

14-02-2024T22:04:23 - [TEST_STEP][PASSED] - click(findTestObject("CURA_OR/Page_CURA Healthcare Service/div_input-group-addon")): Object: 'Object Repository/CURA_OR/Page_CURA Healthcare Service/div_input-group-addon' is clicked on

14-02-2024T22:04:24 - [MESSAGE][PASSED] - Object: 'Object Repository/CURA_OR/Page_CURA Healthcare Service/div_input-group-addon' is clicked on

14-02-2024T22:04:24 - [TEST_STEP][PASSED] - click(findTestObject("Object Repository/CURA_OR/Page_CURA Healthcare Service/th_February 2024")): Object: 'Object Repository/CURA_OR/Page_CURA Healthcare Service/th_February 2024' is clicked on

14-02-2024T22:04:24 - [MESSAGE][PASSED] - Object: 'Object Repository/CURA_OR/Page_CURA Healthcare Service/th_February 2024' is clicked on

14-02-2024T22:04:24 - [TEST_STEP][PASSED] - click(findTestObject("Object Repository/CURA_OR/Page_CURA Healthcare Service/th_2024")): Object: 'Object Repository/CURA_OR/Page_CURA Healthcare Service/th_2024' is clicked on

14-02-2024T22:04:25 - [MESSAGE][PASSED] - Object: 'Object Repository/CURA_OR/Page_CURA Healthcare Service/th_2024' is clicked on

14-02-2024T22:04:25 - [TEST_STEP][PASSED] - click(findTestObject("CURA_OR/Page_CURA Healthcare Service/yearObject", ["year_value":Year])): Object: 'Object Repository/CURA_OR/Page_CURA Healthcare Service/yearObject' is clicked on

14-02-2024T22:04:25 - [MESSAGE][PASSED] - Object: 'Object Repository/CURA_OR/Page_CURA Healthcare Service/yearObject' is clicked on

14-02-2024T22:04:25 - [TEST_STEP][PASSED] - click(findTestObject("CURA_OR/Page_CURA Healthcare Service/monthObject", ["month_value":Month])): Object: 'Object Repository/CURA_OR/Page_CURA Healthcare Service/monthObject' is clicked on

14-02-2024T22:04:26 - [MESSAGE][PASSED] - Object: 'Object Repository/CURA_OR/Page_CURA Healthcare Service/monthObject' is clicked on

14-02-2024T22:04:26 - [TEST_STEP][PASSED] - click(findTestObject("CURA_OR/Page_CURA Healthcare Service/dateObject", ["date_value":date])): Object: 'Object Repository/CURA_OR/Page_CURA Healthcare Service/dateObject' is clicked on

14-02-2024T22:04:26 - [MESSAGE][PASSED] - Object: 'Object Repository/CURA_OR/Page_CURA Healthcare Service/dateObject' is clicked on

14-02-2024T22:04:26 - [TEST_STEP][PASSED] - setText(findTestObject("Object Repository/CURA_OR/Page_CURA Healthcare Service/textarea_comment"), Comments): Text 'This is 1st test comment' is set on object 'Object Repository/CURA_OR/Page_CURA Healthcare Service/textarea_comment'

14-02-2024T22:04:27 - [MESSAGE][PASSED] - Text 'This is 1st test comment' is set on object 'Object Repository/CURA_OR/Page_CURA Healthcare Service/textarea_comment'

14-02-2024T22:04:27 - [TEST_STEP][PASSED] - click(findTestObject("Object Repository/CURA_OR/Page_CURA Healthcare Service/button_Book Appointment")): Object: 'Object Repository/CURA_OR/Page_CURA Healthcare Service/button_Book Appointment' is clicked on

14-02-2024T22:04:28 - [MESSAGE][PASSED] - Object: 'Object Repository/CURA_OR/Page_CURA Healthcare Service/button_Book Appointment' is clicked on

14-02-2024T22:04:28 - [TEST_STEP][PASSED] - verifyElementText(findTestObject("CURA_OR/Page_CURA Healthcare Service/h2_Appointment Confirmation"), "Appointment Confirmation"): Actual text and expected text of test object 'Object Repository/CURA_OR/Page_CURA Healthcare Service/h2_Appointment Confirmation' are matched.

14-02-2024T22:04:29 - [MESSAGE][PASSED] - Actual text and expected text of test object 'Object Repository/CURA_OR/Page_CURA Healthcare Service/h2_Appointment Confirmation' are matched.

14-02-2024T22:04:29 - [TEST_STEP][PASSED] - Start listener action : sampleAfterTestCase: Object: 'Object Repository/CURA_OR/Page_CURA Healthcare Service/a_Logout' is clicked on

14-02-2024T22:04:29 - [TEST_STEP][PASSED] - println("After Test Case -- Logging out"): null

14-02-2024T22:04:29 - [TEST_STEP][PASSED] - click(findTestObject("Object Repository/CURA_OR/Page_CURA Healthcare Service/amenu-toggle")): Object: 'Object Repository/CURA_OR/Page_CURA Healthcare Service/amenu-toggle' is clicked on

14-02-2024T22:04:29 - [MESSAGE][PASSED] - Object: 'Object Repository/CURA_OR/Page_CURA Healthcare Service/amenu-toggle' is clicked on

14-02-2024T22:04:29 - [TEST_STEP][PASSED] - click(findTestObject("Object Repository/CURA_OR/Page_CURA Healthcare Service/a_Logout")): Object: 'Object Repository/CURA_OR/Page_CURA Healthcare Service/a_Logout' is clicked on

14-02-2024T22:04:30 - [MESSAGE][PASSED] - Object: 'Object Repository/CURA_OR/Page_CURA Healthcare Service/a_Logout' is clicked on]]></system-out>
         <system-err><![CDATA[]]></system-err>
      </testcase>
      <testcase name="Test Cases/TC_CURA_MakeAppointment_006" time="12.133" classname="Test Cases/TC_CURA_MakeAppointment_006" status="PASSED">
         <system-out><![CDATA[14-02-2024T22:04:30 - [TEST_CASE][PASSED] - Test Cases/TC_CURA_MakeAppointment_006: Test Cases/TC_CURA_MakeAppointment_006

14-02-2024T22:04:30 - [TEST_STEP][PASSED] - Start listener action : sampleBeforeTestCase: Object: 'Object Repository/CURA_OR/Page_CURA Healthcare Service/button_Login' is clicked on

14-02-2024T22:04:30 - [TEST_STEP][PASSED] - println("Before Test Case -- Logging in"): null

14-02-2024T22:04:30 - [TEST_STEP][PASSED] - click(findTestObject("Object Repository/CURA_OR/Page_CURA Healthcare Service/amenu-toggle")): Object: 'Object Repository/CURA_OR/Page_CURA Healthcare Service/amenu-toggle' is clicked on

14-02-2024T22:04:31 - [MESSAGE][PASSED] - Object: 'Object Repository/CURA_OR/Page_CURA Healthcare Service/amenu-toggle' is clicked on

14-02-2024T22:04:31 - [TEST_STEP][PASSED] - click(findTestObject("Object Repository/CURA_OR/Page_CURA Healthcare Service/a_Login")): Object: 'Object Repository/CURA_OR/Page_CURA Healthcare Service/a_Login' is clicked on

14-02-2024T22:04:32 - [MESSAGE][PASSED] - Object: 'Object Repository/CURA_OR/Page_CURA Healthcare Service/a_Login' is clicked on

14-02-2024T22:04:32 - [TEST_STEP][PASSED] - setText(findTestObject("Object Repository/CURA_OR/Page_CURA Healthcare Service/input_username"), username): Text 'John Doe' is set on object 'Object Repository/CURA_OR/Page_CURA Healthcare Service/input_username'

14-02-2024T22:04:33 - [MESSAGE][PASSED] - Text 'John Doe' is set on object 'Object Repository/CURA_OR/Page_CURA Healthcare Service/input_username'

14-02-2024T22:04:33 - [TEST_STEP][PASSED] - setText(findTestObject("CURA_OR/Page_CURA Healthcare Service/input_password"), password): Text 'ThisIsNotAPassword' is set on object 'Object Repository/CURA_OR/Page_CURA Healthcare Service/input_password'

14-02-2024T22:04:34 - [MESSAGE][PASSED] - Text 'ThisIsNotAPassword' is set on object 'Object Repository/CURA_OR/Page_CURA Healthcare Service/input_password'

14-02-2024T22:04:34 - [TEST_STEP][PASSED] - click(findTestObject("Object Repository/CURA_OR/Page_CURA Healthcare Service/button_Login")): Object: 'Object Repository/CURA_OR/Page_CURA Healthcare Service/button_Login' is clicked on

14-02-2024T22:04:35 - [MESSAGE][PASSED] - Object: 'Object Repository/CURA_OR/Page_CURA Healthcare Service/button_Login' is clicked on

14-02-2024T22:04:35 - [TEST_STEP][PASSED] - selectOptionByLabel(findTestObject("Object Repository/CURA_OR/Page_CURA Healthcare Service/select_Tokyo CURA Healthcare Center        _5b4107"), Facility, true): All options with label 'Seoul CURA Healthcare Center' are selected in object 'Object Repository/CURA_OR/Page_CURA Healthcare Service/select_Tokyo CURA Healthcare Center        _5b4107'  using regular expression

14-02-2024T22:04:36 - [MESSAGE][PASSED] - All options with label 'Seoul CURA Healthcare Center' are selected in object 'Object Repository/CURA_OR/Page_CURA Healthcare Service/select_Tokyo CURA Healthcare Center        _5b4107'  using regular expression

14-02-2024T22:04:36 - [TEST_STEP][PASSED] - click(findTestObject("CURA_OR/Page_CURA Healthcare Service/div_input-group-addon")): Object: 'Object Repository/CURA_OR/Page_CURA Healthcare Service/div_input-group-addon' is clicked on

14-02-2024T22:04:36 - [MESSAGE][PASSED] - Object: 'Object Repository/CURA_OR/Page_CURA Healthcare Service/div_input-group-addon' is clicked on

14-02-2024T22:04:36 - [TEST_STEP][PASSED] - click(findTestObject("Object Repository/CURA_OR/Page_CURA Healthcare Service/th_February 2024")): Object: 'Object Repository/CURA_OR/Page_CURA Healthcare Service/th_February 2024' is clicked on

14-02-2024T22:04:37 - [MESSAGE][PASSED] - Object: 'Object Repository/CURA_OR/Page_CURA Healthcare Service/th_February 2024' is clicked on

14-02-2024T22:04:37 - [TEST_STEP][PASSED] - click(findTestObject("Object Repository/CURA_OR/Page_CURA Healthcare Service/th_2024")): Object: 'Object Repository/CURA_OR/Page_CURA Healthcare Service/th_2024' is clicked on

14-02-2024T22:04:37 - [MESSAGE][PASSED] - Object: 'Object Repository/CURA_OR/Page_CURA Healthcare Service/th_2024' is clicked on

14-02-2024T22:04:37 - [TEST_STEP][PASSED] - click(findTestObject("CURA_OR/Page_CURA Healthcare Service/yearObject", ["year_value":Year])): Object: 'Object Repository/CURA_OR/Page_CURA Healthcare Service/yearObject' is clicked on

14-02-2024T22:04:38 - [MESSAGE][PASSED] - Object: 'Object Repository/CURA_OR/Page_CURA Healthcare Service/yearObject' is clicked on

14-02-2024T22:04:38 - [TEST_STEP][PASSED] - click(findTestObject("CURA_OR/Page_CURA Healthcare Service/monthObject", ["month_value":Month])): Object: 'Object Repository/CURA_OR/Page_CURA Healthcare Service/monthObject' is clicked on

14-02-2024T22:04:38 - [MESSAGE][PASSED] - Object: 'Object Repository/CURA_OR/Page_CURA Healthcare Service/monthObject' is clicked on

14-02-2024T22:04:38 - [TEST_STEP][PASSED] - click(findTestObject("CURA_OR/Page_CURA Healthcare Service/dateObject", ["date_value":date])): Object: 'Object Repository/CURA_OR/Page_CURA Healthcare Service/dateObject' is clicked on

14-02-2024T22:04:39 - [MESSAGE][PASSED] - Object: 'Object Repository/CURA_OR/Page_CURA Healthcare Service/dateObject' is clicked on

14-02-2024T22:04:39 - [TEST_STEP][PASSED] - setText(findTestObject("Object Repository/CURA_OR/Page_CURA Healthcare Service/textarea_comment"), Comments): Text 'This is 2nd test' is set on object 'Object Repository/CURA_OR/Page_CURA Healthcare Service/textarea_comment'

14-02-2024T22:04:40 - [MESSAGE][PASSED] - Text 'This is 2nd test' is set on object 'Object Repository/CURA_OR/Page_CURA Healthcare Service/textarea_comment'

14-02-2024T22:04:40 - [TEST_STEP][PASSED] - click(findTestObject("Object Repository/CURA_OR/Page_CURA Healthcare Service/button_Book Appointment")): Object: 'Object Repository/CURA_OR/Page_CURA Healthcare Service/button_Book Appointment' is clicked on

14-02-2024T22:04:40 - [MESSAGE][PASSED] - Object: 'Object Repository/CURA_OR/Page_CURA Healthcare Service/button_Book Appointment' is clicked on

14-02-2024T22:04:40 - [TEST_STEP][PASSED] - verifyElementText(findTestObject("CURA_OR/Page_CURA Healthcare Service/h2_Appointment Confirmation"), "Appointment Confirmation"): Actual text and expected text of test object 'Object Repository/CURA_OR/Page_CURA Healthcare Service/h2_Appointment Confirmation' are matched.

14-02-2024T22:04:41 - [MESSAGE][PASSED] - Actual text and expected text of test object 'Object Repository/CURA_OR/Page_CURA Healthcare Service/h2_Appointment Confirmation' are matched.

14-02-2024T22:04:41 - [TEST_STEP][PASSED] - Start listener action : sampleAfterTestCase: Object: 'Object Repository/CURA_OR/Page_CURA Healthcare Service/a_Logout' is clicked on

14-02-2024T22:04:41 - [TEST_STEP][PASSED] - println("After Test Case -- Logging out"): null

14-02-2024T22:04:41 - [TEST_STEP][PASSED] - click(findTestObject("Object Repository/CURA_OR/Page_CURA Healthcare Service/amenu-toggle")): Object: 'Object Repository/CURA_OR/Page_CURA Healthcare Service/amenu-toggle' is clicked on

14-02-2024T22:04:41 - [MESSAGE][PASSED] - Object: 'Object Repository/CURA_OR/Page_CURA Healthcare Service/amenu-toggle' is clicked on

14-02-2024T22:04:41 - [TEST_STEP][PASSED] - click(findTestObject("Object Repository/CURA_OR/Page_CURA Healthcare Service/a_Logout")): Object: 'Object Repository/CURA_OR/Page_CURA Healthcare Service/a_Logout' is clicked on

14-02-2024T22:04:43 - [MESSAGE][PASSED] - Object: 'Object Repository/CURA_OR/Page_CURA Healthcare Service/a_Logout' is clicked on]]></system-out>
         <system-err><![CDATA[]]></system-err>
      </testcase>
      <system-out><![CDATA[14-02-2024T22:01:53 - [TEST_SUITE][PASSED] - TestSuite_CURA_MakeAppointment_006: Test Cases/TC_CURA_MakeAppointment_006]]></system-out>
      <system-err><![CDATA[]]></system-err>
   </testsuite>
</testsuites>
