<?xml version="1.0" encoding="UTF-8"?>
<testsuites name="TestSuite_CURA_Home_002" time="10.757" tests="1" failures="0" errors="0">
   <testsuite name="TestSuite_CURA_Home_002" tests="1" failures="0" errors="0" time="10.757" skipped="0" timestamp="11-02-2024T20:24:11" hostname="DELL - DESKTOP-M964U7P" id="Test Suites/TestSuite_CURA_Home_002">
      <properties>
         <property name="deviceName" value=""/>
         <property name="devicePlatform" value=""/>
         <property name="logFolder" value="C:\\Users\\DELL\\Katalon Studio\\Software_Test_Automation_CURA\\Reports\\20240211_202401\\TestSuite_CURA_Home_002\\20240211_202401"/>
         <property name="logFiles" value="C:\\Users\\DELL\\Katalon Studio\\Software_Test_Automation_CURA\\Reports\\20240211_202401\\TestSuite_CURA_Home_002\\20240211_202401\\execution0.log"/>
         <property name="attachments" value=""/>
         <property name="hostName" value="DELL - DESKTOP-M964U7P"/>
         <property name="os" value="Windows 10 64bit"/>
         <property name="katalonVersion" value="9.2.0.212"/>
         <property name="browser" value="Chrome 121.0.0.0"/>
         <property name="hostAddress" value="192.168.55.101"/>
         <property name="sessionId" value="b31eb275b74537240b5bffac202d19b7"/>
         <property name="seleniumVersion" value="3.141.59"/>
         <property name="proxyInformation" value="ProxyInformation { proxyOption=NO_PROXY, proxyServerType=HTTP, username=, password=********, proxyServerAddress=, proxyServerPort=0, executionList=&quot;&quot;, isApplyToDesiredCapabilities=true }"/>
         <property name="platform" value="Windows 10"/>
      </properties>
      <testcase name="Test Cases/TC_CURA_Home_002" time="1.866" classname="Test Cases/TC_CURA_Home_002" status="PASSED">
         <system-out><![CDATA[11-02-2024T20:24:20 - [TEST_CASE][PASSED] - Test Cases/TC_CURA_Home_002: Test Cases/TC_CURA_Home_002

11-02-2024T20:24:20 - [TEST_STEP][PASSED] - Start listener action : sampleBeforeTestCase: null

11-02-2024T20:24:20 - [TEST_STEP][PASSED] - println("Before Test Case"): null

11-02-2024T20:24:20 - [TEST_STEP][PASSED] - verifyElementText(findTestObject("Object Repository/CURA_OR/Page_CURA Healthcare Service/strong_CURA Healthcare Service"), "CURA Healthcare Service"): Actual text and expected text of test object 'Object Repository/CURA_OR/Page_CURA Healthcare Service/strong_CURA Healthcare Service' are matched.

11-02-2024T20:24:21 - [MESSAGE][PASSED] - Actual text and expected text of test object 'Object Repository/CURA_OR/Page_CURA Healthcare Service/strong_CURA Healthcare Service' are matched.

11-02-2024T20:24:21 - [TEST_STEP][PASSED] - verifyElementText(findTestObject("Object Repository/CURA_OR/Page_CURA Healthcare Service/p_Atlanta 550 Pharr Road NE Suite 525Atlant_8f4c85"), "Atlanta 550 Pharr Road NE Suite 525
Atlanta, GA 30305"): Actual text and expected text of test object 'Object Repository/CURA_OR/Page_CURA Healthcare Service/p_Atlanta 550 Pharr Road NE Suite 525Atlant_8f4c85' are matched.

11-02-2024T20:24:21 - [MESSAGE][PASSED] - Actual text and expected text of test object 'Object Repository/CURA_OR/Page_CURA Healthcare Service/p_Atlanta 550 Pharr Road NE Suite 525Atlant_8f4c85' are matched.

11-02-2024T20:24:21 - [TEST_STEP][PASSED] - verifyElementText(findTestObject("Object Repository/CURA_OR/Page_CURA Healthcare Service/li_(678) 813-1KMS"), "(678) 813-1KMS"): Actual text and expected text of test object 'Object Repository/CURA_OR/Page_CURA Healthcare Service/li_(678) 813-1KMS' are matched.

11-02-2024T20:24:21 - [MESSAGE][PASSED] - Actual text and expected text of test object 'Object Repository/CURA_OR/Page_CURA Healthcare Service/li_(678) 813-1KMS' are matched.

11-02-2024T20:24:21 - [TEST_STEP][PASSED] - verifyElementClickable(findTestObject("Object Repository/CURA_OR/Page_CURA Healthcare Service/a_infokatalon.com")): Object 'Object Repository/CURA_OR/Page_CURA Healthcare Service/a_infokatalon.com' is clickable

11-02-2024T20:24:22 - [MESSAGE][PASSED] - Object 'Object Repository/CURA_OR/Page_CURA Healthcare Service/a_infokatalon.com' is clickable

11-02-2024T20:24:22 - [TEST_STEP][PASSED] - Start listener action : sampleAfterTestCase: null

11-02-2024T20:24:22 - [TEST_STEP][PASSED] - println("After Test Case"): null]]></system-out>
         <system-err><![CDATA[]]></system-err>
      </testcase>
      <system-out><![CDATA[11-02-2024T20:24:11 - [TEST_SUITE][PASSED] - TestSuite_CURA_Home_002: Test Cases/TC_CURA_Home_002]]></system-out>
      <system-err><![CDATA[]]></system-err>
   </testsuite>
</testsuites>
