<?xml version="1.0" encoding="UTF-8"?>
<testsuites name="TestSuite_CURA_MakeAppointment_005" time="639.629" tests="50" failures="0" errors="0">
   <testsuite name="TestSuite_CURA_MakeAppointment_005" tests="50" failures="0" errors="0" time="639.629" skipped="0" timestamp="13-02-2024T22:09:33" hostname="DELL - DESKTOP-M964U7P" id="Test Suites/TestSuite_CURA_MakeAppointment_005">
      <properties>
         <property name="deviceName" value=""/>
         <property name="devicePlatform" value=""/>
         <property name="logFolder" value="C:\\Users\\DELL\\Katalon Studio\\Software_Test_Automation_CURA\\Reports\\20240213_220924\\TestSuite_CURA_MakeAppointment_005\\20240213_220924"/>
         <property name="logFiles" value="C:\\Users\\DELL\\Katalon Studio\\Software_Test_Automation_CURA\\Reports\\20240213_220924\\TestSuite_CURA_MakeAppointment_005\\20240213_220924\\execution0.log"/>
         <property name="attachments" value=""/>
         <property name="hostName" value="DELL - DESKTOP-M964U7P"/>
         <property name="os" value="Windows 10 64bit"/>
         <property name="katalonVersion" value="9.2.0.212"/>
         <property name="browser" value="Chrome 121.0.0.0"/>
         <property name="hostAddress" value="192.168.55.101"/>
         <property name="sessionId" value="fe2655d7357f9276a0943d849272234f"/>
         <property name="seleniumVersion" value="3.141.59"/>
         <property name="proxyInformation" value="ProxyInformation { proxyOption=NO_PROXY, proxyServerType=HTTP, username=, password=********, proxyServerAddress=, proxyServerPort=0, executionList=&quot;&quot;, isApplyToDesiredCapabilities=true }"/>
         <property name="platform" value="Windows 10"/>
      </properties>
      <testcase name="Test Cases/TC_CURA_MakeAppointment_005" time="10.487" classname="Test Cases/TC_CURA_MakeAppointment_005" status="PASSED">
         <system-out><![CDATA[13-02-2024T22:09:42 - [TEST_CASE][PASSED] - Test Cases/TC_CURA_MakeAppointment_005: Test Cases/TC_CURA_MakeAppointment_005

13-02-2024T22:09:42 - [TEST_STEP][PASSED] - Start listener action : sampleBeforeTestCase: Object: 'Object Repository/CURA_OR/Page_CURA Healthcare Service/button_Login' is clicked on

13-02-2024T22:09:42 - [TEST_STEP][PASSED] - println("Before Test Case -- Logging in"): null

13-02-2024T22:09:42 - [TEST_STEP][PASSED] - click(findTestObject("Object Repository/CURA_OR/Page_CURA Healthcare Service/amenu-toggle")): Object: 'Object Repository/CURA_OR/Page_CURA Healthcare Service/amenu-toggle' is clicked on

13-02-2024T22:09:43 - [MESSAGE][PASSED] - Object: 'Object Repository/CURA_OR/Page_CURA Healthcare Service/amenu-toggle' is clicked on

13-02-2024T22:09:43 - [TEST_STEP][PASSED] - click(findTestObject("Object Repository/CURA_OR/Page_CURA Healthcare Service/a_Login")): Object: 'Object Repository/CURA_OR/Page_CURA Healthcare Service/a_Login' is clicked on

13-02-2024T22:09:44 - [MESSAGE][PASSED] - Object: 'Object Repository/CURA_OR/Page_CURA Healthcare Service/a_Login' is clicked on

13-02-2024T22:09:44 - [TEST_STEP][PASSED] - setText(findTestObject("Object Repository/CURA_OR/Page_CURA Healthcare Service/input_username"), username): Text 'John Doe' is set on object 'Object Repository/CURA_OR/Page_CURA Healthcare Service/input_username'

13-02-2024T22:09:45 - [MESSAGE][PASSED] - Text 'John Doe' is set on object 'Object Repository/CURA_OR/Page_CURA Healthcare Service/input_username'

13-02-2024T22:09:45 - [TEST_STEP][PASSED] - setText(findTestObject("CURA_OR/Page_CURA Healthcare Service/input_password"), password): Text 'ThisIsNotAPassword' is set on object 'Object Repository/CURA_OR/Page_CURA Healthcare Service/input_password'

13-02-2024T22:09:46 - [MESSAGE][PASSED] - Text 'ThisIsNotAPassword' is set on object 'Object Repository/CURA_OR/Page_CURA Healthcare Service/input_password'

13-02-2024T22:09:46 - [TEST_STEP][PASSED] - click(findTestObject("Object Repository/CURA_OR/Page_CURA Healthcare Service/button_Login")): Object: 'Object Repository/CURA_OR/Page_CURA Healthcare Service/button_Login' is clicked on

13-02-2024T22:09:48 - [MESSAGE][PASSED] - Object: 'Object Repository/CURA_OR/Page_CURA Healthcare Service/button_Login' is clicked on

13-02-2024T22:09:48 - [TEST_STEP][PASSED] - click(findTestObject("Object Repository/CURA_OR/Page_CURA Healthcare Service/div_input-group-addon")): Object: 'Object Repository/CURA_OR/Page_CURA Healthcare Service/div_input-group-addon' is clicked on

13-02-2024T22:09:49 - [MESSAGE][PASSED] - Object: 'Object Repository/CURA_OR/Page_CURA Healthcare Service/div_input-group-addon' is clicked on

13-02-2024T22:09:49 - [TEST_STEP][PASSED] - click(findTestObject("Object Repository/CURA_OR/Page_CURA Healthcare Service/th_February 2024")): Object: 'Object Repository/CURA_OR/Page_CURA Healthcare Service/th_February 2024' is clicked on

13-02-2024T22:09:49 - [MESSAGE][PASSED] - Object: 'Object Repository/CURA_OR/Page_CURA Healthcare Service/th_February 2024' is clicked on

13-02-2024T22:09:49 - [TEST_STEP][PASSED] - click(findTestObject("Object Repository/CURA_OR/Page_CURA Healthcare Service/th_2024")): Object: 'Object Repository/CURA_OR/Page_CURA Healthcare Service/th_2024' is clicked on

13-02-2024T22:09:49 - [MESSAGE][PASSED] - Object: 'Object Repository/CURA_OR/Page_CURA Healthcare Service/th_2024' is clicked on

13-02-2024T22:09:49 - [TEST_STEP][PASSED] - com.qa.test.custom_keyword.validateAppointmentDate(date, month, year): com.qa.test.custom_keyword.validateAppointmentDate is PASSED

13-02-2024T22:09:50 - [MESSAGE][PASSED] - Object: 'Object Repository/CURA_OR/Page_CURA Healthcare Service/yearObject' is clicked on

13-02-2024T22:09:51 - [MESSAGE][PASSED] - Object: 'Object Repository/CURA_OR/Page_CURA Healthcare Service/monthObject' is clicked on

13-02-2024T22:09:51 - [MESSAGE][WARNING] - Timeout '0' is invalid. Using default page load timeout: '30'

13-02-2024T22:09:51 - [MESSAGE][PASSED] - Web element with id: 'Object Repository/CURA_OR/Page_CURA Healthcare Service/dateObject' located by 'By.xpath: //*[(text() = '0' or . = '0')]' is not present after '30' second(s)

13-02-2024T22:09:51 - [MESSAGE][PASSED] - com.qa.test.custom_keyword.validateAppointmentDate is PASSED

13-02-2024T22:09:51 - [TEST_STEP][PASSED] - Start listener action : sampleAfterTestCase: Object: 'Object Repository/CURA_OR/Page_CURA Healthcare Service/a_Logout' is clicked on

13-02-2024T22:09:51 - [TEST_STEP][PASSED] - println("After Test Case -- Logging out"): null

13-02-2024T22:09:51 - [TEST_STEP][PASSED] - click(findTestObject("Object Repository/CURA_OR/Page_CURA Healthcare Service/amenu-toggle")): Object: 'Object Repository/CURA_OR/Page_CURA Healthcare Service/amenu-toggle' is clicked on

13-02-2024T22:09:52 - [MESSAGE][PASSED] - Object: 'Object Repository/CURA_OR/Page_CURA Healthcare Service/amenu-toggle' is clicked on

13-02-2024T22:09:52 - [TEST_STEP][PASSED] - click(findTestObject("Object Repository/CURA_OR/Page_CURA Healthcare Service/a_Logout")): Object: 'Object Repository/CURA_OR/Page_CURA Healthcare Service/a_Logout' is clicked on

13-02-2024T22:09:53 - [MESSAGE][PASSED] - Object: 'Object Repository/CURA_OR/Page_CURA Healthcare Service/a_Logout' is clicked on]]></system-out>
         <system-err><![CDATA[]]></system-err>
      </testcase>
      <testcase name="Test Cases/TC_CURA_MakeAppointment_005" time="13.518" classname="Test Cases/TC_CURA_MakeAppointment_005" status="PASSED">
         <system-out><![CDATA[13-02-2024T22:09:53 - [TEST_CASE][PASSED] - Test Cases/TC_CURA_MakeAppointment_005: Test Cases/TC_CURA_MakeAppointment_005

13-02-2024T22:09:53 - [TEST_STEP][PASSED] - Start listener action : sampleBeforeTestCase: Object: 'Object Repository/CURA_OR/Page_CURA Healthcare Service/button_Login' is clicked on

13-02-2024T22:09:53 - [TEST_STEP][PASSED] - println("Before Test Case -- Logging in"): null

13-02-2024T22:09:53 - [TEST_STEP][PASSED] - click(findTestObject("Object Repository/CURA_OR/Page_CURA Healthcare Service/amenu-toggle")): Object: 'Object Repository/CURA_OR/Page_CURA Healthcare Service/amenu-toggle' is clicked on

13-02-2024T22:09:54 - [MESSAGE][PASSED] - Object: 'Object Repository/CURA_OR/Page_CURA Healthcare Service/amenu-toggle' is clicked on

13-02-2024T22:09:54 - [TEST_STEP][PASSED] - click(findTestObject("Object Repository/CURA_OR/Page_CURA Healthcare Service/a_Login")): Object: 'Object Repository/CURA_OR/Page_CURA Healthcare Service/a_Login' is clicked on

13-02-2024T22:09:56 - [MESSAGE][PASSED] - Object: 'Object Repository/CURA_OR/Page_CURA Healthcare Service/a_Login' is clicked on

13-02-2024T22:09:56 - [TEST_STEP][PASSED] - setText(findTestObject("Object Repository/CURA_OR/Page_CURA Healthcare Service/input_username"), username): Text 'John Doe' is set on object 'Object Repository/CURA_OR/Page_CURA Healthcare Service/input_username'

13-02-2024T22:09:57 - [MESSAGE][PASSED] - Text 'John Doe' is set on object 'Object Repository/CURA_OR/Page_CURA Healthcare Service/input_username'

13-02-2024T22:09:57 - [TEST_STEP][PASSED] - setText(findTestObject("CURA_OR/Page_CURA Healthcare Service/input_password"), password): Text 'ThisIsNotAPassword' is set on object 'Object Repository/CURA_OR/Page_CURA Healthcare Service/input_password'

13-02-2024T22:09:58 - [MESSAGE][PASSED] - Text 'ThisIsNotAPassword' is set on object 'Object Repository/CURA_OR/Page_CURA Healthcare Service/input_password'

13-02-2024T22:09:58 - [TEST_STEP][PASSED] - click(findTestObject("Object Repository/CURA_OR/Page_CURA Healthcare Service/button_Login")): Object: 'Object Repository/CURA_OR/Page_CURA Healthcare Service/button_Login' is clicked on

13-02-2024T22:10:02 - [MESSAGE][PASSED] - Object: 'Object Repository/CURA_OR/Page_CURA Healthcare Service/button_Login' is clicked on

13-02-2024T22:10:02 - [TEST_STEP][PASSED] - click(findTestObject("Object Repository/CURA_OR/Page_CURA Healthcare Service/div_input-group-addon")): Object: 'Object Repository/CURA_OR/Page_CURA Healthcare Service/div_input-group-addon' is clicked on

13-02-2024T22:10:02 - [MESSAGE][PASSED] - Object: 'Object Repository/CURA_OR/Page_CURA Healthcare Service/div_input-group-addon' is clicked on

13-02-2024T22:10:02 - [TEST_STEP][PASSED] - click(findTestObject("Object Repository/CURA_OR/Page_CURA Healthcare Service/th_February 2024")): Object: 'Object Repository/CURA_OR/Page_CURA Healthcare Service/th_February 2024' is clicked on

13-02-2024T22:10:03 - [MESSAGE][PASSED] - Object: 'Object Repository/CURA_OR/Page_CURA Healthcare Service/th_February 2024' is clicked on

13-02-2024T22:10:03 - [TEST_STEP][PASSED] - click(findTestObject("Object Repository/CURA_OR/Page_CURA Healthcare Service/th_2024")): Object: 'Object Repository/CURA_OR/Page_CURA Healthcare Service/th_2024' is clicked on

13-02-2024T22:10:03 - [MESSAGE][PASSED] - Object: 'Object Repository/CURA_OR/Page_CURA Healthcare Service/th_2024' is clicked on

13-02-2024T22:10:03 - [TEST_STEP][PASSED] - com.qa.test.custom_keyword.validateAppointmentDate(date, month, year): com.qa.test.custom_keyword.validateAppointmentDate is PASSED

13-02-2024T22:10:04 - [MESSAGE][PASSED] - Object: 'Object Repository/CURA_OR/Page_CURA Healthcare Service/yearObject' is clicked on

13-02-2024T22:10:04 - [MESSAGE][PASSED] - Object: 'Object Repository/CURA_OR/Page_CURA Healthcare Service/monthObject' is clicked on

13-02-2024T22:10:04 - [MESSAGE][WARNING] - Timeout '0' is invalid. Using default page load timeout: '30'

13-02-2024T22:10:05 - [MESSAGE][PASSED] - Web element with id: 'Object Repository/CURA_OR/Page_CURA Healthcare Service/dateObject' located by 'By.xpath: //*[(text() = '0' or . = '0')]' is not present after '30' second(s)

13-02-2024T22:10:05 - [MESSAGE][PASSED] - com.qa.test.custom_keyword.validateAppointmentDate is PASSED

13-02-2024T22:10:05 - [TEST_STEP][PASSED] - Start listener action : sampleAfterTestCase: Object: 'Object Repository/CURA_OR/Page_CURA Healthcare Service/a_Logout' is clicked on

13-02-2024T22:10:05 - [TEST_STEP][PASSED] - println("After Test Case -- Logging out"): null

13-02-2024T22:10:05 - [TEST_STEP][PASSED] - click(findTestObject("Object Repository/CURA_OR/Page_CURA Healthcare Service/amenu-toggle")): Object: 'Object Repository/CURA_OR/Page_CURA Healthcare Service/amenu-toggle' is clicked on

13-02-2024T22:10:05 - [MESSAGE][PASSED] - Object: 'Object Repository/CURA_OR/Page_CURA Healthcare Service/amenu-toggle' is clicked on

13-02-2024T22:10:05 - [TEST_STEP][PASSED] - click(findTestObject("Object Repository/CURA_OR/Page_CURA Healthcare Service/a_Logout")): Object: 'Object Repository/CURA_OR/Page_CURA Healthcare Service/a_Logout' is clicked on

13-02-2024T22:10:06 - [MESSAGE][PASSED] - Object: 'Object Repository/CURA_OR/Page_CURA Healthcare Service/a_Logout' is clicked on]]></system-out>
         <system-err><![CDATA[]]></system-err>
      </testcase>
      <testcase name="Test Cases/TC_CURA_MakeAppointment_005" time="10.44" classname="Test Cases/TC_CURA_MakeAppointment_005" status="PASSED">
         <system-out><![CDATA[13-02-2024T22:10:07 - [TEST_CASE][PASSED] - Test Cases/TC_CURA_MakeAppointment_005: Test Cases/TC_CURA_MakeAppointment_005

13-02-2024T22:10:07 - [TEST_STEP][PASSED] - Start listener action : sampleBeforeTestCase: Object: 'Object Repository/CURA_OR/Page_CURA Healthcare Service/button_Login' is clicked on

13-02-2024T22:10:07 - [TEST_STEP][PASSED] - println("Before Test Case -- Logging in"): null

13-02-2024T22:10:07 - [TEST_STEP][PASSED] - click(findTestObject("Object Repository/CURA_OR/Page_CURA Healthcare Service/amenu-toggle")): Object: 'Object Repository/CURA_OR/Page_CURA Healthcare Service/amenu-toggle' is clicked on

13-02-2024T22:10:07 - [MESSAGE][PASSED] - Object: 'Object Repository/CURA_OR/Page_CURA Healthcare Service/amenu-toggle' is clicked on

13-02-2024T22:10:07 - [TEST_STEP][PASSED] - click(findTestObject("Object Repository/CURA_OR/Page_CURA Healthcare Service/a_Login")): Object: 'Object Repository/CURA_OR/Page_CURA Healthcare Service/a_Login' is clicked on

13-02-2024T22:10:08 - [MESSAGE][PASSED] - Object: 'Object Repository/CURA_OR/Page_CURA Healthcare Service/a_Login' is clicked on

13-02-2024T22:10:08 - [TEST_STEP][PASSED] - setText(findTestObject("Object Repository/CURA_OR/Page_CURA Healthcare Service/input_username"), username): Text 'John Doe' is set on object 'Object Repository/CURA_OR/Page_CURA Healthcare Service/input_username'

13-02-2024T22:10:09 - [MESSAGE][PASSED] - Text 'John Doe' is set on object 'Object Repository/CURA_OR/Page_CURA Healthcare Service/input_username'

13-02-2024T22:10:09 - [TEST_STEP][PASSED] - setText(findTestObject("CURA_OR/Page_CURA Healthcare Service/input_password"), password): Text 'ThisIsNotAPassword' is set on object 'Object Repository/CURA_OR/Page_CURA Healthcare Service/input_password'

13-02-2024T22:10:10 - [MESSAGE][PASSED] - Text 'ThisIsNotAPassword' is set on object 'Object Repository/CURA_OR/Page_CURA Healthcare Service/input_password'

13-02-2024T22:10:10 - [TEST_STEP][PASSED] - click(findTestObject("Object Repository/CURA_OR/Page_CURA Healthcare Service/button_Login")): Object: 'Object Repository/CURA_OR/Page_CURA Healthcare Service/button_Login' is clicked on

13-02-2024T22:10:11 - [MESSAGE][PASSED] - Object: 'Object Repository/CURA_OR/Page_CURA Healthcare Service/button_Login' is clicked on

13-02-2024T22:10:11 - [TEST_STEP][PASSED] - click(findTestObject("Object Repository/CURA_OR/Page_CURA Healthcare Service/div_input-group-addon")): Object: 'Object Repository/CURA_OR/Page_CURA Healthcare Service/div_input-group-addon' is clicked on

13-02-2024T22:10:12 - [MESSAGE][PASSED] - Object: 'Object Repository/CURA_OR/Page_CURA Healthcare Service/div_input-group-addon' is clicked on

13-02-2024T22:10:12 - [TEST_STEP][PASSED] - click(findTestObject("Object Repository/CURA_OR/Page_CURA Healthcare Service/th_February 2024")): Object: 'Object Repository/CURA_OR/Page_CURA Healthcare Service/th_February 2024' is clicked on

13-02-2024T22:10:12 - [MESSAGE][PASSED] - Object: 'Object Repository/CURA_OR/Page_CURA Healthcare Service/th_February 2024' is clicked on

13-02-2024T22:10:12 - [TEST_STEP][PASSED] - click(findTestObject("Object Repository/CURA_OR/Page_CURA Healthcare Service/th_2024")): Object: 'Object Repository/CURA_OR/Page_CURA Healthcare Service/th_2024' is clicked on

13-02-2024T22:10:13 - [MESSAGE][PASSED] - Object: 'Object Repository/CURA_OR/Page_CURA Healthcare Service/th_2024' is clicked on

13-02-2024T22:10:13 - [TEST_STEP][PASSED] - com.qa.test.custom_keyword.validateAppointmentDate(date, month, year): com.qa.test.custom_keyword.validateAppointmentDate is PASSED

13-02-2024T22:10:13 - [MESSAGE][PASSED] - Object: 'Object Repository/CURA_OR/Page_CURA Healthcare Service/yearObject' is clicked on

13-02-2024T22:10:14 - [MESSAGE][PASSED] - Object: 'Object Repository/CURA_OR/Page_CURA Healthcare Service/monthObject' is clicked on

13-02-2024T22:10:14 - [MESSAGE][WARNING] - Timeout '0' is invalid. Using default page load timeout: '30'

13-02-2024T22:10:14 - [MESSAGE][PASSED] - Web element with id: 'Object Repository/CURA_OR/Page_CURA Healthcare Service/dateObject' located by 'By.xpath: //*[(text() = '0' or . = '0')]' is not present after '30' second(s)

13-02-2024T22:10:14 - [MESSAGE][PASSED] - com.qa.test.custom_keyword.validateAppointmentDate is PASSED

13-02-2024T22:10:14 - [TEST_STEP][PASSED] - Start listener action : sampleAfterTestCase: Object: 'Object Repository/CURA_OR/Page_CURA Healthcare Service/a_Logout' is clicked on

13-02-2024T22:10:14 - [TEST_STEP][PASSED] - println("After Test Case -- Logging out"): null

13-02-2024T22:10:14 - [TEST_STEP][PASSED] - click(findTestObject("Object Repository/CURA_OR/Page_CURA Healthcare Service/amenu-toggle")): Object: 'Object Repository/CURA_OR/Page_CURA Healthcare Service/amenu-toggle' is clicked on

13-02-2024T22:10:15 - [MESSAGE][PASSED] - Object: 'Object Repository/CURA_OR/Page_CURA Healthcare Service/amenu-toggle' is clicked on

13-02-2024T22:10:15 - [TEST_STEP][PASSED] - click(findTestObject("Object Repository/CURA_OR/Page_CURA Healthcare Service/a_Logout")): Object: 'Object Repository/CURA_OR/Page_CURA Healthcare Service/a_Logout' is clicked on

13-02-2024T22:10:17 - [MESSAGE][PASSED] - Object: 'Object Repository/CURA_OR/Page_CURA Healthcare Service/a_Logout' is clicked on]]></system-out>
         <system-err><![CDATA[]]></system-err>
      </testcase>
      <testcase name="Test Cases/TC_CURA_MakeAppointment_005" time="10.626" classname="Test Cases/TC_CURA_MakeAppointment_005" status="PASSED">
         <system-out><![CDATA[13-02-2024T22:10:17 - [TEST_CASE][PASSED] - Test Cases/TC_CURA_MakeAppointment_005: Test Cases/TC_CURA_MakeAppointment_005

13-02-2024T22:10:17 - [TEST_STEP][PASSED] - Start listener action : sampleBeforeTestCase: Object: 'Object Repository/CURA_OR/Page_CURA Healthcare Service/button_Login' is clicked on

13-02-2024T22:10:17 - [TEST_STEP][PASSED] - println("Before Test Case -- Logging in"): null

13-02-2024T22:10:17 - [TEST_STEP][PASSED] - click(findTestObject("Object Repository/CURA_OR/Page_CURA Healthcare Service/amenu-toggle")): Object: 'Object Repository/CURA_OR/Page_CURA Healthcare Service/amenu-toggle' is clicked on

13-02-2024T22:10:18 - [MESSAGE][PASSED] - Object: 'Object Repository/CURA_OR/Page_CURA Healthcare Service/amenu-toggle' is clicked on

13-02-2024T22:10:18 - [TEST_STEP][PASSED] - click(findTestObject("Object Repository/CURA_OR/Page_CURA Healthcare Service/a_Login")): Object: 'Object Repository/CURA_OR/Page_CURA Healthcare Service/a_Login' is clicked on

13-02-2024T22:10:19 - [MESSAGE][PASSED] - Object: 'Object Repository/CURA_OR/Page_CURA Healthcare Service/a_Login' is clicked on

13-02-2024T22:10:19 - [TEST_STEP][PASSED] - setText(findTestObject("Object Repository/CURA_OR/Page_CURA Healthcare Service/input_username"), username): Text 'John Doe' is set on object 'Object Repository/CURA_OR/Page_CURA Healthcare Service/input_username'

13-02-2024T22:10:20 - [MESSAGE][PASSED] - Text 'John Doe' is set on object 'Object Repository/CURA_OR/Page_CURA Healthcare Service/input_username'

13-02-2024T22:10:20 - [TEST_STEP][PASSED] - setText(findTestObject("CURA_OR/Page_CURA Healthcare Service/input_password"), password): Text 'ThisIsNotAPassword' is set on object 'Object Repository/CURA_OR/Page_CURA Healthcare Service/input_password'

13-02-2024T22:10:21 - [MESSAGE][PASSED] - Text 'ThisIsNotAPassword' is set on object 'Object Repository/CURA_OR/Page_CURA Healthcare Service/input_password'

13-02-2024T22:10:21 - [TEST_STEP][PASSED] - click(findTestObject("Object Repository/CURA_OR/Page_CURA Healthcare Service/button_Login")): Object: 'Object Repository/CURA_OR/Page_CURA Healthcare Service/button_Login' is clicked on

13-02-2024T22:10:23 - [MESSAGE][PASSED] - Object: 'Object Repository/CURA_OR/Page_CURA Healthcare Service/button_Login' is clicked on

13-02-2024T22:10:23 - [TEST_STEP][PASSED] - click(findTestObject("Object Repository/CURA_OR/Page_CURA Healthcare Service/div_input-group-addon")): Object: 'Object Repository/CURA_OR/Page_CURA Healthcare Service/div_input-group-addon' is clicked on

13-02-2024T22:10:23 - [MESSAGE][PASSED] - Object: 'Object Repository/CURA_OR/Page_CURA Healthcare Service/div_input-group-addon' is clicked on

13-02-2024T22:10:23 - [TEST_STEP][PASSED] - click(findTestObject("Object Repository/CURA_OR/Page_CURA Healthcare Service/th_February 2024")): Object: 'Object Repository/CURA_OR/Page_CURA Healthcare Service/th_February 2024' is clicked on

13-02-2024T22:10:24 - [MESSAGE][PASSED] - Object: 'Object Repository/CURA_OR/Page_CURA Healthcare Service/th_February 2024' is clicked on

13-02-2024T22:10:24 - [TEST_STEP][PASSED] - click(findTestObject("Object Repository/CURA_OR/Page_CURA Healthcare Service/th_2024")): Object: 'Object Repository/CURA_OR/Page_CURA Healthcare Service/th_2024' is clicked on

13-02-2024T22:10:24 - [MESSAGE][PASSED] - Object: 'Object Repository/CURA_OR/Page_CURA Healthcare Service/th_2024' is clicked on

13-02-2024T22:10:24 - [TEST_STEP][PASSED] - com.qa.test.custom_keyword.validateAppointmentDate(date, month, year): com.qa.test.custom_keyword.validateAppointmentDate is PASSED

13-02-2024T22:10:25 - [MESSAGE][PASSED] - Object: 'Object Repository/CURA_OR/Page_CURA Healthcare Service/yearObject' is clicked on

13-02-2024T22:10:25 - [MESSAGE][PASSED] - Object: 'Object Repository/CURA_OR/Page_CURA Healthcare Service/monthObject' is clicked on

13-02-2024T22:10:25 - [MESSAGE][WARNING] - Timeout '0' is invalid. Using default page load timeout: '30'

13-02-2024T22:10:26 - [MESSAGE][PASSED] - Web element with id: 'Object Repository/CURA_OR/Page_CURA Healthcare Service/dateObject' located by 'By.xpath: //*[(text() = '0' or . = '0')]' is not present after '30' second(s)

13-02-2024T22:10:26 - [MESSAGE][PASSED] - com.qa.test.custom_keyword.validateAppointmentDate is PASSED

13-02-2024T22:10:26 - [TEST_STEP][PASSED] - Start listener action : sampleAfterTestCase: Object: 'Object Repository/CURA_OR/Page_CURA Healthcare Service/a_Logout' is clicked on

13-02-2024T22:10:26 - [TEST_STEP][PASSED] - println("After Test Case -- Logging out"): null

13-02-2024T22:10:26 - [TEST_STEP][PASSED] - click(findTestObject("Object Repository/CURA_OR/Page_CURA Healthcare Service/amenu-toggle")): Object: 'Object Repository/CURA_OR/Page_CURA Healthcare Service/amenu-toggle' is clicked on

13-02-2024T22:10:26 - [MESSAGE][PASSED] - Object: 'Object Repository/CURA_OR/Page_CURA Healthcare Service/amenu-toggle' is clicked on

13-02-2024T22:10:26 - [TEST_STEP][PASSED] - click(findTestObject("Object Repository/CURA_OR/Page_CURA Healthcare Service/a_Logout")): Object: 'Object Repository/CURA_OR/Page_CURA Healthcare Service/a_Logout' is clicked on

13-02-2024T22:10:28 - [MESSAGE][PASSED] - Object: 'Object Repository/CURA_OR/Page_CURA Healthcare Service/a_Logout' is clicked on]]></system-out>
         <system-err><![CDATA[]]></system-err>
      </testcase>
      <testcase name="Test Cases/TC_CURA_MakeAppointment_005" time="11.773" classname="Test Cases/TC_CURA_MakeAppointment_005" status="PASSED">
         <system-out><![CDATA[13-02-2024T22:10:28 - [TEST_CASE][PASSED] - Test Cases/TC_CURA_MakeAppointment_005: Test Cases/TC_CURA_MakeAppointment_005

13-02-2024T22:10:28 - [TEST_STEP][PASSED] - Start listener action : sampleBeforeTestCase: Object: 'Object Repository/CURA_OR/Page_CURA Healthcare Service/button_Login' is clicked on

13-02-2024T22:10:28 - [TEST_STEP][PASSED] - println("Before Test Case -- Logging in"): null

13-02-2024T22:10:28 - [TEST_STEP][PASSED] - click(findTestObject("Object Repository/CURA_OR/Page_CURA Healthcare Service/amenu-toggle")): Object: 'Object Repository/CURA_OR/Page_CURA Healthcare Service/amenu-toggle' is clicked on

13-02-2024T22:10:28 - [MESSAGE][PASSED] - Object: 'Object Repository/CURA_OR/Page_CURA Healthcare Service/amenu-toggle' is clicked on

13-02-2024T22:10:28 - [TEST_STEP][PASSED] - click(findTestObject("Object Repository/CURA_OR/Page_CURA Healthcare Service/a_Login")): Object: 'Object Repository/CURA_OR/Page_CURA Healthcare Service/a_Login' is clicked on

13-02-2024T22:10:30 - [MESSAGE][PASSED] - Object: 'Object Repository/CURA_OR/Page_CURA Healthcare Service/a_Login' is clicked on

13-02-2024T22:10:30 - [TEST_STEP][PASSED] - setText(findTestObject("Object Repository/CURA_OR/Page_CURA Healthcare Service/input_username"), username): Text 'John Doe' is set on object 'Object Repository/CURA_OR/Page_CURA Healthcare Service/input_username'

13-02-2024T22:10:31 - [MESSAGE][PASSED] - Text 'John Doe' is set on object 'Object Repository/CURA_OR/Page_CURA Healthcare Service/input_username'

13-02-2024T22:10:31 - [TEST_STEP][PASSED] - setText(findTestObject("CURA_OR/Page_CURA Healthcare Service/input_password"), password): Text 'ThisIsNotAPassword' is set on object 'Object Repository/CURA_OR/Page_CURA Healthcare Service/input_password'

13-02-2024T22:10:31 - [MESSAGE][PASSED] - Text 'ThisIsNotAPassword' is set on object 'Object Repository/CURA_OR/Page_CURA Healthcare Service/input_password'

13-02-2024T22:10:31 - [TEST_STEP][PASSED] - click(findTestObject("Object Repository/CURA_OR/Page_CURA Healthcare Service/button_Login")): Object: 'Object Repository/CURA_OR/Page_CURA Healthcare Service/button_Login' is clicked on

13-02-2024T22:10:33 - [MESSAGE][PASSED] - Object: 'Object Repository/CURA_OR/Page_CURA Healthcare Service/button_Login' is clicked on

13-02-2024T22:10:33 - [TEST_STEP][PASSED] - click(findTestObject("Object Repository/CURA_OR/Page_CURA Healthcare Service/div_input-group-addon")): Object: 'Object Repository/CURA_OR/Page_CURA Healthcare Service/div_input-group-addon' is clicked on

13-02-2024T22:10:34 - [MESSAGE][PASSED] - Object: 'Object Repository/CURA_OR/Page_CURA Healthcare Service/div_input-group-addon' is clicked on

13-02-2024T22:10:34 - [TEST_STEP][PASSED] - click(findTestObject("Object Repository/CURA_OR/Page_CURA Healthcare Service/th_February 2024")): Object: 'Object Repository/CURA_OR/Page_CURA Healthcare Service/th_February 2024' is clicked on

13-02-2024T22:10:34 - [MESSAGE][PASSED] - Object: 'Object Repository/CURA_OR/Page_CURA Healthcare Service/th_February 2024' is clicked on

13-02-2024T22:10:34 - [TEST_STEP][PASSED] - click(findTestObject("Object Repository/CURA_OR/Page_CURA Healthcare Service/th_2024")): Object: 'Object Repository/CURA_OR/Page_CURA Healthcare Service/th_2024' is clicked on

13-02-2024T22:10:35 - [MESSAGE][PASSED] - Object: 'Object Repository/CURA_OR/Page_CURA Healthcare Service/th_2024' is clicked on

13-02-2024T22:10:35 - [TEST_STEP][PASSED] - com.qa.test.custom_keyword.validateAppointmentDate(date, month, year): com.qa.test.custom_keyword.validateAppointmentDate is PASSED

13-02-2024T22:10:35 - [MESSAGE][PASSED] - Object: 'Object Repository/CURA_OR/Page_CURA Healthcare Service/yearObject' is clicked on

13-02-2024T22:10:36 - [MESSAGE][PASSED] - Object: 'Object Repository/CURA_OR/Page_CURA Healthcare Service/monthObject' is clicked on

13-02-2024T22:10:36 - [MESSAGE][WARNING] - Timeout '0' is invalid. Using default page load timeout: '30'

13-02-2024T22:10:36 - [MESSAGE][PASSED] - Web element with id: 'Object Repository/CURA_OR/Page_CURA Healthcare Service/dateObject' located by 'By.xpath: //*[(text() = '0' or . = '0')]' is not present after '30' second(s)

13-02-2024T22:10:36 - [MESSAGE][PASSED] - com.qa.test.custom_keyword.validateAppointmentDate is PASSED

13-02-2024T22:10:36 - [TEST_STEP][PASSED] - Start listener action : sampleAfterTestCase: Object: 'Object Repository/CURA_OR/Page_CURA Healthcare Service/a_Logout' is clicked on

13-02-2024T22:10:36 - [TEST_STEP][PASSED] - println("After Test Case -- Logging out"): null

13-02-2024T22:10:36 - [TEST_STEP][PASSED] - click(findTestObject("Object Repository/CURA_OR/Page_CURA Healthcare Service/amenu-toggle")): Object: 'Object Repository/CURA_OR/Page_CURA Healthcare Service/amenu-toggle' is clicked on

13-02-2024T22:10:36 - [MESSAGE][PASSED] - Object: 'Object Repository/CURA_OR/Page_CURA Healthcare Service/amenu-toggle' is clicked on

13-02-2024T22:10:36 - [TEST_STEP][PASSED] - click(findTestObject("Object Repository/CURA_OR/Page_CURA Healthcare Service/a_Logout")): Object: 'Object Repository/CURA_OR/Page_CURA Healthcare Service/a_Logout' is clicked on

13-02-2024T22:10:40 - [MESSAGE][PASSED] - Object: 'Object Repository/CURA_OR/Page_CURA Healthcare Service/a_Logout' is clicked on]]></system-out>
         <system-err><![CDATA[]]></system-err>
      </testcase>
      <testcase name="Test Cases/TC_CURA_MakeAppointment_005" time="12.743" classname="Test Cases/TC_CURA_MakeAppointment_005" status="PASSED">
         <system-out><![CDATA[13-02-2024T22:10:40 - [TEST_CASE][PASSED] - Test Cases/TC_CURA_MakeAppointment_005: Test Cases/TC_CURA_MakeAppointment_005

13-02-2024T22:10:40 - [TEST_STEP][PASSED] - Start listener action : sampleBeforeTestCase: Object: 'Object Repository/CURA_OR/Page_CURA Healthcare Service/button_Login' is clicked on

13-02-2024T22:10:40 - [TEST_STEP][PASSED] - println("Before Test Case -- Logging in"): null

13-02-2024T22:10:40 - [TEST_STEP][PASSED] - click(findTestObject("Object Repository/CURA_OR/Page_CURA Healthcare Service/amenu-toggle")): Object: 'Object Repository/CURA_OR/Page_CURA Healthcare Service/amenu-toggle' is clicked on

13-02-2024T22:10:40 - [MESSAGE][PASSED] - Object: 'Object Repository/CURA_OR/Page_CURA Healthcare Service/amenu-toggle' is clicked on

13-02-2024T22:10:40 - [TEST_STEP][PASSED] - click(findTestObject("Object Repository/CURA_OR/Page_CURA Healthcare Service/a_Login")): Object: 'Object Repository/CURA_OR/Page_CURA Healthcare Service/a_Login' is clicked on

13-02-2024T22:10:42 - [MESSAGE][PASSED] - Object: 'Object Repository/CURA_OR/Page_CURA Healthcare Service/a_Login' is clicked on

13-02-2024T22:10:42 - [TEST_STEP][PASSED] - setText(findTestObject("Object Repository/CURA_OR/Page_CURA Healthcare Service/input_username"), username): Text 'John Doe' is set on object 'Object Repository/CURA_OR/Page_CURA Healthcare Service/input_username'

13-02-2024T22:10:42 - [MESSAGE][PASSED] - Text 'John Doe' is set on object 'Object Repository/CURA_OR/Page_CURA Healthcare Service/input_username'

13-02-2024T22:10:42 - [TEST_STEP][PASSED] - setText(findTestObject("CURA_OR/Page_CURA Healthcare Service/input_password"), password): Text 'ThisIsNotAPassword' is set on object 'Object Repository/CURA_OR/Page_CURA Healthcare Service/input_password'

13-02-2024T22:10:43 - [MESSAGE][PASSED] - Text 'ThisIsNotAPassword' is set on object 'Object Repository/CURA_OR/Page_CURA Healthcare Service/input_password'

13-02-2024T22:10:43 - [TEST_STEP][PASSED] - click(findTestObject("Object Repository/CURA_OR/Page_CURA Healthcare Service/button_Login")): Object: 'Object Repository/CURA_OR/Page_CURA Healthcare Service/button_Login' is clicked on

13-02-2024T22:10:47 - [MESSAGE][PASSED] - Object: 'Object Repository/CURA_OR/Page_CURA Healthcare Service/button_Login' is clicked on

13-02-2024T22:10:47 - [TEST_STEP][PASSED] - click(findTestObject("Object Repository/CURA_OR/Page_CURA Healthcare Service/div_input-group-addon")): Object: 'Object Repository/CURA_OR/Page_CURA Healthcare Service/div_input-group-addon' is clicked on

13-02-2024T22:10:47 - [MESSAGE][PASSED] - Object: 'Object Repository/CURA_OR/Page_CURA Healthcare Service/div_input-group-addon' is clicked on

13-02-2024T22:10:47 - [TEST_STEP][PASSED] - click(findTestObject("Object Repository/CURA_OR/Page_CURA Healthcare Service/th_February 2024")): Object: 'Object Repository/CURA_OR/Page_CURA Healthcare Service/th_February 2024' is clicked on

13-02-2024T22:10:48 - [MESSAGE][PASSED] - Object: 'Object Repository/CURA_OR/Page_CURA Healthcare Service/th_February 2024' is clicked on

13-02-2024T22:10:48 - [TEST_STEP][PASSED] - click(findTestObject("Object Repository/CURA_OR/Page_CURA Healthcare Service/th_2024")): Object: 'Object Repository/CURA_OR/Page_CURA Healthcare Service/th_2024' is clicked on

13-02-2024T22:10:48 - [MESSAGE][PASSED] - Object: 'Object Repository/CURA_OR/Page_CURA Healthcare Service/th_2024' is clicked on

13-02-2024T22:10:48 - [TEST_STEP][PASSED] - com.qa.test.custom_keyword.validateAppointmentDate(date, month, year): com.qa.test.custom_keyword.validateAppointmentDate is PASSED

13-02-2024T22:10:48 - [MESSAGE][PASSED] - Object: 'Object Repository/CURA_OR/Page_CURA Healthcare Service/yearObject' is clicked on

13-02-2024T22:10:49 - [MESSAGE][PASSED] - Object: 'Object Repository/CURA_OR/Page_CURA Healthcare Service/monthObject' is clicked on

13-02-2024T22:10:49 - [MESSAGE][WARNING] - Timeout '0' is invalid. Using default page load timeout: '30'

13-02-2024T22:10:49 - [MESSAGE][PASSED] - Web element with id: 'Object Repository/CURA_OR/Page_CURA Healthcare Service/dateObject' located by 'By.xpath: //*[(text() = '0' or . = '0')]' is not present after '30' second(s)

13-02-2024T22:10:49 - [MESSAGE][PASSED] - com.qa.test.custom_keyword.validateAppointmentDate is PASSED

13-02-2024T22:10:49 - [TEST_STEP][PASSED] - Start listener action : sampleAfterTestCase: Object: 'Object Repository/CURA_OR/Page_CURA Healthcare Service/a_Logout' is clicked on

13-02-2024T22:10:49 - [TEST_STEP][PASSED] - println("After Test Case -- Logging out"): null

13-02-2024T22:10:49 - [TEST_STEP][PASSED] - click(findTestObject("Object Repository/CURA_OR/Page_CURA Healthcare Service/amenu-toggle")): Object: 'Object Repository/CURA_OR/Page_CURA Healthcare Service/amenu-toggle' is clicked on

13-02-2024T22:10:50 - [MESSAGE][PASSED] - Object: 'Object Repository/CURA_OR/Page_CURA Healthcare Service/amenu-toggle' is clicked on

13-02-2024T22:10:50 - [TEST_STEP][PASSED] - click(findTestObject("Object Repository/CURA_OR/Page_CURA Healthcare Service/a_Logout")): Object: 'Object Repository/CURA_OR/Page_CURA Healthcare Service/a_Logout' is clicked on

13-02-2024T22:10:52 - [MESSAGE][PASSED] - Object: 'Object Repository/CURA_OR/Page_CURA Healthcare Service/a_Logout' is clicked on]]></system-out>
         <system-err><![CDATA[]]></system-err>
      </testcase>
      <testcase name="Test Cases/TC_CURA_MakeAppointment_005" time="10.916" classname="Test Cases/TC_CURA_MakeAppointment_005" status="PASSED">
         <system-out><![CDATA[13-02-2024T22:10:53 - [TEST_CASE][PASSED] - Test Cases/TC_CURA_MakeAppointment_005: Test Cases/TC_CURA_MakeAppointment_005

13-02-2024T22:10:53 - [TEST_STEP][PASSED] - Start listener action : sampleBeforeTestCase: Object: 'Object Repository/CURA_OR/Page_CURA Healthcare Service/button_Login' is clicked on

13-02-2024T22:10:53 - [TEST_STEP][PASSED] - println("Before Test Case -- Logging in"): null

13-02-2024T22:10:53 - [TEST_STEP][PASSED] - click(findTestObject("Object Repository/CURA_OR/Page_CURA Healthcare Service/amenu-toggle")): Object: 'Object Repository/CURA_OR/Page_CURA Healthcare Service/amenu-toggle' is clicked on

13-02-2024T22:10:53 - [MESSAGE][PASSED] - Object: 'Object Repository/CURA_OR/Page_CURA Healthcare Service/amenu-toggle' is clicked on

13-02-2024T22:10:53 - [TEST_STEP][PASSED] - click(findTestObject("Object Repository/CURA_OR/Page_CURA Healthcare Service/a_Login")): Object: 'Object Repository/CURA_OR/Page_CURA Healthcare Service/a_Login' is clicked on

13-02-2024T22:10:55 - [MESSAGE][PASSED] - Object: 'Object Repository/CURA_OR/Page_CURA Healthcare Service/a_Login' is clicked on

13-02-2024T22:10:55 - [TEST_STEP][PASSED] - setText(findTestObject("Object Repository/CURA_OR/Page_CURA Healthcare Service/input_username"), username): Text 'John Doe' is set on object 'Object Repository/CURA_OR/Page_CURA Healthcare Service/input_username'

13-02-2024T22:10:55 - [MESSAGE][PASSED] - Text 'John Doe' is set on object 'Object Repository/CURA_OR/Page_CURA Healthcare Service/input_username'

13-02-2024T22:10:55 - [TEST_STEP][PASSED] - setText(findTestObject("CURA_OR/Page_CURA Healthcare Service/input_password"), password): Text 'ThisIsNotAPassword' is set on object 'Object Repository/CURA_OR/Page_CURA Healthcare Service/input_password'

13-02-2024T22:10:56 - [MESSAGE][PASSED] - Text 'ThisIsNotAPassword' is set on object 'Object Repository/CURA_OR/Page_CURA Healthcare Service/input_password'

13-02-2024T22:10:56 - [TEST_STEP][PASSED] - click(findTestObject("Object Repository/CURA_OR/Page_CURA Healthcare Service/button_Login")): Object: 'Object Repository/CURA_OR/Page_CURA Healthcare Service/button_Login' is clicked on

13-02-2024T22:10:58 - [MESSAGE][PASSED] - Object: 'Object Repository/CURA_OR/Page_CURA Healthcare Service/button_Login' is clicked on

13-02-2024T22:10:58 - [TEST_STEP][PASSED] - click(findTestObject("Object Repository/CURA_OR/Page_CURA Healthcare Service/div_input-group-addon")): Object: 'Object Repository/CURA_OR/Page_CURA Healthcare Service/div_input-group-addon' is clicked on

13-02-2024T22:10:58 - [MESSAGE][PASSED] - Object: 'Object Repository/CURA_OR/Page_CURA Healthcare Service/div_input-group-addon' is clicked on

13-02-2024T22:10:58 - [TEST_STEP][PASSED] - click(findTestObject("Object Repository/CURA_OR/Page_CURA Healthcare Service/th_February 2024")): Object: 'Object Repository/CURA_OR/Page_CURA Healthcare Service/th_February 2024' is clicked on

13-02-2024T22:10:59 - [MESSAGE][PASSED] - Object: 'Object Repository/CURA_OR/Page_CURA Healthcare Service/th_February 2024' is clicked on

13-02-2024T22:10:59 - [TEST_STEP][PASSED] - click(findTestObject("Object Repository/CURA_OR/Page_CURA Healthcare Service/th_2024")): Object: 'Object Repository/CURA_OR/Page_CURA Healthcare Service/th_2024' is clicked on

13-02-2024T22:10:59 - [MESSAGE][PASSED] - Object: 'Object Repository/CURA_OR/Page_CURA Healthcare Service/th_2024' is clicked on

13-02-2024T22:10:59 - [TEST_STEP][PASSED] - com.qa.test.custom_keyword.validateAppointmentDate(date, month, year): com.qa.test.custom_keyword.validateAppointmentDate is PASSED

13-02-2024T22:11:00 - [MESSAGE][PASSED] - Object: 'Object Repository/CURA_OR/Page_CURA Healthcare Service/yearObject' is clicked on

13-02-2024T22:11:00 - [MESSAGE][PASSED] - Object: 'Object Repository/CURA_OR/Page_CURA Healthcare Service/monthObject' is clicked on

13-02-2024T22:11:00 - [MESSAGE][WARNING] - Timeout '0' is invalid. Using default page load timeout: '30'

13-02-2024T22:11:01 - [MESSAGE][PASSED] - Web element with id: 'Object Repository/CURA_OR/Page_CURA Healthcare Service/dateObject' located by 'By.xpath: //*[(text() = '0' or . = '0')]' is not present after '30' second(s)

13-02-2024T22:11:01 - [MESSAGE][PASSED] - com.qa.test.custom_keyword.validateAppointmentDate is PASSED

13-02-2024T22:11:01 - [TEST_STEP][PASSED] - Start listener action : sampleAfterTestCase: Object: 'Object Repository/CURA_OR/Page_CURA Healthcare Service/a_Logout' is clicked on

13-02-2024T22:11:01 - [TEST_STEP][PASSED] - println("After Test Case -- Logging out"): null

13-02-2024T22:11:01 - [TEST_STEP][PASSED] - click(findTestObject("Object Repository/CURA_OR/Page_CURA Healthcare Service/amenu-toggle")): Object: 'Object Repository/CURA_OR/Page_CURA Healthcare Service/amenu-toggle' is clicked on

13-02-2024T22:11:01 - [MESSAGE][PASSED] - Object: 'Object Repository/CURA_OR/Page_CURA Healthcare Service/amenu-toggle' is clicked on

13-02-2024T22:11:01 - [TEST_STEP][PASSED] - click(findTestObject("Object Repository/CURA_OR/Page_CURA Healthcare Service/a_Logout")): Object: 'Object Repository/CURA_OR/Page_CURA Healthcare Service/a_Logout' is clicked on

13-02-2024T22:11:03 - [MESSAGE][PASSED] - Object: 'Object Repository/CURA_OR/Page_CURA Healthcare Service/a_Logout' is clicked on]]></system-out>
         <system-err><![CDATA[]]></system-err>
      </testcase>
      <testcase name="Test Cases/TC_CURA_MakeAppointment_005" time="9.84" classname="Test Cases/TC_CURA_MakeAppointment_005" status="PASSED">
         <system-out><![CDATA[13-02-2024T22:11:04 - [TEST_CASE][PASSED] - Test Cases/TC_CURA_MakeAppointment_005: Test Cases/TC_CURA_MakeAppointment_005

13-02-2024T22:11:04 - [TEST_STEP][PASSED] - Start listener action : sampleBeforeTestCase: Object: 'Object Repository/CURA_OR/Page_CURA Healthcare Service/button_Login' is clicked on

13-02-2024T22:11:04 - [TEST_STEP][PASSED] - println("Before Test Case -- Logging in"): null

13-02-2024T22:11:04 - [TEST_STEP][PASSED] - click(findTestObject("Object Repository/CURA_OR/Page_CURA Healthcare Service/amenu-toggle")): Object: 'Object Repository/CURA_OR/Page_CURA Healthcare Service/amenu-toggle' is clicked on

13-02-2024T22:11:04 - [MESSAGE][PASSED] - Object: 'Object Repository/CURA_OR/Page_CURA Healthcare Service/amenu-toggle' is clicked on

13-02-2024T22:11:04 - [TEST_STEP][PASSED] - click(findTestObject("Object Repository/CURA_OR/Page_CURA Healthcare Service/a_Login")): Object: 'Object Repository/CURA_OR/Page_CURA Healthcare Service/a_Login' is clicked on

13-02-2024T22:11:05 - [MESSAGE][PASSED] - Object: 'Object Repository/CURA_OR/Page_CURA Healthcare Service/a_Login' is clicked on

13-02-2024T22:11:05 - [TEST_STEP][PASSED] - setText(findTestObject("Object Repository/CURA_OR/Page_CURA Healthcare Service/input_username"), username): Text 'John Doe' is set on object 'Object Repository/CURA_OR/Page_CURA Healthcare Service/input_username'

13-02-2024T22:11:06 - [MESSAGE][PASSED] - Text 'John Doe' is set on object 'Object Repository/CURA_OR/Page_CURA Healthcare Service/input_username'

13-02-2024T22:11:06 - [TEST_STEP][PASSED] - setText(findTestObject("CURA_OR/Page_CURA Healthcare Service/input_password"), password): Text 'ThisIsNotAPassword' is set on object 'Object Repository/CURA_OR/Page_CURA Healthcare Service/input_password'

13-02-2024T22:11:07 - [MESSAGE][PASSED] - Text 'ThisIsNotAPassword' is set on object 'Object Repository/CURA_OR/Page_CURA Healthcare Service/input_password'

13-02-2024T22:11:07 - [TEST_STEP][PASSED] - click(findTestObject("Object Repository/CURA_OR/Page_CURA Healthcare Service/button_Login")): Object: 'Object Repository/CURA_OR/Page_CURA Healthcare Service/button_Login' is clicked on

13-02-2024T22:11:08 - [MESSAGE][PASSED] - Object: 'Object Repository/CURA_OR/Page_CURA Healthcare Service/button_Login' is clicked on

13-02-2024T22:11:08 - [TEST_STEP][PASSED] - click(findTestObject("Object Repository/CURA_OR/Page_CURA Healthcare Service/div_input-group-addon")): Object: 'Object Repository/CURA_OR/Page_CURA Healthcare Service/div_input-group-addon' is clicked on

13-02-2024T22:11:09 - [MESSAGE][PASSED] - Object: 'Object Repository/CURA_OR/Page_CURA Healthcare Service/div_input-group-addon' is clicked on

13-02-2024T22:11:09 - [TEST_STEP][PASSED] - click(findTestObject("Object Repository/CURA_OR/Page_CURA Healthcare Service/th_February 2024")): Object: 'Object Repository/CURA_OR/Page_CURA Healthcare Service/th_February 2024' is clicked on

13-02-2024T22:11:10 - [MESSAGE][PASSED] - Object: 'Object Repository/CURA_OR/Page_CURA Healthcare Service/th_February 2024' is clicked on

13-02-2024T22:11:10 - [TEST_STEP][PASSED] - click(findTestObject("Object Repository/CURA_OR/Page_CURA Healthcare Service/th_2024")): Object: 'Object Repository/CURA_OR/Page_CURA Healthcare Service/th_2024' is clicked on

13-02-2024T22:11:10 - [MESSAGE][PASSED] - Object: 'Object Repository/CURA_OR/Page_CURA Healthcare Service/th_2024' is clicked on

13-02-2024T22:11:10 - [TEST_STEP][PASSED] - com.qa.test.custom_keyword.validateAppointmentDate(date, month, year): com.qa.test.custom_keyword.validateAppointmentDate is PASSED

13-02-2024T22:11:11 - [MESSAGE][PASSED] - Object: 'Object Repository/CURA_OR/Page_CURA Healthcare Service/yearObject' is clicked on

13-02-2024T22:11:11 - [MESSAGE][PASSED] - Object: 'Object Repository/CURA_OR/Page_CURA Healthcare Service/monthObject' is clicked on

13-02-2024T22:11:11 - [MESSAGE][WARNING] - Timeout '0' is invalid. Using default page load timeout: '30'

13-02-2024T22:11:12 - [MESSAGE][PASSED] - Web element with id: 'Object Repository/CURA_OR/Page_CURA Healthcare Service/dateObject' located by 'By.xpath: //*[(text() = '0' or . = '0')]' is not present after '30' second(s)

13-02-2024T22:11:12 - [MESSAGE][PASSED] - com.qa.test.custom_keyword.validateAppointmentDate is PASSED

13-02-2024T22:11:12 - [TEST_STEP][PASSED] - Start listener action : sampleAfterTestCase: Object: 'Object Repository/CURA_OR/Page_CURA Healthcare Service/a_Logout' is clicked on

13-02-2024T22:11:12 - [TEST_STEP][PASSED] - println("After Test Case -- Logging out"): null

13-02-2024T22:11:12 - [TEST_STEP][PASSED] - click(findTestObject("Object Repository/CURA_OR/Page_CURA Healthcare Service/amenu-toggle")): Object: 'Object Repository/CURA_OR/Page_CURA Healthcare Service/amenu-toggle' is clicked on

13-02-2024T22:11:12 - [MESSAGE][PASSED] - Object: 'Object Repository/CURA_OR/Page_CURA Healthcare Service/amenu-toggle' is clicked on

13-02-2024T22:11:12 - [TEST_STEP][PASSED] - click(findTestObject("Object Repository/CURA_OR/Page_CURA Healthcare Service/a_Logout")): Object: 'Object Repository/CURA_OR/Page_CURA Healthcare Service/a_Logout' is clicked on

13-02-2024T22:11:13 - [MESSAGE][PASSED] - Object: 'Object Repository/CURA_OR/Page_CURA Healthcare Service/a_Logout' is clicked on]]></system-out>
         <system-err><![CDATA[]]></system-err>
      </testcase>
      <testcase name="Test Cases/TC_CURA_MakeAppointment_005" time="9.16" classname="Test Cases/TC_CURA_MakeAppointment_005" status="PASSED">
         <system-out><![CDATA[13-02-2024T22:11:13 - [TEST_CASE][PASSED] - Test Cases/TC_CURA_MakeAppointment_005: Test Cases/TC_CURA_MakeAppointment_005

13-02-2024T22:11:13 - [TEST_STEP][PASSED] - Start listener action : sampleBeforeTestCase: Object: 'Object Repository/CURA_OR/Page_CURA Healthcare Service/button_Login' is clicked on

13-02-2024T22:11:13 - [TEST_STEP][PASSED] - println("Before Test Case -- Logging in"): null

13-02-2024T22:11:13 - [TEST_STEP][PASSED] - click(findTestObject("Object Repository/CURA_OR/Page_CURA Healthcare Service/amenu-toggle")): Object: 'Object Repository/CURA_OR/Page_CURA Healthcare Service/amenu-toggle' is clicked on

13-02-2024T22:11:14 - [MESSAGE][PASSED] - Object: 'Object Repository/CURA_OR/Page_CURA Healthcare Service/amenu-toggle' is clicked on

13-02-2024T22:11:14 - [TEST_STEP][PASSED] - click(findTestObject("Object Repository/CURA_OR/Page_CURA Healthcare Service/a_Login")): Object: 'Object Repository/CURA_OR/Page_CURA Healthcare Service/a_Login' is clicked on

13-02-2024T22:11:15 - [MESSAGE][PASSED] - Object: 'Object Repository/CURA_OR/Page_CURA Healthcare Service/a_Login' is clicked on

13-02-2024T22:11:15 - [TEST_STEP][PASSED] - setText(findTestObject("Object Repository/CURA_OR/Page_CURA Healthcare Service/input_username"), username): Text 'John Doe' is set on object 'Object Repository/CURA_OR/Page_CURA Healthcare Service/input_username'

13-02-2024T22:11:16 - [MESSAGE][PASSED] - Text 'John Doe' is set on object 'Object Repository/CURA_OR/Page_CURA Healthcare Service/input_username'

13-02-2024T22:11:16 - [TEST_STEP][PASSED] - setText(findTestObject("CURA_OR/Page_CURA Healthcare Service/input_password"), password): Text 'ThisIsNotAPassword' is set on object 'Object Repository/CURA_OR/Page_CURA Healthcare Service/input_password'

13-02-2024T22:11:17 - [MESSAGE][PASSED] - Text 'ThisIsNotAPassword' is set on object 'Object Repository/CURA_OR/Page_CURA Healthcare Service/input_password'

13-02-2024T22:11:17 - [TEST_STEP][PASSED] - click(findTestObject("Object Repository/CURA_OR/Page_CURA Healthcare Service/button_Login")): Object: 'Object Repository/CURA_OR/Page_CURA Healthcare Service/button_Login' is clicked on

13-02-2024T22:11:18 - [MESSAGE][PASSED] - Object: 'Object Repository/CURA_OR/Page_CURA Healthcare Service/button_Login' is clicked on

13-02-2024T22:11:18 - [TEST_STEP][PASSED] - click(findTestObject("Object Repository/CURA_OR/Page_CURA Healthcare Service/div_input-group-addon")): Object: 'Object Repository/CURA_OR/Page_CURA Healthcare Service/div_input-group-addon' is clicked on

13-02-2024T22:11:19 - [MESSAGE][PASSED] - Object: 'Object Repository/CURA_OR/Page_CURA Healthcare Service/div_input-group-addon' is clicked on

13-02-2024T22:11:19 - [TEST_STEP][PASSED] - click(findTestObject("Object Repository/CURA_OR/Page_CURA Healthcare Service/th_February 2024")): Object: 'Object Repository/CURA_OR/Page_CURA Healthcare Service/th_February 2024' is clicked on

13-02-2024T22:11:19 - [MESSAGE][PASSED] - Object: 'Object Repository/CURA_OR/Page_CURA Healthcare Service/th_February 2024' is clicked on

13-02-2024T22:11:19 - [TEST_STEP][PASSED] - click(findTestObject("Object Repository/CURA_OR/Page_CURA Healthcare Service/th_2024")): Object: 'Object Repository/CURA_OR/Page_CURA Healthcare Service/th_2024' is clicked on

13-02-2024T22:11:19 - [MESSAGE][PASSED] - Object: 'Object Repository/CURA_OR/Page_CURA Healthcare Service/th_2024' is clicked on

13-02-2024T22:11:19 - [TEST_STEP][PASSED] - com.qa.test.custom_keyword.validateAppointmentDate(date, month, year): com.qa.test.custom_keyword.validateAppointmentDate is PASSED

13-02-2024T22:11:20 - [MESSAGE][PASSED] - Object: 'Object Repository/CURA_OR/Page_CURA Healthcare Service/yearObject' is clicked on

13-02-2024T22:11:20 - [MESSAGE][PASSED] - Object: 'Object Repository/CURA_OR/Page_CURA Healthcare Service/monthObject' is clicked on

13-02-2024T22:11:21 - [MESSAGE][WARNING] - Timeout '0' is invalid. Using default page load timeout: '30'

13-02-2024T22:11:21 - [MESSAGE][PASSED] - Web element with id: 'Object Repository/CURA_OR/Page_CURA Healthcare Service/dateObject' located by 'By.xpath: //*[(text() = '0' or . = '0')]' is not present after '30' second(s)

13-02-2024T22:11:21 - [MESSAGE][PASSED] - com.qa.test.custom_keyword.validateAppointmentDate is PASSED

13-02-2024T22:11:21 - [TEST_STEP][PASSED] - Start listener action : sampleAfterTestCase: Object: 'Object Repository/CURA_OR/Page_CURA Healthcare Service/a_Logout' is clicked on

13-02-2024T22:11:21 - [TEST_STEP][PASSED] - println("After Test Case -- Logging out"): null

13-02-2024T22:11:21 - [TEST_STEP][PASSED] - click(findTestObject("Object Repository/CURA_OR/Page_CURA Healthcare Service/amenu-toggle")): Object: 'Object Repository/CURA_OR/Page_CURA Healthcare Service/amenu-toggle' is clicked on

13-02-2024T22:11:21 - [MESSAGE][PASSED] - Object: 'Object Repository/CURA_OR/Page_CURA Healthcare Service/amenu-toggle' is clicked on

13-02-2024T22:11:21 - [TEST_STEP][PASSED] - click(findTestObject("Object Repository/CURA_OR/Page_CURA Healthcare Service/a_Logout")): Object: 'Object Repository/CURA_OR/Page_CURA Healthcare Service/a_Logout' is clicked on

13-02-2024T22:11:23 - [MESSAGE][PASSED] - Object: 'Object Repository/CURA_OR/Page_CURA Healthcare Service/a_Logout' is clicked on]]></system-out>
         <system-err><![CDATA[]]></system-err>
      </testcase>
      <testcase name="Test Cases/TC_CURA_MakeAppointment_005" time="12.479" classname="Test Cases/TC_CURA_MakeAppointment_005" status="PASSED">
         <system-out><![CDATA[13-02-2024T22:11:23 - [TEST_CASE][PASSED] - Test Cases/TC_CURA_MakeAppointment_005: Test Cases/TC_CURA_MakeAppointment_005

13-02-2024T22:11:23 - [TEST_STEP][PASSED] - Start listener action : sampleBeforeTestCase: Object: 'Object Repository/CURA_OR/Page_CURA Healthcare Service/button_Login' is clicked on

13-02-2024T22:11:23 - [TEST_STEP][PASSED] - println("Before Test Case -- Logging in"): null

13-02-2024T22:11:23 - [TEST_STEP][PASSED] - click(findTestObject("Object Repository/CURA_OR/Page_CURA Healthcare Service/amenu-toggle")): Object: 'Object Repository/CURA_OR/Page_CURA Healthcare Service/amenu-toggle' is clicked on

13-02-2024T22:11:23 - [MESSAGE][PASSED] - Object: 'Object Repository/CURA_OR/Page_CURA Healthcare Service/amenu-toggle' is clicked on

13-02-2024T22:11:23 - [TEST_STEP][PASSED] - click(findTestObject("Object Repository/CURA_OR/Page_CURA Healthcare Service/a_Login")): Object: 'Object Repository/CURA_OR/Page_CURA Healthcare Service/a_Login' is clicked on

13-02-2024T22:11:26 - [MESSAGE][PASSED] - Object: 'Object Repository/CURA_OR/Page_CURA Healthcare Service/a_Login' is clicked on

13-02-2024T22:11:26 - [TEST_STEP][PASSED] - setText(findTestObject("Object Repository/CURA_OR/Page_CURA Healthcare Service/input_username"), username): Text 'John Doe' is set on object 'Object Repository/CURA_OR/Page_CURA Healthcare Service/input_username'

13-02-2024T22:11:26 - [MESSAGE][PASSED] - Text 'John Doe' is set on object 'Object Repository/CURA_OR/Page_CURA Healthcare Service/input_username'

13-02-2024T22:11:26 - [TEST_STEP][PASSED] - setText(findTestObject("CURA_OR/Page_CURA Healthcare Service/input_password"), password): Text 'ThisIsNotAPassword' is set on object 'Object Repository/CURA_OR/Page_CURA Healthcare Service/input_password'

13-02-2024T22:11:27 - [MESSAGE][PASSED] - Text 'ThisIsNotAPassword' is set on object 'Object Repository/CURA_OR/Page_CURA Healthcare Service/input_password'

13-02-2024T22:11:27 - [TEST_STEP][PASSED] - click(findTestObject("Object Repository/CURA_OR/Page_CURA Healthcare Service/button_Login")): Object: 'Object Repository/CURA_OR/Page_CURA Healthcare Service/button_Login' is clicked on

13-02-2024T22:11:30 - [MESSAGE][PASSED] - Object: 'Object Repository/CURA_OR/Page_CURA Healthcare Service/button_Login' is clicked on

13-02-2024T22:11:30 - [TEST_STEP][PASSED] - click(findTestObject("Object Repository/CURA_OR/Page_CURA Healthcare Service/div_input-group-addon")): Object: 'Object Repository/CURA_OR/Page_CURA Healthcare Service/div_input-group-addon' is clicked on

13-02-2024T22:11:31 - [MESSAGE][PASSED] - Object: 'Object Repository/CURA_OR/Page_CURA Healthcare Service/div_input-group-addon' is clicked on

13-02-2024T22:11:31 - [TEST_STEP][PASSED] - click(findTestObject("Object Repository/CURA_OR/Page_CURA Healthcare Service/th_February 2024")): Object: 'Object Repository/CURA_OR/Page_CURA Healthcare Service/th_February 2024' is clicked on

13-02-2024T22:11:32 - [MESSAGE][PASSED] - Object: 'Object Repository/CURA_OR/Page_CURA Healthcare Service/th_February 2024' is clicked on

13-02-2024T22:11:32 - [TEST_STEP][PASSED] - click(findTestObject("Object Repository/CURA_OR/Page_CURA Healthcare Service/th_2024")): Object: 'Object Repository/CURA_OR/Page_CURA Healthcare Service/th_2024' is clicked on

13-02-2024T22:11:32 - [MESSAGE][PASSED] - Object: 'Object Repository/CURA_OR/Page_CURA Healthcare Service/th_2024' is clicked on

13-02-2024T22:11:32 - [TEST_STEP][PASSED] - com.qa.test.custom_keyword.validateAppointmentDate(date, month, year): com.qa.test.custom_keyword.validateAppointmentDate is PASSED

13-02-2024T22:11:32 - [MESSAGE][PASSED] - Object: 'Object Repository/CURA_OR/Page_CURA Healthcare Service/yearObject' is clicked on

13-02-2024T22:11:33 - [MESSAGE][PASSED] - Object: 'Object Repository/CURA_OR/Page_CURA Healthcare Service/monthObject' is clicked on

13-02-2024T22:11:33 - [MESSAGE][WARNING] - Timeout '0' is invalid. Using default page load timeout: '30'

13-02-2024T22:11:33 - [MESSAGE][PASSED] - Web element with id: 'Object Repository/CURA_OR/Page_CURA Healthcare Service/dateObject' located by 'By.xpath: //*[(text() = '0' or . = '0')]' is not present after '30' second(s)

13-02-2024T22:11:33 - [MESSAGE][PASSED] - com.qa.test.custom_keyword.validateAppointmentDate is PASSED

13-02-2024T22:11:33 - [TEST_STEP][PASSED] - Start listener action : sampleAfterTestCase: Object: 'Object Repository/CURA_OR/Page_CURA Healthcare Service/a_Logout' is clicked on

13-02-2024T22:11:33 - [TEST_STEP][PASSED] - println("After Test Case -- Logging out"): null

13-02-2024T22:11:33 - [TEST_STEP][PASSED] - click(findTestObject("Object Repository/CURA_OR/Page_CURA Healthcare Service/amenu-toggle")): Object: 'Object Repository/CURA_OR/Page_CURA Healthcare Service/amenu-toggle' is clicked on

13-02-2024T22:11:34 - [MESSAGE][PASSED] - Object: 'Object Repository/CURA_OR/Page_CURA Healthcare Service/amenu-toggle' is clicked on

13-02-2024T22:11:34 - [TEST_STEP][PASSED] - click(findTestObject("Object Repository/CURA_OR/Page_CURA Healthcare Service/a_Logout")): Object: 'Object Repository/CURA_OR/Page_CURA Healthcare Service/a_Logout' is clicked on

13-02-2024T22:11:35 - [MESSAGE][PASSED] - Object: 'Object Repository/CURA_OR/Page_CURA Healthcare Service/a_Logout' is clicked on]]></system-out>
         <system-err><![CDATA[]]></system-err>
      </testcase>
      <testcase name="Test Cases/TC_CURA_MakeAppointment_005" time="11.291" classname="Test Cases/TC_CURA_MakeAppointment_005" status="PASSED">
         <system-out><![CDATA[13-02-2024T22:11:35 - [TEST_CASE][PASSED] - Test Cases/TC_CURA_MakeAppointment_005: Test Cases/TC_CURA_MakeAppointment_005

13-02-2024T22:11:35 - [TEST_STEP][PASSED] - Start listener action : sampleBeforeTestCase: Object: 'Object Repository/CURA_OR/Page_CURA Healthcare Service/button_Login' is clicked on

13-02-2024T22:11:35 - [TEST_STEP][PASSED] - println("Before Test Case -- Logging in"): null

13-02-2024T22:11:35 - [TEST_STEP][PASSED] - click(findTestObject("Object Repository/CURA_OR/Page_CURA Healthcare Service/amenu-toggle")): Object: 'Object Repository/CURA_OR/Page_CURA Healthcare Service/amenu-toggle' is clicked on

13-02-2024T22:11:36 - [MESSAGE][PASSED] - Object: 'Object Repository/CURA_OR/Page_CURA Healthcare Service/amenu-toggle' is clicked on

13-02-2024T22:11:36 - [TEST_STEP][PASSED] - click(findTestObject("Object Repository/CURA_OR/Page_CURA Healthcare Service/a_Login")): Object: 'Object Repository/CURA_OR/Page_CURA Healthcare Service/a_Login' is clicked on

13-02-2024T22:11:37 - [MESSAGE][PASSED] - Object: 'Object Repository/CURA_OR/Page_CURA Healthcare Service/a_Login' is clicked on

13-02-2024T22:11:37 - [TEST_STEP][PASSED] - setText(findTestObject("Object Repository/CURA_OR/Page_CURA Healthcare Service/input_username"), username): Text 'John Doe' is set on object 'Object Repository/CURA_OR/Page_CURA Healthcare Service/input_username'

13-02-2024T22:11:38 - [MESSAGE][PASSED] - Text 'John Doe' is set on object 'Object Repository/CURA_OR/Page_CURA Healthcare Service/input_username'

13-02-2024T22:11:38 - [TEST_STEP][PASSED] - setText(findTestObject("CURA_OR/Page_CURA Healthcare Service/input_password"), password): Text 'ThisIsNotAPassword' is set on object 'Object Repository/CURA_OR/Page_CURA Healthcare Service/input_password'

13-02-2024T22:11:39 - [MESSAGE][PASSED] - Text 'ThisIsNotAPassword' is set on object 'Object Repository/CURA_OR/Page_CURA Healthcare Service/input_password'

13-02-2024T22:11:39 - [TEST_STEP][PASSED] - click(findTestObject("Object Repository/CURA_OR/Page_CURA Healthcare Service/button_Login")): Object: 'Object Repository/CURA_OR/Page_CURA Healthcare Service/button_Login' is clicked on

13-02-2024T22:11:41 - [MESSAGE][PASSED] - Object: 'Object Repository/CURA_OR/Page_CURA Healthcare Service/button_Login' is clicked on

13-02-2024T22:11:41 - [TEST_STEP][PASSED] - click(findTestObject("Object Repository/CURA_OR/Page_CURA Healthcare Service/div_input-group-addon")): Object: 'Object Repository/CURA_OR/Page_CURA Healthcare Service/div_input-group-addon' is clicked on

13-02-2024T22:11:42 - [MESSAGE][PASSED] - Object: 'Object Repository/CURA_OR/Page_CURA Healthcare Service/div_input-group-addon' is clicked on

13-02-2024T22:11:42 - [TEST_STEP][PASSED] - click(findTestObject("Object Repository/CURA_OR/Page_CURA Healthcare Service/th_February 2024")): Object: 'Object Repository/CURA_OR/Page_CURA Healthcare Service/th_February 2024' is clicked on

13-02-2024T22:11:43 - [MESSAGE][PASSED] - Object: 'Object Repository/CURA_OR/Page_CURA Healthcare Service/th_February 2024' is clicked on

13-02-2024T22:11:43 - [TEST_STEP][PASSED] - click(findTestObject("Object Repository/CURA_OR/Page_CURA Healthcare Service/th_2024")): Object: 'Object Repository/CURA_OR/Page_CURA Healthcare Service/th_2024' is clicked on

13-02-2024T22:11:43 - [MESSAGE][PASSED] - Object: 'Object Repository/CURA_OR/Page_CURA Healthcare Service/th_2024' is clicked on

13-02-2024T22:11:43 - [TEST_STEP][PASSED] - com.qa.test.custom_keyword.validateAppointmentDate(date, month, year): com.qa.test.custom_keyword.validateAppointmentDate is PASSED

13-02-2024T22:11:43 - [MESSAGE][PASSED] - Object: 'Object Repository/CURA_OR/Page_CURA Healthcare Service/yearObject' is clicked on

13-02-2024T22:11:44 - [MESSAGE][PASSED] - Object: 'Object Repository/CURA_OR/Page_CURA Healthcare Service/monthObject' is clicked on

13-02-2024T22:11:44 - [MESSAGE][WARNING] - Timeout '0' is invalid. Using default page load timeout: '30'

13-02-2024T22:11:44 - [MESSAGE][PASSED] - Web element with id: 'Object Repository/CURA_OR/Page_CURA Healthcare Service/dateObject' located by 'By.xpath: //*[(text() = '0' or . = '0')]' is not present after '30' second(s)

13-02-2024T22:11:44 - [MESSAGE][PASSED] - com.qa.test.custom_keyword.validateAppointmentDate is PASSED

13-02-2024T22:11:44 - [TEST_STEP][PASSED] - Start listener action : sampleAfterTestCase: Object: 'Object Repository/CURA_OR/Page_CURA Healthcare Service/a_Logout' is clicked on

13-02-2024T22:11:44 - [TEST_STEP][PASSED] - println("After Test Case -- Logging out"): null

13-02-2024T22:11:44 - [TEST_STEP][PASSED] - click(findTestObject("Object Repository/CURA_OR/Page_CURA Healthcare Service/amenu-toggle")): Object: 'Object Repository/CURA_OR/Page_CURA Healthcare Service/amenu-toggle' is clicked on

13-02-2024T22:11:45 - [MESSAGE][PASSED] - Object: 'Object Repository/CURA_OR/Page_CURA Healthcare Service/amenu-toggle' is clicked on

13-02-2024T22:11:45 - [TEST_STEP][PASSED] - click(findTestObject("Object Repository/CURA_OR/Page_CURA Healthcare Service/a_Logout")): Object: 'Object Repository/CURA_OR/Page_CURA Healthcare Service/a_Logout' is clicked on

13-02-2024T22:11:46 - [MESSAGE][PASSED] - Object: 'Object Repository/CURA_OR/Page_CURA Healthcare Service/a_Logout' is clicked on]]></system-out>
         <system-err><![CDATA[]]></system-err>
      </testcase>
      <testcase name="Test Cases/TC_CURA_MakeAppointment_005" time="12.038" classname="Test Cases/TC_CURA_MakeAppointment_005" status="PASSED">
         <system-out><![CDATA[13-02-2024T22:11:47 - [TEST_CASE][PASSED] - Test Cases/TC_CURA_MakeAppointment_005: Test Cases/TC_CURA_MakeAppointment_005

13-02-2024T22:11:47 - [TEST_STEP][PASSED] - Start listener action : sampleBeforeTestCase: Object: 'Object Repository/CURA_OR/Page_CURA Healthcare Service/button_Login' is clicked on

13-02-2024T22:11:47 - [TEST_STEP][PASSED] - println("Before Test Case -- Logging in"): null

13-02-2024T22:11:47 - [TEST_STEP][PASSED] - click(findTestObject("Object Repository/CURA_OR/Page_CURA Healthcare Service/amenu-toggle")): Object: 'Object Repository/CURA_OR/Page_CURA Healthcare Service/amenu-toggle' is clicked on

13-02-2024T22:11:47 - [MESSAGE][PASSED] - Object: 'Object Repository/CURA_OR/Page_CURA Healthcare Service/amenu-toggle' is clicked on

13-02-2024T22:11:47 - [TEST_STEP][PASSED] - click(findTestObject("Object Repository/CURA_OR/Page_CURA Healthcare Service/a_Login")): Object: 'Object Repository/CURA_OR/Page_CURA Healthcare Service/a_Login' is clicked on

13-02-2024T22:11:48 - [MESSAGE][PASSED] - Object: 'Object Repository/CURA_OR/Page_CURA Healthcare Service/a_Login' is clicked on

13-02-2024T22:11:48 - [TEST_STEP][PASSED] - setText(findTestObject("Object Repository/CURA_OR/Page_CURA Healthcare Service/input_username"), username): Text 'John Doe' is set on object 'Object Repository/CURA_OR/Page_CURA Healthcare Service/input_username'

13-02-2024T22:11:49 - [MESSAGE][PASSED] - Text 'John Doe' is set on object 'Object Repository/CURA_OR/Page_CURA Healthcare Service/input_username'

13-02-2024T22:11:49 - [TEST_STEP][PASSED] - setText(findTestObject("CURA_OR/Page_CURA Healthcare Service/input_password"), password): Text 'ThisIsNotAPassword' is set on object 'Object Repository/CURA_OR/Page_CURA Healthcare Service/input_password'

13-02-2024T22:11:50 - [MESSAGE][PASSED] - Text 'ThisIsNotAPassword' is set on object 'Object Repository/CURA_OR/Page_CURA Healthcare Service/input_password'

13-02-2024T22:11:50 - [TEST_STEP][PASSED] - click(findTestObject("Object Repository/CURA_OR/Page_CURA Healthcare Service/button_Login")): Object: 'Object Repository/CURA_OR/Page_CURA Healthcare Service/button_Login' is clicked on

13-02-2024T22:11:52 - [MESSAGE][PASSED] - Object: 'Object Repository/CURA_OR/Page_CURA Healthcare Service/button_Login' is clicked on

13-02-2024T22:11:52 - [TEST_STEP][PASSED] - click(findTestObject("Object Repository/CURA_OR/Page_CURA Healthcare Service/div_input-group-addon")): Object: 'Object Repository/CURA_OR/Page_CURA Healthcare Service/div_input-group-addon' is clicked on

13-02-2024T22:11:52 - [MESSAGE][PASSED] - Object: 'Object Repository/CURA_OR/Page_CURA Healthcare Service/div_input-group-addon' is clicked on

13-02-2024T22:11:52 - [TEST_STEP][PASSED] - click(findTestObject("Object Repository/CURA_OR/Page_CURA Healthcare Service/th_February 2024")): Object: 'Object Repository/CURA_OR/Page_CURA Healthcare Service/th_February 2024' is clicked on

13-02-2024T22:11:53 - [MESSAGE][PASSED] - Object: 'Object Repository/CURA_OR/Page_CURA Healthcare Service/th_February 2024' is clicked on

13-02-2024T22:11:53 - [TEST_STEP][PASSED] - click(findTestObject("Object Repository/CURA_OR/Page_CURA Healthcare Service/th_2024")): Object: 'Object Repository/CURA_OR/Page_CURA Healthcare Service/th_2024' is clicked on

13-02-2024T22:11:53 - [MESSAGE][PASSED] - Object: 'Object Repository/CURA_OR/Page_CURA Healthcare Service/th_2024' is clicked on

13-02-2024T22:11:53 - [TEST_STEP][PASSED] - com.qa.test.custom_keyword.validateAppointmentDate(date, month, year): com.qa.test.custom_keyword.validateAppointmentDate is PASSED

13-02-2024T22:11:54 - [MESSAGE][PASSED] - Object: 'Object Repository/CURA_OR/Page_CURA Healthcare Service/yearObject' is clicked on

13-02-2024T22:11:54 - [MESSAGE][PASSED] - Object: 'Object Repository/CURA_OR/Page_CURA Healthcare Service/monthObject' is clicked on

13-02-2024T22:11:54 - [MESSAGE][WARNING] - Timeout '0' is invalid. Using default page load timeout: '30'

13-02-2024T22:11:55 - [MESSAGE][PASSED] - Web element with id: 'Object Repository/CURA_OR/Page_CURA Healthcare Service/dateObject' located by 'By.xpath: //*[(text() = '0' or . = '0')]' is not present after '30' second(s)

13-02-2024T22:11:55 - [MESSAGE][PASSED] - com.qa.test.custom_keyword.validateAppointmentDate is PASSED

13-02-2024T22:11:55 - [TEST_STEP][PASSED] - Start listener action : sampleAfterTestCase: Object: 'Object Repository/CURA_OR/Page_CURA Healthcare Service/a_Logout' is clicked on

13-02-2024T22:11:55 - [TEST_STEP][PASSED] - println("After Test Case -- Logging out"): null

13-02-2024T22:11:55 - [TEST_STEP][PASSED] - click(findTestObject("Object Repository/CURA_OR/Page_CURA Healthcare Service/amenu-toggle")): Object: 'Object Repository/CURA_OR/Page_CURA Healthcare Service/amenu-toggle' is clicked on

13-02-2024T22:11:55 - [MESSAGE][PASSED] - Object: 'Object Repository/CURA_OR/Page_CURA Healthcare Service/amenu-toggle' is clicked on

13-02-2024T22:11:55 - [TEST_STEP][PASSED] - click(findTestObject("Object Repository/CURA_OR/Page_CURA Healthcare Service/a_Logout")): Object: 'Object Repository/CURA_OR/Page_CURA Healthcare Service/a_Logout' is clicked on

13-02-2024T22:11:59 - [MESSAGE][PASSED] - Object: 'Object Repository/CURA_OR/Page_CURA Healthcare Service/a_Logout' is clicked on]]></system-out>
         <system-err><![CDATA[]]></system-err>
      </testcase>
      <testcase name="Test Cases/TC_CURA_MakeAppointment_005" time="16.347" classname="Test Cases/TC_CURA_MakeAppointment_005" status="PASSED">
         <system-out><![CDATA[13-02-2024T22:11:59 - [TEST_CASE][PASSED] - Test Cases/TC_CURA_MakeAppointment_005: Test Cases/TC_CURA_MakeAppointment_005

13-02-2024T22:11:59 - [TEST_STEP][PASSED] - Start listener action : sampleBeforeTestCase: Object: 'Object Repository/CURA_OR/Page_CURA Healthcare Service/button_Login' is clicked on

13-02-2024T22:11:59 - [TEST_STEP][PASSED] - println("Before Test Case -- Logging in"): null

13-02-2024T22:11:59 - [TEST_STEP][PASSED] - click(findTestObject("Object Repository/CURA_OR/Page_CURA Healthcare Service/amenu-toggle")): Object: 'Object Repository/CURA_OR/Page_CURA Healthcare Service/amenu-toggle' is clicked on

13-02-2024T22:11:59 - [MESSAGE][PASSED] - Object: 'Object Repository/CURA_OR/Page_CURA Healthcare Service/amenu-toggle' is clicked on

13-02-2024T22:11:59 - [TEST_STEP][PASSED] - click(findTestObject("Object Repository/CURA_OR/Page_CURA Healthcare Service/a_Login")): Object: 'Object Repository/CURA_OR/Page_CURA Healthcare Service/a_Login' is clicked on

13-02-2024T22:12:02 - [MESSAGE][PASSED] - Object: 'Object Repository/CURA_OR/Page_CURA Healthcare Service/a_Login' is clicked on

13-02-2024T22:12:02 - [TEST_STEP][PASSED] - setText(findTestObject("Object Repository/CURA_OR/Page_CURA Healthcare Service/input_username"), username): Text 'John Doe' is set on object 'Object Repository/CURA_OR/Page_CURA Healthcare Service/input_username'

13-02-2024T22:12:03 - [MESSAGE][PASSED] - Text 'John Doe' is set on object 'Object Repository/CURA_OR/Page_CURA Healthcare Service/input_username'

13-02-2024T22:12:03 - [TEST_STEP][PASSED] - setText(findTestObject("CURA_OR/Page_CURA Healthcare Service/input_password"), password): Text 'ThisIsNotAPassword' is set on object 'Object Repository/CURA_OR/Page_CURA Healthcare Service/input_password'

13-02-2024T22:12:04 - [MESSAGE][PASSED] - Text 'ThisIsNotAPassword' is set on object 'Object Repository/CURA_OR/Page_CURA Healthcare Service/input_password'

13-02-2024T22:12:04 - [TEST_STEP][PASSED] - click(findTestObject("Object Repository/CURA_OR/Page_CURA Healthcare Service/button_Login")): Object: 'Object Repository/CURA_OR/Page_CURA Healthcare Service/button_Login' is clicked on

13-02-2024T22:12:06 - [MESSAGE][PASSED] - Object: 'Object Repository/CURA_OR/Page_CURA Healthcare Service/button_Login' is clicked on

13-02-2024T22:12:06 - [TEST_STEP][PASSED] - click(findTestObject("Object Repository/CURA_OR/Page_CURA Healthcare Service/div_input-group-addon")): Object: 'Object Repository/CURA_OR/Page_CURA Healthcare Service/div_input-group-addon' is clicked on

13-02-2024T22:12:06 - [MESSAGE][PASSED] - Object: 'Object Repository/CURA_OR/Page_CURA Healthcare Service/div_input-group-addon' is clicked on

13-02-2024T22:12:06 - [TEST_STEP][PASSED] - click(findTestObject("Object Repository/CURA_OR/Page_CURA Healthcare Service/th_February 2024")): Object: 'Object Repository/CURA_OR/Page_CURA Healthcare Service/th_February 2024' is clicked on

13-02-2024T22:12:07 - [MESSAGE][PASSED] - Object: 'Object Repository/CURA_OR/Page_CURA Healthcare Service/th_February 2024' is clicked on

13-02-2024T22:12:07 - [TEST_STEP][PASSED] - click(findTestObject("Object Repository/CURA_OR/Page_CURA Healthcare Service/th_2024")): Object: 'Object Repository/CURA_OR/Page_CURA Healthcare Service/th_2024' is clicked on

13-02-2024T22:12:07 - [MESSAGE][PASSED] - Object: 'Object Repository/CURA_OR/Page_CURA Healthcare Service/th_2024' is clicked on

13-02-2024T22:12:07 - [TEST_STEP][PASSED] - com.qa.test.custom_keyword.validateAppointmentDate(date, month, year): com.qa.test.custom_keyword.validateAppointmentDate is PASSED

13-02-2024T22:12:07 - [MESSAGE][WARNING] - Timeout '0' is invalid. Using default page load timeout: '30'

13-02-2024T22:12:08 - [MESSAGE][PASSED] - Object 'Object Repository/CURA_OR/Page_CURA Healthcare Service/yearObject' is present

13-02-2024T22:12:08 - [MESSAGE][PASSED] - Object: 'Object Repository/CURA_OR/Page_CURA Healthcare Service/yearObject' is clicked on

13-02-2024T22:12:08 - [MESSAGE][WARNING] - Timeout '0' is invalid. Using default page load timeout: '30'

13-02-2024T22:12:08 - [MESSAGE][PASSED] - Object 'Object Repository/CURA_OR/Page_CURA Healthcare Service/monthObject' is present

13-02-2024T22:12:09 - [MESSAGE][PASSED] - Object: 'Object Repository/CURA_OR/Page_CURA Healthcare Service/monthObject' is clicked on

13-02-2024T22:12:09 - [MESSAGE][WARNING] - Timeout '0' is invalid. Using default page load timeout: '30'

13-02-2024T22:12:09 - [MESSAGE][PASSED] - Object 'Object Repository/CURA_OR/Page_CURA Healthcare Service/dateObject' is present

13-02-2024T22:12:10 - [MESSAGE][PASSED] - Object: 'Object Repository/CURA_OR/Page_CURA Healthcare Service/dateObject' is clicked on

13-02-2024T22:12:11 - [MESSAGE][PASSED] - Object: 'Object Repository/CURA_OR/Page_CURA Healthcare Service/button_Book Appointment' is clicked on

13-02-2024T22:12:11 - [MESSAGE][WARNING] - Timeout '0' is invalid. Using default page load timeout: '30'

13-02-2024T22:12:12 - [MESSAGE][PASSED] - Object 'Object Repository/CURA_OR/Page_CURA Healthcare Service/h2_Appointment Confirmation' is present

13-02-2024T22:12:12 - [MESSAGE][PASSED] - Actual text and expected text of test object 'Object Repository/CURA_OR/Page_CURA Healthcare Service/p_20022024' are matched.

13-02-2024T22:12:12 - [MESSAGE][PASSED] - com.qa.test.custom_keyword.validateAppointmentDate is PASSED

13-02-2024T22:12:12 - [TEST_STEP][PASSED] - Start listener action : sampleAfterTestCase: Object: 'Object Repository/CURA_OR/Page_CURA Healthcare Service/a_Logout' is clicked on

13-02-2024T22:12:12 - [TEST_STEP][PASSED] - println("After Test Case -- Logging out"): null

13-02-2024T22:12:12 - [TEST_STEP][PASSED] - click(findTestObject("Object Repository/CURA_OR/Page_CURA Healthcare Service/amenu-toggle")): Object: 'Object Repository/CURA_OR/Page_CURA Healthcare Service/amenu-toggle' is clicked on

13-02-2024T22:12:13 - [MESSAGE][PASSED] - Object: 'Object Repository/CURA_OR/Page_CURA Healthcare Service/amenu-toggle' is clicked on

13-02-2024T22:12:13 - [TEST_STEP][PASSED] - click(findTestObject("Object Repository/CURA_OR/Page_CURA Healthcare Service/a_Logout")): Object: 'Object Repository/CURA_OR/Page_CURA Healthcare Service/a_Logout' is clicked on

13-02-2024T22:12:15 - [MESSAGE][PASSED] - Object: 'Object Repository/CURA_OR/Page_CURA Healthcare Service/a_Logout' is clicked on]]></system-out>
         <system-err><![CDATA[]]></system-err>
      </testcase>
      <testcase name="Test Cases/TC_CURA_MakeAppointment_005" time="14.078" classname="Test Cases/TC_CURA_MakeAppointment_005" status="PASSED">
         <system-out><![CDATA[13-02-2024T22:12:15 - [TEST_CASE][PASSED] - Test Cases/TC_CURA_MakeAppointment_005: Test Cases/TC_CURA_MakeAppointment_005

13-02-2024T22:12:15 - [TEST_STEP][PASSED] - Start listener action : sampleBeforeTestCase: Object: 'Object Repository/CURA_OR/Page_CURA Healthcare Service/button_Login' is clicked on

13-02-2024T22:12:15 - [TEST_STEP][PASSED] - println("Before Test Case -- Logging in"): null

13-02-2024T22:12:15 - [TEST_STEP][PASSED] - click(findTestObject("Object Repository/CURA_OR/Page_CURA Healthcare Service/amenu-toggle")): Object: 'Object Repository/CURA_OR/Page_CURA Healthcare Service/amenu-toggle' is clicked on

13-02-2024T22:12:16 - [MESSAGE][PASSED] - Object: 'Object Repository/CURA_OR/Page_CURA Healthcare Service/amenu-toggle' is clicked on

13-02-2024T22:12:16 - [TEST_STEP][PASSED] - click(findTestObject("Object Repository/CURA_OR/Page_CURA Healthcare Service/a_Login")): Object: 'Object Repository/CURA_OR/Page_CURA Healthcare Service/a_Login' is clicked on

13-02-2024T22:12:17 - [MESSAGE][PASSED] - Object: 'Object Repository/CURA_OR/Page_CURA Healthcare Service/a_Login' is clicked on

13-02-2024T22:12:17 - [TEST_STEP][PASSED] - setText(findTestObject("Object Repository/CURA_OR/Page_CURA Healthcare Service/input_username"), username): Text 'John Doe' is set on object 'Object Repository/CURA_OR/Page_CURA Healthcare Service/input_username'

13-02-2024T22:12:18 - [MESSAGE][PASSED] - Text 'John Doe' is set on object 'Object Repository/CURA_OR/Page_CURA Healthcare Service/input_username'

13-02-2024T22:12:18 - [TEST_STEP][PASSED] - setText(findTestObject("CURA_OR/Page_CURA Healthcare Service/input_password"), password): Text 'ThisIsNotAPassword' is set on object 'Object Repository/CURA_OR/Page_CURA Healthcare Service/input_password'

13-02-2024T22:12:19 - [MESSAGE][PASSED] - Text 'ThisIsNotAPassword' is set on object 'Object Repository/CURA_OR/Page_CURA Healthcare Service/input_password'

13-02-2024T22:12:19 - [TEST_STEP][PASSED] - click(findTestObject("Object Repository/CURA_OR/Page_CURA Healthcare Service/button_Login")): Object: 'Object Repository/CURA_OR/Page_CURA Healthcare Service/button_Login' is clicked on

13-02-2024T22:12:21 - [MESSAGE][PASSED] - Object: 'Object Repository/CURA_OR/Page_CURA Healthcare Service/button_Login' is clicked on

13-02-2024T22:12:21 - [TEST_STEP][PASSED] - click(findTestObject("Object Repository/CURA_OR/Page_CURA Healthcare Service/div_input-group-addon")): Object: 'Object Repository/CURA_OR/Page_CURA Healthcare Service/div_input-group-addon' is clicked on

13-02-2024T22:12:21 - [MESSAGE][PASSED] - Object: 'Object Repository/CURA_OR/Page_CURA Healthcare Service/div_input-group-addon' is clicked on

13-02-2024T22:12:21 - [TEST_STEP][PASSED] - click(findTestObject("Object Repository/CURA_OR/Page_CURA Healthcare Service/th_February 2024")): Object: 'Object Repository/CURA_OR/Page_CURA Healthcare Service/th_February 2024' is clicked on

13-02-2024T22:12:22 - [MESSAGE][PASSED] - Object: 'Object Repository/CURA_OR/Page_CURA Healthcare Service/th_February 2024' is clicked on

13-02-2024T22:12:22 - [TEST_STEP][PASSED] - click(findTestObject("Object Repository/CURA_OR/Page_CURA Healthcare Service/th_2024")): Object: 'Object Repository/CURA_OR/Page_CURA Healthcare Service/th_2024' is clicked on

13-02-2024T22:12:22 - [MESSAGE][PASSED] - Object: 'Object Repository/CURA_OR/Page_CURA Healthcare Service/th_2024' is clicked on

13-02-2024T22:12:22 - [TEST_STEP][PASSED] - com.qa.test.custom_keyword.validateAppointmentDate(date, month, year): com.qa.test.custom_keyword.validateAppointmentDate is PASSED

13-02-2024T22:12:22 - [MESSAGE][WARNING] - Timeout '0' is invalid. Using default page load timeout: '30'

13-02-2024T22:12:23 - [MESSAGE][PASSED] - Object 'Object Repository/CURA_OR/Page_CURA Healthcare Service/yearObject' is present

13-02-2024T22:12:23 - [MESSAGE][PASSED] - Object: 'Object Repository/CURA_OR/Page_CURA Healthcare Service/yearObject' is clicked on

13-02-2024T22:12:23 - [MESSAGE][WARNING] - Timeout '0' is invalid. Using default page load timeout: '30'

13-02-2024T22:12:24 - [MESSAGE][PASSED] - Object 'Object Repository/CURA_OR/Page_CURA Healthcare Service/monthObject' is present

13-02-2024T22:12:24 - [MESSAGE][PASSED] - Object: 'Object Repository/CURA_OR/Page_CURA Healthcare Service/monthObject' is clicked on

13-02-2024T22:12:24 - [MESSAGE][WARNING] - Timeout '0' is invalid. Using default page load timeout: '30'

13-02-2024T22:12:25 - [MESSAGE][PASSED] - Object 'Object Repository/CURA_OR/Page_CURA Healthcare Service/dateObject' is present

13-02-2024T22:12:25 - [MESSAGE][PASSED] - Object: 'Object Repository/CURA_OR/Page_CURA Healthcare Service/dateObject' is clicked on

13-02-2024T22:12:27 - [MESSAGE][PASSED] - Object: 'Object Repository/CURA_OR/Page_CURA Healthcare Service/button_Book Appointment' is clicked on

13-02-2024T22:12:27 - [MESSAGE][WARNING] - Timeout '0' is invalid. Using default page load timeout: '30'

13-02-2024T22:12:27 - [MESSAGE][PASSED] - Object 'Object Repository/CURA_OR/Page_CURA Healthcare Service/h2_Appointment Confirmation' is present

13-02-2024T22:12:27 - [MESSAGE][PASSED] - Actual text and expected text of test object 'Object Repository/CURA_OR/Page_CURA Healthcare Service/p_20022024' are matched.

13-02-2024T22:12:27 - [MESSAGE][PASSED] - com.qa.test.custom_keyword.validateAppointmentDate is PASSED

13-02-2024T22:12:27 - [TEST_STEP][PASSED] - Start listener action : sampleAfterTestCase: Object: 'Object Repository/CURA_OR/Page_CURA Healthcare Service/a_Logout' is clicked on

13-02-2024T22:12:27 - [TEST_STEP][PASSED] - println("After Test Case -- Logging out"): null

13-02-2024T22:12:27 - [TEST_STEP][PASSED] - click(findTestObject("Object Repository/CURA_OR/Page_CURA Healthcare Service/amenu-toggle")): Object: 'Object Repository/CURA_OR/Page_CURA Healthcare Service/amenu-toggle' is clicked on

13-02-2024T22:12:28 - [MESSAGE][PASSED] - Object: 'Object Repository/CURA_OR/Page_CURA Healthcare Service/amenu-toggle' is clicked on

13-02-2024T22:12:28 - [TEST_STEP][PASSED] - click(findTestObject("Object Repository/CURA_OR/Page_CURA Healthcare Service/a_Logout")): Object: 'Object Repository/CURA_OR/Page_CURA Healthcare Service/a_Logout' is clicked on

13-02-2024T22:12:29 - [MESSAGE][PASSED] - Object: 'Object Repository/CURA_OR/Page_CURA Healthcare Service/a_Logout' is clicked on]]></system-out>
         <system-err><![CDATA[]]></system-err>
      </testcase>
      <testcase name="Test Cases/TC_CURA_MakeAppointment_005" time="16.199" classname="Test Cases/TC_CURA_MakeAppointment_005" status="PASSED">
         <system-out><![CDATA[13-02-2024T22:12:29 - [TEST_CASE][PASSED] - Test Cases/TC_CURA_MakeAppointment_005: Test Cases/TC_CURA_MakeAppointment_005

13-02-2024T22:12:29 - [TEST_STEP][PASSED] - Start listener action : sampleBeforeTestCase: Object: 'Object Repository/CURA_OR/Page_CURA Healthcare Service/button_Login' is clicked on

13-02-2024T22:12:29 - [TEST_STEP][PASSED] - println("Before Test Case -- Logging in"): null

13-02-2024T22:12:29 - [TEST_STEP][PASSED] - click(findTestObject("Object Repository/CURA_OR/Page_CURA Healthcare Service/amenu-toggle")): Object: 'Object Repository/CURA_OR/Page_CURA Healthcare Service/amenu-toggle' is clicked on

13-02-2024T22:12:30 - [MESSAGE][PASSED] - Object: 'Object Repository/CURA_OR/Page_CURA Healthcare Service/amenu-toggle' is clicked on

13-02-2024T22:12:30 - [TEST_STEP][PASSED] - click(findTestObject("Object Repository/CURA_OR/Page_CURA Healthcare Service/a_Login")): Object: 'Object Repository/CURA_OR/Page_CURA Healthcare Service/a_Login' is clicked on

13-02-2024T22:12:31 - [MESSAGE][PASSED] - Object: 'Object Repository/CURA_OR/Page_CURA Healthcare Service/a_Login' is clicked on

13-02-2024T22:12:31 - [TEST_STEP][PASSED] - setText(findTestObject("Object Repository/CURA_OR/Page_CURA Healthcare Service/input_username"), username): Text 'John Doe' is set on object 'Object Repository/CURA_OR/Page_CURA Healthcare Service/input_username'

13-02-2024T22:12:32 - [MESSAGE][PASSED] - Text 'John Doe' is set on object 'Object Repository/CURA_OR/Page_CURA Healthcare Service/input_username'

13-02-2024T22:12:32 - [TEST_STEP][PASSED] - setText(findTestObject("CURA_OR/Page_CURA Healthcare Service/input_password"), password): Text 'ThisIsNotAPassword' is set on object 'Object Repository/CURA_OR/Page_CURA Healthcare Service/input_password'

13-02-2024T22:12:33 - [MESSAGE][PASSED] - Text 'ThisIsNotAPassword' is set on object 'Object Repository/CURA_OR/Page_CURA Healthcare Service/input_password'

13-02-2024T22:12:33 - [TEST_STEP][PASSED] - click(findTestObject("Object Repository/CURA_OR/Page_CURA Healthcare Service/button_Login")): Object: 'Object Repository/CURA_OR/Page_CURA Healthcare Service/button_Login' is clicked on

13-02-2024T22:12:34 - [MESSAGE][PASSED] - Object: 'Object Repository/CURA_OR/Page_CURA Healthcare Service/button_Login' is clicked on

13-02-2024T22:12:34 - [TEST_STEP][PASSED] - click(findTestObject("Object Repository/CURA_OR/Page_CURA Healthcare Service/div_input-group-addon")): Object: 'Object Repository/CURA_OR/Page_CURA Healthcare Service/div_input-group-addon' is clicked on

13-02-2024T22:12:34 - [MESSAGE][PASSED] - Object: 'Object Repository/CURA_OR/Page_CURA Healthcare Service/div_input-group-addon' is clicked on

13-02-2024T22:12:34 - [TEST_STEP][PASSED] - click(findTestObject("Object Repository/CURA_OR/Page_CURA Healthcare Service/th_February 2024")): Object: 'Object Repository/CURA_OR/Page_CURA Healthcare Service/th_February 2024' is clicked on

13-02-2024T22:12:35 - [MESSAGE][PASSED] - Object: 'Object Repository/CURA_OR/Page_CURA Healthcare Service/th_February 2024' is clicked on

13-02-2024T22:12:35 - [TEST_STEP][PASSED] - click(findTestObject("Object Repository/CURA_OR/Page_CURA Healthcare Service/th_2024")): Object: 'Object Repository/CURA_OR/Page_CURA Healthcare Service/th_2024' is clicked on

13-02-2024T22:12:35 - [MESSAGE][PASSED] - Object: 'Object Repository/CURA_OR/Page_CURA Healthcare Service/th_2024' is clicked on

13-02-2024T22:12:35 - [TEST_STEP][PASSED] - com.qa.test.custom_keyword.validateAppointmentDate(date, month, year): com.qa.test.custom_keyword.validateAppointmentDate is PASSED

13-02-2024T22:12:35 - [MESSAGE][WARNING] - Timeout '0' is invalid. Using default page load timeout: '30'

13-02-2024T22:12:36 - [MESSAGE][PASSED] - Object 'Object Repository/CURA_OR/Page_CURA Healthcare Service/yearObject' is present

13-02-2024T22:12:36 - [MESSAGE][PASSED] - Object: 'Object Repository/CURA_OR/Page_CURA Healthcare Service/yearObject' is clicked on

13-02-2024T22:12:36 - [MESSAGE][WARNING] - Timeout '0' is invalid. Using default page load timeout: '30'

13-02-2024T22:12:37 - [MESSAGE][PASSED] - Object 'Object Repository/CURA_OR/Page_CURA Healthcare Service/monthObject' is present

13-02-2024T22:12:37 - [MESSAGE][PASSED] - Object: 'Object Repository/CURA_OR/Page_CURA Healthcare Service/monthObject' is clicked on

13-02-2024T22:12:37 - [MESSAGE][WARNING] - Timeout '0' is invalid. Using default page load timeout: '30'

13-02-2024T22:12:37 - [MESSAGE][PASSED] - Object 'Object Repository/CURA_OR/Page_CURA Healthcare Service/dateObject' is present

13-02-2024T22:12:38 - [MESSAGE][PASSED] - Object: 'Object Repository/CURA_OR/Page_CURA Healthcare Service/dateObject' is clicked on

13-02-2024T22:12:42 - [MESSAGE][PASSED] - Object: 'Object Repository/CURA_OR/Page_CURA Healthcare Service/button_Book Appointment' is clicked on

13-02-2024T22:12:43 - [MESSAGE][WARNING] - Timeout '0' is invalid. Using default page load timeout: '30'

13-02-2024T22:12:43 - [MESSAGE][PASSED] - Object 'Object Repository/CURA_OR/Page_CURA Healthcare Service/h2_Appointment Confirmation' is present

13-02-2024T22:12:43 - [MESSAGE][PASSED] - Actual text and expected text of test object 'Object Repository/CURA_OR/Page_CURA Healthcare Service/p_20022024' are matched.

13-02-2024T22:12:43 - [MESSAGE][PASSED] - com.qa.test.custom_keyword.validateAppointmentDate is PASSED

13-02-2024T22:12:43 - [TEST_STEP][PASSED] - Start listener action : sampleAfterTestCase: Object: 'Object Repository/CURA_OR/Page_CURA Healthcare Service/a_Logout' is clicked on

13-02-2024T22:12:43 - [TEST_STEP][PASSED] - println("After Test Case -- Logging out"): null

13-02-2024T22:12:43 - [TEST_STEP][PASSED] - click(findTestObject("Object Repository/CURA_OR/Page_CURA Healthcare Service/amenu-toggle")): Object: 'Object Repository/CURA_OR/Page_CURA Healthcare Service/amenu-toggle' is clicked on

13-02-2024T22:12:44 - [MESSAGE][PASSED] - Object: 'Object Repository/CURA_OR/Page_CURA Healthcare Service/amenu-toggle' is clicked on

13-02-2024T22:12:44 - [TEST_STEP][PASSED] - click(findTestObject("Object Repository/CURA_OR/Page_CURA Healthcare Service/a_Logout")): Object: 'Object Repository/CURA_OR/Page_CURA Healthcare Service/a_Logout' is clicked on

13-02-2024T22:12:45 - [MESSAGE][PASSED] - Object: 'Object Repository/CURA_OR/Page_CURA Healthcare Service/a_Logout' is clicked on]]></system-out>
         <system-err><![CDATA[]]></system-err>
      </testcase>
      <testcase name="Test Cases/TC_CURA_MakeAppointment_005" time="12.305" classname="Test Cases/TC_CURA_MakeAppointment_005" status="PASSED">
         <system-out><![CDATA[13-02-2024T22:12:45 - [TEST_CASE][PASSED] - Test Cases/TC_CURA_MakeAppointment_005: Test Cases/TC_CURA_MakeAppointment_005

13-02-2024T22:12:45 - [TEST_STEP][PASSED] - Start listener action : sampleBeforeTestCase: Object: 'Object Repository/CURA_OR/Page_CURA Healthcare Service/button_Login' is clicked on

13-02-2024T22:12:45 - [TEST_STEP][PASSED] - println("Before Test Case -- Logging in"): null

13-02-2024T22:12:45 - [TEST_STEP][PASSED] - click(findTestObject("Object Repository/CURA_OR/Page_CURA Healthcare Service/amenu-toggle")): Object: 'Object Repository/CURA_OR/Page_CURA Healthcare Service/amenu-toggle' is clicked on

13-02-2024T22:12:46 - [MESSAGE][PASSED] - Object: 'Object Repository/CURA_OR/Page_CURA Healthcare Service/amenu-toggle' is clicked on

13-02-2024T22:12:46 - [TEST_STEP][PASSED] - click(findTestObject("Object Repository/CURA_OR/Page_CURA Healthcare Service/a_Login")): Object: 'Object Repository/CURA_OR/Page_CURA Healthcare Service/a_Login' is clicked on

13-02-2024T22:12:47 - [MESSAGE][PASSED] - Object: 'Object Repository/CURA_OR/Page_CURA Healthcare Service/a_Login' is clicked on

13-02-2024T22:12:47 - [TEST_STEP][PASSED] - setText(findTestObject("Object Repository/CURA_OR/Page_CURA Healthcare Service/input_username"), username): Text 'John Doe' is set on object 'Object Repository/CURA_OR/Page_CURA Healthcare Service/input_username'

13-02-2024T22:12:48 - [MESSAGE][PASSED] - Text 'John Doe' is set on object 'Object Repository/CURA_OR/Page_CURA Healthcare Service/input_username'

13-02-2024T22:12:48 - [TEST_STEP][PASSED] - setText(findTestObject("CURA_OR/Page_CURA Healthcare Service/input_password"), password): Text 'ThisIsNotAPassword' is set on object 'Object Repository/CURA_OR/Page_CURA Healthcare Service/input_password'

13-02-2024T22:12:49 - [MESSAGE][PASSED] - Text 'ThisIsNotAPassword' is set on object 'Object Repository/CURA_OR/Page_CURA Healthcare Service/input_password'

13-02-2024T22:12:49 - [TEST_STEP][PASSED] - click(findTestObject("Object Repository/CURA_OR/Page_CURA Healthcare Service/button_Login")): Object: 'Object Repository/CURA_OR/Page_CURA Healthcare Service/button_Login' is clicked on

13-02-2024T22:12:50 - [MESSAGE][PASSED] - Object: 'Object Repository/CURA_OR/Page_CURA Healthcare Service/button_Login' is clicked on

13-02-2024T22:12:50 - [TEST_STEP][PASSED] - click(findTestObject("Object Repository/CURA_OR/Page_CURA Healthcare Service/div_input-group-addon")): Object: 'Object Repository/CURA_OR/Page_CURA Healthcare Service/div_input-group-addon' is clicked on

13-02-2024T22:12:51 - [MESSAGE][PASSED] - Object: 'Object Repository/CURA_OR/Page_CURA Healthcare Service/div_input-group-addon' is clicked on

13-02-2024T22:12:51 - [TEST_STEP][PASSED] - click(findTestObject("Object Repository/CURA_OR/Page_CURA Healthcare Service/th_February 2024")): Object: 'Object Repository/CURA_OR/Page_CURA Healthcare Service/th_February 2024' is clicked on

13-02-2024T22:12:51 - [MESSAGE][PASSED] - Object: 'Object Repository/CURA_OR/Page_CURA Healthcare Service/th_February 2024' is clicked on

13-02-2024T22:12:51 - [TEST_STEP][PASSED] - click(findTestObject("Object Repository/CURA_OR/Page_CURA Healthcare Service/th_2024")): Object: 'Object Repository/CURA_OR/Page_CURA Healthcare Service/th_2024' is clicked on

13-02-2024T22:12:52 - [MESSAGE][PASSED] - Object: 'Object Repository/CURA_OR/Page_CURA Healthcare Service/th_2024' is clicked on

13-02-2024T22:12:52 - [TEST_STEP][PASSED] - com.qa.test.custom_keyword.validateAppointmentDate(date, month, year): com.qa.test.custom_keyword.validateAppointmentDate is PASSED

13-02-2024T22:12:52 - [MESSAGE][WARNING] - Timeout '0' is invalid. Using default page load timeout: '30'

13-02-2024T22:12:52 - [MESSAGE][PASSED] - Object 'Object Repository/CURA_OR/Page_CURA Healthcare Service/yearObject' is present

13-02-2024T22:12:53 - [MESSAGE][PASSED] - Object: 'Object Repository/CURA_OR/Page_CURA Healthcare Service/yearObject' is clicked on

13-02-2024T22:12:53 - [MESSAGE][WARNING] - Timeout '0' is invalid. Using default page load timeout: '30'

13-02-2024T22:12:53 - [MESSAGE][PASSED] - Object 'Object Repository/CURA_OR/Page_CURA Healthcare Service/monthObject' is present

13-02-2024T22:12:54 - [MESSAGE][PASSED] - Object: 'Object Repository/CURA_OR/Page_CURA Healthcare Service/monthObject' is clicked on

13-02-2024T22:12:54 - [MESSAGE][WARNING] - Timeout '0' is invalid. Using default page load timeout: '30'

13-02-2024T22:12:54 - [MESSAGE][PASSED] - Object 'Object Repository/CURA_OR/Page_CURA Healthcare Service/dateObject' is present

13-02-2024T22:12:54 - [MESSAGE][PASSED] - Object: 'Object Repository/CURA_OR/Page_CURA Healthcare Service/dateObject' is clicked on

13-02-2024T22:12:55 - [MESSAGE][PASSED] - Object: 'Object Repository/CURA_OR/Page_CURA Healthcare Service/button_Book Appointment' is clicked on

13-02-2024T22:12:55 - [MESSAGE][WARNING] - Timeout '0' is invalid. Using default page load timeout: '30'

13-02-2024T22:12:56 - [MESSAGE][PASSED] - Object 'Object Repository/CURA_OR/Page_CURA Healthcare Service/h2_Appointment Confirmation' is present

13-02-2024T22:12:56 - [MESSAGE][PASSED] - Actual text and expected text of test object 'Object Repository/CURA_OR/Page_CURA Healthcare Service/p_20022024' are matched.

13-02-2024T22:12:56 - [MESSAGE][PASSED] - com.qa.test.custom_keyword.validateAppointmentDate is PASSED

13-02-2024T22:12:56 - [TEST_STEP][PASSED] - Start listener action : sampleAfterTestCase: Object: 'Object Repository/CURA_OR/Page_CURA Healthcare Service/a_Logout' is clicked on

13-02-2024T22:12:56 - [TEST_STEP][PASSED] - println("After Test Case -- Logging out"): null

13-02-2024T22:12:56 - [TEST_STEP][PASSED] - click(findTestObject("Object Repository/CURA_OR/Page_CURA Healthcare Service/amenu-toggle")): Object: 'Object Repository/CURA_OR/Page_CURA Healthcare Service/amenu-toggle' is clicked on

13-02-2024T22:12:57 - [MESSAGE][PASSED] - Object: 'Object Repository/CURA_OR/Page_CURA Healthcare Service/amenu-toggle' is clicked on

13-02-2024T22:12:57 - [TEST_STEP][PASSED] - click(findTestObject("Object Repository/CURA_OR/Page_CURA Healthcare Service/a_Logout")): Object: 'Object Repository/CURA_OR/Page_CURA Healthcare Service/a_Logout' is clicked on

13-02-2024T22:12:58 - [MESSAGE][PASSED] - Object: 'Object Repository/CURA_OR/Page_CURA Healthcare Service/a_Logout' is clicked on]]></system-out>
         <system-err><![CDATA[]]></system-err>
      </testcase>
      <testcase name="Test Cases/TC_CURA_MakeAppointment_005" time="16.842" classname="Test Cases/TC_CURA_MakeAppointment_005" status="PASSED">
         <system-out><![CDATA[13-02-2024T22:12:58 - [TEST_CASE][PASSED] - Test Cases/TC_CURA_MakeAppointment_005: Test Cases/TC_CURA_MakeAppointment_005

13-02-2024T22:12:58 - [TEST_STEP][PASSED] - Start listener action : sampleBeforeTestCase: Object: 'Object Repository/CURA_OR/Page_CURA Healthcare Service/button_Login' is clicked on

13-02-2024T22:12:58 - [TEST_STEP][PASSED] - println("Before Test Case -- Logging in"): null

13-02-2024T22:12:58 - [TEST_STEP][PASSED] - click(findTestObject("Object Repository/CURA_OR/Page_CURA Healthcare Service/amenu-toggle")): Object: 'Object Repository/CURA_OR/Page_CURA Healthcare Service/amenu-toggle' is clicked on

13-02-2024T22:12:58 - [MESSAGE][PASSED] - Object: 'Object Repository/CURA_OR/Page_CURA Healthcare Service/amenu-toggle' is clicked on

13-02-2024T22:12:58 - [TEST_STEP][PASSED] - click(findTestObject("Object Repository/CURA_OR/Page_CURA Healthcare Service/a_Login")): Object: 'Object Repository/CURA_OR/Page_CURA Healthcare Service/a_Login' is clicked on

13-02-2024T22:13:01 - [MESSAGE][PASSED] - Object: 'Object Repository/CURA_OR/Page_CURA Healthcare Service/a_Login' is clicked on

13-02-2024T22:13:01 - [TEST_STEP][PASSED] - setText(findTestObject("Object Repository/CURA_OR/Page_CURA Healthcare Service/input_username"), username): Text 'John Doe' is set on object 'Object Repository/CURA_OR/Page_CURA Healthcare Service/input_username'

13-02-2024T22:13:02 - [MESSAGE][PASSED] - Text 'John Doe' is set on object 'Object Repository/CURA_OR/Page_CURA Healthcare Service/input_username'

13-02-2024T22:13:02 - [TEST_STEP][PASSED] - setText(findTestObject("CURA_OR/Page_CURA Healthcare Service/input_password"), password): Text 'ThisIsNotAPassword' is set on object 'Object Repository/CURA_OR/Page_CURA Healthcare Service/input_password'

13-02-2024T22:13:02 - [MESSAGE][PASSED] - Text 'ThisIsNotAPassword' is set on object 'Object Repository/CURA_OR/Page_CURA Healthcare Service/input_password'

13-02-2024T22:13:02 - [TEST_STEP][PASSED] - click(findTestObject("Object Repository/CURA_OR/Page_CURA Healthcare Service/button_Login")): Object: 'Object Repository/CURA_OR/Page_CURA Healthcare Service/button_Login' is clicked on

13-02-2024T22:13:05 - [MESSAGE][PASSED] - Object: 'Object Repository/CURA_OR/Page_CURA Healthcare Service/button_Login' is clicked on

13-02-2024T22:13:05 - [TEST_STEP][PASSED] - click(findTestObject("Object Repository/CURA_OR/Page_CURA Healthcare Service/div_input-group-addon")): Object: 'Object Repository/CURA_OR/Page_CURA Healthcare Service/div_input-group-addon' is clicked on

13-02-2024T22:13:06 - [MESSAGE][PASSED] - Object: 'Object Repository/CURA_OR/Page_CURA Healthcare Service/div_input-group-addon' is clicked on

13-02-2024T22:13:06 - [TEST_STEP][PASSED] - click(findTestObject("Object Repository/CURA_OR/Page_CURA Healthcare Service/th_February 2024")): Object: 'Object Repository/CURA_OR/Page_CURA Healthcare Service/th_February 2024' is clicked on

13-02-2024T22:13:06 - [MESSAGE][PASSED] - Object: 'Object Repository/CURA_OR/Page_CURA Healthcare Service/th_February 2024' is clicked on

13-02-2024T22:13:06 - [TEST_STEP][PASSED] - click(findTestObject("Object Repository/CURA_OR/Page_CURA Healthcare Service/th_2024")): Object: 'Object Repository/CURA_OR/Page_CURA Healthcare Service/th_2024' is clicked on

13-02-2024T22:13:07 - [MESSAGE][PASSED] - Object: 'Object Repository/CURA_OR/Page_CURA Healthcare Service/th_2024' is clicked on

13-02-2024T22:13:07 - [TEST_STEP][PASSED] - com.qa.test.custom_keyword.validateAppointmentDate(date, month, year): com.qa.test.custom_keyword.validateAppointmentDate is PASSED

13-02-2024T22:13:07 - [MESSAGE][WARNING] - Timeout '0' is invalid. Using default page load timeout: '30'

13-02-2024T22:13:07 - [MESSAGE][PASSED] - Object 'Object Repository/CURA_OR/Page_CURA Healthcare Service/yearObject' is present

13-02-2024T22:13:08 - [MESSAGE][PASSED] - Object: 'Object Repository/CURA_OR/Page_CURA Healthcare Service/yearObject' is clicked on

13-02-2024T22:13:08 - [MESSAGE][WARNING] - Timeout '0' is invalid. Using default page load timeout: '30'

13-02-2024T22:13:08 - [MESSAGE][PASSED] - Object 'Object Repository/CURA_OR/Page_CURA Healthcare Service/monthObject' is present

13-02-2024T22:13:09 - [MESSAGE][PASSED] - Object: 'Object Repository/CURA_OR/Page_CURA Healthcare Service/monthObject' is clicked on

13-02-2024T22:13:09 - [MESSAGE][WARNING] - Timeout '0' is invalid. Using default page load timeout: '30'

13-02-2024T22:13:09 - [MESSAGE][PASSED] - Object 'Object Repository/CURA_OR/Page_CURA Healthcare Service/dateObject' is present

13-02-2024T22:13:10 - [MESSAGE][PASSED] - Object: 'Object Repository/CURA_OR/Page_CURA Healthcare Service/dateObject' is clicked on

13-02-2024T22:13:11 - [MESSAGE][PASSED] - Object: 'Object Repository/CURA_OR/Page_CURA Healthcare Service/button_Book Appointment' is clicked on

13-02-2024T22:13:11 - [MESSAGE][WARNING] - Timeout '0' is invalid. Using default page load timeout: '30'

13-02-2024T22:13:11 - [MESSAGE][PASSED] - Object 'Object Repository/CURA_OR/Page_CURA Healthcare Service/h2_Appointment Confirmation' is present

13-02-2024T22:13:12 - [MESSAGE][PASSED] - Actual text and expected text of test object 'Object Repository/CURA_OR/Page_CURA Healthcare Service/p_20022024' are matched.

13-02-2024T22:13:12 - [MESSAGE][PASSED] - com.qa.test.custom_keyword.validateAppointmentDate is PASSED

13-02-2024T22:13:12 - [TEST_STEP][PASSED] - Start listener action : sampleAfterTestCase: Object: 'Object Repository/CURA_OR/Page_CURA Healthcare Service/a_Logout' is clicked on

13-02-2024T22:13:12 - [TEST_STEP][PASSED] - println("After Test Case -- Logging out"): null

13-02-2024T22:13:12 - [TEST_STEP][PASSED] - click(findTestObject("Object Repository/CURA_OR/Page_CURA Healthcare Service/amenu-toggle")): Object: 'Object Repository/CURA_OR/Page_CURA Healthcare Service/amenu-toggle' is clicked on

13-02-2024T22:13:12 - [MESSAGE][PASSED] - Object: 'Object Repository/CURA_OR/Page_CURA Healthcare Service/amenu-toggle' is clicked on

13-02-2024T22:13:12 - [TEST_STEP][PASSED] - click(findTestObject("Object Repository/CURA_OR/Page_CURA Healthcare Service/a_Logout")): Object: 'Object Repository/CURA_OR/Page_CURA Healthcare Service/a_Logout' is clicked on

13-02-2024T22:13:15 - [MESSAGE][PASSED] - Object: 'Object Repository/CURA_OR/Page_CURA Healthcare Service/a_Logout' is clicked on]]></system-out>
         <system-err><![CDATA[]]></system-err>
      </testcase>
      <testcase name="Test Cases/TC_CURA_MakeAppointment_005" time="14.754" classname="Test Cases/TC_CURA_MakeAppointment_005" status="PASSED">
         <system-out><![CDATA[13-02-2024T22:13:15 - [TEST_CASE][PASSED] - Test Cases/TC_CURA_MakeAppointment_005: Test Cases/TC_CURA_MakeAppointment_005

13-02-2024T22:13:15 - [TEST_STEP][PASSED] - Start listener action : sampleBeforeTestCase: Object: 'Object Repository/CURA_OR/Page_CURA Healthcare Service/button_Login' is clicked on

13-02-2024T22:13:15 - [TEST_STEP][PASSED] - println("Before Test Case -- Logging in"): null

13-02-2024T22:13:15 - [TEST_STEP][PASSED] - click(findTestObject("Object Repository/CURA_OR/Page_CURA Healthcare Service/amenu-toggle")): Object: 'Object Repository/CURA_OR/Page_CURA Healthcare Service/amenu-toggle' is clicked on

13-02-2024T22:13:15 - [MESSAGE][PASSED] - Object: 'Object Repository/CURA_OR/Page_CURA Healthcare Service/amenu-toggle' is clicked on

13-02-2024T22:13:15 - [TEST_STEP][PASSED] - click(findTestObject("Object Repository/CURA_OR/Page_CURA Healthcare Service/a_Login")): Object: 'Object Repository/CURA_OR/Page_CURA Healthcare Service/a_Login' is clicked on

13-02-2024T22:13:17 - [MESSAGE][PASSED] - Object: 'Object Repository/CURA_OR/Page_CURA Healthcare Service/a_Login' is clicked on

13-02-2024T22:13:17 - [TEST_STEP][PASSED] - setText(findTestObject("Object Repository/CURA_OR/Page_CURA Healthcare Service/input_username"), username): Text 'John Doe' is set on object 'Object Repository/CURA_OR/Page_CURA Healthcare Service/input_username'

13-02-2024T22:13:18 - [MESSAGE][PASSED] - Text 'John Doe' is set on object 'Object Repository/CURA_OR/Page_CURA Healthcare Service/input_username'

13-02-2024T22:13:18 - [TEST_STEP][PASSED] - setText(findTestObject("CURA_OR/Page_CURA Healthcare Service/input_password"), password): Text 'ThisIsNotAPassword' is set on object 'Object Repository/CURA_OR/Page_CURA Healthcare Service/input_password'

13-02-2024T22:13:19 - [MESSAGE][PASSED] - Text 'ThisIsNotAPassword' is set on object 'Object Repository/CURA_OR/Page_CURA Healthcare Service/input_password'

13-02-2024T22:13:19 - [TEST_STEP][PASSED] - click(findTestObject("Object Repository/CURA_OR/Page_CURA Healthcare Service/button_Login")): Object: 'Object Repository/CURA_OR/Page_CURA Healthcare Service/button_Login' is clicked on

13-02-2024T22:13:20 - [MESSAGE][PASSED] - Object: 'Object Repository/CURA_OR/Page_CURA Healthcare Service/button_Login' is clicked on

13-02-2024T22:13:20 - [TEST_STEP][PASSED] - click(findTestObject("Object Repository/CURA_OR/Page_CURA Healthcare Service/div_input-group-addon")): Object: 'Object Repository/CURA_OR/Page_CURA Healthcare Service/div_input-group-addon' is clicked on

13-02-2024T22:13:21 - [MESSAGE][PASSED] - Object: 'Object Repository/CURA_OR/Page_CURA Healthcare Service/div_input-group-addon' is clicked on

13-02-2024T22:13:21 - [TEST_STEP][PASSED] - click(findTestObject("Object Repository/CURA_OR/Page_CURA Healthcare Service/th_February 2024")): Object: 'Object Repository/CURA_OR/Page_CURA Healthcare Service/th_February 2024' is clicked on

13-02-2024T22:13:21 - [MESSAGE][PASSED] - Object: 'Object Repository/CURA_OR/Page_CURA Healthcare Service/th_February 2024' is clicked on

13-02-2024T22:13:21 - [TEST_STEP][PASSED] - click(findTestObject("Object Repository/CURA_OR/Page_CURA Healthcare Service/th_2024")): Object: 'Object Repository/CURA_OR/Page_CURA Healthcare Service/th_2024' is clicked on

13-02-2024T22:13:22 - [MESSAGE][PASSED] - Object: 'Object Repository/CURA_OR/Page_CURA Healthcare Service/th_2024' is clicked on

13-02-2024T22:13:22 - [TEST_STEP][PASSED] - com.qa.test.custom_keyword.validateAppointmentDate(date, month, year): com.qa.test.custom_keyword.validateAppointmentDate is PASSED

13-02-2024T22:13:22 - [MESSAGE][WARNING] - Timeout '0' is invalid. Using default page load timeout: '30'

13-02-2024T22:13:22 - [MESSAGE][PASSED] - Object 'Object Repository/CURA_OR/Page_CURA Healthcare Service/yearObject' is present

13-02-2024T22:13:22 - [MESSAGE][PASSED] - Object: 'Object Repository/CURA_OR/Page_CURA Healthcare Service/yearObject' is clicked on

13-02-2024T22:13:23 - [MESSAGE][WARNING] - Timeout '0' is invalid. Using default page load timeout: '30'

13-02-2024T22:13:23 - [MESSAGE][PASSED] - Object 'Object Repository/CURA_OR/Page_CURA Healthcare Service/monthObject' is present

13-02-2024T22:13:23 - [MESSAGE][PASSED] - Object: 'Object Repository/CURA_OR/Page_CURA Healthcare Service/monthObject' is clicked on

13-02-2024T22:13:23 - [MESSAGE][WARNING] - Timeout '0' is invalid. Using default page load timeout: '30'

13-02-2024T22:13:24 - [MESSAGE][PASSED] - Object 'Object Repository/CURA_OR/Page_CURA Healthcare Service/dateObject' is present

13-02-2024T22:13:24 - [MESSAGE][PASSED] - Object: 'Object Repository/CURA_OR/Page_CURA Healthcare Service/dateObject' is clicked on

13-02-2024T22:13:27 - [MESSAGE][PASSED] - Object: 'Object Repository/CURA_OR/Page_CURA Healthcare Service/button_Book Appointment' is clicked on

13-02-2024T22:13:27 - [MESSAGE][WARNING] - Timeout '0' is invalid. Using default page load timeout: '30'

13-02-2024T22:13:27 - [MESSAGE][PASSED] - Object 'Object Repository/CURA_OR/Page_CURA Healthcare Service/h2_Appointment Confirmation' is present

13-02-2024T22:13:28 - [MESSAGE][PASSED] - Actual text and expected text of test object 'Object Repository/CURA_OR/Page_CURA Healthcare Service/p_20022024' are matched.

13-02-2024T22:13:28 - [MESSAGE][PASSED] - com.qa.test.custom_keyword.validateAppointmentDate is PASSED

13-02-2024T22:13:28 - [TEST_STEP][PASSED] - Start listener action : sampleAfterTestCase: Object: 'Object Repository/CURA_OR/Page_CURA Healthcare Service/a_Logout' is clicked on

13-02-2024T22:13:28 - [TEST_STEP][PASSED] - println("After Test Case -- Logging out"): null

13-02-2024T22:13:28 - [TEST_STEP][PASSED] - click(findTestObject("Object Repository/CURA_OR/Page_CURA Healthcare Service/amenu-toggle")): Object: 'Object Repository/CURA_OR/Page_CURA Healthcare Service/amenu-toggle' is clicked on

13-02-2024T22:13:28 - [MESSAGE][PASSED] - Object: 'Object Repository/CURA_OR/Page_CURA Healthcare Service/amenu-toggle' is clicked on

13-02-2024T22:13:28 - [TEST_STEP][PASSED] - click(findTestObject("Object Repository/CURA_OR/Page_CURA Healthcare Service/a_Logout")): Object: 'Object Repository/CURA_OR/Page_CURA Healthcare Service/a_Logout' is clicked on

13-02-2024T22:13:29 - [MESSAGE][PASSED] - Object: 'Object Repository/CURA_OR/Page_CURA Healthcare Service/a_Logout' is clicked on]]></system-out>
         <system-err><![CDATA[]]></system-err>
      </testcase>
      <testcase name="Test Cases/TC_CURA_MakeAppointment_005" time="17.076" classname="Test Cases/TC_CURA_MakeAppointment_005" status="PASSED">
         <system-out><![CDATA[13-02-2024T22:13:30 - [TEST_CASE][PASSED] - Test Cases/TC_CURA_MakeAppointment_005: Test Cases/TC_CURA_MakeAppointment_005

13-02-2024T22:13:30 - [TEST_STEP][PASSED] - Start listener action : sampleBeforeTestCase: Object: 'Object Repository/CURA_OR/Page_CURA Healthcare Service/button_Login' is clicked on

13-02-2024T22:13:30 - [TEST_STEP][PASSED] - println("Before Test Case -- Logging in"): null

13-02-2024T22:13:30 - [TEST_STEP][PASSED] - click(findTestObject("Object Repository/CURA_OR/Page_CURA Healthcare Service/amenu-toggle")): Object: 'Object Repository/CURA_OR/Page_CURA Healthcare Service/amenu-toggle' is clicked on

13-02-2024T22:13:30 - [MESSAGE][PASSED] - Object: 'Object Repository/CURA_OR/Page_CURA Healthcare Service/amenu-toggle' is clicked on

13-02-2024T22:13:30 - [TEST_STEP][PASSED] - click(findTestObject("Object Repository/CURA_OR/Page_CURA Healthcare Service/a_Login")): Object: 'Object Repository/CURA_OR/Page_CURA Healthcare Service/a_Login' is clicked on

13-02-2024T22:13:33 - [MESSAGE][PASSED] - Object: 'Object Repository/CURA_OR/Page_CURA Healthcare Service/a_Login' is clicked on

13-02-2024T22:13:33 - [TEST_STEP][PASSED] - setText(findTestObject("Object Repository/CURA_OR/Page_CURA Healthcare Service/input_username"), username): Text 'John Doe' is set on object 'Object Repository/CURA_OR/Page_CURA Healthcare Service/input_username'

13-02-2024T22:13:34 - [MESSAGE][PASSED] - Text 'John Doe' is set on object 'Object Repository/CURA_OR/Page_CURA Healthcare Service/input_username'

13-02-2024T22:13:34 - [TEST_STEP][PASSED] - setText(findTestObject("CURA_OR/Page_CURA Healthcare Service/input_password"), password): Text 'ThisIsNotAPassword' is set on object 'Object Repository/CURA_OR/Page_CURA Healthcare Service/input_password'

13-02-2024T22:13:35 - [MESSAGE][PASSED] - Text 'ThisIsNotAPassword' is set on object 'Object Repository/CURA_OR/Page_CURA Healthcare Service/input_password'

13-02-2024T22:13:35 - [TEST_STEP][PASSED] - click(findTestObject("Object Repository/CURA_OR/Page_CURA Healthcare Service/button_Login")): Object: 'Object Repository/CURA_OR/Page_CURA Healthcare Service/button_Login' is clicked on

13-02-2024T22:13:38 - [MESSAGE][PASSED] - Object: 'Object Repository/CURA_OR/Page_CURA Healthcare Service/button_Login' is clicked on

13-02-2024T22:13:38 - [TEST_STEP][PASSED] - click(findTestObject("Object Repository/CURA_OR/Page_CURA Healthcare Service/div_input-group-addon")): Object: 'Object Repository/CURA_OR/Page_CURA Healthcare Service/div_input-group-addon' is clicked on

13-02-2024T22:13:38 - [MESSAGE][PASSED] - Object: 'Object Repository/CURA_OR/Page_CURA Healthcare Service/div_input-group-addon' is clicked on

13-02-2024T22:13:38 - [TEST_STEP][PASSED] - click(findTestObject("Object Repository/CURA_OR/Page_CURA Healthcare Service/th_February 2024")): Object: 'Object Repository/CURA_OR/Page_CURA Healthcare Service/th_February 2024' is clicked on

13-02-2024T22:13:39 - [MESSAGE][PASSED] - Object: 'Object Repository/CURA_OR/Page_CURA Healthcare Service/th_February 2024' is clicked on

13-02-2024T22:13:39 - [TEST_STEP][PASSED] - click(findTestObject("Object Repository/CURA_OR/Page_CURA Healthcare Service/th_2024")): Object: 'Object Repository/CURA_OR/Page_CURA Healthcare Service/th_2024' is clicked on

13-02-2024T22:13:39 - [MESSAGE][PASSED] - Object: 'Object Repository/CURA_OR/Page_CURA Healthcare Service/th_2024' is clicked on

13-02-2024T22:13:39 - [TEST_STEP][PASSED] - com.qa.test.custom_keyword.validateAppointmentDate(date, month, year): com.qa.test.custom_keyword.validateAppointmentDate is PASSED

13-02-2024T22:13:39 - [MESSAGE][WARNING] - Timeout '0' is invalid. Using default page load timeout: '30'

13-02-2024T22:13:40 - [MESSAGE][PASSED] - Object 'Object Repository/CURA_OR/Page_CURA Healthcare Service/yearObject' is present

13-02-2024T22:13:40 - [MESSAGE][PASSED] - Object: 'Object Repository/CURA_OR/Page_CURA Healthcare Service/yearObject' is clicked on

13-02-2024T22:13:40 - [MESSAGE][WARNING] - Timeout '0' is invalid. Using default page load timeout: '30'

13-02-2024T22:13:41 - [MESSAGE][PASSED] - Object 'Object Repository/CURA_OR/Page_CURA Healthcare Service/monthObject' is present

13-02-2024T22:13:41 - [MESSAGE][PASSED] - Object: 'Object Repository/CURA_OR/Page_CURA Healthcare Service/monthObject' is clicked on

13-02-2024T22:13:41 - [MESSAGE][WARNING] - Timeout '0' is invalid. Using default page load timeout: '30'

13-02-2024T22:13:42 - [MESSAGE][PASSED] - Object 'Object Repository/CURA_OR/Page_CURA Healthcare Service/dateObject' is present

13-02-2024T22:13:42 - [MESSAGE][PASSED] - Object: 'Object Repository/CURA_OR/Page_CURA Healthcare Service/dateObject' is clicked on

13-02-2024T22:13:44 - [MESSAGE][PASSED] - Object: 'Object Repository/CURA_OR/Page_CURA Healthcare Service/button_Book Appointment' is clicked on

13-02-2024T22:13:44 - [MESSAGE][WARNING] - Timeout '0' is invalid. Using default page load timeout: '30'

13-02-2024T22:13:44 - [MESSAGE][PASSED] - Object 'Object Repository/CURA_OR/Page_CURA Healthcare Service/h2_Appointment Confirmation' is present

13-02-2024T22:13:45 - [MESSAGE][PASSED] - Actual text and expected text of test object 'Object Repository/CURA_OR/Page_CURA Healthcare Service/p_20022024' are matched.

13-02-2024T22:13:45 - [MESSAGE][PASSED] - com.qa.test.custom_keyword.validateAppointmentDate is PASSED

13-02-2024T22:13:45 - [TEST_STEP][PASSED] - Start listener action : sampleAfterTestCase: Object: 'Object Repository/CURA_OR/Page_CURA Healthcare Service/a_Logout' is clicked on

13-02-2024T22:13:45 - [TEST_STEP][PASSED] - println("After Test Case -- Logging out"): null

13-02-2024T22:13:45 - [TEST_STEP][PASSED] - click(findTestObject("Object Repository/CURA_OR/Page_CURA Healthcare Service/amenu-toggle")): Object: 'Object Repository/CURA_OR/Page_CURA Healthcare Service/amenu-toggle' is clicked on

13-02-2024T22:13:45 - [MESSAGE][PASSED] - Object: 'Object Repository/CURA_OR/Page_CURA Healthcare Service/amenu-toggle' is clicked on

13-02-2024T22:13:45 - [TEST_STEP][PASSED] - click(findTestObject("Object Repository/CURA_OR/Page_CURA Healthcare Service/a_Logout")): Object: 'Object Repository/CURA_OR/Page_CURA Healthcare Service/a_Logout' is clicked on

13-02-2024T22:13:47 - [MESSAGE][PASSED] - Object: 'Object Repository/CURA_OR/Page_CURA Healthcare Service/a_Logout' is clicked on]]></system-out>
         <system-err><![CDATA[]]></system-err>
      </testcase>
      <testcase name="Test Cases/TC_CURA_MakeAppointment_005" time="14.203" classname="Test Cases/TC_CURA_MakeAppointment_005" status="PASSED">
         <system-out><![CDATA[13-02-2024T22:13:47 - [TEST_CASE][PASSED] - Test Cases/TC_CURA_MakeAppointment_005: Test Cases/TC_CURA_MakeAppointment_005

13-02-2024T22:13:47 - [TEST_STEP][PASSED] - Start listener action : sampleBeforeTestCase: Object: 'Object Repository/CURA_OR/Page_CURA Healthcare Service/button_Login' is clicked on

13-02-2024T22:13:47 - [TEST_STEP][PASSED] - println("Before Test Case -- Logging in"): null

13-02-2024T22:13:47 - [TEST_STEP][PASSED] - click(findTestObject("Object Repository/CURA_OR/Page_CURA Healthcare Service/amenu-toggle")): Object: 'Object Repository/CURA_OR/Page_CURA Healthcare Service/amenu-toggle' is clicked on

13-02-2024T22:13:47 - [MESSAGE][PASSED] - Object: 'Object Repository/CURA_OR/Page_CURA Healthcare Service/amenu-toggle' is clicked on

13-02-2024T22:13:47 - [TEST_STEP][PASSED] - click(findTestObject("Object Repository/CURA_OR/Page_CURA Healthcare Service/a_Login")): Object: 'Object Repository/CURA_OR/Page_CURA Healthcare Service/a_Login' is clicked on

13-02-2024T22:13:50 - [MESSAGE][PASSED] - Object: 'Object Repository/CURA_OR/Page_CURA Healthcare Service/a_Login' is clicked on

13-02-2024T22:13:50 - [TEST_STEP][PASSED] - setText(findTestObject("Object Repository/CURA_OR/Page_CURA Healthcare Service/input_username"), username): Text 'John Doe' is set on object 'Object Repository/CURA_OR/Page_CURA Healthcare Service/input_username'

13-02-2024T22:13:51 - [MESSAGE][PASSED] - Text 'John Doe' is set on object 'Object Repository/CURA_OR/Page_CURA Healthcare Service/input_username'

13-02-2024T22:13:51 - [TEST_STEP][PASSED] - setText(findTestObject("CURA_OR/Page_CURA Healthcare Service/input_password"), password): Text 'ThisIsNotAPassword' is set on object 'Object Repository/CURA_OR/Page_CURA Healthcare Service/input_password'

13-02-2024T22:13:51 - [MESSAGE][PASSED] - Text 'ThisIsNotAPassword' is set on object 'Object Repository/CURA_OR/Page_CURA Healthcare Service/input_password'

13-02-2024T22:13:51 - [TEST_STEP][PASSED] - click(findTestObject("Object Repository/CURA_OR/Page_CURA Healthcare Service/button_Login")): Object: 'Object Repository/CURA_OR/Page_CURA Healthcare Service/button_Login' is clicked on

13-02-2024T22:13:53 - [MESSAGE][PASSED] - Object: 'Object Repository/CURA_OR/Page_CURA Healthcare Service/button_Login' is clicked on

13-02-2024T22:13:53 - [TEST_STEP][PASSED] - click(findTestObject("Object Repository/CURA_OR/Page_CURA Healthcare Service/div_input-group-addon")): Object: 'Object Repository/CURA_OR/Page_CURA Healthcare Service/div_input-group-addon' is clicked on

13-02-2024T22:13:54 - [MESSAGE][PASSED] - Object: 'Object Repository/CURA_OR/Page_CURA Healthcare Service/div_input-group-addon' is clicked on

13-02-2024T22:13:54 - [TEST_STEP][PASSED] - click(findTestObject("Object Repository/CURA_OR/Page_CURA Healthcare Service/th_February 2024")): Object: 'Object Repository/CURA_OR/Page_CURA Healthcare Service/th_February 2024' is clicked on

13-02-2024T22:13:54 - [MESSAGE][PASSED] - Object: 'Object Repository/CURA_OR/Page_CURA Healthcare Service/th_February 2024' is clicked on

13-02-2024T22:13:54 - [TEST_STEP][PASSED] - click(findTestObject("Object Repository/CURA_OR/Page_CURA Healthcare Service/th_2024")): Object: 'Object Repository/CURA_OR/Page_CURA Healthcare Service/th_2024' is clicked on

13-02-2024T22:13:55 - [MESSAGE][PASSED] - Object: 'Object Repository/CURA_OR/Page_CURA Healthcare Service/th_2024' is clicked on

13-02-2024T22:13:55 - [TEST_STEP][PASSED] - com.qa.test.custom_keyword.validateAppointmentDate(date, month, year): com.qa.test.custom_keyword.validateAppointmentDate is PASSED

13-02-2024T22:13:55 - [MESSAGE][WARNING] - Timeout '0' is invalid. Using default page load timeout: '30'

13-02-2024T22:13:55 - [MESSAGE][PASSED] - Object 'Object Repository/CURA_OR/Page_CURA Healthcare Service/yearObject' is present

13-02-2024T22:13:55 - [MESSAGE][PASSED] - Object: 'Object Repository/CURA_OR/Page_CURA Healthcare Service/yearObject' is clicked on

13-02-2024T22:13:55 - [MESSAGE][WARNING] - Timeout '0' is invalid. Using default page load timeout: '30'

13-02-2024T22:13:56 - [MESSAGE][PASSED] - Object 'Object Repository/CURA_OR/Page_CURA Healthcare Service/monthObject' is present

13-02-2024T22:13:56 - [MESSAGE][PASSED] - Object: 'Object Repository/CURA_OR/Page_CURA Healthcare Service/monthObject' is clicked on

13-02-2024T22:13:56 - [MESSAGE][WARNING] - Timeout '0' is invalid. Using default page load timeout: '30'

13-02-2024T22:13:57 - [MESSAGE][PASSED] - Object 'Object Repository/CURA_OR/Page_CURA Healthcare Service/dateObject' is present

13-02-2024T22:13:57 - [MESSAGE][PASSED] - Object: 'Object Repository/CURA_OR/Page_CURA Healthcare Service/dateObject' is clicked on

13-02-2024T22:13:58 - [MESSAGE][PASSED] - Object: 'Object Repository/CURA_OR/Page_CURA Healthcare Service/button_Book Appointment' is clicked on

13-02-2024T22:13:58 - [MESSAGE][WARNING] - Timeout '0' is invalid. Using default page load timeout: '30'

13-02-2024T22:13:59 - [MESSAGE][PASSED] - Object 'Object Repository/CURA_OR/Page_CURA Healthcare Service/h2_Appointment Confirmation' is present

13-02-2024T22:13:59 - [MESSAGE][PASSED] - Actual text and expected text of test object 'Object Repository/CURA_OR/Page_CURA Healthcare Service/p_20022024' are matched.

13-02-2024T22:13:59 - [MESSAGE][PASSED] - com.qa.test.custom_keyword.validateAppointmentDate is PASSED

13-02-2024T22:13:59 - [TEST_STEP][PASSED] - Start listener action : sampleAfterTestCase: Object: 'Object Repository/CURA_OR/Page_CURA Healthcare Service/a_Logout' is clicked on

13-02-2024T22:13:59 - [TEST_STEP][PASSED] - println("After Test Case -- Logging out"): null

13-02-2024T22:13:59 - [TEST_STEP][PASSED] - click(findTestObject("Object Repository/CURA_OR/Page_CURA Healthcare Service/amenu-toggle")): Object: 'Object Repository/CURA_OR/Page_CURA Healthcare Service/amenu-toggle' is clicked on

13-02-2024T22:14:00 - [MESSAGE][PASSED] - Object: 'Object Repository/CURA_OR/Page_CURA Healthcare Service/amenu-toggle' is clicked on

13-02-2024T22:14:00 - [TEST_STEP][PASSED] - click(findTestObject("Object Repository/CURA_OR/Page_CURA Healthcare Service/a_Logout")): Object: 'Object Repository/CURA_OR/Page_CURA Healthcare Service/a_Logout' is clicked on

13-02-2024T22:14:01 - [MESSAGE][PASSED] - Object: 'Object Repository/CURA_OR/Page_CURA Healthcare Service/a_Logout' is clicked on]]></system-out>
         <system-err><![CDATA[]]></system-err>
      </testcase>
      <testcase name="Test Cases/TC_CURA_MakeAppointment_005" time="12.387" classname="Test Cases/TC_CURA_MakeAppointment_005" status="PASSED">
         <system-out><![CDATA[13-02-2024T22:14:01 - [TEST_CASE][PASSED] - Test Cases/TC_CURA_MakeAppointment_005: Test Cases/TC_CURA_MakeAppointment_005

13-02-2024T22:14:01 - [TEST_STEP][PASSED] - Start listener action : sampleBeforeTestCase: Object: 'Object Repository/CURA_OR/Page_CURA Healthcare Service/button_Login' is clicked on

13-02-2024T22:14:01 - [TEST_STEP][PASSED] - println("Before Test Case -- Logging in"): null

13-02-2024T22:14:01 - [TEST_STEP][PASSED] - click(findTestObject("Object Repository/CURA_OR/Page_CURA Healthcare Service/amenu-toggle")): Object: 'Object Repository/CURA_OR/Page_CURA Healthcare Service/amenu-toggle' is clicked on

13-02-2024T22:14:01 - [MESSAGE][PASSED] - Object: 'Object Repository/CURA_OR/Page_CURA Healthcare Service/amenu-toggle' is clicked on

13-02-2024T22:14:01 - [TEST_STEP][PASSED] - click(findTestObject("Object Repository/CURA_OR/Page_CURA Healthcare Service/a_Login")): Object: 'Object Repository/CURA_OR/Page_CURA Healthcare Service/a_Login' is clicked on

13-02-2024T22:14:03 - [MESSAGE][PASSED] - Object: 'Object Repository/CURA_OR/Page_CURA Healthcare Service/a_Login' is clicked on

13-02-2024T22:14:03 - [TEST_STEP][PASSED] - setText(findTestObject("Object Repository/CURA_OR/Page_CURA Healthcare Service/input_username"), username): Text 'John Doe' is set on object 'Object Repository/CURA_OR/Page_CURA Healthcare Service/input_username'

13-02-2024T22:14:04 - [MESSAGE][PASSED] - Text 'John Doe' is set on object 'Object Repository/CURA_OR/Page_CURA Healthcare Service/input_username'

13-02-2024T22:14:04 - [TEST_STEP][PASSED] - setText(findTestObject("CURA_OR/Page_CURA Healthcare Service/input_password"), password): Text 'ThisIsNotAPassword' is set on object 'Object Repository/CURA_OR/Page_CURA Healthcare Service/input_password'

13-02-2024T22:14:04 - [MESSAGE][PASSED] - Text 'ThisIsNotAPassword' is set on object 'Object Repository/CURA_OR/Page_CURA Healthcare Service/input_password'

13-02-2024T22:14:04 - [TEST_STEP][PASSED] - click(findTestObject("Object Repository/CURA_OR/Page_CURA Healthcare Service/button_Login")): Object: 'Object Repository/CURA_OR/Page_CURA Healthcare Service/button_Login' is clicked on

13-02-2024T22:14:06 - [MESSAGE][PASSED] - Object: 'Object Repository/CURA_OR/Page_CURA Healthcare Service/button_Login' is clicked on

13-02-2024T22:14:06 - [TEST_STEP][PASSED] - click(findTestObject("Object Repository/CURA_OR/Page_CURA Healthcare Service/div_input-group-addon")): Object: 'Object Repository/CURA_OR/Page_CURA Healthcare Service/div_input-group-addon' is clicked on

13-02-2024T22:14:06 - [MESSAGE][PASSED] - Object: 'Object Repository/CURA_OR/Page_CURA Healthcare Service/div_input-group-addon' is clicked on

13-02-2024T22:14:06 - [TEST_STEP][PASSED] - click(findTestObject("Object Repository/CURA_OR/Page_CURA Healthcare Service/th_February 2024")): Object: 'Object Repository/CURA_OR/Page_CURA Healthcare Service/th_February 2024' is clicked on

13-02-2024T22:14:07 - [MESSAGE][PASSED] - Object: 'Object Repository/CURA_OR/Page_CURA Healthcare Service/th_February 2024' is clicked on

13-02-2024T22:14:07 - [TEST_STEP][PASSED] - click(findTestObject("Object Repository/CURA_OR/Page_CURA Healthcare Service/th_2024")): Object: 'Object Repository/CURA_OR/Page_CURA Healthcare Service/th_2024' is clicked on

13-02-2024T22:14:07 - [MESSAGE][PASSED] - Object: 'Object Repository/CURA_OR/Page_CURA Healthcare Service/th_2024' is clicked on

13-02-2024T22:14:07 - [TEST_STEP][PASSED] - com.qa.test.custom_keyword.validateAppointmentDate(date, month, year): com.qa.test.custom_keyword.validateAppointmentDate is PASSED

13-02-2024T22:14:07 - [MESSAGE][WARNING] - Timeout '0' is invalid. Using default page load timeout: '30'

13-02-2024T22:14:08 - [MESSAGE][PASSED] - Object 'Object Repository/CURA_OR/Page_CURA Healthcare Service/yearObject' is present

13-02-2024T22:14:08 - [MESSAGE][PASSED] - Object: 'Object Repository/CURA_OR/Page_CURA Healthcare Service/yearObject' is clicked on

13-02-2024T22:14:08 - [MESSAGE][WARNING] - Timeout '0' is invalid. Using default page load timeout: '30'

13-02-2024T22:14:08 - [MESSAGE][PASSED] - Object 'Object Repository/CURA_OR/Page_CURA Healthcare Service/monthObject' is present

13-02-2024T22:14:09 - [MESSAGE][PASSED] - Object: 'Object Repository/CURA_OR/Page_CURA Healthcare Service/monthObject' is clicked on

13-02-2024T22:14:09 - [MESSAGE][WARNING] - Timeout '0' is invalid. Using default page load timeout: '30'

13-02-2024T22:14:09 - [MESSAGE][PASSED] - Object 'Object Repository/CURA_OR/Page_CURA Healthcare Service/dateObject' is present

13-02-2024T22:14:10 - [MESSAGE][PASSED] - Object: 'Object Repository/CURA_OR/Page_CURA Healthcare Service/dateObject' is clicked on

13-02-2024T22:14:11 - [MESSAGE][PASSED] - Object: 'Object Repository/CURA_OR/Page_CURA Healthcare Service/button_Book Appointment' is clicked on

13-02-2024T22:14:11 - [MESSAGE][WARNING] - Timeout '0' is invalid. Using default page load timeout: '30'

13-02-2024T22:14:11 - [MESSAGE][PASSED] - Object 'Object Repository/CURA_OR/Page_CURA Healthcare Service/h2_Appointment Confirmation' is present

13-02-2024T22:14:12 - [MESSAGE][PASSED] - Actual text and expected text of test object 'Object Repository/CURA_OR/Page_CURA Healthcare Service/p_20022024' are matched.

13-02-2024T22:14:12 - [MESSAGE][PASSED] - com.qa.test.custom_keyword.validateAppointmentDate is PASSED

13-02-2024T22:14:12 - [TEST_STEP][PASSED] - Start listener action : sampleAfterTestCase: Object: 'Object Repository/CURA_OR/Page_CURA Healthcare Service/a_Logout' is clicked on

13-02-2024T22:14:12 - [TEST_STEP][PASSED] - println("After Test Case -- Logging out"): null

13-02-2024T22:14:12 - [TEST_STEP][PASSED] - click(findTestObject("Object Repository/CURA_OR/Page_CURA Healthcare Service/amenu-toggle")): Object: 'Object Repository/CURA_OR/Page_CURA Healthcare Service/amenu-toggle' is clicked on

13-02-2024T22:14:12 - [MESSAGE][PASSED] - Object: 'Object Repository/CURA_OR/Page_CURA Healthcare Service/amenu-toggle' is clicked on

13-02-2024T22:14:12 - [TEST_STEP][PASSED] - click(findTestObject("Object Repository/CURA_OR/Page_CURA Healthcare Service/a_Logout")): Object: 'Object Repository/CURA_OR/Page_CURA Healthcare Service/a_Logout' is clicked on

13-02-2024T22:14:13 - [MESSAGE][PASSED] - Object: 'Object Repository/CURA_OR/Page_CURA Healthcare Service/a_Logout' is clicked on]]></system-out>
         <system-err><![CDATA[]]></system-err>
      </testcase>
      <testcase name="Test Cases/TC_CURA_MakeAppointment_005" time="12.486" classname="Test Cases/TC_CURA_MakeAppointment_005" status="PASSED">
         <system-out><![CDATA[13-02-2024T22:14:13 - [TEST_CASE][PASSED] - Test Cases/TC_CURA_MakeAppointment_005: Test Cases/TC_CURA_MakeAppointment_005

13-02-2024T22:14:13 - [TEST_STEP][PASSED] - Start listener action : sampleBeforeTestCase: Object: 'Object Repository/CURA_OR/Page_CURA Healthcare Service/button_Login' is clicked on

13-02-2024T22:14:13 - [TEST_STEP][PASSED] - println("Before Test Case -- Logging in"): null

13-02-2024T22:14:13 - [TEST_STEP][PASSED] - click(findTestObject("Object Repository/CURA_OR/Page_CURA Healthcare Service/amenu-toggle")): Object: 'Object Repository/CURA_OR/Page_CURA Healthcare Service/amenu-toggle' is clicked on

13-02-2024T22:14:14 - [MESSAGE][PASSED] - Object: 'Object Repository/CURA_OR/Page_CURA Healthcare Service/amenu-toggle' is clicked on

13-02-2024T22:14:14 - [TEST_STEP][PASSED] - click(findTestObject("Object Repository/CURA_OR/Page_CURA Healthcare Service/a_Login")): Object: 'Object Repository/CURA_OR/Page_CURA Healthcare Service/a_Login' is clicked on

13-02-2024T22:14:15 - [MESSAGE][PASSED] - Object: 'Object Repository/CURA_OR/Page_CURA Healthcare Service/a_Login' is clicked on

13-02-2024T22:14:15 - [TEST_STEP][PASSED] - setText(findTestObject("Object Repository/CURA_OR/Page_CURA Healthcare Service/input_username"), username): Text 'John Doe' is set on object 'Object Repository/CURA_OR/Page_CURA Healthcare Service/input_username'

13-02-2024T22:14:16 - [MESSAGE][PASSED] - Text 'John Doe' is set on object 'Object Repository/CURA_OR/Page_CURA Healthcare Service/input_username'

13-02-2024T22:14:16 - [TEST_STEP][PASSED] - setText(findTestObject("CURA_OR/Page_CURA Healthcare Service/input_password"), password): Text 'ThisIsNotAPassword' is set on object 'Object Repository/CURA_OR/Page_CURA Healthcare Service/input_password'

13-02-2024T22:14:17 - [MESSAGE][PASSED] - Text 'ThisIsNotAPassword' is set on object 'Object Repository/CURA_OR/Page_CURA Healthcare Service/input_password'

13-02-2024T22:14:17 - [TEST_STEP][PASSED] - click(findTestObject("Object Repository/CURA_OR/Page_CURA Healthcare Service/button_Login")): Object: 'Object Repository/CURA_OR/Page_CURA Healthcare Service/button_Login' is clicked on

13-02-2024T22:14:18 - [MESSAGE][PASSED] - Object: 'Object Repository/CURA_OR/Page_CURA Healthcare Service/button_Login' is clicked on

13-02-2024T22:14:18 - [TEST_STEP][PASSED] - click(findTestObject("Object Repository/CURA_OR/Page_CURA Healthcare Service/div_input-group-addon")): Object: 'Object Repository/CURA_OR/Page_CURA Healthcare Service/div_input-group-addon' is clicked on

13-02-2024T22:14:19 - [MESSAGE][PASSED] - Object: 'Object Repository/CURA_OR/Page_CURA Healthcare Service/div_input-group-addon' is clicked on

13-02-2024T22:14:19 - [TEST_STEP][PASSED] - click(findTestObject("Object Repository/CURA_OR/Page_CURA Healthcare Service/th_February 2024")): Object: 'Object Repository/CURA_OR/Page_CURA Healthcare Service/th_February 2024' is clicked on

13-02-2024T22:14:19 - [MESSAGE][PASSED] - Object: 'Object Repository/CURA_OR/Page_CURA Healthcare Service/th_February 2024' is clicked on

13-02-2024T22:14:19 - [TEST_STEP][PASSED] - click(findTestObject("Object Repository/CURA_OR/Page_CURA Healthcare Service/th_2024")): Object: 'Object Repository/CURA_OR/Page_CURA Healthcare Service/th_2024' is clicked on

13-02-2024T22:14:20 - [MESSAGE][PASSED] - Object: 'Object Repository/CURA_OR/Page_CURA Healthcare Service/th_2024' is clicked on

13-02-2024T22:14:20 - [TEST_STEP][PASSED] - com.qa.test.custom_keyword.validateAppointmentDate(date, month, year): com.qa.test.custom_keyword.validateAppointmentDate is PASSED

13-02-2024T22:14:20 - [MESSAGE][WARNING] - Timeout '0' is invalid. Using default page load timeout: '30'

13-02-2024T22:14:20 - [MESSAGE][PASSED] - Object 'Object Repository/CURA_OR/Page_CURA Healthcare Service/yearObject' is present

13-02-2024T22:14:20 - [MESSAGE][PASSED] - Object: 'Object Repository/CURA_OR/Page_CURA Healthcare Service/yearObject' is clicked on

13-02-2024T22:14:20 - [MESSAGE][WARNING] - Timeout '0' is invalid. Using default page load timeout: '30'

13-02-2024T22:14:21 - [MESSAGE][PASSED] - Object 'Object Repository/CURA_OR/Page_CURA Healthcare Service/monthObject' is present

13-02-2024T22:14:21 - [MESSAGE][PASSED] - Object: 'Object Repository/CURA_OR/Page_CURA Healthcare Service/monthObject' is clicked on

13-02-2024T22:14:21 - [MESSAGE][WARNING] - Timeout '0' is invalid. Using default page load timeout: '30'

13-02-2024T22:14:22 - [MESSAGE][PASSED] - Object 'Object Repository/CURA_OR/Page_CURA Healthcare Service/dateObject' is present

13-02-2024T22:14:22 - [MESSAGE][PASSED] - Object: 'Object Repository/CURA_OR/Page_CURA Healthcare Service/dateObject' is clicked on

13-02-2024T22:14:23 - [MESSAGE][PASSED] - Object: 'Object Repository/CURA_OR/Page_CURA Healthcare Service/button_Book Appointment' is clicked on

13-02-2024T22:14:23 - [MESSAGE][WARNING] - Timeout '0' is invalid. Using default page load timeout: '30'

13-02-2024T22:14:24 - [MESSAGE][PASSED] - Object 'Object Repository/CURA_OR/Page_CURA Healthcare Service/h2_Appointment Confirmation' is present

13-02-2024T22:14:24 - [MESSAGE][PASSED] - Actual text and expected text of test object 'Object Repository/CURA_OR/Page_CURA Healthcare Service/p_20022024' are matched.

13-02-2024T22:14:24 - [MESSAGE][PASSED] - com.qa.test.custom_keyword.validateAppointmentDate is PASSED

13-02-2024T22:14:24 - [TEST_STEP][PASSED] - Start listener action : sampleAfterTestCase: Object: 'Object Repository/CURA_OR/Page_CURA Healthcare Service/a_Logout' is clicked on

13-02-2024T22:14:24 - [TEST_STEP][PASSED] - println("After Test Case -- Logging out"): null

13-02-2024T22:14:24 - [TEST_STEP][PASSED] - click(findTestObject("Object Repository/CURA_OR/Page_CURA Healthcare Service/amenu-toggle")): Object: 'Object Repository/CURA_OR/Page_CURA Healthcare Service/amenu-toggle' is clicked on

13-02-2024T22:14:25 - [MESSAGE][PASSED] - Object: 'Object Repository/CURA_OR/Page_CURA Healthcare Service/amenu-toggle' is clicked on

13-02-2024T22:14:25 - [TEST_STEP][PASSED] - click(findTestObject("Object Repository/CURA_OR/Page_CURA Healthcare Service/a_Logout")): Object: 'Object Repository/CURA_OR/Page_CURA Healthcare Service/a_Logout' is clicked on

13-02-2024T22:14:26 - [MESSAGE][PASSED] - Object: 'Object Repository/CURA_OR/Page_CURA Healthcare Service/a_Logout' is clicked on]]></system-out>
         <system-err><![CDATA[]]></system-err>
      </testcase>
      <testcase name="Test Cases/TC_CURA_MakeAppointment_005" time="15.456" classname="Test Cases/TC_CURA_MakeAppointment_005" status="PASSED">
         <system-out><![CDATA[13-02-2024T22:14:26 - [TEST_CASE][PASSED] - Test Cases/TC_CURA_MakeAppointment_005: Test Cases/TC_CURA_MakeAppointment_005

13-02-2024T22:14:26 - [TEST_STEP][PASSED] - Start listener action : sampleBeforeTestCase: Object: 'Object Repository/CURA_OR/Page_CURA Healthcare Service/button_Login' is clicked on

13-02-2024T22:14:26 - [TEST_STEP][PASSED] - println("Before Test Case -- Logging in"): null

13-02-2024T22:14:26 - [TEST_STEP][PASSED] - click(findTestObject("Object Repository/CURA_OR/Page_CURA Healthcare Service/amenu-toggle")): Object: 'Object Repository/CURA_OR/Page_CURA Healthcare Service/amenu-toggle' is clicked on

13-02-2024T22:14:26 - [MESSAGE][PASSED] - Object: 'Object Repository/CURA_OR/Page_CURA Healthcare Service/amenu-toggle' is clicked on

13-02-2024T22:14:26 - [TEST_STEP][PASSED] - click(findTestObject("Object Repository/CURA_OR/Page_CURA Healthcare Service/a_Login")): Object: 'Object Repository/CURA_OR/Page_CURA Healthcare Service/a_Login' is clicked on

13-02-2024T22:14:27 - [MESSAGE][PASSED] - Object: 'Object Repository/CURA_OR/Page_CURA Healthcare Service/a_Login' is clicked on

13-02-2024T22:14:27 - [TEST_STEP][PASSED] - setText(findTestObject("Object Repository/CURA_OR/Page_CURA Healthcare Service/input_username"), username): Text 'John Doe' is set on object 'Object Repository/CURA_OR/Page_CURA Healthcare Service/input_username'

13-02-2024T22:14:28 - [MESSAGE][PASSED] - Text 'John Doe' is set on object 'Object Repository/CURA_OR/Page_CURA Healthcare Service/input_username'

13-02-2024T22:14:28 - [TEST_STEP][PASSED] - setText(findTestObject("CURA_OR/Page_CURA Healthcare Service/input_password"), password): Text 'ThisIsNotAPassword' is set on object 'Object Repository/CURA_OR/Page_CURA Healthcare Service/input_password'

13-02-2024T22:14:29 - [MESSAGE][PASSED] - Text 'ThisIsNotAPassword' is set on object 'Object Repository/CURA_OR/Page_CURA Healthcare Service/input_password'

13-02-2024T22:14:29 - [TEST_STEP][PASSED] - click(findTestObject("Object Repository/CURA_OR/Page_CURA Healthcare Service/button_Login")): Object: 'Object Repository/CURA_OR/Page_CURA Healthcare Service/button_Login' is clicked on

13-02-2024T22:14:32 - [MESSAGE][PASSED] - Object: 'Object Repository/CURA_OR/Page_CURA Healthcare Service/button_Login' is clicked on

13-02-2024T22:14:32 - [TEST_STEP][PASSED] - click(findTestObject("Object Repository/CURA_OR/Page_CURA Healthcare Service/div_input-group-addon")): Object: 'Object Repository/CURA_OR/Page_CURA Healthcare Service/div_input-group-addon' is clicked on

13-02-2024T22:14:32 - [MESSAGE][PASSED] - Object: 'Object Repository/CURA_OR/Page_CURA Healthcare Service/div_input-group-addon' is clicked on

13-02-2024T22:14:32 - [TEST_STEP][PASSED] - click(findTestObject("Object Repository/CURA_OR/Page_CURA Healthcare Service/th_February 2024")): Object: 'Object Repository/CURA_OR/Page_CURA Healthcare Service/th_February 2024' is clicked on

13-02-2024T22:14:33 - [MESSAGE][PASSED] - Object: 'Object Repository/CURA_OR/Page_CURA Healthcare Service/th_February 2024' is clicked on

13-02-2024T22:14:33 - [TEST_STEP][PASSED] - click(findTestObject("Object Repository/CURA_OR/Page_CURA Healthcare Service/th_2024")): Object: 'Object Repository/CURA_OR/Page_CURA Healthcare Service/th_2024' is clicked on

13-02-2024T22:14:33 - [MESSAGE][PASSED] - Object: 'Object Repository/CURA_OR/Page_CURA Healthcare Service/th_2024' is clicked on

13-02-2024T22:14:33 - [TEST_STEP][PASSED] - com.qa.test.custom_keyword.validateAppointmentDate(date, month, year): com.qa.test.custom_keyword.validateAppointmentDate is PASSED

13-02-2024T22:14:34 - [MESSAGE][WARNING] - Timeout '0' is invalid. Using default page load timeout: '30'

13-02-2024T22:14:34 - [MESSAGE][PASSED] - Object 'Object Repository/CURA_OR/Page_CURA Healthcare Service/yearObject' is present

13-02-2024T22:14:34 - [MESSAGE][PASSED] - Object: 'Object Repository/CURA_OR/Page_CURA Healthcare Service/yearObject' is clicked on

13-02-2024T22:14:34 - [MESSAGE][WARNING] - Timeout '0' is invalid. Using default page load timeout: '30'

13-02-2024T22:14:35 - [MESSAGE][PASSED] - Object 'Object Repository/CURA_OR/Page_CURA Healthcare Service/monthObject' is present

13-02-2024T22:14:35 - [MESSAGE][PASSED] - Object: 'Object Repository/CURA_OR/Page_CURA Healthcare Service/monthObject' is clicked on

13-02-2024T22:14:35 - [MESSAGE][WARNING] - Timeout '0' is invalid. Using default page load timeout: '30'

13-02-2024T22:14:36 - [MESSAGE][PASSED] - Object 'Object Repository/CURA_OR/Page_CURA Healthcare Service/dateObject' is present

13-02-2024T22:14:36 - [MESSAGE][PASSED] - Object: 'Object Repository/CURA_OR/Page_CURA Healthcare Service/dateObject' is clicked on

13-02-2024T22:14:39 - [MESSAGE][PASSED] - Object: 'Object Repository/CURA_OR/Page_CURA Healthcare Service/button_Book Appointment' is clicked on

13-02-2024T22:14:39 - [MESSAGE][WARNING] - Timeout '0' is invalid. Using default page load timeout: '30'

13-02-2024T22:14:39 - [MESSAGE][PASSED] - Object 'Object Repository/CURA_OR/Page_CURA Healthcare Service/h2_Appointment Confirmation' is present

13-02-2024T22:14:39 - [MESSAGE][PASSED] - Actual text and expected text of test object 'Object Repository/CURA_OR/Page_CURA Healthcare Service/p_20022024' are matched.

13-02-2024T22:14:39 - [MESSAGE][PASSED] - com.qa.test.custom_keyword.validateAppointmentDate is PASSED

13-02-2024T22:14:39 - [TEST_STEP][PASSED] - Start listener action : sampleAfterTestCase: Object: 'Object Repository/CURA_OR/Page_CURA Healthcare Service/a_Logout' is clicked on

13-02-2024T22:14:39 - [TEST_STEP][PASSED] - println("After Test Case -- Logging out"): null

13-02-2024T22:14:39 - [TEST_STEP][PASSED] - click(findTestObject("Object Repository/CURA_OR/Page_CURA Healthcare Service/amenu-toggle")): Object: 'Object Repository/CURA_OR/Page_CURA Healthcare Service/amenu-toggle' is clicked on

13-02-2024T22:14:40 - [MESSAGE][PASSED] - Object: 'Object Repository/CURA_OR/Page_CURA Healthcare Service/amenu-toggle' is clicked on

13-02-2024T22:14:40 - [TEST_STEP][PASSED] - click(findTestObject("Object Repository/CURA_OR/Page_CURA Healthcare Service/a_Logout")): Object: 'Object Repository/CURA_OR/Page_CURA Healthcare Service/a_Logout' is clicked on

13-02-2024T22:14:41 - [MESSAGE][PASSED] - Object: 'Object Repository/CURA_OR/Page_CURA Healthcare Service/a_Logout' is clicked on]]></system-out>
         <system-err><![CDATA[]]></system-err>
      </testcase>
      <testcase name="Test Cases/TC_CURA_MakeAppointment_005" time="12.599" classname="Test Cases/TC_CURA_MakeAppointment_005" status="PASSED">
         <system-out><![CDATA[13-02-2024T22:14:41 - [TEST_CASE][PASSED] - Test Cases/TC_CURA_MakeAppointment_005: Test Cases/TC_CURA_MakeAppointment_005

13-02-2024T22:14:41 - [TEST_STEP][PASSED] - Start listener action : sampleBeforeTestCase: Object: 'Object Repository/CURA_OR/Page_CURA Healthcare Service/button_Login' is clicked on

13-02-2024T22:14:41 - [TEST_STEP][PASSED] - println("Before Test Case -- Logging in"): null

13-02-2024T22:14:41 - [TEST_STEP][PASSED] - click(findTestObject("Object Repository/CURA_OR/Page_CURA Healthcare Service/amenu-toggle")): Object: 'Object Repository/CURA_OR/Page_CURA Healthcare Service/amenu-toggle' is clicked on

13-02-2024T22:14:42 - [MESSAGE][PASSED] - Object: 'Object Repository/CURA_OR/Page_CURA Healthcare Service/amenu-toggle' is clicked on

13-02-2024T22:14:42 - [TEST_STEP][PASSED] - click(findTestObject("Object Repository/CURA_OR/Page_CURA Healthcare Service/a_Login")): Object: 'Object Repository/CURA_OR/Page_CURA Healthcare Service/a_Login' is clicked on

13-02-2024T22:14:43 - [MESSAGE][PASSED] - Object: 'Object Repository/CURA_OR/Page_CURA Healthcare Service/a_Login' is clicked on

13-02-2024T22:14:43 - [TEST_STEP][PASSED] - setText(findTestObject("Object Repository/CURA_OR/Page_CURA Healthcare Service/input_username"), username): Text 'John Doe' is set on object 'Object Repository/CURA_OR/Page_CURA Healthcare Service/input_username'

13-02-2024T22:14:44 - [MESSAGE][PASSED] - Text 'John Doe' is set on object 'Object Repository/CURA_OR/Page_CURA Healthcare Service/input_username'

13-02-2024T22:14:44 - [TEST_STEP][PASSED] - setText(findTestObject("CURA_OR/Page_CURA Healthcare Service/input_password"), password): Text 'ThisIsNotAPassword' is set on object 'Object Repository/CURA_OR/Page_CURA Healthcare Service/input_password'

13-02-2024T22:14:45 - [MESSAGE][PASSED] - Text 'ThisIsNotAPassword' is set on object 'Object Repository/CURA_OR/Page_CURA Healthcare Service/input_password'

13-02-2024T22:14:45 - [TEST_STEP][PASSED] - click(findTestObject("Object Repository/CURA_OR/Page_CURA Healthcare Service/button_Login")): Object: 'Object Repository/CURA_OR/Page_CURA Healthcare Service/button_Login' is clicked on

13-02-2024T22:14:46 - [MESSAGE][PASSED] - Object: 'Object Repository/CURA_OR/Page_CURA Healthcare Service/button_Login' is clicked on

13-02-2024T22:14:46 - [TEST_STEP][PASSED] - click(findTestObject("Object Repository/CURA_OR/Page_CURA Healthcare Service/div_input-group-addon")): Object: 'Object Repository/CURA_OR/Page_CURA Healthcare Service/div_input-group-addon' is clicked on

13-02-2024T22:14:47 - [MESSAGE][PASSED] - Object: 'Object Repository/CURA_OR/Page_CURA Healthcare Service/div_input-group-addon' is clicked on

13-02-2024T22:14:47 - [TEST_STEP][PASSED] - click(findTestObject("Object Repository/CURA_OR/Page_CURA Healthcare Service/th_February 2024")): Object: 'Object Repository/CURA_OR/Page_CURA Healthcare Service/th_February 2024' is clicked on

13-02-2024T22:14:47 - [MESSAGE][PASSED] - Object: 'Object Repository/CURA_OR/Page_CURA Healthcare Service/th_February 2024' is clicked on

13-02-2024T22:14:47 - [TEST_STEP][PASSED] - click(findTestObject("Object Repository/CURA_OR/Page_CURA Healthcare Service/th_2024")): Object: 'Object Repository/CURA_OR/Page_CURA Healthcare Service/th_2024' is clicked on

13-02-2024T22:14:48 - [MESSAGE][PASSED] - Object: 'Object Repository/CURA_OR/Page_CURA Healthcare Service/th_2024' is clicked on

13-02-2024T22:14:48 - [TEST_STEP][PASSED] - com.qa.test.custom_keyword.validateAppointmentDate(date, month, year): com.qa.test.custom_keyword.validateAppointmentDate is PASSED

13-02-2024T22:14:48 - [MESSAGE][WARNING] - Timeout '0' is invalid. Using default page load timeout: '30'

13-02-2024T22:14:48 - [MESSAGE][PASSED] - Object 'Object Repository/CURA_OR/Page_CURA Healthcare Service/yearObject' is present

13-02-2024T22:14:48 - [MESSAGE][PASSED] - Object: 'Object Repository/CURA_OR/Page_CURA Healthcare Service/yearObject' is clicked on

13-02-2024T22:14:48 - [MESSAGE][WARNING] - Timeout '0' is invalid. Using default page load timeout: '30'

13-02-2024T22:14:49 - [MESSAGE][PASSED] - Object 'Object Repository/CURA_OR/Page_CURA Healthcare Service/monthObject' is present

13-02-2024T22:14:49 - [MESSAGE][PASSED] - Object: 'Object Repository/CURA_OR/Page_CURA Healthcare Service/monthObject' is clicked on

13-02-2024T22:14:49 - [MESSAGE][WARNING] - Timeout '0' is invalid. Using default page load timeout: '30'

13-02-2024T22:14:50 - [MESSAGE][PASSED] - Object 'Object Repository/CURA_OR/Page_CURA Healthcare Service/dateObject' is present

13-02-2024T22:14:50 - [MESSAGE][PASSED] - Object: 'Object Repository/CURA_OR/Page_CURA Healthcare Service/dateObject' is clicked on

13-02-2024T22:14:52 - [MESSAGE][PASSED] - Object: 'Object Repository/CURA_OR/Page_CURA Healthcare Service/button_Book Appointment' is clicked on

13-02-2024T22:14:52 - [MESSAGE][WARNING] - Timeout '0' is invalid. Using default page load timeout: '30'

13-02-2024T22:14:52 - [MESSAGE][PASSED] - Object 'Object Repository/CURA_OR/Page_CURA Healthcare Service/h2_Appointment Confirmation' is present

13-02-2024T22:14:52 - [MESSAGE][PASSED] - Actual text and expected text of test object 'Object Repository/CURA_OR/Page_CURA Healthcare Service/p_20022024' are matched.

13-02-2024T22:14:52 - [MESSAGE][PASSED] - com.qa.test.custom_keyword.validateAppointmentDate is PASSED

13-02-2024T22:14:52 - [TEST_STEP][PASSED] - Start listener action : sampleAfterTestCase: Object: 'Object Repository/CURA_OR/Page_CURA Healthcare Service/a_Logout' is clicked on

13-02-2024T22:14:52 - [TEST_STEP][PASSED] - println("After Test Case -- Logging out"): null

13-02-2024T22:14:52 - [TEST_STEP][PASSED] - click(findTestObject("Object Repository/CURA_OR/Page_CURA Healthcare Service/amenu-toggle")): Object: 'Object Repository/CURA_OR/Page_CURA Healthcare Service/amenu-toggle' is clicked on

13-02-2024T22:14:53 - [MESSAGE][PASSED] - Object: 'Object Repository/CURA_OR/Page_CURA Healthcare Service/amenu-toggle' is clicked on

13-02-2024T22:14:53 - [TEST_STEP][PASSED] - click(findTestObject("Object Repository/CURA_OR/Page_CURA Healthcare Service/a_Logout")): Object: 'Object Repository/CURA_OR/Page_CURA Healthcare Service/a_Logout' is clicked on

13-02-2024T22:14:54 - [MESSAGE][PASSED] - Object: 'Object Repository/CURA_OR/Page_CURA Healthcare Service/a_Logout' is clicked on]]></system-out>
         <system-err><![CDATA[]]></system-err>
      </testcase>
      <testcase name="Test Cases/TC_CURA_MakeAppointment_005" time="13.41" classname="Test Cases/TC_CURA_MakeAppointment_005" status="PASSED">
         <system-out><![CDATA[13-02-2024T22:14:54 - [TEST_CASE][PASSED] - Test Cases/TC_CURA_MakeAppointment_005: Test Cases/TC_CURA_MakeAppointment_005

13-02-2024T22:14:54 - [TEST_STEP][PASSED] - Start listener action : sampleBeforeTestCase: Object: 'Object Repository/CURA_OR/Page_CURA Healthcare Service/button_Login' is clicked on

13-02-2024T22:14:54 - [TEST_STEP][PASSED] - println("Before Test Case -- Logging in"): null

13-02-2024T22:14:54 - [TEST_STEP][PASSED] - click(findTestObject("Object Repository/CURA_OR/Page_CURA Healthcare Service/amenu-toggle")): Object: 'Object Repository/CURA_OR/Page_CURA Healthcare Service/amenu-toggle' is clicked on

13-02-2024T22:14:54 - [MESSAGE][PASSED] - Object: 'Object Repository/CURA_OR/Page_CURA Healthcare Service/amenu-toggle' is clicked on

13-02-2024T22:14:54 - [TEST_STEP][PASSED] - click(findTestObject("Object Repository/CURA_OR/Page_CURA Healthcare Service/a_Login")): Object: 'Object Repository/CURA_OR/Page_CURA Healthcare Service/a_Login' is clicked on

13-02-2024T22:14:56 - [MESSAGE][PASSED] - Object: 'Object Repository/CURA_OR/Page_CURA Healthcare Service/a_Login' is clicked on

13-02-2024T22:14:56 - [TEST_STEP][PASSED] - setText(findTestObject("Object Repository/CURA_OR/Page_CURA Healthcare Service/input_username"), username): Text 'John Doe' is set on object 'Object Repository/CURA_OR/Page_CURA Healthcare Service/input_username'

13-02-2024T22:14:57 - [MESSAGE][PASSED] - Text 'John Doe' is set on object 'Object Repository/CURA_OR/Page_CURA Healthcare Service/input_username'

13-02-2024T22:14:57 - [TEST_STEP][PASSED] - setText(findTestObject("CURA_OR/Page_CURA Healthcare Service/input_password"), password): Text 'ThisIsNotAPassword' is set on object 'Object Repository/CURA_OR/Page_CURA Healthcare Service/input_password'

13-02-2024T22:14:58 - [MESSAGE][PASSED] - Text 'ThisIsNotAPassword' is set on object 'Object Repository/CURA_OR/Page_CURA Healthcare Service/input_password'

13-02-2024T22:14:58 - [TEST_STEP][PASSED] - click(findTestObject("Object Repository/CURA_OR/Page_CURA Healthcare Service/button_Login")): Object: 'Object Repository/CURA_OR/Page_CURA Healthcare Service/button_Login' is clicked on

13-02-2024T22:14:59 - [MESSAGE][PASSED] - Object: 'Object Repository/CURA_OR/Page_CURA Healthcare Service/button_Login' is clicked on

13-02-2024T22:14:59 - [TEST_STEP][PASSED] - click(findTestObject("Object Repository/CURA_OR/Page_CURA Healthcare Service/div_input-group-addon")): Object: 'Object Repository/CURA_OR/Page_CURA Healthcare Service/div_input-group-addon' is clicked on

13-02-2024T22:15:00 - [MESSAGE][PASSED] - Object: 'Object Repository/CURA_OR/Page_CURA Healthcare Service/div_input-group-addon' is clicked on

13-02-2024T22:15:00 - [TEST_STEP][PASSED] - click(findTestObject("Object Repository/CURA_OR/Page_CURA Healthcare Service/th_February 2024")): Object: 'Object Repository/CURA_OR/Page_CURA Healthcare Service/th_February 2024' is clicked on

13-02-2024T22:15:01 - [MESSAGE][PASSED] - Object: 'Object Repository/CURA_OR/Page_CURA Healthcare Service/th_February 2024' is clicked on

13-02-2024T22:15:01 - [TEST_STEP][PASSED] - click(findTestObject("Object Repository/CURA_OR/Page_CURA Healthcare Service/th_2024")): Object: 'Object Repository/CURA_OR/Page_CURA Healthcare Service/th_2024' is clicked on

13-02-2024T22:15:01 - [MESSAGE][PASSED] - Object: 'Object Repository/CURA_OR/Page_CURA Healthcare Service/th_2024' is clicked on

13-02-2024T22:15:01 - [TEST_STEP][PASSED] - com.qa.test.custom_keyword.validateAppointmentDate(date, month, year): com.qa.test.custom_keyword.validateAppointmentDate is PASSED

13-02-2024T22:15:01 - [MESSAGE][WARNING] - Timeout '0' is invalid. Using default page load timeout: '30'

13-02-2024T22:15:01 - [MESSAGE][PASSED] - Object 'Object Repository/CURA_OR/Page_CURA Healthcare Service/yearObject' is present

13-02-2024T22:15:02 - [MESSAGE][PASSED] - Object: 'Object Repository/CURA_OR/Page_CURA Healthcare Service/yearObject' is clicked on

13-02-2024T22:15:02 - [MESSAGE][WARNING] - Timeout '0' is invalid. Using default page load timeout: '30'

13-02-2024T22:15:02 - [MESSAGE][PASSED] - Object 'Object Repository/CURA_OR/Page_CURA Healthcare Service/monthObject' is present

13-02-2024T22:15:03 - [MESSAGE][PASSED] - Object: 'Object Repository/CURA_OR/Page_CURA Healthcare Service/monthObject' is clicked on

13-02-2024T22:15:03 - [MESSAGE][WARNING] - Timeout '0' is invalid. Using default page load timeout: '30'

13-02-2024T22:15:03 - [MESSAGE][PASSED] - Object 'Object Repository/CURA_OR/Page_CURA Healthcare Service/dateObject' is present

13-02-2024T22:15:04 - [MESSAGE][PASSED] - Object: 'Object Repository/CURA_OR/Page_CURA Healthcare Service/dateObject' is clicked on

13-02-2024T22:15:05 - [MESSAGE][PASSED] - Object: 'Object Repository/CURA_OR/Page_CURA Healthcare Service/button_Book Appointment' is clicked on

13-02-2024T22:15:05 - [MESSAGE][WARNING] - Timeout '0' is invalid. Using default page load timeout: '30'

13-02-2024T22:15:05 - [MESSAGE][PASSED] - Object 'Object Repository/CURA_OR/Page_CURA Healthcare Service/h2_Appointment Confirmation' is present

13-02-2024T22:15:06 - [MESSAGE][PASSED] - Actual text and expected text of test object 'Object Repository/CURA_OR/Page_CURA Healthcare Service/p_20022024' are matched.

13-02-2024T22:15:06 - [MESSAGE][PASSED] - com.qa.test.custom_keyword.validateAppointmentDate is PASSED

13-02-2024T22:15:06 - [TEST_STEP][PASSED] - Start listener action : sampleAfterTestCase: Object: 'Object Repository/CURA_OR/Page_CURA Healthcare Service/a_Logout' is clicked on

13-02-2024T22:15:06 - [TEST_STEP][PASSED] - println("After Test Case -- Logging out"): null

13-02-2024T22:15:06 - [TEST_STEP][PASSED] - click(findTestObject("Object Repository/CURA_OR/Page_CURA Healthcare Service/amenu-toggle")): Object: 'Object Repository/CURA_OR/Page_CURA Healthcare Service/amenu-toggle' is clicked on

13-02-2024T22:15:06 - [MESSAGE][PASSED] - Object: 'Object Repository/CURA_OR/Page_CURA Healthcare Service/amenu-toggle' is clicked on

13-02-2024T22:15:06 - [TEST_STEP][PASSED] - click(findTestObject("Object Repository/CURA_OR/Page_CURA Healthcare Service/a_Logout")): Object: 'Object Repository/CURA_OR/Page_CURA Healthcare Service/a_Logout' is clicked on

13-02-2024T22:15:07 - [MESSAGE][PASSED] - Object: 'Object Repository/CURA_OR/Page_CURA Healthcare Service/a_Logout' is clicked on]]></system-out>
         <system-err><![CDATA[]]></system-err>
      </testcase>
      <testcase name="Test Cases/TC_CURA_MakeAppointment_005" time="12.051" classname="Test Cases/TC_CURA_MakeAppointment_005" status="PASSED">
         <system-out><![CDATA[13-02-2024T22:15:08 - [TEST_CASE][PASSED] - Test Cases/TC_CURA_MakeAppointment_005: Test Cases/TC_CURA_MakeAppointment_005

13-02-2024T22:15:08 - [TEST_STEP][PASSED] - Start listener action : sampleBeforeTestCase: Object: 'Object Repository/CURA_OR/Page_CURA Healthcare Service/button_Login' is clicked on

13-02-2024T22:15:08 - [TEST_STEP][PASSED] - println("Before Test Case -- Logging in"): null

13-02-2024T22:15:08 - [TEST_STEP][PASSED] - click(findTestObject("Object Repository/CURA_OR/Page_CURA Healthcare Service/amenu-toggle")): Object: 'Object Repository/CURA_OR/Page_CURA Healthcare Service/amenu-toggle' is clicked on

13-02-2024T22:15:08 - [MESSAGE][PASSED] - Object: 'Object Repository/CURA_OR/Page_CURA Healthcare Service/amenu-toggle' is clicked on

13-02-2024T22:15:08 - [TEST_STEP][PASSED] - click(findTestObject("Object Repository/CURA_OR/Page_CURA Healthcare Service/a_Login")): Object: 'Object Repository/CURA_OR/Page_CURA Healthcare Service/a_Login' is clicked on

13-02-2024T22:15:09 - [MESSAGE][PASSED] - Object: 'Object Repository/CURA_OR/Page_CURA Healthcare Service/a_Login' is clicked on

13-02-2024T22:15:09 - [TEST_STEP][PASSED] - setText(findTestObject("Object Repository/CURA_OR/Page_CURA Healthcare Service/input_username"), username): Text 'John Doe' is set on object 'Object Repository/CURA_OR/Page_CURA Healthcare Service/input_username'

13-02-2024T22:15:10 - [MESSAGE][PASSED] - Text 'John Doe' is set on object 'Object Repository/CURA_OR/Page_CURA Healthcare Service/input_username'

13-02-2024T22:15:10 - [TEST_STEP][PASSED] - setText(findTestObject("CURA_OR/Page_CURA Healthcare Service/input_password"), password): Text 'ThisIsNotAPassword' is set on object 'Object Repository/CURA_OR/Page_CURA Healthcare Service/input_password'

13-02-2024T22:15:11 - [MESSAGE][PASSED] - Text 'ThisIsNotAPassword' is set on object 'Object Repository/CURA_OR/Page_CURA Healthcare Service/input_password'

13-02-2024T22:15:11 - [TEST_STEP][PASSED] - click(findTestObject("Object Repository/CURA_OR/Page_CURA Healthcare Service/button_Login")): Object: 'Object Repository/CURA_OR/Page_CURA Healthcare Service/button_Login' is clicked on

13-02-2024T22:15:12 - [MESSAGE][PASSED] - Object: 'Object Repository/CURA_OR/Page_CURA Healthcare Service/button_Login' is clicked on

13-02-2024T22:15:12 - [TEST_STEP][PASSED] - click(findTestObject("Object Repository/CURA_OR/Page_CURA Healthcare Service/div_input-group-addon")): Object: 'Object Repository/CURA_OR/Page_CURA Healthcare Service/div_input-group-addon' is clicked on

13-02-2024T22:15:13 - [MESSAGE][PASSED] - Object: 'Object Repository/CURA_OR/Page_CURA Healthcare Service/div_input-group-addon' is clicked on

13-02-2024T22:15:13 - [TEST_STEP][PASSED] - click(findTestObject("Object Repository/CURA_OR/Page_CURA Healthcare Service/th_February 2024")): Object: 'Object Repository/CURA_OR/Page_CURA Healthcare Service/th_February 2024' is clicked on

13-02-2024T22:15:13 - [MESSAGE][PASSED] - Object: 'Object Repository/CURA_OR/Page_CURA Healthcare Service/th_February 2024' is clicked on

13-02-2024T22:15:13 - [TEST_STEP][PASSED] - click(findTestObject("Object Repository/CURA_OR/Page_CURA Healthcare Service/th_2024")): Object: 'Object Repository/CURA_OR/Page_CURA Healthcare Service/th_2024' is clicked on

13-02-2024T22:15:14 - [MESSAGE][PASSED] - Object: 'Object Repository/CURA_OR/Page_CURA Healthcare Service/th_2024' is clicked on

13-02-2024T22:15:14 - [TEST_STEP][PASSED] - com.qa.test.custom_keyword.validateAppointmentDate(date, month, year): com.qa.test.custom_keyword.validateAppointmentDate is PASSED

13-02-2024T22:15:14 - [MESSAGE][WARNING] - Timeout '0' is invalid. Using default page load timeout: '30'

13-02-2024T22:15:14 - [MESSAGE][PASSED] - Object 'Object Repository/CURA_OR/Page_CURA Healthcare Service/yearObject' is present

13-02-2024T22:15:14 - [MESSAGE][PASSED] - Object: 'Object Repository/CURA_OR/Page_CURA Healthcare Service/yearObject' is clicked on

13-02-2024T22:15:15 - [MESSAGE][WARNING] - Timeout '0' is invalid. Using default page load timeout: '30'

13-02-2024T22:15:15 - [MESSAGE][PASSED] - Object 'Object Repository/CURA_OR/Page_CURA Healthcare Service/monthObject' is present

13-02-2024T22:15:15 - [MESSAGE][PASSED] - Object: 'Object Repository/CURA_OR/Page_CURA Healthcare Service/monthObject' is clicked on

13-02-2024T22:15:15 - [MESSAGE][WARNING] - Timeout '0' is invalid. Using default page load timeout: '30'

13-02-2024T22:15:16 - [MESSAGE][PASSED] - Object 'Object Repository/CURA_OR/Page_CURA Healthcare Service/dateObject' is present

13-02-2024T22:15:16 - [MESSAGE][PASSED] - Object: 'Object Repository/CURA_OR/Page_CURA Healthcare Service/dateObject' is clicked on

13-02-2024T22:15:17 - [MESSAGE][PASSED] - Object: 'Object Repository/CURA_OR/Page_CURA Healthcare Service/button_Book Appointment' is clicked on

13-02-2024T22:15:17 - [MESSAGE][WARNING] - Timeout '0' is invalid. Using default page load timeout: '30'

13-02-2024T22:15:18 - [MESSAGE][PASSED] - Object 'Object Repository/CURA_OR/Page_CURA Healthcare Service/h2_Appointment Confirmation' is present

13-02-2024T22:15:18 - [MESSAGE][PASSED] - Actual text and expected text of test object 'Object Repository/CURA_OR/Page_CURA Healthcare Service/p_20022024' are matched.

13-02-2024T22:15:18 - [MESSAGE][PASSED] - com.qa.test.custom_keyword.validateAppointmentDate is PASSED

13-02-2024T22:15:18 - [TEST_STEP][PASSED] - Start listener action : sampleAfterTestCase: Object: 'Object Repository/CURA_OR/Page_CURA Healthcare Service/a_Logout' is clicked on

13-02-2024T22:15:18 - [TEST_STEP][PASSED] - println("After Test Case -- Logging out"): null

13-02-2024T22:15:18 - [TEST_STEP][PASSED] - click(findTestObject("Object Repository/CURA_OR/Page_CURA Healthcare Service/amenu-toggle")): Object: 'Object Repository/CURA_OR/Page_CURA Healthcare Service/amenu-toggle' is clicked on

13-02-2024T22:15:18 - [MESSAGE][PASSED] - Object: 'Object Repository/CURA_OR/Page_CURA Healthcare Service/amenu-toggle' is clicked on

13-02-2024T22:15:18 - [TEST_STEP][PASSED] - click(findTestObject("Object Repository/CURA_OR/Page_CURA Healthcare Service/a_Logout")): Object: 'Object Repository/CURA_OR/Page_CURA Healthcare Service/a_Logout' is clicked on

13-02-2024T22:15:20 - [MESSAGE][PASSED] - Object: 'Object Repository/CURA_OR/Page_CURA Healthcare Service/a_Logout' is clicked on]]></system-out>
         <system-err><![CDATA[]]></system-err>
      </testcase>
      <testcase name="Test Cases/TC_CURA_MakeAppointment_005" time="12.175" classname="Test Cases/TC_CURA_MakeAppointment_005" status="PASSED">
         <system-out><![CDATA[13-02-2024T22:15:20 - [TEST_CASE][PASSED] - Test Cases/TC_CURA_MakeAppointment_005: Test Cases/TC_CURA_MakeAppointment_005

13-02-2024T22:15:20 - [TEST_STEP][PASSED] - Start listener action : sampleBeforeTestCase: Object: 'Object Repository/CURA_OR/Page_CURA Healthcare Service/button_Login' is clicked on

13-02-2024T22:15:20 - [TEST_STEP][PASSED] - println("Before Test Case -- Logging in"): null

13-02-2024T22:15:20 - [TEST_STEP][PASSED] - click(findTestObject("Object Repository/CURA_OR/Page_CURA Healthcare Service/amenu-toggle")): Object: 'Object Repository/CURA_OR/Page_CURA Healthcare Service/amenu-toggle' is clicked on

13-02-2024T22:15:20 - [MESSAGE][PASSED] - Object: 'Object Repository/CURA_OR/Page_CURA Healthcare Service/amenu-toggle' is clicked on

13-02-2024T22:15:20 - [TEST_STEP][PASSED] - click(findTestObject("Object Repository/CURA_OR/Page_CURA Healthcare Service/a_Login")): Object: 'Object Repository/CURA_OR/Page_CURA Healthcare Service/a_Login' is clicked on

13-02-2024T22:15:21 - [MESSAGE][PASSED] - Object: 'Object Repository/CURA_OR/Page_CURA Healthcare Service/a_Login' is clicked on

13-02-2024T22:15:21 - [TEST_STEP][PASSED] - setText(findTestObject("Object Repository/CURA_OR/Page_CURA Healthcare Service/input_username"), username): Text 'John Doe' is set on object 'Object Repository/CURA_OR/Page_CURA Healthcare Service/input_username'

13-02-2024T22:15:22 - [MESSAGE][PASSED] - Text 'John Doe' is set on object 'Object Repository/CURA_OR/Page_CURA Healthcare Service/input_username'

13-02-2024T22:15:22 - [TEST_STEP][PASSED] - setText(findTestObject("CURA_OR/Page_CURA Healthcare Service/input_password"), password): Text 'ThisIsNotAPassword' is set on object 'Object Repository/CURA_OR/Page_CURA Healthcare Service/input_password'

13-02-2024T22:15:23 - [MESSAGE][PASSED] - Text 'ThisIsNotAPassword' is set on object 'Object Repository/CURA_OR/Page_CURA Healthcare Service/input_password'

13-02-2024T22:15:23 - [TEST_STEP][PASSED] - click(findTestObject("Object Repository/CURA_OR/Page_CURA Healthcare Service/button_Login")): Object: 'Object Repository/CURA_OR/Page_CURA Healthcare Service/button_Login' is clicked on

13-02-2024T22:15:24 - [MESSAGE][PASSED] - Object: 'Object Repository/CURA_OR/Page_CURA Healthcare Service/button_Login' is clicked on

13-02-2024T22:15:24 - [TEST_STEP][PASSED] - click(findTestObject("Object Repository/CURA_OR/Page_CURA Healthcare Service/div_input-group-addon")): Object: 'Object Repository/CURA_OR/Page_CURA Healthcare Service/div_input-group-addon' is clicked on

13-02-2024T22:15:25 - [MESSAGE][PASSED] - Object: 'Object Repository/CURA_OR/Page_CURA Healthcare Service/div_input-group-addon' is clicked on

13-02-2024T22:15:25 - [TEST_STEP][PASSED] - click(findTestObject("Object Repository/CURA_OR/Page_CURA Healthcare Service/th_February 2024")): Object: 'Object Repository/CURA_OR/Page_CURA Healthcare Service/th_February 2024' is clicked on

13-02-2024T22:15:25 - [MESSAGE][PASSED] - Object: 'Object Repository/CURA_OR/Page_CURA Healthcare Service/th_February 2024' is clicked on

13-02-2024T22:15:25 - [TEST_STEP][PASSED] - click(findTestObject("Object Repository/CURA_OR/Page_CURA Healthcare Service/th_2024")): Object: 'Object Repository/CURA_OR/Page_CURA Healthcare Service/th_2024' is clicked on

13-02-2024T22:15:26 - [MESSAGE][PASSED] - Object: 'Object Repository/CURA_OR/Page_CURA Healthcare Service/th_2024' is clicked on

13-02-2024T22:15:26 - [TEST_STEP][PASSED] - com.qa.test.custom_keyword.validateAppointmentDate(date, month, year): com.qa.test.custom_keyword.validateAppointmentDate is PASSED

13-02-2024T22:15:26 - [MESSAGE][WARNING] - Timeout '0' is invalid. Using default page load timeout: '30'

13-02-2024T22:15:26 - [MESSAGE][PASSED] - Object 'Object Repository/CURA_OR/Page_CURA Healthcare Service/yearObject' is present

13-02-2024T22:15:26 - [MESSAGE][PASSED] - Object: 'Object Repository/CURA_OR/Page_CURA Healthcare Service/yearObject' is clicked on

13-02-2024T22:15:26 - [MESSAGE][WARNING] - Timeout '0' is invalid. Using default page load timeout: '30'

13-02-2024T22:15:27 - [MESSAGE][PASSED] - Object 'Object Repository/CURA_OR/Page_CURA Healthcare Service/monthObject' is present

13-02-2024T22:15:27 - [MESSAGE][PASSED] - Object: 'Object Repository/CURA_OR/Page_CURA Healthcare Service/monthObject' is clicked on

13-02-2024T22:15:27 - [MESSAGE][WARNING] - Timeout '0' is invalid. Using default page load timeout: '30'

13-02-2024T22:15:28 - [MESSAGE][PASSED] - Object 'Object Repository/CURA_OR/Page_CURA Healthcare Service/dateObject' is present

13-02-2024T22:15:28 - [MESSAGE][PASSED] - Object: 'Object Repository/CURA_OR/Page_CURA Healthcare Service/dateObject' is clicked on

13-02-2024T22:15:29 - [MESSAGE][PASSED] - Object: 'Object Repository/CURA_OR/Page_CURA Healthcare Service/button_Book Appointment' is clicked on

13-02-2024T22:15:29 - [MESSAGE][WARNING] - Timeout '0' is invalid. Using default page load timeout: '30'

13-02-2024T22:15:30 - [MESSAGE][PASSED] - Object 'Object Repository/CURA_OR/Page_CURA Healthcare Service/h2_Appointment Confirmation' is present

13-02-2024T22:15:30 - [MESSAGE][PASSED] - Actual text and expected text of test object 'Object Repository/CURA_OR/Page_CURA Healthcare Service/p_20022024' are matched.

13-02-2024T22:15:30 - [MESSAGE][PASSED] - com.qa.test.custom_keyword.validateAppointmentDate is PASSED

13-02-2024T22:15:30 - [TEST_STEP][PASSED] - Start listener action : sampleAfterTestCase: Object: 'Object Repository/CURA_OR/Page_CURA Healthcare Service/a_Logout' is clicked on

13-02-2024T22:15:30 - [TEST_STEP][PASSED] - println("After Test Case -- Logging out"): null

13-02-2024T22:15:30 - [TEST_STEP][PASSED] - click(findTestObject("Object Repository/CURA_OR/Page_CURA Healthcare Service/amenu-toggle")): Object: 'Object Repository/CURA_OR/Page_CURA Healthcare Service/amenu-toggle' is clicked on

13-02-2024T22:15:30 - [MESSAGE][PASSED] - Object: 'Object Repository/CURA_OR/Page_CURA Healthcare Service/amenu-toggle' is clicked on

13-02-2024T22:15:30 - [TEST_STEP][PASSED] - click(findTestObject("Object Repository/CURA_OR/Page_CURA Healthcare Service/a_Logout")): Object: 'Object Repository/CURA_OR/Page_CURA Healthcare Service/a_Logout' is clicked on

13-02-2024T22:15:32 - [MESSAGE][PASSED] - Object: 'Object Repository/CURA_OR/Page_CURA Healthcare Service/a_Logout' is clicked on]]></system-out>
         <system-err><![CDATA[]]></system-err>
      </testcase>
      <testcase name="Test Cases/TC_CURA_MakeAppointment_005" time="11.591" classname="Test Cases/TC_CURA_MakeAppointment_005" status="PASSED">
         <system-out><![CDATA[13-02-2024T22:15:32 - [TEST_CASE][PASSED] - Test Cases/TC_CURA_MakeAppointment_005: Test Cases/TC_CURA_MakeAppointment_005

13-02-2024T22:15:32 - [TEST_STEP][PASSED] - Start listener action : sampleBeforeTestCase: Object: 'Object Repository/CURA_OR/Page_CURA Healthcare Service/button_Login' is clicked on

13-02-2024T22:15:32 - [TEST_STEP][PASSED] - println("Before Test Case -- Logging in"): null

13-02-2024T22:15:32 - [TEST_STEP][PASSED] - click(findTestObject("Object Repository/CURA_OR/Page_CURA Healthcare Service/amenu-toggle")): Object: 'Object Repository/CURA_OR/Page_CURA Healthcare Service/amenu-toggle' is clicked on

13-02-2024T22:15:32 - [MESSAGE][PASSED] - Object: 'Object Repository/CURA_OR/Page_CURA Healthcare Service/amenu-toggle' is clicked on

13-02-2024T22:15:32 - [TEST_STEP][PASSED] - click(findTestObject("Object Repository/CURA_OR/Page_CURA Healthcare Service/a_Login")): Object: 'Object Repository/CURA_OR/Page_CURA Healthcare Service/a_Login' is clicked on

13-02-2024T22:15:33 - [MESSAGE][PASSED] - Object: 'Object Repository/CURA_OR/Page_CURA Healthcare Service/a_Login' is clicked on

13-02-2024T22:15:33 - [TEST_STEP][PASSED] - setText(findTestObject("Object Repository/CURA_OR/Page_CURA Healthcare Service/input_username"), username): Text 'John Doe' is set on object 'Object Repository/CURA_OR/Page_CURA Healthcare Service/input_username'

13-02-2024T22:15:34 - [MESSAGE][PASSED] - Text 'John Doe' is set on object 'Object Repository/CURA_OR/Page_CURA Healthcare Service/input_username'

13-02-2024T22:15:34 - [TEST_STEP][PASSED] - setText(findTestObject("CURA_OR/Page_CURA Healthcare Service/input_password"), password): Text 'ThisIsNotAPassword' is set on object 'Object Repository/CURA_OR/Page_CURA Healthcare Service/input_password'

13-02-2024T22:15:35 - [MESSAGE][PASSED] - Text 'ThisIsNotAPassword' is set on object 'Object Repository/CURA_OR/Page_CURA Healthcare Service/input_password'

13-02-2024T22:15:35 - [TEST_STEP][PASSED] - click(findTestObject("Object Repository/CURA_OR/Page_CURA Healthcare Service/button_Login")): Object: 'Object Repository/CURA_OR/Page_CURA Healthcare Service/button_Login' is clicked on

13-02-2024T22:15:36 - [MESSAGE][PASSED] - Object: 'Object Repository/CURA_OR/Page_CURA Healthcare Service/button_Login' is clicked on

13-02-2024T22:15:36 - [TEST_STEP][PASSED] - click(findTestObject("Object Repository/CURA_OR/Page_CURA Healthcare Service/div_input-group-addon")): Object: 'Object Repository/CURA_OR/Page_CURA Healthcare Service/div_input-group-addon' is clicked on

13-02-2024T22:15:37 - [MESSAGE][PASSED] - Object: 'Object Repository/CURA_OR/Page_CURA Healthcare Service/div_input-group-addon' is clicked on

13-02-2024T22:15:37 - [TEST_STEP][PASSED] - click(findTestObject("Object Repository/CURA_OR/Page_CURA Healthcare Service/th_February 2024")): Object: 'Object Repository/CURA_OR/Page_CURA Healthcare Service/th_February 2024' is clicked on

13-02-2024T22:15:37 - [MESSAGE][PASSED] - Object: 'Object Repository/CURA_OR/Page_CURA Healthcare Service/th_February 2024' is clicked on

13-02-2024T22:15:37 - [TEST_STEP][PASSED] - click(findTestObject("Object Repository/CURA_OR/Page_CURA Healthcare Service/th_2024")): Object: 'Object Repository/CURA_OR/Page_CURA Healthcare Service/th_2024' is clicked on

13-02-2024T22:15:37 - [MESSAGE][PASSED] - Object: 'Object Repository/CURA_OR/Page_CURA Healthcare Service/th_2024' is clicked on

13-02-2024T22:15:37 - [TEST_STEP][PASSED] - com.qa.test.custom_keyword.validateAppointmentDate(date, month, year): com.qa.test.custom_keyword.validateAppointmentDate is PASSED

13-02-2024T22:15:37 - [MESSAGE][WARNING] - Timeout '0' is invalid. Using default page load timeout: '30'

13-02-2024T22:15:38 - [MESSAGE][PASSED] - Object 'Object Repository/CURA_OR/Page_CURA Healthcare Service/yearObject' is present

13-02-2024T22:15:38 - [MESSAGE][PASSED] - Object: 'Object Repository/CURA_OR/Page_CURA Healthcare Service/yearObject' is clicked on

13-02-2024T22:15:38 - [MESSAGE][WARNING] - Timeout '0' is invalid. Using default page load timeout: '30'

13-02-2024T22:15:39 - [MESSAGE][PASSED] - Object 'Object Repository/CURA_OR/Page_CURA Healthcare Service/monthObject' is present

13-02-2024T22:15:39 - [MESSAGE][PASSED] - Object: 'Object Repository/CURA_OR/Page_CURA Healthcare Service/monthObject' is clicked on

13-02-2024T22:15:39 - [MESSAGE][WARNING] - Timeout '0' is invalid. Using default page load timeout: '30'

13-02-2024T22:15:40 - [MESSAGE][PASSED] - Object 'Object Repository/CURA_OR/Page_CURA Healthcare Service/dateObject' is present

13-02-2024T22:15:40 - [MESSAGE][PASSED] - Object: 'Object Repository/CURA_OR/Page_CURA Healthcare Service/dateObject' is clicked on

13-02-2024T22:15:41 - [MESSAGE][PASSED] - Object: 'Object Repository/CURA_OR/Page_CURA Healthcare Service/button_Book Appointment' is clicked on

13-02-2024T22:15:41 - [MESSAGE][WARNING] - Timeout '0' is invalid. Using default page load timeout: '30'

13-02-2024T22:15:41 - [MESSAGE][PASSED] - Object 'Object Repository/CURA_OR/Page_CURA Healthcare Service/h2_Appointment Confirmation' is present

13-02-2024T22:15:42 - [MESSAGE][PASSED] - Actual text and expected text of test object 'Object Repository/CURA_OR/Page_CURA Healthcare Service/p_20022024' are matched.

13-02-2024T22:15:42 - [MESSAGE][PASSED] - com.qa.test.custom_keyword.validateAppointmentDate is PASSED

13-02-2024T22:15:42 - [TEST_STEP][PASSED] - Start listener action : sampleAfterTestCase: Object: 'Object Repository/CURA_OR/Page_CURA Healthcare Service/a_Logout' is clicked on

13-02-2024T22:15:42 - [TEST_STEP][PASSED] - println("After Test Case -- Logging out"): null

13-02-2024T22:15:42 - [TEST_STEP][PASSED] - click(findTestObject("Object Repository/CURA_OR/Page_CURA Healthcare Service/amenu-toggle")): Object: 'Object Repository/CURA_OR/Page_CURA Healthcare Service/amenu-toggle' is clicked on

13-02-2024T22:15:42 - [MESSAGE][PASSED] - Object: 'Object Repository/CURA_OR/Page_CURA Healthcare Service/amenu-toggle' is clicked on

13-02-2024T22:15:42 - [TEST_STEP][PASSED] - click(findTestObject("Object Repository/CURA_OR/Page_CURA Healthcare Service/a_Logout")): Object: 'Object Repository/CURA_OR/Page_CURA Healthcare Service/a_Logout' is clicked on

13-02-2024T22:15:43 - [MESSAGE][PASSED] - Object: 'Object Repository/CURA_OR/Page_CURA Healthcare Service/a_Logout' is clicked on]]></system-out>
         <system-err><![CDATA[]]></system-err>
      </testcase>
      <testcase name="Test Cases/TC_CURA_MakeAppointment_005" time="11.469" classname="Test Cases/TC_CURA_MakeAppointment_005" status="PASSED">
         <system-out><![CDATA[13-02-2024T22:15:44 - [TEST_CASE][PASSED] - Test Cases/TC_CURA_MakeAppointment_005: Test Cases/TC_CURA_MakeAppointment_005

13-02-2024T22:15:44 - [TEST_STEP][PASSED] - Start listener action : sampleBeforeTestCase: Object: 'Object Repository/CURA_OR/Page_CURA Healthcare Service/button_Login' is clicked on

13-02-2024T22:15:44 - [TEST_STEP][PASSED] - println("Before Test Case -- Logging in"): null

13-02-2024T22:15:44 - [TEST_STEP][PASSED] - click(findTestObject("Object Repository/CURA_OR/Page_CURA Healthcare Service/amenu-toggle")): Object: 'Object Repository/CURA_OR/Page_CURA Healthcare Service/amenu-toggle' is clicked on

13-02-2024T22:15:44 - [MESSAGE][PASSED] - Object: 'Object Repository/CURA_OR/Page_CURA Healthcare Service/amenu-toggle' is clicked on

13-02-2024T22:15:44 - [TEST_STEP][PASSED] - click(findTestObject("Object Repository/CURA_OR/Page_CURA Healthcare Service/a_Login")): Object: 'Object Repository/CURA_OR/Page_CURA Healthcare Service/a_Login' is clicked on

13-02-2024T22:15:45 - [MESSAGE][PASSED] - Object: 'Object Repository/CURA_OR/Page_CURA Healthcare Service/a_Login' is clicked on

13-02-2024T22:15:45 - [TEST_STEP][PASSED] - setText(findTestObject("Object Repository/CURA_OR/Page_CURA Healthcare Service/input_username"), username): Text 'John Doe' is set on object 'Object Repository/CURA_OR/Page_CURA Healthcare Service/input_username'

13-02-2024T22:15:46 - [MESSAGE][PASSED] - Text 'John Doe' is set on object 'Object Repository/CURA_OR/Page_CURA Healthcare Service/input_username'

13-02-2024T22:15:46 - [TEST_STEP][PASSED] - setText(findTestObject("CURA_OR/Page_CURA Healthcare Service/input_password"), password): Text 'ThisIsNotAPassword' is set on object 'Object Repository/CURA_OR/Page_CURA Healthcare Service/input_password'

13-02-2024T22:15:46 - [MESSAGE][PASSED] - Text 'ThisIsNotAPassword' is set on object 'Object Repository/CURA_OR/Page_CURA Healthcare Service/input_password'

13-02-2024T22:15:46 - [TEST_STEP][PASSED] - click(findTestObject("Object Repository/CURA_OR/Page_CURA Healthcare Service/button_Login")): Object: 'Object Repository/CURA_OR/Page_CURA Healthcare Service/button_Login' is clicked on

13-02-2024T22:15:48 - [MESSAGE][PASSED] - Object: 'Object Repository/CURA_OR/Page_CURA Healthcare Service/button_Login' is clicked on

13-02-2024T22:15:48 - [TEST_STEP][PASSED] - click(findTestObject("Object Repository/CURA_OR/Page_CURA Healthcare Service/div_input-group-addon")): Object: 'Object Repository/CURA_OR/Page_CURA Healthcare Service/div_input-group-addon' is clicked on

13-02-2024T22:15:48 - [MESSAGE][PASSED] - Object: 'Object Repository/CURA_OR/Page_CURA Healthcare Service/div_input-group-addon' is clicked on

13-02-2024T22:15:48 - [TEST_STEP][PASSED] - click(findTestObject("Object Repository/CURA_OR/Page_CURA Healthcare Service/th_February 2024")): Object: 'Object Repository/CURA_OR/Page_CURA Healthcare Service/th_February 2024' is clicked on

13-02-2024T22:15:49 - [MESSAGE][PASSED] - Object: 'Object Repository/CURA_OR/Page_CURA Healthcare Service/th_February 2024' is clicked on

13-02-2024T22:15:49 - [TEST_STEP][PASSED] - click(findTestObject("Object Repository/CURA_OR/Page_CURA Healthcare Service/th_2024")): Object: 'Object Repository/CURA_OR/Page_CURA Healthcare Service/th_2024' is clicked on

13-02-2024T22:15:49 - [MESSAGE][PASSED] - Object: 'Object Repository/CURA_OR/Page_CURA Healthcare Service/th_2024' is clicked on

13-02-2024T22:15:49 - [TEST_STEP][PASSED] - com.qa.test.custom_keyword.validateAppointmentDate(date, month, year): com.qa.test.custom_keyword.validateAppointmentDate is PASSED

13-02-2024T22:15:49 - [MESSAGE][WARNING] - Timeout '0' is invalid. Using default page load timeout: '30'

13-02-2024T22:15:49 - [MESSAGE][PASSED] - Object 'Object Repository/CURA_OR/Page_CURA Healthcare Service/yearObject' is present

13-02-2024T22:15:50 - [MESSAGE][PASSED] - Object: 'Object Repository/CURA_OR/Page_CURA Healthcare Service/yearObject' is clicked on

13-02-2024T22:15:50 - [MESSAGE][WARNING] - Timeout '0' is invalid. Using default page load timeout: '30'

13-02-2024T22:15:50 - [MESSAGE][PASSED] - Object 'Object Repository/CURA_OR/Page_CURA Healthcare Service/monthObject' is present

13-02-2024T22:15:51 - [MESSAGE][PASSED] - Object: 'Object Repository/CURA_OR/Page_CURA Healthcare Service/monthObject' is clicked on

13-02-2024T22:15:51 - [MESSAGE][WARNING] - Timeout '0' is invalid. Using default page load timeout: '30'

13-02-2024T22:15:51 - [MESSAGE][PASSED] - Object 'Object Repository/CURA_OR/Page_CURA Healthcare Service/dateObject' is present

13-02-2024T22:15:52 - [MESSAGE][PASSED] - Object: 'Object Repository/CURA_OR/Page_CURA Healthcare Service/dateObject' is clicked on

13-02-2024T22:15:52 - [MESSAGE][PASSED] - Object: 'Object Repository/CURA_OR/Page_CURA Healthcare Service/button_Book Appointment' is clicked on

13-02-2024T22:15:52 - [MESSAGE][WARNING] - Timeout '0' is invalid. Using default page load timeout: '30'

13-02-2024T22:15:53 - [MESSAGE][PASSED] - Object 'Object Repository/CURA_OR/Page_CURA Healthcare Service/h2_Appointment Confirmation' is present

13-02-2024T22:15:53 - [MESSAGE][PASSED] - Actual text and expected text of test object 'Object Repository/CURA_OR/Page_CURA Healthcare Service/p_20022024' are matched.

13-02-2024T22:15:53 - [MESSAGE][PASSED] - com.qa.test.custom_keyword.validateAppointmentDate is PASSED

13-02-2024T22:15:53 - [TEST_STEP][PASSED] - Start listener action : sampleAfterTestCase: Object: 'Object Repository/CURA_OR/Page_CURA Healthcare Service/a_Logout' is clicked on

13-02-2024T22:15:53 - [TEST_STEP][PASSED] - println("After Test Case -- Logging out"): null

13-02-2024T22:15:53 - [TEST_STEP][PASSED] - click(findTestObject("Object Repository/CURA_OR/Page_CURA Healthcare Service/amenu-toggle")): Object: 'Object Repository/CURA_OR/Page_CURA Healthcare Service/amenu-toggle' is clicked on

13-02-2024T22:15:54 - [MESSAGE][PASSED] - Object: 'Object Repository/CURA_OR/Page_CURA Healthcare Service/amenu-toggle' is clicked on

13-02-2024T22:15:54 - [TEST_STEP][PASSED] - click(findTestObject("Object Repository/CURA_OR/Page_CURA Healthcare Service/a_Logout")): Object: 'Object Repository/CURA_OR/Page_CURA Healthcare Service/a_Logout' is clicked on

13-02-2024T22:15:55 - [MESSAGE][PASSED] - Object: 'Object Repository/CURA_OR/Page_CURA Healthcare Service/a_Logout' is clicked on]]></system-out>
         <system-err><![CDATA[]]></system-err>
      </testcase>
      <testcase name="Test Cases/TC_CURA_MakeAppointment_005" time="11.844" classname="Test Cases/TC_CURA_MakeAppointment_005" status="PASSED">
         <system-out><![CDATA[13-02-2024T22:15:55 - [TEST_CASE][PASSED] - Test Cases/TC_CURA_MakeAppointment_005: Test Cases/TC_CURA_MakeAppointment_005

13-02-2024T22:15:55 - [TEST_STEP][PASSED] - Start listener action : sampleBeforeTestCase: Object: 'Object Repository/CURA_OR/Page_CURA Healthcare Service/button_Login' is clicked on

13-02-2024T22:15:55 - [TEST_STEP][PASSED] - println("Before Test Case -- Logging in"): null

13-02-2024T22:15:55 - [TEST_STEP][PASSED] - click(findTestObject("Object Repository/CURA_OR/Page_CURA Healthcare Service/amenu-toggle")): Object: 'Object Repository/CURA_OR/Page_CURA Healthcare Service/amenu-toggle' is clicked on

13-02-2024T22:15:55 - [MESSAGE][PASSED] - Object: 'Object Repository/CURA_OR/Page_CURA Healthcare Service/amenu-toggle' is clicked on

13-02-2024T22:15:55 - [TEST_STEP][PASSED] - click(findTestObject("Object Repository/CURA_OR/Page_CURA Healthcare Service/a_Login")): Object: 'Object Repository/CURA_OR/Page_CURA Healthcare Service/a_Login' is clicked on

13-02-2024T22:15:56 - [MESSAGE][PASSED] - Object: 'Object Repository/CURA_OR/Page_CURA Healthcare Service/a_Login' is clicked on

13-02-2024T22:15:56 - [TEST_STEP][PASSED] - setText(findTestObject("Object Repository/CURA_OR/Page_CURA Healthcare Service/input_username"), username): Text 'John Doe' is set on object 'Object Repository/CURA_OR/Page_CURA Healthcare Service/input_username'

13-02-2024T22:15:57 - [MESSAGE][PASSED] - Text 'John Doe' is set on object 'Object Repository/CURA_OR/Page_CURA Healthcare Service/input_username'

13-02-2024T22:15:57 - [TEST_STEP][PASSED] - setText(findTestObject("CURA_OR/Page_CURA Healthcare Service/input_password"), password): Text 'ThisIsNotAPassword' is set on object 'Object Repository/CURA_OR/Page_CURA Healthcare Service/input_password'

13-02-2024T22:15:58 - [MESSAGE][PASSED] - Text 'ThisIsNotAPassword' is set on object 'Object Repository/CURA_OR/Page_CURA Healthcare Service/input_password'

13-02-2024T22:15:58 - [TEST_STEP][PASSED] - click(findTestObject("Object Repository/CURA_OR/Page_CURA Healthcare Service/button_Login")): Object: 'Object Repository/CURA_OR/Page_CURA Healthcare Service/button_Login' is clicked on

13-02-2024T22:15:59 - [MESSAGE][PASSED] - Object: 'Object Repository/CURA_OR/Page_CURA Healthcare Service/button_Login' is clicked on

13-02-2024T22:15:59 - [TEST_STEP][PASSED] - click(findTestObject("Object Repository/CURA_OR/Page_CURA Healthcare Service/div_input-group-addon")): Object: 'Object Repository/CURA_OR/Page_CURA Healthcare Service/div_input-group-addon' is clicked on

13-02-2024T22:15:59 - [MESSAGE][PASSED] - Object: 'Object Repository/CURA_OR/Page_CURA Healthcare Service/div_input-group-addon' is clicked on

13-02-2024T22:15:59 - [TEST_STEP][PASSED] - click(findTestObject("Object Repository/CURA_OR/Page_CURA Healthcare Service/th_February 2024")): Object: 'Object Repository/CURA_OR/Page_CURA Healthcare Service/th_February 2024' is clicked on

13-02-2024T22:16:00 - [MESSAGE][PASSED] - Object: 'Object Repository/CURA_OR/Page_CURA Healthcare Service/th_February 2024' is clicked on

13-02-2024T22:16:00 - [TEST_STEP][PASSED] - click(findTestObject("Object Repository/CURA_OR/Page_CURA Healthcare Service/th_2024")): Object: 'Object Repository/CURA_OR/Page_CURA Healthcare Service/th_2024' is clicked on

13-02-2024T22:16:01 - [MESSAGE][PASSED] - Object: 'Object Repository/CURA_OR/Page_CURA Healthcare Service/th_2024' is clicked on

13-02-2024T22:16:01 - [TEST_STEP][PASSED] - com.qa.test.custom_keyword.validateAppointmentDate(date, month, year): com.qa.test.custom_keyword.validateAppointmentDate is PASSED

13-02-2024T22:16:01 - [MESSAGE][WARNING] - Timeout '0' is invalid. Using default page load timeout: '30'

13-02-2024T22:16:01 - [MESSAGE][PASSED] - Object 'Object Repository/CURA_OR/Page_CURA Healthcare Service/yearObject' is present

13-02-2024T22:16:01 - [MESSAGE][PASSED] - Object: 'Object Repository/CURA_OR/Page_CURA Healthcare Service/yearObject' is clicked on

13-02-2024T22:16:01 - [MESSAGE][WARNING] - Timeout '0' is invalid. Using default page load timeout: '30'

13-02-2024T22:16:02 - [MESSAGE][PASSED] - Object 'Object Repository/CURA_OR/Page_CURA Healthcare Service/monthObject' is present

13-02-2024T22:16:02 - [MESSAGE][PASSED] - Object: 'Object Repository/CURA_OR/Page_CURA Healthcare Service/monthObject' is clicked on

13-02-2024T22:16:03 - [MESSAGE][WARNING] - Timeout '0' is invalid. Using default page load timeout: '30'

13-02-2024T22:16:03 - [MESSAGE][PASSED] - Object 'Object Repository/CURA_OR/Page_CURA Healthcare Service/dateObject' is present

13-02-2024T22:16:03 - [MESSAGE][PASSED] - Object: 'Object Repository/CURA_OR/Page_CURA Healthcare Service/dateObject' is clicked on

13-02-2024T22:16:04 - [MESSAGE][PASSED] - Object: 'Object Repository/CURA_OR/Page_CURA Healthcare Service/button_Book Appointment' is clicked on

13-02-2024T22:16:04 - [MESSAGE][WARNING] - Timeout '0' is invalid. Using default page load timeout: '30'

13-02-2024T22:16:05 - [MESSAGE][PASSED] - Object 'Object Repository/CURA_OR/Page_CURA Healthcare Service/h2_Appointment Confirmation' is present

13-02-2024T22:16:05 - [MESSAGE][PASSED] - Actual text and expected text of test object 'Object Repository/CURA_OR/Page_CURA Healthcare Service/p_20022024' are matched.

13-02-2024T22:16:05 - [MESSAGE][PASSED] - com.qa.test.custom_keyword.validateAppointmentDate is PASSED

13-02-2024T22:16:05 - [TEST_STEP][PASSED] - Start listener action : sampleAfterTestCase: Object: 'Object Repository/CURA_OR/Page_CURA Healthcare Service/a_Logout' is clicked on

13-02-2024T22:16:05 - [TEST_STEP][PASSED] - println("After Test Case -- Logging out"): null

13-02-2024T22:16:05 - [TEST_STEP][PASSED] - click(findTestObject("Object Repository/CURA_OR/Page_CURA Healthcare Service/amenu-toggle")): Object: 'Object Repository/CURA_OR/Page_CURA Healthcare Service/amenu-toggle' is clicked on

13-02-2024T22:16:06 - [MESSAGE][PASSED] - Object: 'Object Repository/CURA_OR/Page_CURA Healthcare Service/amenu-toggle' is clicked on

13-02-2024T22:16:06 - [TEST_STEP][PASSED] - click(findTestObject("Object Repository/CURA_OR/Page_CURA Healthcare Service/a_Logout")): Object: 'Object Repository/CURA_OR/Page_CURA Healthcare Service/a_Logout' is clicked on

13-02-2024T22:16:07 - [MESSAGE][PASSED] - Object: 'Object Repository/CURA_OR/Page_CURA Healthcare Service/a_Logout' is clicked on]]></system-out>
         <system-err><![CDATA[]]></system-err>
      </testcase>
      <testcase name="Test Cases/TC_CURA_MakeAppointment_005" time="11.637" classname="Test Cases/TC_CURA_MakeAppointment_005" status="PASSED">
         <system-out><![CDATA[13-02-2024T22:16:07 - [TEST_CASE][PASSED] - Test Cases/TC_CURA_MakeAppointment_005: Test Cases/TC_CURA_MakeAppointment_005

13-02-2024T22:16:07 - [TEST_STEP][PASSED] - Start listener action : sampleBeforeTestCase: Object: 'Object Repository/CURA_OR/Page_CURA Healthcare Service/button_Login' is clicked on

13-02-2024T22:16:07 - [TEST_STEP][PASSED] - println("Before Test Case -- Logging in"): null

13-02-2024T22:16:07 - [TEST_STEP][PASSED] - click(findTestObject("Object Repository/CURA_OR/Page_CURA Healthcare Service/amenu-toggle")): Object: 'Object Repository/CURA_OR/Page_CURA Healthcare Service/amenu-toggle' is clicked on

13-02-2024T22:16:07 - [MESSAGE][PASSED] - Object: 'Object Repository/CURA_OR/Page_CURA Healthcare Service/amenu-toggle' is clicked on

13-02-2024T22:16:07 - [TEST_STEP][PASSED] - click(findTestObject("Object Repository/CURA_OR/Page_CURA Healthcare Service/a_Login")): Object: 'Object Repository/CURA_OR/Page_CURA Healthcare Service/a_Login' is clicked on

13-02-2024T22:16:08 - [MESSAGE][PASSED] - Object: 'Object Repository/CURA_OR/Page_CURA Healthcare Service/a_Login' is clicked on

13-02-2024T22:16:08 - [TEST_STEP][PASSED] - setText(findTestObject("Object Repository/CURA_OR/Page_CURA Healthcare Service/input_username"), username): Text 'John Doe' is set on object 'Object Repository/CURA_OR/Page_CURA Healthcare Service/input_username'

13-02-2024T22:16:09 - [MESSAGE][PASSED] - Text 'John Doe' is set on object 'Object Repository/CURA_OR/Page_CURA Healthcare Service/input_username'

13-02-2024T22:16:09 - [TEST_STEP][PASSED] - setText(findTestObject("CURA_OR/Page_CURA Healthcare Service/input_password"), password): Text 'ThisIsNotAPassword' is set on object 'Object Repository/CURA_OR/Page_CURA Healthcare Service/input_password'

13-02-2024T22:16:10 - [MESSAGE][PASSED] - Text 'ThisIsNotAPassword' is set on object 'Object Repository/CURA_OR/Page_CURA Healthcare Service/input_password'

13-02-2024T22:16:10 - [TEST_STEP][PASSED] - click(findTestObject("Object Repository/CURA_OR/Page_CURA Healthcare Service/button_Login")): Object: 'Object Repository/CURA_OR/Page_CURA Healthcare Service/button_Login' is clicked on

13-02-2024T22:16:11 - [MESSAGE][PASSED] - Object: 'Object Repository/CURA_OR/Page_CURA Healthcare Service/button_Login' is clicked on

13-02-2024T22:16:11 - [TEST_STEP][PASSED] - click(findTestObject("Object Repository/CURA_OR/Page_CURA Healthcare Service/div_input-group-addon")): Object: 'Object Repository/CURA_OR/Page_CURA Healthcare Service/div_input-group-addon' is clicked on

13-02-2024T22:16:11 - [MESSAGE][PASSED] - Object: 'Object Repository/CURA_OR/Page_CURA Healthcare Service/div_input-group-addon' is clicked on

13-02-2024T22:16:11 - [TEST_STEP][PASSED] - click(findTestObject("Object Repository/CURA_OR/Page_CURA Healthcare Service/th_February 2024")): Object: 'Object Repository/CURA_OR/Page_CURA Healthcare Service/th_February 2024' is clicked on

13-02-2024T22:16:12 - [MESSAGE][PASSED] - Object: 'Object Repository/CURA_OR/Page_CURA Healthcare Service/th_February 2024' is clicked on

13-02-2024T22:16:12 - [TEST_STEP][PASSED] - click(findTestObject("Object Repository/CURA_OR/Page_CURA Healthcare Service/th_2024")): Object: 'Object Repository/CURA_OR/Page_CURA Healthcare Service/th_2024' is clicked on

13-02-2024T22:16:12 - [MESSAGE][PASSED] - Object: 'Object Repository/CURA_OR/Page_CURA Healthcare Service/th_2024' is clicked on

13-02-2024T22:16:12 - [TEST_STEP][PASSED] - com.qa.test.custom_keyword.validateAppointmentDate(date, month, year): com.qa.test.custom_keyword.validateAppointmentDate is PASSED

13-02-2024T22:16:13 - [MESSAGE][WARNING] - Timeout '0' is invalid. Using default page load timeout: '30'

13-02-2024T22:16:13 - [MESSAGE][PASSED] - Object 'Object Repository/CURA_OR/Page_CURA Healthcare Service/yearObject' is present

13-02-2024T22:16:13 - [MESSAGE][PASSED] - Object: 'Object Repository/CURA_OR/Page_CURA Healthcare Service/yearObject' is clicked on

13-02-2024T22:16:13 - [MESSAGE][WARNING] - Timeout '0' is invalid. Using default page load timeout: '30'

13-02-2024T22:16:14 - [MESSAGE][PASSED] - Object 'Object Repository/CURA_OR/Page_CURA Healthcare Service/monthObject' is present

13-02-2024T22:16:14 - [MESSAGE][PASSED] - Object: 'Object Repository/CURA_OR/Page_CURA Healthcare Service/monthObject' is clicked on

13-02-2024T22:16:14 - [MESSAGE][WARNING] - Timeout '0' is invalid. Using default page load timeout: '30'

13-02-2024T22:16:15 - [MESSAGE][PASSED] - Object 'Object Repository/CURA_OR/Page_CURA Healthcare Service/dateObject' is present

13-02-2024T22:16:15 - [MESSAGE][PASSED] - Object: 'Object Repository/CURA_OR/Page_CURA Healthcare Service/dateObject' is clicked on

13-02-2024T22:16:16 - [MESSAGE][PASSED] - Object: 'Object Repository/CURA_OR/Page_CURA Healthcare Service/button_Book Appointment' is clicked on

13-02-2024T22:16:16 - [MESSAGE][WARNING] - Timeout '0' is invalid. Using default page load timeout: '30'

13-02-2024T22:16:17 - [MESSAGE][PASSED] - Object 'Object Repository/CURA_OR/Page_CURA Healthcare Service/h2_Appointment Confirmation' is present

13-02-2024T22:16:17 - [MESSAGE][PASSED] - Actual text and expected text of test object 'Object Repository/CURA_OR/Page_CURA Healthcare Service/p_20022024' are matched.

13-02-2024T22:16:17 - [MESSAGE][PASSED] - com.qa.test.custom_keyword.validateAppointmentDate is PASSED

13-02-2024T22:16:17 - [TEST_STEP][PASSED] - Start listener action : sampleAfterTestCase: Object: 'Object Repository/CURA_OR/Page_CURA Healthcare Service/a_Logout' is clicked on

13-02-2024T22:16:17 - [TEST_STEP][PASSED] - println("After Test Case -- Logging out"): null

13-02-2024T22:16:17 - [TEST_STEP][PASSED] - click(findTestObject("Object Repository/CURA_OR/Page_CURA Healthcare Service/amenu-toggle")): Object: 'Object Repository/CURA_OR/Page_CURA Healthcare Service/amenu-toggle' is clicked on

13-02-2024T22:16:17 - [MESSAGE][PASSED] - Object: 'Object Repository/CURA_OR/Page_CURA Healthcare Service/amenu-toggle' is clicked on

13-02-2024T22:16:17 - [TEST_STEP][PASSED] - click(findTestObject("Object Repository/CURA_OR/Page_CURA Healthcare Service/a_Logout")): Object: 'Object Repository/CURA_OR/Page_CURA Healthcare Service/a_Logout' is clicked on

13-02-2024T22:16:19 - [MESSAGE][PASSED] - Object: 'Object Repository/CURA_OR/Page_CURA Healthcare Service/a_Logout' is clicked on]]></system-out>
         <system-err><![CDATA[]]></system-err>
      </testcase>
      <testcase name="Test Cases/TC_CURA_MakeAppointment_005" time="12.271" classname="Test Cases/TC_CURA_MakeAppointment_005" status="PASSED">
         <system-out><![CDATA[13-02-2024T22:16:19 - [TEST_CASE][PASSED] - Test Cases/TC_CURA_MakeAppointment_005: Test Cases/TC_CURA_MakeAppointment_005

13-02-2024T22:16:19 - [TEST_STEP][PASSED] - Start listener action : sampleBeforeTestCase: Object: 'Object Repository/CURA_OR/Page_CURA Healthcare Service/button_Login' is clicked on

13-02-2024T22:16:19 - [TEST_STEP][PASSED] - println("Before Test Case -- Logging in"): null

13-02-2024T22:16:19 - [TEST_STEP][PASSED] - click(findTestObject("Object Repository/CURA_OR/Page_CURA Healthcare Service/amenu-toggle")): Object: 'Object Repository/CURA_OR/Page_CURA Healthcare Service/amenu-toggle' is clicked on

13-02-2024T22:16:19 - [MESSAGE][PASSED] - Object: 'Object Repository/CURA_OR/Page_CURA Healthcare Service/amenu-toggle' is clicked on

13-02-2024T22:16:19 - [TEST_STEP][PASSED] - click(findTestObject("Object Repository/CURA_OR/Page_CURA Healthcare Service/a_Login")): Object: 'Object Repository/CURA_OR/Page_CURA Healthcare Service/a_Login' is clicked on

13-02-2024T22:16:20 - [MESSAGE][PASSED] - Object: 'Object Repository/CURA_OR/Page_CURA Healthcare Service/a_Login' is clicked on

13-02-2024T22:16:20 - [TEST_STEP][PASSED] - setText(findTestObject("Object Repository/CURA_OR/Page_CURA Healthcare Service/input_username"), username): Text 'John Doe' is set on object 'Object Repository/CURA_OR/Page_CURA Healthcare Service/input_username'

13-02-2024T22:16:21 - [MESSAGE][PASSED] - Text 'John Doe' is set on object 'Object Repository/CURA_OR/Page_CURA Healthcare Service/input_username'

13-02-2024T22:16:21 - [TEST_STEP][PASSED] - setText(findTestObject("CURA_OR/Page_CURA Healthcare Service/input_password"), password): Text 'ThisIsNotAPassword' is set on object 'Object Repository/CURA_OR/Page_CURA Healthcare Service/input_password'

13-02-2024T22:16:22 - [MESSAGE][PASSED] - Text 'ThisIsNotAPassword' is set on object 'Object Repository/CURA_OR/Page_CURA Healthcare Service/input_password'

13-02-2024T22:16:22 - [TEST_STEP][PASSED] - click(findTestObject("Object Repository/CURA_OR/Page_CURA Healthcare Service/button_Login")): Object: 'Object Repository/CURA_OR/Page_CURA Healthcare Service/button_Login' is clicked on

13-02-2024T22:16:23 - [MESSAGE][PASSED] - Object: 'Object Repository/CURA_OR/Page_CURA Healthcare Service/button_Login' is clicked on

13-02-2024T22:16:23 - [TEST_STEP][PASSED] - click(findTestObject("Object Repository/CURA_OR/Page_CURA Healthcare Service/div_input-group-addon")): Object: 'Object Repository/CURA_OR/Page_CURA Healthcare Service/div_input-group-addon' is clicked on

13-02-2024T22:16:24 - [MESSAGE][PASSED] - Object: 'Object Repository/CURA_OR/Page_CURA Healthcare Service/div_input-group-addon' is clicked on

13-02-2024T22:16:24 - [TEST_STEP][PASSED] - click(findTestObject("Object Repository/CURA_OR/Page_CURA Healthcare Service/th_February 2024")): Object: 'Object Repository/CURA_OR/Page_CURA Healthcare Service/th_February 2024' is clicked on

13-02-2024T22:16:24 - [MESSAGE][PASSED] - Object: 'Object Repository/CURA_OR/Page_CURA Healthcare Service/th_February 2024' is clicked on

13-02-2024T22:16:24 - [TEST_STEP][PASSED] - click(findTestObject("Object Repository/CURA_OR/Page_CURA Healthcare Service/th_2024")): Object: 'Object Repository/CURA_OR/Page_CURA Healthcare Service/th_2024' is clicked on

13-02-2024T22:16:25 - [MESSAGE][PASSED] - Object: 'Object Repository/CURA_OR/Page_CURA Healthcare Service/th_2024' is clicked on

13-02-2024T22:16:25 - [TEST_STEP][PASSED] - com.qa.test.custom_keyword.validateAppointmentDate(date, month, year): com.qa.test.custom_keyword.validateAppointmentDate is PASSED

13-02-2024T22:16:25 - [MESSAGE][WARNING] - Timeout '0' is invalid. Using default page load timeout: '30'

13-02-2024T22:16:25 - [MESSAGE][PASSED] - Object 'Object Repository/CURA_OR/Page_CURA Healthcare Service/yearObject' is present

13-02-2024T22:16:26 - [MESSAGE][PASSED] - Object: 'Object Repository/CURA_OR/Page_CURA Healthcare Service/yearObject' is clicked on

13-02-2024T22:16:26 - [MESSAGE][WARNING] - Timeout '0' is invalid. Using default page load timeout: '30'

13-02-2024T22:16:26 - [MESSAGE][PASSED] - Object 'Object Repository/CURA_OR/Page_CURA Healthcare Service/monthObject' is present

13-02-2024T22:16:27 - [MESSAGE][PASSED] - Object: 'Object Repository/CURA_OR/Page_CURA Healthcare Service/monthObject' is clicked on

13-02-2024T22:16:27 - [MESSAGE][WARNING] - Timeout '0' is invalid. Using default page load timeout: '30'

13-02-2024T22:16:27 - [MESSAGE][PASSED] - Object 'Object Repository/CURA_OR/Page_CURA Healthcare Service/dateObject' is present

13-02-2024T22:16:27 - [MESSAGE][PASSED] - Object: 'Object Repository/CURA_OR/Page_CURA Healthcare Service/dateObject' is clicked on

13-02-2024T22:16:28 - [MESSAGE][PASSED] - Object: 'Object Repository/CURA_OR/Page_CURA Healthcare Service/button_Book Appointment' is clicked on

13-02-2024T22:16:29 - [MESSAGE][WARNING] - Timeout '0' is invalid. Using default page load timeout: '30'

13-02-2024T22:16:29 - [MESSAGE][PASSED] - Object 'Object Repository/CURA_OR/Page_CURA Healthcare Service/h2_Appointment Confirmation' is present

13-02-2024T22:16:29 - [MESSAGE][PASSED] - Actual text and expected text of test object 'Object Repository/CURA_OR/Page_CURA Healthcare Service/p_20022024' are matched.

13-02-2024T22:16:29 - [MESSAGE][PASSED] - com.qa.test.custom_keyword.validateAppointmentDate is PASSED

13-02-2024T22:16:29 - [TEST_STEP][PASSED] - Start listener action : sampleAfterTestCase: Object: 'Object Repository/CURA_OR/Page_CURA Healthcare Service/a_Logout' is clicked on

13-02-2024T22:16:29 - [TEST_STEP][PASSED] - println("After Test Case -- Logging out"): null

13-02-2024T22:16:29 - [TEST_STEP][PASSED] - click(findTestObject("Object Repository/CURA_OR/Page_CURA Healthcare Service/amenu-toggle")): Object: 'Object Repository/CURA_OR/Page_CURA Healthcare Service/amenu-toggle' is clicked on

13-02-2024T22:16:30 - [MESSAGE][PASSED] - Object: 'Object Repository/CURA_OR/Page_CURA Healthcare Service/amenu-toggle' is clicked on

13-02-2024T22:16:30 - [TEST_STEP][PASSED] - click(findTestObject("Object Repository/CURA_OR/Page_CURA Healthcare Service/a_Logout")): Object: 'Object Repository/CURA_OR/Page_CURA Healthcare Service/a_Logout' is clicked on

13-02-2024T22:16:31 - [MESSAGE][PASSED] - Object: 'Object Repository/CURA_OR/Page_CURA Healthcare Service/a_Logout' is clicked on]]></system-out>
         <system-err><![CDATA[]]></system-err>
      </testcase>
      <testcase name="Test Cases/TC_CURA_MakeAppointment_005" time="15.837" classname="Test Cases/TC_CURA_MakeAppointment_005" status="PASSED">
         <system-out><![CDATA[13-02-2024T22:16:31 - [TEST_CASE][PASSED] - Test Cases/TC_CURA_MakeAppointment_005: Test Cases/TC_CURA_MakeAppointment_005

13-02-2024T22:16:31 - [TEST_STEP][PASSED] - Start listener action : sampleBeforeTestCase: Object: 'Object Repository/CURA_OR/Page_CURA Healthcare Service/button_Login' is clicked on

13-02-2024T22:16:31 - [TEST_STEP][PASSED] - println("Before Test Case -- Logging in"): null

13-02-2024T22:16:31 - [TEST_STEP][PASSED] - click(findTestObject("Object Repository/CURA_OR/Page_CURA Healthcare Service/amenu-toggle")): Object: 'Object Repository/CURA_OR/Page_CURA Healthcare Service/amenu-toggle' is clicked on

13-02-2024T22:16:31 - [MESSAGE][PASSED] - Object: 'Object Repository/CURA_OR/Page_CURA Healthcare Service/amenu-toggle' is clicked on

13-02-2024T22:16:31 - [TEST_STEP][PASSED] - click(findTestObject("Object Repository/CURA_OR/Page_CURA Healthcare Service/a_Login")): Object: 'Object Repository/CURA_OR/Page_CURA Healthcare Service/a_Login' is clicked on

13-02-2024T22:16:32 - [MESSAGE][PASSED] - Object: 'Object Repository/CURA_OR/Page_CURA Healthcare Service/a_Login' is clicked on

13-02-2024T22:16:32 - [TEST_STEP][PASSED] - setText(findTestObject("Object Repository/CURA_OR/Page_CURA Healthcare Service/input_username"), username): Text 'John Doe' is set on object 'Object Repository/CURA_OR/Page_CURA Healthcare Service/input_username'

13-02-2024T22:16:33 - [MESSAGE][PASSED] - Text 'John Doe' is set on object 'Object Repository/CURA_OR/Page_CURA Healthcare Service/input_username'

13-02-2024T22:16:33 - [TEST_STEP][PASSED] - setText(findTestObject("CURA_OR/Page_CURA Healthcare Service/input_password"), password): Text 'ThisIsNotAPassword' is set on object 'Object Repository/CURA_OR/Page_CURA Healthcare Service/input_password'

13-02-2024T22:16:34 - [MESSAGE][PASSED] - Text 'ThisIsNotAPassword' is set on object 'Object Repository/CURA_OR/Page_CURA Healthcare Service/input_password'

13-02-2024T22:16:34 - [TEST_STEP][PASSED] - click(findTestObject("Object Repository/CURA_OR/Page_CURA Healthcare Service/button_Login")): Object: 'Object Repository/CURA_OR/Page_CURA Healthcare Service/button_Login' is clicked on

13-02-2024T22:16:39 - [MESSAGE][PASSED] - Object: 'Object Repository/CURA_OR/Page_CURA Healthcare Service/button_Login' is clicked on

13-02-2024T22:16:39 - [TEST_STEP][PASSED] - click(findTestObject("Object Repository/CURA_OR/Page_CURA Healthcare Service/div_input-group-addon")): Object: 'Object Repository/CURA_OR/Page_CURA Healthcare Service/div_input-group-addon' is clicked on

13-02-2024T22:16:39 - [MESSAGE][PASSED] - Object: 'Object Repository/CURA_OR/Page_CURA Healthcare Service/div_input-group-addon' is clicked on

13-02-2024T22:16:39 - [TEST_STEP][PASSED] - click(findTestObject("Object Repository/CURA_OR/Page_CURA Healthcare Service/th_February 2024")): Object: 'Object Repository/CURA_OR/Page_CURA Healthcare Service/th_February 2024' is clicked on

13-02-2024T22:16:40 - [MESSAGE][PASSED] - Object: 'Object Repository/CURA_OR/Page_CURA Healthcare Service/th_February 2024' is clicked on

13-02-2024T22:16:40 - [TEST_STEP][PASSED] - click(findTestObject("Object Repository/CURA_OR/Page_CURA Healthcare Service/th_2024")): Object: 'Object Repository/CURA_OR/Page_CURA Healthcare Service/th_2024' is clicked on

13-02-2024T22:16:40 - [MESSAGE][PASSED] - Object: 'Object Repository/CURA_OR/Page_CURA Healthcare Service/th_2024' is clicked on

13-02-2024T22:16:40 - [TEST_STEP][PASSED] - com.qa.test.custom_keyword.validateAppointmentDate(date, month, year): com.qa.test.custom_keyword.validateAppointmentDate is PASSED

13-02-2024T22:16:40 - [MESSAGE][WARNING] - Timeout '0' is invalid. Using default page load timeout: '30'

13-02-2024T22:16:41 - [MESSAGE][PASSED] - Object 'Object Repository/CURA_OR/Page_CURA Healthcare Service/yearObject' is present

13-02-2024T22:16:41 - [MESSAGE][PASSED] - Object: 'Object Repository/CURA_OR/Page_CURA Healthcare Service/yearObject' is clicked on

13-02-2024T22:16:41 - [MESSAGE][WARNING] - Timeout '0' is invalid. Using default page load timeout: '30'

13-02-2024T22:16:42 - [MESSAGE][PASSED] - Object 'Object Repository/CURA_OR/Page_CURA Healthcare Service/monthObject' is present

13-02-2024T22:16:42 - [MESSAGE][PASSED] - Object: 'Object Repository/CURA_OR/Page_CURA Healthcare Service/monthObject' is clicked on

13-02-2024T22:16:42 - [MESSAGE][WARNING] - Timeout '0' is invalid. Using default page load timeout: '30'

13-02-2024T22:16:42 - [MESSAGE][PASSED] - Object 'Object Repository/CURA_OR/Page_CURA Healthcare Service/dateObject' is present

13-02-2024T22:16:43 - [MESSAGE][PASSED] - Object: 'Object Repository/CURA_OR/Page_CURA Healthcare Service/dateObject' is clicked on

13-02-2024T22:16:45 - [MESSAGE][PASSED] - Object: 'Object Repository/CURA_OR/Page_CURA Healthcare Service/button_Book Appointment' is clicked on

13-02-2024T22:16:45 - [MESSAGE][WARNING] - Timeout '0' is invalid. Using default page load timeout: '30'

13-02-2024T22:16:45 - [MESSAGE][PASSED] - Object 'Object Repository/CURA_OR/Page_CURA Healthcare Service/h2_Appointment Confirmation' is present

13-02-2024T22:16:45 - [MESSAGE][PASSED] - Actual text and expected text of test object 'Object Repository/CURA_OR/Page_CURA Healthcare Service/p_20022024' are matched.

13-02-2024T22:16:45 - [MESSAGE][PASSED] - com.qa.test.custom_keyword.validateAppointmentDate is PASSED

13-02-2024T22:16:45 - [TEST_STEP][PASSED] - Start listener action : sampleAfterTestCase: Object: 'Object Repository/CURA_OR/Page_CURA Healthcare Service/a_Logout' is clicked on

13-02-2024T22:16:45 - [TEST_STEP][PASSED] - println("After Test Case -- Logging out"): null

13-02-2024T22:16:45 - [TEST_STEP][PASSED] - click(findTestObject("Object Repository/CURA_OR/Page_CURA Healthcare Service/amenu-toggle")): Object: 'Object Repository/CURA_OR/Page_CURA Healthcare Service/amenu-toggle' is clicked on

13-02-2024T22:16:46 - [MESSAGE][PASSED] - Object: 'Object Repository/CURA_OR/Page_CURA Healthcare Service/amenu-toggle' is clicked on

13-02-2024T22:16:46 - [TEST_STEP][PASSED] - click(findTestObject("Object Repository/CURA_OR/Page_CURA Healthcare Service/a_Logout")): Object: 'Object Repository/CURA_OR/Page_CURA Healthcare Service/a_Logout' is clicked on

13-02-2024T22:16:47 - [MESSAGE][PASSED] - Object: 'Object Repository/CURA_OR/Page_CURA Healthcare Service/a_Logout' is clicked on]]></system-out>
         <system-err><![CDATA[]]></system-err>
      </testcase>
      <testcase name="Test Cases/TC_CURA_MakeAppointment_005" time="15.734" classname="Test Cases/TC_CURA_MakeAppointment_005" status="PASSED">
         <system-out><![CDATA[13-02-2024T22:16:47 - [TEST_CASE][PASSED] - Test Cases/TC_CURA_MakeAppointment_005: Test Cases/TC_CURA_MakeAppointment_005

13-02-2024T22:16:47 - [TEST_STEP][PASSED] - Start listener action : sampleBeforeTestCase: Object: 'Object Repository/CURA_OR/Page_CURA Healthcare Service/button_Login' is clicked on

13-02-2024T22:16:47 - [TEST_STEP][PASSED] - println("Before Test Case -- Logging in"): null

13-02-2024T22:16:47 - [TEST_STEP][PASSED] - click(findTestObject("Object Repository/CURA_OR/Page_CURA Healthcare Service/amenu-toggle")): Object: 'Object Repository/CURA_OR/Page_CURA Healthcare Service/amenu-toggle' is clicked on

13-02-2024T22:16:47 - [MESSAGE][PASSED] - Object: 'Object Repository/CURA_OR/Page_CURA Healthcare Service/amenu-toggle' is clicked on

13-02-2024T22:16:47 - [TEST_STEP][PASSED] - click(findTestObject("Object Repository/CURA_OR/Page_CURA Healthcare Service/a_Login")): Object: 'Object Repository/CURA_OR/Page_CURA Healthcare Service/a_Login' is clicked on

13-02-2024T22:16:49 - [MESSAGE][PASSED] - Object: 'Object Repository/CURA_OR/Page_CURA Healthcare Service/a_Login' is clicked on

13-02-2024T22:16:49 - [TEST_STEP][PASSED] - setText(findTestObject("Object Repository/CURA_OR/Page_CURA Healthcare Service/input_username"), username): Text 'John Doe' is set on object 'Object Repository/CURA_OR/Page_CURA Healthcare Service/input_username'

13-02-2024T22:16:50 - [MESSAGE][PASSED] - Text 'John Doe' is set on object 'Object Repository/CURA_OR/Page_CURA Healthcare Service/input_username'

13-02-2024T22:16:50 - [TEST_STEP][PASSED] - setText(findTestObject("CURA_OR/Page_CURA Healthcare Service/input_password"), password): Text 'ThisIsNotAPassword' is set on object 'Object Repository/CURA_OR/Page_CURA Healthcare Service/input_password'

13-02-2024T22:16:50 - [MESSAGE][PASSED] - Text 'ThisIsNotAPassword' is set on object 'Object Repository/CURA_OR/Page_CURA Healthcare Service/input_password'

13-02-2024T22:16:50 - [TEST_STEP][PASSED] - click(findTestObject("Object Repository/CURA_OR/Page_CURA Healthcare Service/button_Login")): Object: 'Object Repository/CURA_OR/Page_CURA Healthcare Service/button_Login' is clicked on

13-02-2024T22:16:54 - [MESSAGE][PASSED] - Object: 'Object Repository/CURA_OR/Page_CURA Healthcare Service/button_Login' is clicked on

13-02-2024T22:16:54 - [TEST_STEP][PASSED] - click(findTestObject("Object Repository/CURA_OR/Page_CURA Healthcare Service/div_input-group-addon")): Object: 'Object Repository/CURA_OR/Page_CURA Healthcare Service/div_input-group-addon' is clicked on

13-02-2024T22:16:54 - [MESSAGE][PASSED] - Object: 'Object Repository/CURA_OR/Page_CURA Healthcare Service/div_input-group-addon' is clicked on

13-02-2024T22:16:54 - [TEST_STEP][PASSED] - click(findTestObject("Object Repository/CURA_OR/Page_CURA Healthcare Service/th_February 2024")): Object: 'Object Repository/CURA_OR/Page_CURA Healthcare Service/th_February 2024' is clicked on

13-02-2024T22:16:55 - [MESSAGE][PASSED] - Object: 'Object Repository/CURA_OR/Page_CURA Healthcare Service/th_February 2024' is clicked on

13-02-2024T22:16:55 - [TEST_STEP][PASSED] - click(findTestObject("Object Repository/CURA_OR/Page_CURA Healthcare Service/th_2024")): Object: 'Object Repository/CURA_OR/Page_CURA Healthcare Service/th_2024' is clicked on

13-02-2024T22:16:55 - [MESSAGE][PASSED] - Object: 'Object Repository/CURA_OR/Page_CURA Healthcare Service/th_2024' is clicked on

13-02-2024T22:16:55 - [TEST_STEP][PASSED] - com.qa.test.custom_keyword.validateAppointmentDate(date, month, year): com.qa.test.custom_keyword.validateAppointmentDate is PASSED

13-02-2024T22:16:55 - [MESSAGE][WARNING] - Timeout '0' is invalid. Using default page load timeout: '30'

13-02-2024T22:16:56 - [MESSAGE][PASSED] - Object 'Object Repository/CURA_OR/Page_CURA Healthcare Service/yearObject' is present

13-02-2024T22:16:56 - [MESSAGE][PASSED] - Object: 'Object Repository/CURA_OR/Page_CURA Healthcare Service/yearObject' is clicked on

13-02-2024T22:16:56 - [MESSAGE][WARNING] - Timeout '0' is invalid. Using default page load timeout: '30'

13-02-2024T22:16:57 - [MESSAGE][PASSED] - Object 'Object Repository/CURA_OR/Page_CURA Healthcare Service/monthObject' is present

13-02-2024T22:16:57 - [MESSAGE][PASSED] - Object: 'Object Repository/CURA_OR/Page_CURA Healthcare Service/monthObject' is clicked on

13-02-2024T22:16:57 - [MESSAGE][WARNING] - Timeout '0' is invalid. Using default page load timeout: '30'

13-02-2024T22:16:57 - [MESSAGE][PASSED] - Object 'Object Repository/CURA_OR/Page_CURA Healthcare Service/dateObject' is present

13-02-2024T22:16:58 - [MESSAGE][PASSED] - Object: 'Object Repository/CURA_OR/Page_CURA Healthcare Service/dateObject' is clicked on

13-02-2024T22:17:00 - [MESSAGE][PASSED] - Object: 'Object Repository/CURA_OR/Page_CURA Healthcare Service/button_Book Appointment' is clicked on

13-02-2024T22:17:00 - [MESSAGE][WARNING] - Timeout '0' is invalid. Using default page load timeout: '30'

13-02-2024T22:17:00 - [MESSAGE][PASSED] - Object 'Object Repository/CURA_OR/Page_CURA Healthcare Service/h2_Appointment Confirmation' is present

13-02-2024T22:17:01 - [MESSAGE][PASSED] - Actual text and expected text of test object 'Object Repository/CURA_OR/Page_CURA Healthcare Service/p_20022024' are matched.

13-02-2024T22:17:01 - [MESSAGE][PASSED] - com.qa.test.custom_keyword.validateAppointmentDate is PASSED

13-02-2024T22:17:01 - [TEST_STEP][PASSED] - Start listener action : sampleAfterTestCase: Object: 'Object Repository/CURA_OR/Page_CURA Healthcare Service/a_Logout' is clicked on

13-02-2024T22:17:01 - [TEST_STEP][PASSED] - println("After Test Case -- Logging out"): null

13-02-2024T22:17:01 - [TEST_STEP][PASSED] - click(findTestObject("Object Repository/CURA_OR/Page_CURA Healthcare Service/amenu-toggle")): Object: 'Object Repository/CURA_OR/Page_CURA Healthcare Service/amenu-toggle' is clicked on

13-02-2024T22:17:01 - [MESSAGE][PASSED] - Object: 'Object Repository/CURA_OR/Page_CURA Healthcare Service/amenu-toggle' is clicked on

13-02-2024T22:17:01 - [TEST_STEP][PASSED] - click(findTestObject("Object Repository/CURA_OR/Page_CURA Healthcare Service/a_Logout")): Object: 'Object Repository/CURA_OR/Page_CURA Healthcare Service/a_Logout' is clicked on

13-02-2024T22:17:03 - [MESSAGE][PASSED] - Object: 'Object Repository/CURA_OR/Page_CURA Healthcare Service/a_Logout' is clicked on]]></system-out>
         <system-err><![CDATA[]]></system-err>
      </testcase>
      <testcase name="Test Cases/TC_CURA_MakeAppointment_005" time="12.788" classname="Test Cases/TC_CURA_MakeAppointment_005" status="PASSED">
         <system-out><![CDATA[13-02-2024T22:17:03 - [TEST_CASE][PASSED] - Test Cases/TC_CURA_MakeAppointment_005: Test Cases/TC_CURA_MakeAppointment_005

13-02-2024T22:17:03 - [TEST_STEP][PASSED] - Start listener action : sampleBeforeTestCase: Object: 'Object Repository/CURA_OR/Page_CURA Healthcare Service/button_Login' is clicked on

13-02-2024T22:17:03 - [TEST_STEP][PASSED] - println("Before Test Case -- Logging in"): null

13-02-2024T22:17:03 - [TEST_STEP][PASSED] - click(findTestObject("Object Repository/CURA_OR/Page_CURA Healthcare Service/amenu-toggle")): Object: 'Object Repository/CURA_OR/Page_CURA Healthcare Service/amenu-toggle' is clicked on

13-02-2024T22:17:03 - [MESSAGE][PASSED] - Object: 'Object Repository/CURA_OR/Page_CURA Healthcare Service/amenu-toggle' is clicked on

13-02-2024T22:17:03 - [TEST_STEP][PASSED] - click(findTestObject("Object Repository/CURA_OR/Page_CURA Healthcare Service/a_Login")): Object: 'Object Repository/CURA_OR/Page_CURA Healthcare Service/a_Login' is clicked on

13-02-2024T22:17:04 - [MESSAGE][PASSED] - Object: 'Object Repository/CURA_OR/Page_CURA Healthcare Service/a_Login' is clicked on

13-02-2024T22:17:04 - [TEST_STEP][PASSED] - setText(findTestObject("Object Repository/CURA_OR/Page_CURA Healthcare Service/input_username"), username): Text 'John Doe' is set on object 'Object Repository/CURA_OR/Page_CURA Healthcare Service/input_username'

13-02-2024T22:17:05 - [MESSAGE][PASSED] - Text 'John Doe' is set on object 'Object Repository/CURA_OR/Page_CURA Healthcare Service/input_username'

13-02-2024T22:17:05 - [TEST_STEP][PASSED] - setText(findTestObject("CURA_OR/Page_CURA Healthcare Service/input_password"), password): Text 'ThisIsNotAPassword' is set on object 'Object Repository/CURA_OR/Page_CURA Healthcare Service/input_password'

13-02-2024T22:17:06 - [MESSAGE][PASSED] - Text 'ThisIsNotAPassword' is set on object 'Object Repository/CURA_OR/Page_CURA Healthcare Service/input_password'

13-02-2024T22:17:06 - [TEST_STEP][PASSED] - click(findTestObject("Object Repository/CURA_OR/Page_CURA Healthcare Service/button_Login")): Object: 'Object Repository/CURA_OR/Page_CURA Healthcare Service/button_Login' is clicked on

13-02-2024T22:17:07 - [MESSAGE][PASSED] - Object: 'Object Repository/CURA_OR/Page_CURA Healthcare Service/button_Login' is clicked on

13-02-2024T22:17:07 - [TEST_STEP][PASSED] - click(findTestObject("Object Repository/CURA_OR/Page_CURA Healthcare Service/div_input-group-addon")): Object: 'Object Repository/CURA_OR/Page_CURA Healthcare Service/div_input-group-addon' is clicked on

13-02-2024T22:17:08 - [MESSAGE][PASSED] - Object: 'Object Repository/CURA_OR/Page_CURA Healthcare Service/div_input-group-addon' is clicked on

13-02-2024T22:17:08 - [TEST_STEP][PASSED] - click(findTestObject("Object Repository/CURA_OR/Page_CURA Healthcare Service/th_February 2024")): Object: 'Object Repository/CURA_OR/Page_CURA Healthcare Service/th_February 2024' is clicked on

13-02-2024T22:17:09 - [MESSAGE][PASSED] - Object: 'Object Repository/CURA_OR/Page_CURA Healthcare Service/th_February 2024' is clicked on

13-02-2024T22:17:09 - [TEST_STEP][PASSED] - click(findTestObject("Object Repository/CURA_OR/Page_CURA Healthcare Service/th_2024")): Object: 'Object Repository/CURA_OR/Page_CURA Healthcare Service/th_2024' is clicked on

13-02-2024T22:17:09 - [MESSAGE][PASSED] - Object: 'Object Repository/CURA_OR/Page_CURA Healthcare Service/th_2024' is clicked on

13-02-2024T22:17:09 - [TEST_STEP][PASSED] - com.qa.test.custom_keyword.validateAppointmentDate(date, month, year): com.qa.test.custom_keyword.validateAppointmentDate is PASSED

13-02-2024T22:17:09 - [MESSAGE][WARNING] - Timeout '0' is invalid. Using default page load timeout: '30'

13-02-2024T22:17:09 - [MESSAGE][PASSED] - Object 'Object Repository/CURA_OR/Page_CURA Healthcare Service/yearObject' is present

13-02-2024T22:17:10 - [MESSAGE][PASSED] - Object: 'Object Repository/CURA_OR/Page_CURA Healthcare Service/yearObject' is clicked on

13-02-2024T22:17:10 - [MESSAGE][WARNING] - Timeout '0' is invalid. Using default page load timeout: '30'

13-02-2024T22:17:10 - [MESSAGE][PASSED] - Object 'Object Repository/CURA_OR/Page_CURA Healthcare Service/monthObject' is present

13-02-2024T22:17:11 - [MESSAGE][PASSED] - Object: 'Object Repository/CURA_OR/Page_CURA Healthcare Service/monthObject' is clicked on

13-02-2024T22:17:11 - [MESSAGE][WARNING] - Timeout '0' is invalid. Using default page load timeout: '30'

13-02-2024T22:17:11 - [MESSAGE][PASSED] - Object 'Object Repository/CURA_OR/Page_CURA Healthcare Service/dateObject' is present

13-02-2024T22:17:12 - [MESSAGE][PASSED] - Object: 'Object Repository/CURA_OR/Page_CURA Healthcare Service/dateObject' is clicked on

13-02-2024T22:17:13 - [MESSAGE][PASSED] - Object: 'Object Repository/CURA_OR/Page_CURA Healthcare Service/button_Book Appointment' is clicked on

13-02-2024T22:17:13 - [MESSAGE][WARNING] - Timeout '0' is invalid. Using default page load timeout: '30'

13-02-2024T22:17:13 - [MESSAGE][PASSED] - Object 'Object Repository/CURA_OR/Page_CURA Healthcare Service/h2_Appointment Confirmation' is present

13-02-2024T22:17:14 - [MESSAGE][PASSED] - Actual text and expected text of test object 'Object Repository/CURA_OR/Page_CURA Healthcare Service/p_20022024' are matched.

13-02-2024T22:17:14 - [MESSAGE][PASSED] - com.qa.test.custom_keyword.validateAppointmentDate is PASSED

13-02-2024T22:17:14 - [TEST_STEP][PASSED] - Start listener action : sampleAfterTestCase: Object: 'Object Repository/CURA_OR/Page_CURA Healthcare Service/a_Logout' is clicked on

13-02-2024T22:17:14 - [TEST_STEP][PASSED] - println("After Test Case -- Logging out"): null

13-02-2024T22:17:14 - [TEST_STEP][PASSED] - click(findTestObject("Object Repository/CURA_OR/Page_CURA Healthcare Service/amenu-toggle")): Object: 'Object Repository/CURA_OR/Page_CURA Healthcare Service/amenu-toggle' is clicked on

13-02-2024T22:17:14 - [MESSAGE][PASSED] - Object: 'Object Repository/CURA_OR/Page_CURA Healthcare Service/amenu-toggle' is clicked on

13-02-2024T22:17:14 - [TEST_STEP][PASSED] - click(findTestObject("Object Repository/CURA_OR/Page_CURA Healthcare Service/a_Logout")): Object: 'Object Repository/CURA_OR/Page_CURA Healthcare Service/a_Logout' is clicked on

13-02-2024T22:17:15 - [MESSAGE][PASSED] - Object: 'Object Repository/CURA_OR/Page_CURA Healthcare Service/a_Logout' is clicked on]]></system-out>
         <system-err><![CDATA[]]></system-err>
      </testcase>
      <testcase name="Test Cases/TC_CURA_MakeAppointment_005" time="12.357" classname="Test Cases/TC_CURA_MakeAppointment_005" status="PASSED">
         <system-out><![CDATA[13-02-2024T22:17:16 - [TEST_CASE][PASSED] - Test Cases/TC_CURA_MakeAppointment_005: Test Cases/TC_CURA_MakeAppointment_005

13-02-2024T22:17:16 - [TEST_STEP][PASSED] - Start listener action : sampleBeforeTestCase: Object: 'Object Repository/CURA_OR/Page_CURA Healthcare Service/button_Login' is clicked on

13-02-2024T22:17:16 - [TEST_STEP][PASSED] - println("Before Test Case -- Logging in"): null

13-02-2024T22:17:16 - [TEST_STEP][PASSED] - click(findTestObject("Object Repository/CURA_OR/Page_CURA Healthcare Service/amenu-toggle")): Object: 'Object Repository/CURA_OR/Page_CURA Healthcare Service/amenu-toggle' is clicked on

13-02-2024T22:17:16 - [MESSAGE][PASSED] - Object: 'Object Repository/CURA_OR/Page_CURA Healthcare Service/amenu-toggle' is clicked on

13-02-2024T22:17:16 - [TEST_STEP][PASSED] - click(findTestObject("Object Repository/CURA_OR/Page_CURA Healthcare Service/a_Login")): Object: 'Object Repository/CURA_OR/Page_CURA Healthcare Service/a_Login' is clicked on

13-02-2024T22:17:17 - [MESSAGE][PASSED] - Object: 'Object Repository/CURA_OR/Page_CURA Healthcare Service/a_Login' is clicked on

13-02-2024T22:17:17 - [TEST_STEP][PASSED] - setText(findTestObject("Object Repository/CURA_OR/Page_CURA Healthcare Service/input_username"), username): Text 'John Doe' is set on object 'Object Repository/CURA_OR/Page_CURA Healthcare Service/input_username'

13-02-2024T22:17:18 - [MESSAGE][PASSED] - Text 'John Doe' is set on object 'Object Repository/CURA_OR/Page_CURA Healthcare Service/input_username'

13-02-2024T22:17:18 - [TEST_STEP][PASSED] - setText(findTestObject("CURA_OR/Page_CURA Healthcare Service/input_password"), password): Text 'ThisIsNotAPassword' is set on object 'Object Repository/CURA_OR/Page_CURA Healthcare Service/input_password'

13-02-2024T22:17:19 - [MESSAGE][PASSED] - Text 'ThisIsNotAPassword' is set on object 'Object Repository/CURA_OR/Page_CURA Healthcare Service/input_password'

13-02-2024T22:17:19 - [TEST_STEP][PASSED] - click(findTestObject("Object Repository/CURA_OR/Page_CURA Healthcare Service/button_Login")): Object: 'Object Repository/CURA_OR/Page_CURA Healthcare Service/button_Login' is clicked on

13-02-2024T22:17:20 - [MESSAGE][PASSED] - Object: 'Object Repository/CURA_OR/Page_CURA Healthcare Service/button_Login' is clicked on

13-02-2024T22:17:20 - [TEST_STEP][PASSED] - click(findTestObject("Object Repository/CURA_OR/Page_CURA Healthcare Service/div_input-group-addon")): Object: 'Object Repository/CURA_OR/Page_CURA Healthcare Service/div_input-group-addon' is clicked on

13-02-2024T22:17:21 - [MESSAGE][PASSED] - Object: 'Object Repository/CURA_OR/Page_CURA Healthcare Service/div_input-group-addon' is clicked on

13-02-2024T22:17:21 - [TEST_STEP][PASSED] - click(findTestObject("Object Repository/CURA_OR/Page_CURA Healthcare Service/th_February 2024")): Object: 'Object Repository/CURA_OR/Page_CURA Healthcare Service/th_February 2024' is clicked on

13-02-2024T22:17:21 - [MESSAGE][PASSED] - Object: 'Object Repository/CURA_OR/Page_CURA Healthcare Service/th_February 2024' is clicked on

13-02-2024T22:17:21 - [TEST_STEP][PASSED] - click(findTestObject("Object Repository/CURA_OR/Page_CURA Healthcare Service/th_2024")): Object: 'Object Repository/CURA_OR/Page_CURA Healthcare Service/th_2024' is clicked on

13-02-2024T22:17:22 - [MESSAGE][PASSED] - Object: 'Object Repository/CURA_OR/Page_CURA Healthcare Service/th_2024' is clicked on

13-02-2024T22:17:22 - [TEST_STEP][PASSED] - com.qa.test.custom_keyword.validateAppointmentDate(date, month, year): com.qa.test.custom_keyword.validateAppointmentDate is PASSED

13-02-2024T22:17:22 - [MESSAGE][WARNING] - Timeout '0' is invalid. Using default page load timeout: '30'

13-02-2024T22:17:22 - [MESSAGE][PASSED] - Object 'Object Repository/CURA_OR/Page_CURA Healthcare Service/yearObject' is present

13-02-2024T22:17:22 - [MESSAGE][PASSED] - Object: 'Object Repository/CURA_OR/Page_CURA Healthcare Service/yearObject' is clicked on

13-02-2024T22:17:23 - [MESSAGE][WARNING] - Timeout '0' is invalid. Using default page load timeout: '30'

13-02-2024T22:17:23 - [MESSAGE][PASSED] - Object 'Object Repository/CURA_OR/Page_CURA Healthcare Service/monthObject' is present

13-02-2024T22:17:24 - [MESSAGE][PASSED] - Object: 'Object Repository/CURA_OR/Page_CURA Healthcare Service/monthObject' is clicked on

13-02-2024T22:17:24 - [MESSAGE][WARNING] - Timeout '0' is invalid. Using default page load timeout: '30'

13-02-2024T22:17:24 - [MESSAGE][PASSED] - Object 'Object Repository/CURA_OR/Page_CURA Healthcare Service/dateObject' is present

13-02-2024T22:17:24 - [MESSAGE][PASSED] - Object: 'Object Repository/CURA_OR/Page_CURA Healthcare Service/dateObject' is clicked on

13-02-2024T22:17:25 - [MESSAGE][PASSED] - Object: 'Object Repository/CURA_OR/Page_CURA Healthcare Service/button_Book Appointment' is clicked on

13-02-2024T22:17:25 - [MESSAGE][WARNING] - Timeout '0' is invalid. Using default page load timeout: '30'

13-02-2024T22:17:26 - [MESSAGE][PASSED] - Object 'Object Repository/CURA_OR/Page_CURA Healthcare Service/h2_Appointment Confirmation' is present

13-02-2024T22:17:26 - [MESSAGE][PASSED] - Actual text and expected text of test object 'Object Repository/CURA_OR/Page_CURA Healthcare Service/p_20022024' are matched.

13-02-2024T22:17:26 - [MESSAGE][PASSED] - com.qa.test.custom_keyword.validateAppointmentDate is PASSED

13-02-2024T22:17:26 - [TEST_STEP][PASSED] - Start listener action : sampleAfterTestCase: Object: 'Object Repository/CURA_OR/Page_CURA Healthcare Service/a_Logout' is clicked on

13-02-2024T22:17:26 - [TEST_STEP][PASSED] - println("After Test Case -- Logging out"): null

13-02-2024T22:17:26 - [TEST_STEP][PASSED] - click(findTestObject("Object Repository/CURA_OR/Page_CURA Healthcare Service/amenu-toggle")): Object: 'Object Repository/CURA_OR/Page_CURA Healthcare Service/amenu-toggle' is clicked on

13-02-2024T22:17:27 - [MESSAGE][PASSED] - Object: 'Object Repository/CURA_OR/Page_CURA Healthcare Service/amenu-toggle' is clicked on

13-02-2024T22:17:27 - [TEST_STEP][PASSED] - click(findTestObject("Object Repository/CURA_OR/Page_CURA Healthcare Service/a_Logout")): Object: 'Object Repository/CURA_OR/Page_CURA Healthcare Service/a_Logout' is clicked on

13-02-2024T22:17:28 - [MESSAGE][PASSED] - Object: 'Object Repository/CURA_OR/Page_CURA Healthcare Service/a_Logout' is clicked on]]></system-out>
         <system-err><![CDATA[]]></system-err>
      </testcase>
      <testcase name="Test Cases/TC_CURA_MakeAppointment_005" time="15.136" classname="Test Cases/TC_CURA_MakeAppointment_005" status="PASSED">
         <system-out><![CDATA[13-02-2024T22:17:28 - [TEST_CASE][PASSED] - Test Cases/TC_CURA_MakeAppointment_005: Test Cases/TC_CURA_MakeAppointment_005

13-02-2024T22:17:28 - [TEST_STEP][PASSED] - Start listener action : sampleBeforeTestCase: Object: 'Object Repository/CURA_OR/Page_CURA Healthcare Service/button_Login' is clicked on

13-02-2024T22:17:28 - [TEST_STEP][PASSED] - println("Before Test Case -- Logging in"): null

13-02-2024T22:17:28 - [TEST_STEP][PASSED] - click(findTestObject("Object Repository/CURA_OR/Page_CURA Healthcare Service/amenu-toggle")): Object: 'Object Repository/CURA_OR/Page_CURA Healthcare Service/amenu-toggle' is clicked on

13-02-2024T22:17:28 - [MESSAGE][PASSED] - Object: 'Object Repository/CURA_OR/Page_CURA Healthcare Service/amenu-toggle' is clicked on

13-02-2024T22:17:28 - [TEST_STEP][PASSED] - click(findTestObject("Object Repository/CURA_OR/Page_CURA Healthcare Service/a_Login")): Object: 'Object Repository/CURA_OR/Page_CURA Healthcare Service/a_Login' is clicked on

13-02-2024T22:17:30 - [MESSAGE][PASSED] - Object: 'Object Repository/CURA_OR/Page_CURA Healthcare Service/a_Login' is clicked on

13-02-2024T22:17:30 - [TEST_STEP][PASSED] - setText(findTestObject("Object Repository/CURA_OR/Page_CURA Healthcare Service/input_username"), username): Text 'John Doe' is set on object 'Object Repository/CURA_OR/Page_CURA Healthcare Service/input_username'

13-02-2024T22:17:31 - [MESSAGE][PASSED] - Text 'John Doe' is set on object 'Object Repository/CURA_OR/Page_CURA Healthcare Service/input_username'

13-02-2024T22:17:31 - [TEST_STEP][PASSED] - setText(findTestObject("CURA_OR/Page_CURA Healthcare Service/input_password"), password): Text 'ThisIsNotAPassword' is set on object 'Object Repository/CURA_OR/Page_CURA Healthcare Service/input_password'

13-02-2024T22:17:31 - [MESSAGE][PASSED] - Text 'ThisIsNotAPassword' is set on object 'Object Repository/CURA_OR/Page_CURA Healthcare Service/input_password'

13-02-2024T22:17:31 - [TEST_STEP][PASSED] - click(findTestObject("Object Repository/CURA_OR/Page_CURA Healthcare Service/button_Login")): Object: 'Object Repository/CURA_OR/Page_CURA Healthcare Service/button_Login' is clicked on

13-02-2024T22:17:32 - [MESSAGE][PASSED] - Object: 'Object Repository/CURA_OR/Page_CURA Healthcare Service/button_Login' is clicked on

13-02-2024T22:17:32 - [TEST_STEP][PASSED] - click(findTestObject("Object Repository/CURA_OR/Page_CURA Healthcare Service/div_input-group-addon")): Object: 'Object Repository/CURA_OR/Page_CURA Healthcare Service/div_input-group-addon' is clicked on

13-02-2024T22:17:33 - [MESSAGE][PASSED] - Object: 'Object Repository/CURA_OR/Page_CURA Healthcare Service/div_input-group-addon' is clicked on

13-02-2024T22:17:33 - [TEST_STEP][PASSED] - click(findTestObject("Object Repository/CURA_OR/Page_CURA Healthcare Service/th_February 2024")): Object: 'Object Repository/CURA_OR/Page_CURA Healthcare Service/th_February 2024' is clicked on

13-02-2024T22:17:34 - [MESSAGE][PASSED] - Object: 'Object Repository/CURA_OR/Page_CURA Healthcare Service/th_February 2024' is clicked on

13-02-2024T22:17:34 - [TEST_STEP][PASSED] - click(findTestObject("Object Repository/CURA_OR/Page_CURA Healthcare Service/th_2024")): Object: 'Object Repository/CURA_OR/Page_CURA Healthcare Service/th_2024' is clicked on

13-02-2024T22:17:34 - [MESSAGE][PASSED] - Object: 'Object Repository/CURA_OR/Page_CURA Healthcare Service/th_2024' is clicked on

13-02-2024T22:17:34 - [TEST_STEP][PASSED] - com.qa.test.custom_keyword.validateAppointmentDate(date, month, year): com.qa.test.custom_keyword.validateAppointmentDate is PASSED

13-02-2024T22:17:34 - [MESSAGE][WARNING] - Timeout '0' is invalid. Using default page load timeout: '30'

13-02-2024T22:17:34 - [MESSAGE][PASSED] - Object 'Object Repository/CURA_OR/Page_CURA Healthcare Service/yearObject' is present

13-02-2024T22:17:35 - [MESSAGE][PASSED] - Object: 'Object Repository/CURA_OR/Page_CURA Healthcare Service/yearObject' is clicked on

13-02-2024T22:17:35 - [MESSAGE][WARNING] - Timeout '0' is invalid. Using default page load timeout: '30'

13-02-2024T22:17:35 - [MESSAGE][PASSED] - Object 'Object Repository/CURA_OR/Page_CURA Healthcare Service/monthObject' is present

13-02-2024T22:17:36 - [MESSAGE][PASSED] - Object: 'Object Repository/CURA_OR/Page_CURA Healthcare Service/monthObject' is clicked on

13-02-2024T22:17:36 - [MESSAGE][WARNING] - Timeout '0' is invalid. Using default page load timeout: '30'

13-02-2024T22:17:36 - [MESSAGE][PASSED] - Object 'Object Repository/CURA_OR/Page_CURA Healthcare Service/dateObject' is present

13-02-2024T22:17:37 - [MESSAGE][PASSED] - Object: 'Object Repository/CURA_OR/Page_CURA Healthcare Service/dateObject' is clicked on

13-02-2024T22:17:39 - [MESSAGE][PASSED] - Object: 'Object Repository/CURA_OR/Page_CURA Healthcare Service/button_Book Appointment' is clicked on

13-02-2024T22:17:39 - [MESSAGE][WARNING] - Timeout '0' is invalid. Using default page load timeout: '30'

13-02-2024T22:17:39 - [MESSAGE][PASSED] - Object 'Object Repository/CURA_OR/Page_CURA Healthcare Service/h2_Appointment Confirmation' is present

13-02-2024T22:17:40 - [MESSAGE][PASSED] - Actual text and expected text of test object 'Object Repository/CURA_OR/Page_CURA Healthcare Service/p_20022024' are matched.

13-02-2024T22:17:40 - [MESSAGE][PASSED] - com.qa.test.custom_keyword.validateAppointmentDate is PASSED

13-02-2024T22:17:40 - [TEST_STEP][PASSED] - Start listener action : sampleAfterTestCase: Object: 'Object Repository/CURA_OR/Page_CURA Healthcare Service/a_Logout' is clicked on

13-02-2024T22:17:40 - [TEST_STEP][PASSED] - println("After Test Case -- Logging out"): null

13-02-2024T22:17:40 - [TEST_STEP][PASSED] - click(findTestObject("Object Repository/CURA_OR/Page_CURA Healthcare Service/amenu-toggle")): Object: 'Object Repository/CURA_OR/Page_CURA Healthcare Service/amenu-toggle' is clicked on

13-02-2024T22:17:40 - [MESSAGE][PASSED] - Object: 'Object Repository/CURA_OR/Page_CURA Healthcare Service/amenu-toggle' is clicked on

13-02-2024T22:17:40 - [TEST_STEP][PASSED] - click(findTestObject("Object Repository/CURA_OR/Page_CURA Healthcare Service/a_Logout")): Object: 'Object Repository/CURA_OR/Page_CURA Healthcare Service/a_Logout' is clicked on

13-02-2024T22:17:43 - [MESSAGE][PASSED] - Object: 'Object Repository/CURA_OR/Page_CURA Healthcare Service/a_Logout' is clicked on]]></system-out>
         <system-err><![CDATA[]]></system-err>
      </testcase>
      <testcase name="Test Cases/TC_CURA_MakeAppointment_005" time="17.451" classname="Test Cases/TC_CURA_MakeAppointment_005" status="PASSED">
         <system-out><![CDATA[13-02-2024T22:17:43 - [TEST_CASE][PASSED] - Test Cases/TC_CURA_MakeAppointment_005: Test Cases/TC_CURA_MakeAppointment_005

13-02-2024T22:17:43 - [TEST_STEP][PASSED] - Start listener action : sampleBeforeTestCase: Object: 'Object Repository/CURA_OR/Page_CURA Healthcare Service/button_Login' is clicked on

13-02-2024T22:17:43 - [TEST_STEP][PASSED] - println("Before Test Case -- Logging in"): null

13-02-2024T22:17:43 - [TEST_STEP][PASSED] - click(findTestObject("Object Repository/CURA_OR/Page_CURA Healthcare Service/amenu-toggle")): Object: 'Object Repository/CURA_OR/Page_CURA Healthcare Service/amenu-toggle' is clicked on

13-02-2024T22:17:44 - [MESSAGE][PASSED] - Object: 'Object Repository/CURA_OR/Page_CURA Healthcare Service/amenu-toggle' is clicked on

13-02-2024T22:17:44 - [TEST_STEP][PASSED] - click(findTestObject("Object Repository/CURA_OR/Page_CURA Healthcare Service/a_Login")): Object: 'Object Repository/CURA_OR/Page_CURA Healthcare Service/a_Login' is clicked on

13-02-2024T22:17:47 - [MESSAGE][PASSED] - Object: 'Object Repository/CURA_OR/Page_CURA Healthcare Service/a_Login' is clicked on

13-02-2024T22:17:47 - [TEST_STEP][PASSED] - setText(findTestObject("Object Repository/CURA_OR/Page_CURA Healthcare Service/input_username"), username): Text 'John Doe' is set on object 'Object Repository/CURA_OR/Page_CURA Healthcare Service/input_username'

13-02-2024T22:17:47 - [MESSAGE][PASSED] - Text 'John Doe' is set on object 'Object Repository/CURA_OR/Page_CURA Healthcare Service/input_username'

13-02-2024T22:17:47 - [TEST_STEP][PASSED] - setText(findTestObject("CURA_OR/Page_CURA Healthcare Service/input_password"), password): Text 'ThisIsNotAPassword' is set on object 'Object Repository/CURA_OR/Page_CURA Healthcare Service/input_password'

13-02-2024T22:17:48 - [MESSAGE][PASSED] - Text 'ThisIsNotAPassword' is set on object 'Object Repository/CURA_OR/Page_CURA Healthcare Service/input_password'

13-02-2024T22:17:48 - [TEST_STEP][PASSED] - click(findTestObject("Object Repository/CURA_OR/Page_CURA Healthcare Service/button_Login")): Object: 'Object Repository/CURA_OR/Page_CURA Healthcare Service/button_Login' is clicked on

13-02-2024T22:17:52 - [MESSAGE][PASSED] - Object: 'Object Repository/CURA_OR/Page_CURA Healthcare Service/button_Login' is clicked on

13-02-2024T22:17:52 - [TEST_STEP][PASSED] - click(findTestObject("Object Repository/CURA_OR/Page_CURA Healthcare Service/div_input-group-addon")): Object: 'Object Repository/CURA_OR/Page_CURA Healthcare Service/div_input-group-addon' is clicked on

13-02-2024T22:17:53 - [MESSAGE][PASSED] - Object: 'Object Repository/CURA_OR/Page_CURA Healthcare Service/div_input-group-addon' is clicked on

13-02-2024T22:17:53 - [TEST_STEP][PASSED] - click(findTestObject("Object Repository/CURA_OR/Page_CURA Healthcare Service/th_February 2024")): Object: 'Object Repository/CURA_OR/Page_CURA Healthcare Service/th_February 2024' is clicked on

13-02-2024T22:17:53 - [MESSAGE][PASSED] - Object: 'Object Repository/CURA_OR/Page_CURA Healthcare Service/th_February 2024' is clicked on

13-02-2024T22:17:53 - [TEST_STEP][PASSED] - click(findTestObject("Object Repository/CURA_OR/Page_CURA Healthcare Service/th_2024")): Object: 'Object Repository/CURA_OR/Page_CURA Healthcare Service/th_2024' is clicked on

13-02-2024T22:17:54 - [MESSAGE][PASSED] - Object: 'Object Repository/CURA_OR/Page_CURA Healthcare Service/th_2024' is clicked on

13-02-2024T22:17:54 - [TEST_STEP][PASSED] - com.qa.test.custom_keyword.validateAppointmentDate(date, month, year): com.qa.test.custom_keyword.validateAppointmentDate is PASSED

13-02-2024T22:17:54 - [MESSAGE][WARNING] - Timeout '0' is invalid. Using default page load timeout: '30'

13-02-2024T22:17:54 - [MESSAGE][PASSED] - Object 'Object Repository/CURA_OR/Page_CURA Healthcare Service/yearObject' is present

13-02-2024T22:17:55 - [MESSAGE][PASSED] - Object: 'Object Repository/CURA_OR/Page_CURA Healthcare Service/yearObject' is clicked on

13-02-2024T22:17:55 - [MESSAGE][WARNING] - Timeout '0' is invalid. Using default page load timeout: '30'

13-02-2024T22:17:55 - [MESSAGE][PASSED] - Object 'Object Repository/CURA_OR/Page_CURA Healthcare Service/monthObject' is present

13-02-2024T22:17:56 - [MESSAGE][PASSED] - Object: 'Object Repository/CURA_OR/Page_CURA Healthcare Service/monthObject' is clicked on

13-02-2024T22:17:56 - [MESSAGE][WARNING] - Timeout '0' is invalid. Using default page load timeout: '30'

13-02-2024T22:17:56 - [MESSAGE][PASSED] - Object 'Object Repository/CURA_OR/Page_CURA Healthcare Service/dateObject' is present

13-02-2024T22:17:56 - [MESSAGE][PASSED] - Object: 'Object Repository/CURA_OR/Page_CURA Healthcare Service/dateObject' is clicked on

13-02-2024T22:17:57 - [MESSAGE][PASSED] - Object: 'Object Repository/CURA_OR/Page_CURA Healthcare Service/button_Book Appointment' is clicked on

13-02-2024T22:17:57 - [MESSAGE][WARNING] - Timeout '0' is invalid. Using default page load timeout: '30'

13-02-2024T22:17:58 - [MESSAGE][PASSED] - Object 'Object Repository/CURA_OR/Page_CURA Healthcare Service/h2_Appointment Confirmation' is present

13-02-2024T22:17:59 - [MESSAGE][PASSED] - Actual text and expected text of test object 'Object Repository/CURA_OR/Page_CURA Healthcare Service/p_20022024' are matched.

13-02-2024T22:17:59 - [MESSAGE][PASSED] - com.qa.test.custom_keyword.validateAppointmentDate is PASSED

13-02-2024T22:17:59 - [TEST_STEP][PASSED] - Start listener action : sampleAfterTestCase: Object: 'Object Repository/CURA_OR/Page_CURA Healthcare Service/a_Logout' is clicked on

13-02-2024T22:17:59 - [TEST_STEP][PASSED] - println("After Test Case -- Logging out"): null

13-02-2024T22:17:59 - [TEST_STEP][PASSED] - click(findTestObject("Object Repository/CURA_OR/Page_CURA Healthcare Service/amenu-toggle")): Object: 'Object Repository/CURA_OR/Page_CURA Healthcare Service/amenu-toggle' is clicked on

13-02-2024T22:17:59 - [MESSAGE][PASSED] - Object: 'Object Repository/CURA_OR/Page_CURA Healthcare Service/amenu-toggle' is clicked on

13-02-2024T22:17:59 - [TEST_STEP][PASSED] - click(findTestObject("Object Repository/CURA_OR/Page_CURA Healthcare Service/a_Logout")): Object: 'Object Repository/CURA_OR/Page_CURA Healthcare Service/a_Logout' is clicked on

13-02-2024T22:18:01 - [MESSAGE][PASSED] - Object: 'Object Repository/CURA_OR/Page_CURA Healthcare Service/a_Logout' is clicked on]]></system-out>
         <system-err><![CDATA[]]></system-err>
      </testcase>
      <testcase name="Test Cases/TC_CURA_MakeAppointment_005" time="13.596" classname="Test Cases/TC_CURA_MakeAppointment_005" status="PASSED">
         <system-out><![CDATA[13-02-2024T22:18:01 - [TEST_CASE][PASSED] - Test Cases/TC_CURA_MakeAppointment_005: Test Cases/TC_CURA_MakeAppointment_005

13-02-2024T22:18:01 - [TEST_STEP][PASSED] - Start listener action : sampleBeforeTestCase: Object: 'Object Repository/CURA_OR/Page_CURA Healthcare Service/button_Login' is clicked on

13-02-2024T22:18:01 - [TEST_STEP][PASSED] - println("Before Test Case -- Logging in"): null

13-02-2024T22:18:01 - [TEST_STEP][PASSED] - click(findTestObject("Object Repository/CURA_OR/Page_CURA Healthcare Service/amenu-toggle")): Object: 'Object Repository/CURA_OR/Page_CURA Healthcare Service/amenu-toggle' is clicked on

13-02-2024T22:18:01 - [MESSAGE][PASSED] - Object: 'Object Repository/CURA_OR/Page_CURA Healthcare Service/amenu-toggle' is clicked on

13-02-2024T22:18:01 - [TEST_STEP][PASSED] - click(findTestObject("Object Repository/CURA_OR/Page_CURA Healthcare Service/a_Login")): Object: 'Object Repository/CURA_OR/Page_CURA Healthcare Service/a_Login' is clicked on

13-02-2024T22:18:03 - [MESSAGE][PASSED] - Object: 'Object Repository/CURA_OR/Page_CURA Healthcare Service/a_Login' is clicked on

13-02-2024T22:18:03 - [TEST_STEP][PASSED] - setText(findTestObject("Object Repository/CURA_OR/Page_CURA Healthcare Service/input_username"), username): Text 'John Doe' is set on object 'Object Repository/CURA_OR/Page_CURA Healthcare Service/input_username'

13-02-2024T22:18:04 - [MESSAGE][PASSED] - Text 'John Doe' is set on object 'Object Repository/CURA_OR/Page_CURA Healthcare Service/input_username'

13-02-2024T22:18:04 - [TEST_STEP][PASSED] - setText(findTestObject("CURA_OR/Page_CURA Healthcare Service/input_password"), password): Text 'ThisIsNotAPassword' is set on object 'Object Repository/CURA_OR/Page_CURA Healthcare Service/input_password'

13-02-2024T22:18:05 - [MESSAGE][PASSED] - Text 'ThisIsNotAPassword' is set on object 'Object Repository/CURA_OR/Page_CURA Healthcare Service/input_password'

13-02-2024T22:18:05 - [TEST_STEP][PASSED] - click(findTestObject("Object Repository/CURA_OR/Page_CURA Healthcare Service/button_Login")): Object: 'Object Repository/CURA_OR/Page_CURA Healthcare Service/button_Login' is clicked on

13-02-2024T22:18:06 - [MESSAGE][PASSED] - Object: 'Object Repository/CURA_OR/Page_CURA Healthcare Service/button_Login' is clicked on

13-02-2024T22:18:06 - [TEST_STEP][PASSED] - click(findTestObject("Object Repository/CURA_OR/Page_CURA Healthcare Service/div_input-group-addon")): Object: 'Object Repository/CURA_OR/Page_CURA Healthcare Service/div_input-group-addon' is clicked on

13-02-2024T22:18:07 - [MESSAGE][PASSED] - Object: 'Object Repository/CURA_OR/Page_CURA Healthcare Service/div_input-group-addon' is clicked on

13-02-2024T22:18:07 - [TEST_STEP][PASSED] - click(findTestObject("Object Repository/CURA_OR/Page_CURA Healthcare Service/th_February 2024")): Object: 'Object Repository/CURA_OR/Page_CURA Healthcare Service/th_February 2024' is clicked on

13-02-2024T22:18:07 - [MESSAGE][PASSED] - Object: 'Object Repository/CURA_OR/Page_CURA Healthcare Service/th_February 2024' is clicked on

13-02-2024T22:18:07 - [TEST_STEP][PASSED] - click(findTestObject("Object Repository/CURA_OR/Page_CURA Healthcare Service/th_2024")): Object: 'Object Repository/CURA_OR/Page_CURA Healthcare Service/th_2024' is clicked on

13-02-2024T22:18:08 - [MESSAGE][PASSED] - Object: 'Object Repository/CURA_OR/Page_CURA Healthcare Service/th_2024' is clicked on

13-02-2024T22:18:08 - [TEST_STEP][PASSED] - com.qa.test.custom_keyword.validateAppointmentDate(date, month, year): com.qa.test.custom_keyword.validateAppointmentDate is PASSED

13-02-2024T22:18:08 - [MESSAGE][WARNING] - Timeout '0' is invalid. Using default page load timeout: '30'

13-02-2024T22:18:08 - [MESSAGE][PASSED] - Object 'Object Repository/CURA_OR/Page_CURA Healthcare Service/yearObject' is present

13-02-2024T22:18:09 - [MESSAGE][PASSED] - Object: 'Object Repository/CURA_OR/Page_CURA Healthcare Service/yearObject' is clicked on

13-02-2024T22:18:09 - [MESSAGE][WARNING] - Timeout '0' is invalid. Using default page load timeout: '30'

13-02-2024T22:18:09 - [MESSAGE][PASSED] - Object 'Object Repository/CURA_OR/Page_CURA Healthcare Service/monthObject' is present

13-02-2024T22:18:10 - [MESSAGE][PASSED] - Object: 'Object Repository/CURA_OR/Page_CURA Healthcare Service/monthObject' is clicked on

13-02-2024T22:18:10 - [MESSAGE][WARNING] - Timeout '0' is invalid. Using default page load timeout: '30'

13-02-2024T22:18:10 - [MESSAGE][PASSED] - Object 'Object Repository/CURA_OR/Page_CURA Healthcare Service/dateObject' is present

13-02-2024T22:18:10 - [MESSAGE][PASSED] - Object: 'Object Repository/CURA_OR/Page_CURA Healthcare Service/dateObject' is clicked on

13-02-2024T22:18:11 - [MESSAGE][PASSED] - Object: 'Object Repository/CURA_OR/Page_CURA Healthcare Service/button_Book Appointment' is clicked on

13-02-2024T22:18:11 - [MESSAGE][WARNING] - Timeout '0' is invalid. Using default page load timeout: '30'

13-02-2024T22:18:12 - [MESSAGE][PASSED] - Object 'Object Repository/CURA_OR/Page_CURA Healthcare Service/h2_Appointment Confirmation' is present

13-02-2024T22:18:13 - [MESSAGE][PASSED] - Actual text and expected text of test object 'Object Repository/CURA_OR/Page_CURA Healthcare Service/p_20022024' are matched.

13-02-2024T22:18:13 - [MESSAGE][PASSED] - com.qa.test.custom_keyword.validateAppointmentDate is PASSED

13-02-2024T22:18:13 - [TEST_STEP][PASSED] - Start listener action : sampleAfterTestCase: Object: 'Object Repository/CURA_OR/Page_CURA Healthcare Service/a_Logout' is clicked on

13-02-2024T22:18:13 - [TEST_STEP][PASSED] - println("After Test Case -- Logging out"): null

13-02-2024T22:18:13 - [TEST_STEP][PASSED] - click(findTestObject("Object Repository/CURA_OR/Page_CURA Healthcare Service/amenu-toggle")): Object: 'Object Repository/CURA_OR/Page_CURA Healthcare Service/amenu-toggle' is clicked on

13-02-2024T22:18:13 - [MESSAGE][PASSED] - Object: 'Object Repository/CURA_OR/Page_CURA Healthcare Service/amenu-toggle' is clicked on

13-02-2024T22:18:13 - [TEST_STEP][PASSED] - click(findTestObject("Object Repository/CURA_OR/Page_CURA Healthcare Service/a_Logout")): Object: 'Object Repository/CURA_OR/Page_CURA Healthcare Service/a_Logout' is clicked on

13-02-2024T22:18:14 - [MESSAGE][PASSED] - Object: 'Object Repository/CURA_OR/Page_CURA Healthcare Service/a_Logout' is clicked on]]></system-out>
         <system-err><![CDATA[]]></system-err>
      </testcase>
      <testcase name="Test Cases/TC_CURA_MakeAppointment_005" time="13.741" classname="Test Cases/TC_CURA_MakeAppointment_005" status="PASSED">
         <system-out><![CDATA[13-02-2024T22:18:14 - [TEST_CASE][PASSED] - Test Cases/TC_CURA_MakeAppointment_005: Test Cases/TC_CURA_MakeAppointment_005

13-02-2024T22:18:14 - [TEST_STEP][PASSED] - Start listener action : sampleBeforeTestCase: Object: 'Object Repository/CURA_OR/Page_CURA Healthcare Service/button_Login' is clicked on

13-02-2024T22:18:14 - [TEST_STEP][PASSED] - println("Before Test Case -- Logging in"): null

13-02-2024T22:18:14 - [TEST_STEP][PASSED] - click(findTestObject("Object Repository/CURA_OR/Page_CURA Healthcare Service/amenu-toggle")): Object: 'Object Repository/CURA_OR/Page_CURA Healthcare Service/amenu-toggle' is clicked on

13-02-2024T22:18:15 - [MESSAGE][PASSED] - Object: 'Object Repository/CURA_OR/Page_CURA Healthcare Service/amenu-toggle' is clicked on

13-02-2024T22:18:15 - [TEST_STEP][PASSED] - click(findTestObject("Object Repository/CURA_OR/Page_CURA Healthcare Service/a_Login")): Object: 'Object Repository/CURA_OR/Page_CURA Healthcare Service/a_Login' is clicked on

13-02-2024T22:18:16 - [MESSAGE][PASSED] - Object: 'Object Repository/CURA_OR/Page_CURA Healthcare Service/a_Login' is clicked on

13-02-2024T22:18:16 - [TEST_STEP][PASSED] - setText(findTestObject("Object Repository/CURA_OR/Page_CURA Healthcare Service/input_username"), username): Text 'John Doe' is set on object 'Object Repository/CURA_OR/Page_CURA Healthcare Service/input_username'

13-02-2024T22:18:17 - [MESSAGE][PASSED] - Text 'John Doe' is set on object 'Object Repository/CURA_OR/Page_CURA Healthcare Service/input_username'

13-02-2024T22:18:17 - [TEST_STEP][PASSED] - setText(findTestObject("CURA_OR/Page_CURA Healthcare Service/input_password"), password): Text 'ThisIsNotAPassword' is set on object 'Object Repository/CURA_OR/Page_CURA Healthcare Service/input_password'

13-02-2024T22:18:18 - [MESSAGE][PASSED] - Text 'ThisIsNotAPassword' is set on object 'Object Repository/CURA_OR/Page_CURA Healthcare Service/input_password'

13-02-2024T22:18:18 - [TEST_STEP][PASSED] - click(findTestObject("Object Repository/CURA_OR/Page_CURA Healthcare Service/button_Login")): Object: 'Object Repository/CURA_OR/Page_CURA Healthcare Service/button_Login' is clicked on

13-02-2024T22:18:19 - [MESSAGE][PASSED] - Object: 'Object Repository/CURA_OR/Page_CURA Healthcare Service/button_Login' is clicked on

13-02-2024T22:18:19 - [TEST_STEP][PASSED] - click(findTestObject("Object Repository/CURA_OR/Page_CURA Healthcare Service/div_input-group-addon")): Object: 'Object Repository/CURA_OR/Page_CURA Healthcare Service/div_input-group-addon' is clicked on

13-02-2024T22:18:19 - [MESSAGE][PASSED] - Object: 'Object Repository/CURA_OR/Page_CURA Healthcare Service/div_input-group-addon' is clicked on

13-02-2024T22:18:19 - [TEST_STEP][PASSED] - click(findTestObject("Object Repository/CURA_OR/Page_CURA Healthcare Service/th_February 2024")): Object: 'Object Repository/CURA_OR/Page_CURA Healthcare Service/th_February 2024' is clicked on

13-02-2024T22:18:20 - [MESSAGE][PASSED] - Object: 'Object Repository/CURA_OR/Page_CURA Healthcare Service/th_February 2024' is clicked on

13-02-2024T22:18:20 - [TEST_STEP][PASSED] - click(findTestObject("Object Repository/CURA_OR/Page_CURA Healthcare Service/th_2024")): Object: 'Object Repository/CURA_OR/Page_CURA Healthcare Service/th_2024' is clicked on

13-02-2024T22:18:20 - [MESSAGE][PASSED] - Object: 'Object Repository/CURA_OR/Page_CURA Healthcare Service/th_2024' is clicked on

13-02-2024T22:18:20 - [TEST_STEP][PASSED] - com.qa.test.custom_keyword.validateAppointmentDate(date, month, year): com.qa.test.custom_keyword.validateAppointmentDate is PASSED

13-02-2024T22:18:20 - [MESSAGE][WARNING] - Timeout '0' is invalid. Using default page load timeout: '30'

13-02-2024T22:18:21 - [MESSAGE][PASSED] - Object 'Object Repository/CURA_OR/Page_CURA Healthcare Service/yearObject' is present

13-02-2024T22:18:21 - [MESSAGE][PASSED] - Object: 'Object Repository/CURA_OR/Page_CURA Healthcare Service/yearObject' is clicked on

13-02-2024T22:18:21 - [MESSAGE][WARNING] - Timeout '0' is invalid. Using default page load timeout: '30'

13-02-2024T22:18:22 - [MESSAGE][PASSED] - Object 'Object Repository/CURA_OR/Page_CURA Healthcare Service/monthObject' is present

13-02-2024T22:18:22 - [MESSAGE][PASSED] - Object: 'Object Repository/CURA_OR/Page_CURA Healthcare Service/monthObject' is clicked on

13-02-2024T22:18:22 - [MESSAGE][WARNING] - Timeout '0' is invalid. Using default page load timeout: '30'

13-02-2024T22:18:23 - [MESSAGE][PASSED] - Object 'Object Repository/CURA_OR/Page_CURA Healthcare Service/dateObject' is present

13-02-2024T22:18:23 - [MESSAGE][PASSED] - Object: 'Object Repository/CURA_OR/Page_CURA Healthcare Service/dateObject' is clicked on

13-02-2024T22:18:24 - [MESSAGE][PASSED] - Object: 'Object Repository/CURA_OR/Page_CURA Healthcare Service/button_Book Appointment' is clicked on

13-02-2024T22:18:24 - [MESSAGE][WARNING] - Timeout '0' is invalid. Using default page load timeout: '30'

13-02-2024T22:18:26 - [MESSAGE][PASSED] - Object 'Object Repository/CURA_OR/Page_CURA Healthcare Service/h2_Appointment Confirmation' is present

13-02-2024T22:18:26 - [MESSAGE][PASSED] - Actual text and expected text of test object 'Object Repository/CURA_OR/Page_CURA Healthcare Service/p_20022024' are matched.

13-02-2024T22:18:26 - [MESSAGE][PASSED] - com.qa.test.custom_keyword.validateAppointmentDate is PASSED

13-02-2024T22:18:26 - [TEST_STEP][PASSED] - Start listener action : sampleAfterTestCase: Object: 'Object Repository/CURA_OR/Page_CURA Healthcare Service/a_Logout' is clicked on

13-02-2024T22:18:26 - [TEST_STEP][PASSED] - println("After Test Case -- Logging out"): null

13-02-2024T22:18:26 - [TEST_STEP][PASSED] - click(findTestObject("Object Repository/CURA_OR/Page_CURA Healthcare Service/amenu-toggle")): Object: 'Object Repository/CURA_OR/Page_CURA Healthcare Service/amenu-toggle' is clicked on

13-02-2024T22:18:27 - [MESSAGE][PASSED] - Object: 'Object Repository/CURA_OR/Page_CURA Healthcare Service/amenu-toggle' is clicked on

13-02-2024T22:18:27 - [TEST_STEP][PASSED] - click(findTestObject("Object Repository/CURA_OR/Page_CURA Healthcare Service/a_Logout")): Object: 'Object Repository/CURA_OR/Page_CURA Healthcare Service/a_Logout' is clicked on

13-02-2024T22:18:28 - [MESSAGE][PASSED] - Object: 'Object Repository/CURA_OR/Page_CURA Healthcare Service/a_Logout' is clicked on]]></system-out>
         <system-err><![CDATA[]]></system-err>
      </testcase>
      <testcase name="Test Cases/TC_CURA_MakeAppointment_005" time="12.661" classname="Test Cases/TC_CURA_MakeAppointment_005" status="PASSED">
         <system-out><![CDATA[13-02-2024T22:18:28 - [TEST_CASE][PASSED] - Test Cases/TC_CURA_MakeAppointment_005: Test Cases/TC_CURA_MakeAppointment_005

13-02-2024T22:18:28 - [TEST_STEP][PASSED] - Start listener action : sampleBeforeTestCase: Object: 'Object Repository/CURA_OR/Page_CURA Healthcare Service/button_Login' is clicked on

13-02-2024T22:18:28 - [TEST_STEP][PASSED] - println("Before Test Case -- Logging in"): null

13-02-2024T22:18:28 - [TEST_STEP][PASSED] - click(findTestObject("Object Repository/CURA_OR/Page_CURA Healthcare Service/amenu-toggle")): Object: 'Object Repository/CURA_OR/Page_CURA Healthcare Service/amenu-toggle' is clicked on

13-02-2024T22:18:28 - [MESSAGE][PASSED] - Object: 'Object Repository/CURA_OR/Page_CURA Healthcare Service/amenu-toggle' is clicked on

13-02-2024T22:18:28 - [TEST_STEP][PASSED] - click(findTestObject("Object Repository/CURA_OR/Page_CURA Healthcare Service/a_Login")): Object: 'Object Repository/CURA_OR/Page_CURA Healthcare Service/a_Login' is clicked on

13-02-2024T22:18:30 - [MESSAGE][PASSED] - Object: 'Object Repository/CURA_OR/Page_CURA Healthcare Service/a_Login' is clicked on

13-02-2024T22:18:30 - [TEST_STEP][PASSED] - setText(findTestObject("Object Repository/CURA_OR/Page_CURA Healthcare Service/input_username"), username): Text 'John Doe' is set on object 'Object Repository/CURA_OR/Page_CURA Healthcare Service/input_username'

13-02-2024T22:18:31 - [MESSAGE][PASSED] - Text 'John Doe' is set on object 'Object Repository/CURA_OR/Page_CURA Healthcare Service/input_username'

13-02-2024T22:18:31 - [TEST_STEP][PASSED] - setText(findTestObject("CURA_OR/Page_CURA Healthcare Service/input_password"), password): Text 'ThisIsNotAPassword' is set on object 'Object Repository/CURA_OR/Page_CURA Healthcare Service/input_password'

13-02-2024T22:18:32 - [MESSAGE][PASSED] - Text 'ThisIsNotAPassword' is set on object 'Object Repository/CURA_OR/Page_CURA Healthcare Service/input_password'

13-02-2024T22:18:32 - [TEST_STEP][PASSED] - click(findTestObject("Object Repository/CURA_OR/Page_CURA Healthcare Service/button_Login")): Object: 'Object Repository/CURA_OR/Page_CURA Healthcare Service/button_Login' is clicked on

13-02-2024T22:18:33 - [MESSAGE][PASSED] - Object: 'Object Repository/CURA_OR/Page_CURA Healthcare Service/button_Login' is clicked on

13-02-2024T22:18:33 - [TEST_STEP][PASSED] - click(findTestObject("Object Repository/CURA_OR/Page_CURA Healthcare Service/div_input-group-addon")): Object: 'Object Repository/CURA_OR/Page_CURA Healthcare Service/div_input-group-addon' is clicked on

13-02-2024T22:18:34 - [MESSAGE][PASSED] - Object: 'Object Repository/CURA_OR/Page_CURA Healthcare Service/div_input-group-addon' is clicked on

13-02-2024T22:18:34 - [TEST_STEP][PASSED] - click(findTestObject("Object Repository/CURA_OR/Page_CURA Healthcare Service/th_February 2024")): Object: 'Object Repository/CURA_OR/Page_CURA Healthcare Service/th_February 2024' is clicked on

13-02-2024T22:18:34 - [MESSAGE][PASSED] - Object: 'Object Repository/CURA_OR/Page_CURA Healthcare Service/th_February 2024' is clicked on

13-02-2024T22:18:34 - [TEST_STEP][PASSED] - click(findTestObject("Object Repository/CURA_OR/Page_CURA Healthcare Service/th_2024")): Object: 'Object Repository/CURA_OR/Page_CURA Healthcare Service/th_2024' is clicked on

13-02-2024T22:18:35 - [MESSAGE][PASSED] - Object: 'Object Repository/CURA_OR/Page_CURA Healthcare Service/th_2024' is clicked on

13-02-2024T22:18:35 - [TEST_STEP][PASSED] - com.qa.test.custom_keyword.validateAppointmentDate(date, month, year): com.qa.test.custom_keyword.validateAppointmentDate is PASSED

13-02-2024T22:18:35 - [MESSAGE][WARNING] - Timeout '0' is invalid. Using default page load timeout: '30'

13-02-2024T22:18:35 - [MESSAGE][PASSED] - Object 'Object Repository/CURA_OR/Page_CURA Healthcare Service/yearObject' is present

13-02-2024T22:18:35 - [MESSAGE][PASSED] - Object: 'Object Repository/CURA_OR/Page_CURA Healthcare Service/yearObject' is clicked on

13-02-2024T22:18:35 - [MESSAGE][WARNING] - Timeout '0' is invalid. Using default page load timeout: '30'

13-02-2024T22:18:36 - [MESSAGE][PASSED] - Object 'Object Repository/CURA_OR/Page_CURA Healthcare Service/monthObject' is present

13-02-2024T22:18:36 - [MESSAGE][PASSED] - Object: 'Object Repository/CURA_OR/Page_CURA Healthcare Service/monthObject' is clicked on

13-02-2024T22:18:36 - [MESSAGE][WARNING] - Timeout '0' is invalid. Using default page load timeout: '30'

13-02-2024T22:18:37 - [MESSAGE][PASSED] - Object 'Object Repository/CURA_OR/Page_CURA Healthcare Service/dateObject' is present

13-02-2024T22:18:37 - [MESSAGE][PASSED] - Object: 'Object Repository/CURA_OR/Page_CURA Healthcare Service/dateObject' is clicked on

13-02-2024T22:18:38 - [MESSAGE][PASSED] - Object: 'Object Repository/CURA_OR/Page_CURA Healthcare Service/button_Book Appointment' is clicked on

13-02-2024T22:18:38 - [MESSAGE][WARNING] - Timeout '0' is invalid. Using default page load timeout: '30'

13-02-2024T22:18:39 - [MESSAGE][PASSED] - Object 'Object Repository/CURA_OR/Page_CURA Healthcare Service/h2_Appointment Confirmation' is present

13-02-2024T22:18:39 - [MESSAGE][PASSED] - Actual text and expected text of test object 'Object Repository/CURA_OR/Page_CURA Healthcare Service/p_20022024' are matched.

13-02-2024T22:18:39 - [MESSAGE][PASSED] - com.qa.test.custom_keyword.validateAppointmentDate is PASSED

13-02-2024T22:18:39 - [TEST_STEP][PASSED] - Start listener action : sampleAfterTestCase: Object: 'Object Repository/CURA_OR/Page_CURA Healthcare Service/a_Logout' is clicked on

13-02-2024T22:18:39 - [TEST_STEP][PASSED] - println("After Test Case -- Logging out"): null

13-02-2024T22:18:39 - [TEST_STEP][PASSED] - click(findTestObject("Object Repository/CURA_OR/Page_CURA Healthcare Service/amenu-toggle")): Object: 'Object Repository/CURA_OR/Page_CURA Healthcare Service/amenu-toggle' is clicked on

13-02-2024T22:18:40 - [MESSAGE][PASSED] - Object: 'Object Repository/CURA_OR/Page_CURA Healthcare Service/amenu-toggle' is clicked on

13-02-2024T22:18:40 - [TEST_STEP][PASSED] - click(findTestObject("Object Repository/CURA_OR/Page_CURA Healthcare Service/a_Logout")): Object: 'Object Repository/CURA_OR/Page_CURA Healthcare Service/a_Logout' is clicked on

13-02-2024T22:18:41 - [MESSAGE][PASSED] - Object: 'Object Repository/CURA_OR/Page_CURA Healthcare Service/a_Logout' is clicked on]]></system-out>
         <system-err><![CDATA[]]></system-err>
      </testcase>
      <testcase name="Test Cases/TC_CURA_MakeAppointment_005" time="12.54" classname="Test Cases/TC_CURA_MakeAppointment_005" status="PASSED">
         <system-out><![CDATA[13-02-2024T22:18:41 - [TEST_CASE][PASSED] - Test Cases/TC_CURA_MakeAppointment_005: Test Cases/TC_CURA_MakeAppointment_005

13-02-2024T22:18:41 - [TEST_STEP][PASSED] - Start listener action : sampleBeforeTestCase: Object: 'Object Repository/CURA_OR/Page_CURA Healthcare Service/button_Login' is clicked on

13-02-2024T22:18:41 - [TEST_STEP][PASSED] - println("Before Test Case -- Logging in"): null

13-02-2024T22:18:41 - [TEST_STEP][PASSED] - click(findTestObject("Object Repository/CURA_OR/Page_CURA Healthcare Service/amenu-toggle")): Object: 'Object Repository/CURA_OR/Page_CURA Healthcare Service/amenu-toggle' is clicked on

13-02-2024T22:18:41 - [MESSAGE][PASSED] - Object: 'Object Repository/CURA_OR/Page_CURA Healthcare Service/amenu-toggle' is clicked on

13-02-2024T22:18:41 - [TEST_STEP][PASSED] - click(findTestObject("Object Repository/CURA_OR/Page_CURA Healthcare Service/a_Login")): Object: 'Object Repository/CURA_OR/Page_CURA Healthcare Service/a_Login' is clicked on

13-02-2024T22:18:42 - [MESSAGE][PASSED] - Object: 'Object Repository/CURA_OR/Page_CURA Healthcare Service/a_Login' is clicked on

13-02-2024T22:18:42 - [TEST_STEP][PASSED] - setText(findTestObject("Object Repository/CURA_OR/Page_CURA Healthcare Service/input_username"), username): Text 'John Doe' is set on object 'Object Repository/CURA_OR/Page_CURA Healthcare Service/input_username'

13-02-2024T22:18:43 - [MESSAGE][PASSED] - Text 'John Doe' is set on object 'Object Repository/CURA_OR/Page_CURA Healthcare Service/input_username'

13-02-2024T22:18:43 - [TEST_STEP][PASSED] - setText(findTestObject("CURA_OR/Page_CURA Healthcare Service/input_password"), password): Text 'ThisIsNotAPassword' is set on object 'Object Repository/CURA_OR/Page_CURA Healthcare Service/input_password'

13-02-2024T22:18:44 - [MESSAGE][PASSED] - Text 'ThisIsNotAPassword' is set on object 'Object Repository/CURA_OR/Page_CURA Healthcare Service/input_password'

13-02-2024T22:18:44 - [TEST_STEP][PASSED] - click(findTestObject("Object Repository/CURA_OR/Page_CURA Healthcare Service/button_Login")): Object: 'Object Repository/CURA_OR/Page_CURA Healthcare Service/button_Login' is clicked on

13-02-2024T22:18:45 - [MESSAGE][PASSED] - Object: 'Object Repository/CURA_OR/Page_CURA Healthcare Service/button_Login' is clicked on

13-02-2024T22:18:45 - [TEST_STEP][PASSED] - click(findTestObject("Object Repository/CURA_OR/Page_CURA Healthcare Service/div_input-group-addon")): Object: 'Object Repository/CURA_OR/Page_CURA Healthcare Service/div_input-group-addon' is clicked on

13-02-2024T22:18:46 - [MESSAGE][PASSED] - Object: 'Object Repository/CURA_OR/Page_CURA Healthcare Service/div_input-group-addon' is clicked on

13-02-2024T22:18:46 - [TEST_STEP][PASSED] - click(findTestObject("Object Repository/CURA_OR/Page_CURA Healthcare Service/th_February 2024")): Object: 'Object Repository/CURA_OR/Page_CURA Healthcare Service/th_February 2024' is clicked on

13-02-2024T22:18:47 - [MESSAGE][PASSED] - Object: 'Object Repository/CURA_OR/Page_CURA Healthcare Service/th_February 2024' is clicked on

13-02-2024T22:18:47 - [TEST_STEP][PASSED] - click(findTestObject("Object Repository/CURA_OR/Page_CURA Healthcare Service/th_2024")): Object: 'Object Repository/CURA_OR/Page_CURA Healthcare Service/th_2024' is clicked on

13-02-2024T22:18:47 - [MESSAGE][PASSED] - Object: 'Object Repository/CURA_OR/Page_CURA Healthcare Service/th_2024' is clicked on

13-02-2024T22:18:47 - [TEST_STEP][PASSED] - com.qa.test.custom_keyword.validateAppointmentDate(date, month, year): com.qa.test.custom_keyword.validateAppointmentDate is PASSED

13-02-2024T22:18:47 - [MESSAGE][WARNING] - Timeout '0' is invalid. Using default page load timeout: '30'

13-02-2024T22:18:47 - [MESSAGE][PASSED] - Object 'Object Repository/CURA_OR/Page_CURA Healthcare Service/yearObject' is present

13-02-2024T22:18:48 - [MESSAGE][PASSED] - Object: 'Object Repository/CURA_OR/Page_CURA Healthcare Service/yearObject' is clicked on

13-02-2024T22:18:48 - [MESSAGE][WARNING] - Timeout '0' is invalid. Using default page load timeout: '30'

13-02-2024T22:18:48 - [MESSAGE][PASSED] - Object 'Object Repository/CURA_OR/Page_CURA Healthcare Service/monthObject' is present

13-02-2024T22:18:49 - [MESSAGE][PASSED] - Object: 'Object Repository/CURA_OR/Page_CURA Healthcare Service/monthObject' is clicked on

13-02-2024T22:18:49 - [MESSAGE][WARNING] - Timeout '0' is invalid. Using default page load timeout: '30'

13-02-2024T22:18:49 - [MESSAGE][PASSED] - Object 'Object Repository/CURA_OR/Page_CURA Healthcare Service/dateObject' is present

13-02-2024T22:18:50 - [MESSAGE][PASSED] - Object: 'Object Repository/CURA_OR/Page_CURA Healthcare Service/dateObject' is clicked on

13-02-2024T22:18:51 - [MESSAGE][PASSED] - Object: 'Object Repository/CURA_OR/Page_CURA Healthcare Service/button_Book Appointment' is clicked on

13-02-2024T22:18:51 - [MESSAGE][WARNING] - Timeout '0' is invalid. Using default page load timeout: '30'

13-02-2024T22:18:51 - [MESSAGE][PASSED] - Object 'Object Repository/CURA_OR/Page_CURA Healthcare Service/h2_Appointment Confirmation' is present

13-02-2024T22:18:52 - [MESSAGE][PASSED] - Actual text and expected text of test object 'Object Repository/CURA_OR/Page_CURA Healthcare Service/p_20022024' are matched.

13-02-2024T22:18:52 - [MESSAGE][PASSED] - com.qa.test.custom_keyword.validateAppointmentDate is PASSED

13-02-2024T22:18:52 - [TEST_STEP][PASSED] - Start listener action : sampleAfterTestCase: Object: 'Object Repository/CURA_OR/Page_CURA Healthcare Service/a_Logout' is clicked on

13-02-2024T22:18:52 - [TEST_STEP][PASSED] - println("After Test Case -- Logging out"): null

13-02-2024T22:18:52 - [TEST_STEP][PASSED] - click(findTestObject("Object Repository/CURA_OR/Page_CURA Healthcare Service/amenu-toggle")): Object: 'Object Repository/CURA_OR/Page_CURA Healthcare Service/amenu-toggle' is clicked on

13-02-2024T22:18:52 - [MESSAGE][PASSED] - Object: 'Object Repository/CURA_OR/Page_CURA Healthcare Service/amenu-toggle' is clicked on

13-02-2024T22:18:52 - [TEST_STEP][PASSED] - click(findTestObject("Object Repository/CURA_OR/Page_CURA Healthcare Service/a_Logout")): Object: 'Object Repository/CURA_OR/Page_CURA Healthcare Service/a_Logout' is clicked on

13-02-2024T22:18:53 - [MESSAGE][PASSED] - Object: 'Object Repository/CURA_OR/Page_CURA Healthcare Service/a_Logout' is clicked on]]></system-out>
         <system-err><![CDATA[]]></system-err>
      </testcase>
      <testcase name="Test Cases/TC_CURA_MakeAppointment_005" time="12.133" classname="Test Cases/TC_CURA_MakeAppointment_005" status="PASSED">
         <system-out><![CDATA[13-02-2024T22:18:53 - [TEST_CASE][PASSED] - Test Cases/TC_CURA_MakeAppointment_005: Test Cases/TC_CURA_MakeAppointment_005

13-02-2024T22:18:53 - [TEST_STEP][PASSED] - Start listener action : sampleBeforeTestCase: Object: 'Object Repository/CURA_OR/Page_CURA Healthcare Service/button_Login' is clicked on

13-02-2024T22:18:53 - [TEST_STEP][PASSED] - println("Before Test Case -- Logging in"): null

13-02-2024T22:18:53 - [TEST_STEP][PASSED] - click(findTestObject("Object Repository/CURA_OR/Page_CURA Healthcare Service/amenu-toggle")): Object: 'Object Repository/CURA_OR/Page_CURA Healthcare Service/amenu-toggle' is clicked on

13-02-2024T22:18:54 - [MESSAGE][PASSED] - Object: 'Object Repository/CURA_OR/Page_CURA Healthcare Service/amenu-toggle' is clicked on

13-02-2024T22:18:54 - [TEST_STEP][PASSED] - click(findTestObject("Object Repository/CURA_OR/Page_CURA Healthcare Service/a_Login")): Object: 'Object Repository/CURA_OR/Page_CURA Healthcare Service/a_Login' is clicked on

13-02-2024T22:18:57 - [MESSAGE][PASSED] - Object: 'Object Repository/CURA_OR/Page_CURA Healthcare Service/a_Login' is clicked on

13-02-2024T22:18:57 - [TEST_STEP][PASSED] - setText(findTestObject("Object Repository/CURA_OR/Page_CURA Healthcare Service/input_username"), username): Text 'John Doe' is set on object 'Object Repository/CURA_OR/Page_CURA Healthcare Service/input_username'

13-02-2024T22:18:58 - [MESSAGE][PASSED] - Text 'John Doe' is set on object 'Object Repository/CURA_OR/Page_CURA Healthcare Service/input_username'

13-02-2024T22:18:58 - [TEST_STEP][PASSED] - setText(findTestObject("CURA_OR/Page_CURA Healthcare Service/input_password"), password): Text 'ThisIsNotAPassword' is set on object 'Object Repository/CURA_OR/Page_CURA Healthcare Service/input_password'

13-02-2024T22:18:59 - [MESSAGE][PASSED] - Text 'ThisIsNotAPassword' is set on object 'Object Repository/CURA_OR/Page_CURA Healthcare Service/input_password'

13-02-2024T22:18:59 - [TEST_STEP][PASSED] - click(findTestObject("Object Repository/CURA_OR/Page_CURA Healthcare Service/button_Login")): Object: 'Object Repository/CURA_OR/Page_CURA Healthcare Service/button_Login' is clicked on

13-02-2024T22:19:01 - [MESSAGE][PASSED] - Object: 'Object Repository/CURA_OR/Page_CURA Healthcare Service/button_Login' is clicked on

13-02-2024T22:19:01 - [TEST_STEP][PASSED] - click(findTestObject("Object Repository/CURA_OR/Page_CURA Healthcare Service/div_input-group-addon")): Object: 'Object Repository/CURA_OR/Page_CURA Healthcare Service/div_input-group-addon' is clicked on

13-02-2024T22:19:01 - [MESSAGE][PASSED] - Object: 'Object Repository/CURA_OR/Page_CURA Healthcare Service/div_input-group-addon' is clicked on

13-02-2024T22:19:01 - [TEST_STEP][PASSED] - click(findTestObject("Object Repository/CURA_OR/Page_CURA Healthcare Service/th_February 2024")): Object: 'Object Repository/CURA_OR/Page_CURA Healthcare Service/th_February 2024' is clicked on

13-02-2024T22:19:02 - [MESSAGE][PASSED] - Object: 'Object Repository/CURA_OR/Page_CURA Healthcare Service/th_February 2024' is clicked on

13-02-2024T22:19:02 - [TEST_STEP][PASSED] - click(findTestObject("Object Repository/CURA_OR/Page_CURA Healthcare Service/th_2024")): Object: 'Object Repository/CURA_OR/Page_CURA Healthcare Service/th_2024' is clicked on

13-02-2024T22:19:02 - [MESSAGE][PASSED] - Object: 'Object Repository/CURA_OR/Page_CURA Healthcare Service/th_2024' is clicked on

13-02-2024T22:19:02 - [TEST_STEP][PASSED] - com.qa.test.custom_keyword.validateAppointmentDate(date, month, year): com.qa.test.custom_keyword.validateAppointmentDate is PASSED

13-02-2024T22:19:03 - [MESSAGE][PASSED] - Object: 'Object Repository/CURA_OR/Page_CURA Healthcare Service/yearObject' is clicked on

13-02-2024T22:19:03 - [MESSAGE][PASSED] - Object: 'Object Repository/CURA_OR/Page_CURA Healthcare Service/monthObject' is clicked on

13-02-2024T22:19:03 - [MESSAGE][WARNING] - Timeout '0' is invalid. Using default page load timeout: '30'

13-02-2024T22:19:04 - [MESSAGE][PASSED] - Web element with id: 'Object Repository/CURA_OR/Page_CURA Healthcare Service/dateObject' located by 'By.xpath: //*[(text() = '32' or . = '32')]' is not present after '30' second(s)

13-02-2024T22:19:04 - [MESSAGE][PASSED] - com.qa.test.custom_keyword.validateAppointmentDate is PASSED

13-02-2024T22:19:04 - [TEST_STEP][PASSED] - Start listener action : sampleAfterTestCase: Object: 'Object Repository/CURA_OR/Page_CURA Healthcare Service/a_Logout' is clicked on

13-02-2024T22:19:04 - [TEST_STEP][PASSED] - println("After Test Case -- Logging out"): null

13-02-2024T22:19:04 - [TEST_STEP][PASSED] - click(findTestObject("Object Repository/CURA_OR/Page_CURA Healthcare Service/amenu-toggle")): Object: 'Object Repository/CURA_OR/Page_CURA Healthcare Service/amenu-toggle' is clicked on

13-02-2024T22:19:04 - [MESSAGE][PASSED] - Object: 'Object Repository/CURA_OR/Page_CURA Healthcare Service/amenu-toggle' is clicked on

13-02-2024T22:19:04 - [TEST_STEP][PASSED] - click(findTestObject("Object Repository/CURA_OR/Page_CURA Healthcare Service/a_Logout")): Object: 'Object Repository/CURA_OR/Page_CURA Healthcare Service/a_Logout' is clicked on

13-02-2024T22:19:06 - [MESSAGE][PASSED] - Object: 'Object Repository/CURA_OR/Page_CURA Healthcare Service/a_Logout' is clicked on]]></system-out>
         <system-err><![CDATA[]]></system-err>
      </testcase>
      <testcase name="Test Cases/TC_CURA_MakeAppointment_005" time="8.993" classname="Test Cases/TC_CURA_MakeAppointment_005" status="PASSED">
         <system-out><![CDATA[13-02-2024T22:19:06 - [TEST_CASE][PASSED] - Test Cases/TC_CURA_MakeAppointment_005: Test Cases/TC_CURA_MakeAppointment_005

13-02-2024T22:19:06 - [TEST_STEP][PASSED] - Start listener action : sampleBeforeTestCase: Object: 'Object Repository/CURA_OR/Page_CURA Healthcare Service/button_Login' is clicked on

13-02-2024T22:19:06 - [TEST_STEP][PASSED] - println("Before Test Case -- Logging in"): null

13-02-2024T22:19:06 - [TEST_STEP][PASSED] - click(findTestObject("Object Repository/CURA_OR/Page_CURA Healthcare Service/amenu-toggle")): Object: 'Object Repository/CURA_OR/Page_CURA Healthcare Service/amenu-toggle' is clicked on

13-02-2024T22:19:06 - [MESSAGE][PASSED] - Object: 'Object Repository/CURA_OR/Page_CURA Healthcare Service/amenu-toggle' is clicked on

13-02-2024T22:19:06 - [TEST_STEP][PASSED] - click(findTestObject("Object Repository/CURA_OR/Page_CURA Healthcare Service/a_Login")): Object: 'Object Repository/CURA_OR/Page_CURA Healthcare Service/a_Login' is clicked on

13-02-2024T22:19:07 - [MESSAGE][PASSED] - Object: 'Object Repository/CURA_OR/Page_CURA Healthcare Service/a_Login' is clicked on

13-02-2024T22:19:07 - [TEST_STEP][PASSED] - setText(findTestObject("Object Repository/CURA_OR/Page_CURA Healthcare Service/input_username"), username): Text 'John Doe' is set on object 'Object Repository/CURA_OR/Page_CURA Healthcare Service/input_username'

13-02-2024T22:19:08 - [MESSAGE][PASSED] - Text 'John Doe' is set on object 'Object Repository/CURA_OR/Page_CURA Healthcare Service/input_username'

13-02-2024T22:19:08 - [TEST_STEP][PASSED] - setText(findTestObject("CURA_OR/Page_CURA Healthcare Service/input_password"), password): Text 'ThisIsNotAPassword' is set on object 'Object Repository/CURA_OR/Page_CURA Healthcare Service/input_password'

13-02-2024T22:19:09 - [MESSAGE][PASSED] - Text 'ThisIsNotAPassword' is set on object 'Object Repository/CURA_OR/Page_CURA Healthcare Service/input_password'

13-02-2024T22:19:09 - [TEST_STEP][PASSED] - click(findTestObject("Object Repository/CURA_OR/Page_CURA Healthcare Service/button_Login")): Object: 'Object Repository/CURA_OR/Page_CURA Healthcare Service/button_Login' is clicked on

13-02-2024T22:19:10 - [MESSAGE][PASSED] - Object: 'Object Repository/CURA_OR/Page_CURA Healthcare Service/button_Login' is clicked on

13-02-2024T22:19:10 - [TEST_STEP][PASSED] - click(findTestObject("Object Repository/CURA_OR/Page_CURA Healthcare Service/div_input-group-addon")): Object: 'Object Repository/CURA_OR/Page_CURA Healthcare Service/div_input-group-addon' is clicked on

13-02-2024T22:19:11 - [MESSAGE][PASSED] - Object: 'Object Repository/CURA_OR/Page_CURA Healthcare Service/div_input-group-addon' is clicked on

13-02-2024T22:19:11 - [TEST_STEP][PASSED] - click(findTestObject("Object Repository/CURA_OR/Page_CURA Healthcare Service/th_February 2024")): Object: 'Object Repository/CURA_OR/Page_CURA Healthcare Service/th_February 2024' is clicked on

13-02-2024T22:19:11 - [MESSAGE][PASSED] - Object: 'Object Repository/CURA_OR/Page_CURA Healthcare Service/th_February 2024' is clicked on

13-02-2024T22:19:11 - [TEST_STEP][PASSED] - click(findTestObject("Object Repository/CURA_OR/Page_CURA Healthcare Service/th_2024")): Object: 'Object Repository/CURA_OR/Page_CURA Healthcare Service/th_2024' is clicked on

13-02-2024T22:19:12 - [MESSAGE][PASSED] - Object: 'Object Repository/CURA_OR/Page_CURA Healthcare Service/th_2024' is clicked on

13-02-2024T22:19:12 - [TEST_STEP][PASSED] - com.qa.test.custom_keyword.validateAppointmentDate(date, month, year): com.qa.test.custom_keyword.validateAppointmentDate is PASSED

13-02-2024T22:19:12 - [MESSAGE][PASSED] - Object: 'Object Repository/CURA_OR/Page_CURA Healthcare Service/yearObject' is clicked on

13-02-2024T22:19:13 - [MESSAGE][PASSED] - Object: 'Object Repository/CURA_OR/Page_CURA Healthcare Service/monthObject' is clicked on

13-02-2024T22:19:13 - [MESSAGE][WARNING] - Timeout '0' is invalid. Using default page load timeout: '30'

13-02-2024T22:19:13 - [MESSAGE][PASSED] - Web element with id: 'Object Repository/CURA_OR/Page_CURA Healthcare Service/dateObject' located by 'By.xpath: //*[(text() = '32' or . = '32')]' is not present after '30' second(s)

13-02-2024T22:19:13 - [MESSAGE][PASSED] - com.qa.test.custom_keyword.validateAppointmentDate is PASSED

13-02-2024T22:19:13 - [TEST_STEP][PASSED] - Start listener action : sampleAfterTestCase: Object: 'Object Repository/CURA_OR/Page_CURA Healthcare Service/a_Logout' is clicked on

13-02-2024T22:19:13 - [TEST_STEP][PASSED] - println("After Test Case -- Logging out"): null

13-02-2024T22:19:13 - [TEST_STEP][PASSED] - click(findTestObject("Object Repository/CURA_OR/Page_CURA Healthcare Service/amenu-toggle")): Object: 'Object Repository/CURA_OR/Page_CURA Healthcare Service/amenu-toggle' is clicked on

13-02-2024T22:19:13 - [MESSAGE][PASSED] - Object: 'Object Repository/CURA_OR/Page_CURA Healthcare Service/amenu-toggle' is clicked on

13-02-2024T22:19:13 - [TEST_STEP][PASSED] - click(findTestObject("Object Repository/CURA_OR/Page_CURA Healthcare Service/a_Logout")): Object: 'Object Repository/CURA_OR/Page_CURA Healthcare Service/a_Logout' is clicked on

13-02-2024T22:19:15 - [MESSAGE][PASSED] - Object: 'Object Repository/CURA_OR/Page_CURA Healthcare Service/a_Logout' is clicked on]]></system-out>
         <system-err><![CDATA[]]></system-err>
      </testcase>
      <testcase name="Test Cases/TC_CURA_MakeAppointment_005" time="8.784" classname="Test Cases/TC_CURA_MakeAppointment_005" status="PASSED">
         <system-out><![CDATA[13-02-2024T22:19:15 - [TEST_CASE][PASSED] - Test Cases/TC_CURA_MakeAppointment_005: Test Cases/TC_CURA_MakeAppointment_005

13-02-2024T22:19:15 - [TEST_STEP][PASSED] - Start listener action : sampleBeforeTestCase: Object: 'Object Repository/CURA_OR/Page_CURA Healthcare Service/button_Login' is clicked on

13-02-2024T22:19:15 - [TEST_STEP][PASSED] - println("Before Test Case -- Logging in"): null

13-02-2024T22:19:15 - [TEST_STEP][PASSED] - click(findTestObject("Object Repository/CURA_OR/Page_CURA Healthcare Service/amenu-toggle")): Object: 'Object Repository/CURA_OR/Page_CURA Healthcare Service/amenu-toggle' is clicked on

13-02-2024T22:19:15 - [MESSAGE][PASSED] - Object: 'Object Repository/CURA_OR/Page_CURA Healthcare Service/amenu-toggle' is clicked on

13-02-2024T22:19:15 - [TEST_STEP][PASSED] - click(findTestObject("Object Repository/CURA_OR/Page_CURA Healthcare Service/a_Login")): Object: 'Object Repository/CURA_OR/Page_CURA Healthcare Service/a_Login' is clicked on

13-02-2024T22:19:16 - [MESSAGE][PASSED] - Object: 'Object Repository/CURA_OR/Page_CURA Healthcare Service/a_Login' is clicked on

13-02-2024T22:19:16 - [TEST_STEP][PASSED] - setText(findTestObject("Object Repository/CURA_OR/Page_CURA Healthcare Service/input_username"), username): Text 'John Doe' is set on object 'Object Repository/CURA_OR/Page_CURA Healthcare Service/input_username'

13-02-2024T22:19:17 - [MESSAGE][PASSED] - Text 'John Doe' is set on object 'Object Repository/CURA_OR/Page_CURA Healthcare Service/input_username'

13-02-2024T22:19:17 - [TEST_STEP][PASSED] - setText(findTestObject("CURA_OR/Page_CURA Healthcare Service/input_password"), password): Text 'ThisIsNotAPassword' is set on object 'Object Repository/CURA_OR/Page_CURA Healthcare Service/input_password'

13-02-2024T22:19:18 - [MESSAGE][PASSED] - Text 'ThisIsNotAPassword' is set on object 'Object Repository/CURA_OR/Page_CURA Healthcare Service/input_password'

13-02-2024T22:19:18 - [TEST_STEP][PASSED] - click(findTestObject("Object Repository/CURA_OR/Page_CURA Healthcare Service/button_Login")): Object: 'Object Repository/CURA_OR/Page_CURA Healthcare Service/button_Login' is clicked on

13-02-2024T22:19:19 - [MESSAGE][PASSED] - Object: 'Object Repository/CURA_OR/Page_CURA Healthcare Service/button_Login' is clicked on

13-02-2024T22:19:19 - [TEST_STEP][PASSED] - click(findTestObject("Object Repository/CURA_OR/Page_CURA Healthcare Service/div_input-group-addon")): Object: 'Object Repository/CURA_OR/Page_CURA Healthcare Service/div_input-group-addon' is clicked on

13-02-2024T22:19:20 - [MESSAGE][PASSED] - Object: 'Object Repository/CURA_OR/Page_CURA Healthcare Service/div_input-group-addon' is clicked on

13-02-2024T22:19:20 - [TEST_STEP][PASSED] - click(findTestObject("Object Repository/CURA_OR/Page_CURA Healthcare Service/th_February 2024")): Object: 'Object Repository/CURA_OR/Page_CURA Healthcare Service/th_February 2024' is clicked on

13-02-2024T22:19:20 - [MESSAGE][PASSED] - Object: 'Object Repository/CURA_OR/Page_CURA Healthcare Service/th_February 2024' is clicked on

13-02-2024T22:19:20 - [TEST_STEP][PASSED] - click(findTestObject("Object Repository/CURA_OR/Page_CURA Healthcare Service/th_2024")): Object: 'Object Repository/CURA_OR/Page_CURA Healthcare Service/th_2024' is clicked on

13-02-2024T22:19:20 - [MESSAGE][PASSED] - Object: 'Object Repository/CURA_OR/Page_CURA Healthcare Service/th_2024' is clicked on

13-02-2024T22:19:20 - [TEST_STEP][PASSED] - com.qa.test.custom_keyword.validateAppointmentDate(date, month, year): com.qa.test.custom_keyword.validateAppointmentDate is PASSED

13-02-2024T22:19:21 - [MESSAGE][PASSED] - Object: 'Object Repository/CURA_OR/Page_CURA Healthcare Service/yearObject' is clicked on

13-02-2024T22:19:21 - [MESSAGE][PASSED] - Object: 'Object Repository/CURA_OR/Page_CURA Healthcare Service/monthObject' is clicked on

13-02-2024T22:19:21 - [MESSAGE][WARNING] - Timeout '0' is invalid. Using default page load timeout: '30'

13-02-2024T22:19:22 - [MESSAGE][PASSED] - Web element with id: 'Object Repository/CURA_OR/Page_CURA Healthcare Service/dateObject' located by 'By.xpath: //*[(text() = '32' or . = '32')]' is not present after '30' second(s)

13-02-2024T22:19:22 - [MESSAGE][PASSED] - com.qa.test.custom_keyword.validateAppointmentDate is PASSED

13-02-2024T22:19:22 - [TEST_STEP][PASSED] - Start listener action : sampleAfterTestCase: Object: 'Object Repository/CURA_OR/Page_CURA Healthcare Service/a_Logout' is clicked on

13-02-2024T22:19:22 - [TEST_STEP][PASSED] - println("After Test Case -- Logging out"): null

13-02-2024T22:19:22 - [TEST_STEP][PASSED] - click(findTestObject("Object Repository/CURA_OR/Page_CURA Healthcare Service/amenu-toggle")): Object: 'Object Repository/CURA_OR/Page_CURA Healthcare Service/amenu-toggle' is clicked on

13-02-2024T22:19:22 - [MESSAGE][PASSED] - Object: 'Object Repository/CURA_OR/Page_CURA Healthcare Service/amenu-toggle' is clicked on

13-02-2024T22:19:22 - [TEST_STEP][PASSED] - click(findTestObject("Object Repository/CURA_OR/Page_CURA Healthcare Service/a_Logout")): Object: 'Object Repository/CURA_OR/Page_CURA Healthcare Service/a_Logout' is clicked on

13-02-2024T22:19:23 - [MESSAGE][PASSED] - Object: 'Object Repository/CURA_OR/Page_CURA Healthcare Service/a_Logout' is clicked on]]></system-out>
         <system-err><![CDATA[]]></system-err>
      </testcase>
      <testcase name="Test Cases/TC_CURA_MakeAppointment_005" time="8.523" classname="Test Cases/TC_CURA_MakeAppointment_005" status="PASSED">
         <system-out><![CDATA[13-02-2024T22:19:23 - [TEST_CASE][PASSED] - Test Cases/TC_CURA_MakeAppointment_005: Test Cases/TC_CURA_MakeAppointment_005

13-02-2024T22:19:24 - [TEST_STEP][PASSED] - Start listener action : sampleBeforeTestCase: Object: 'Object Repository/CURA_OR/Page_CURA Healthcare Service/button_Login' is clicked on

13-02-2024T22:19:24 - [TEST_STEP][PASSED] - println("Before Test Case -- Logging in"): null

13-02-2024T22:19:24 - [TEST_STEP][PASSED] - click(findTestObject("Object Repository/CURA_OR/Page_CURA Healthcare Service/amenu-toggle")): Object: 'Object Repository/CURA_OR/Page_CURA Healthcare Service/amenu-toggle' is clicked on

13-02-2024T22:19:24 - [MESSAGE][PASSED] - Object: 'Object Repository/CURA_OR/Page_CURA Healthcare Service/amenu-toggle' is clicked on

13-02-2024T22:19:24 - [TEST_STEP][PASSED] - click(findTestObject("Object Repository/CURA_OR/Page_CURA Healthcare Service/a_Login")): Object: 'Object Repository/CURA_OR/Page_CURA Healthcare Service/a_Login' is clicked on

13-02-2024T22:19:25 - [MESSAGE][PASSED] - Object: 'Object Repository/CURA_OR/Page_CURA Healthcare Service/a_Login' is clicked on

13-02-2024T22:19:25 - [TEST_STEP][PASSED] - setText(findTestObject("Object Repository/CURA_OR/Page_CURA Healthcare Service/input_username"), username): Text 'John Doe' is set on object 'Object Repository/CURA_OR/Page_CURA Healthcare Service/input_username'

13-02-2024T22:19:26 - [MESSAGE][PASSED] - Text 'John Doe' is set on object 'Object Repository/CURA_OR/Page_CURA Healthcare Service/input_username'

13-02-2024T22:19:26 - [TEST_STEP][PASSED] - setText(findTestObject("CURA_OR/Page_CURA Healthcare Service/input_password"), password): Text 'ThisIsNotAPassword' is set on object 'Object Repository/CURA_OR/Page_CURA Healthcare Service/input_password'

13-02-2024T22:19:27 - [MESSAGE][PASSED] - Text 'ThisIsNotAPassword' is set on object 'Object Repository/CURA_OR/Page_CURA Healthcare Service/input_password'

13-02-2024T22:19:27 - [TEST_STEP][PASSED] - click(findTestObject("Object Repository/CURA_OR/Page_CURA Healthcare Service/button_Login")): Object: 'Object Repository/CURA_OR/Page_CURA Healthcare Service/button_Login' is clicked on

13-02-2024T22:19:28 - [MESSAGE][PASSED] - Object: 'Object Repository/CURA_OR/Page_CURA Healthcare Service/button_Login' is clicked on

13-02-2024T22:19:28 - [TEST_STEP][PASSED] - click(findTestObject("Object Repository/CURA_OR/Page_CURA Healthcare Service/div_input-group-addon")): Object: 'Object Repository/CURA_OR/Page_CURA Healthcare Service/div_input-group-addon' is clicked on

13-02-2024T22:19:28 - [MESSAGE][PASSED] - Object: 'Object Repository/CURA_OR/Page_CURA Healthcare Service/div_input-group-addon' is clicked on

13-02-2024T22:19:28 - [TEST_STEP][PASSED] - click(findTestObject("Object Repository/CURA_OR/Page_CURA Healthcare Service/th_February 2024")): Object: 'Object Repository/CURA_OR/Page_CURA Healthcare Service/th_February 2024' is clicked on

13-02-2024T22:19:28 - [MESSAGE][PASSED] - Object: 'Object Repository/CURA_OR/Page_CURA Healthcare Service/th_February 2024' is clicked on

13-02-2024T22:19:28 - [TEST_STEP][PASSED] - click(findTestObject("Object Repository/CURA_OR/Page_CURA Healthcare Service/th_2024")): Object: 'Object Repository/CURA_OR/Page_CURA Healthcare Service/th_2024' is clicked on

13-02-2024T22:19:29 - [MESSAGE][PASSED] - Object: 'Object Repository/CURA_OR/Page_CURA Healthcare Service/th_2024' is clicked on

13-02-2024T22:19:29 - [TEST_STEP][PASSED] - com.qa.test.custom_keyword.validateAppointmentDate(date, month, year): com.qa.test.custom_keyword.validateAppointmentDate is PASSED

13-02-2024T22:19:29 - [MESSAGE][PASSED] - Object: 'Object Repository/CURA_OR/Page_CURA Healthcare Service/yearObject' is clicked on

13-02-2024T22:19:30 - [MESSAGE][PASSED] - Object: 'Object Repository/CURA_OR/Page_CURA Healthcare Service/monthObject' is clicked on

13-02-2024T22:19:30 - [MESSAGE][WARNING] - Timeout '0' is invalid. Using default page load timeout: '30'

13-02-2024T22:19:30 - [MESSAGE][PASSED] - Web element with id: 'Object Repository/CURA_OR/Page_CURA Healthcare Service/dateObject' located by 'By.xpath: //*[(text() = '32' or . = '32')]' is not present after '30' second(s)

13-02-2024T22:19:30 - [MESSAGE][PASSED] - com.qa.test.custom_keyword.validateAppointmentDate is PASSED

13-02-2024T22:19:30 - [TEST_STEP][PASSED] - Start listener action : sampleAfterTestCase: Object: 'Object Repository/CURA_OR/Page_CURA Healthcare Service/a_Logout' is clicked on

13-02-2024T22:19:30 - [TEST_STEP][PASSED] - println("After Test Case -- Logging out"): null

13-02-2024T22:19:30 - [TEST_STEP][PASSED] - click(findTestObject("Object Repository/CURA_OR/Page_CURA Healthcare Service/amenu-toggle")): Object: 'Object Repository/CURA_OR/Page_CURA Healthcare Service/amenu-toggle' is clicked on

13-02-2024T22:19:31 - [MESSAGE][PASSED] - Object: 'Object Repository/CURA_OR/Page_CURA Healthcare Service/amenu-toggle' is clicked on

13-02-2024T22:19:31 - [TEST_STEP][PASSED] - click(findTestObject("Object Repository/CURA_OR/Page_CURA Healthcare Service/a_Logout")): Object: 'Object Repository/CURA_OR/Page_CURA Healthcare Service/a_Logout' is clicked on

13-02-2024T22:19:32 - [MESSAGE][PASSED] - Object: 'Object Repository/CURA_OR/Page_CURA Healthcare Service/a_Logout' is clicked on]]></system-out>
         <system-err><![CDATA[]]></system-err>
      </testcase>
      <testcase name="Test Cases/TC_CURA_MakeAppointment_005" time="8.821" classname="Test Cases/TC_CURA_MakeAppointment_005" status="PASSED">
         <system-out><![CDATA[13-02-2024T22:19:32 - [TEST_CASE][PASSED] - Test Cases/TC_CURA_MakeAppointment_005: Test Cases/TC_CURA_MakeAppointment_005

13-02-2024T22:19:32 - [TEST_STEP][PASSED] - Start listener action : sampleBeforeTestCase: Object: 'Object Repository/CURA_OR/Page_CURA Healthcare Service/button_Login' is clicked on

13-02-2024T22:19:32 - [TEST_STEP][PASSED] - println("Before Test Case -- Logging in"): null

13-02-2024T22:19:32 - [TEST_STEP][PASSED] - click(findTestObject("Object Repository/CURA_OR/Page_CURA Healthcare Service/amenu-toggle")): Object: 'Object Repository/CURA_OR/Page_CURA Healthcare Service/amenu-toggle' is clicked on

13-02-2024T22:19:32 - [MESSAGE][PASSED] - Object: 'Object Repository/CURA_OR/Page_CURA Healthcare Service/amenu-toggle' is clicked on

13-02-2024T22:19:32 - [TEST_STEP][PASSED] - click(findTestObject("Object Repository/CURA_OR/Page_CURA Healthcare Service/a_Login")): Object: 'Object Repository/CURA_OR/Page_CURA Healthcare Service/a_Login' is clicked on

13-02-2024T22:19:33 - [MESSAGE][PASSED] - Object: 'Object Repository/CURA_OR/Page_CURA Healthcare Service/a_Login' is clicked on

13-02-2024T22:19:33 - [TEST_STEP][PASSED] - setText(findTestObject("Object Repository/CURA_OR/Page_CURA Healthcare Service/input_username"), username): Text 'John Doe' is set on object 'Object Repository/CURA_OR/Page_CURA Healthcare Service/input_username'

13-02-2024T22:19:34 - [MESSAGE][PASSED] - Text 'John Doe' is set on object 'Object Repository/CURA_OR/Page_CURA Healthcare Service/input_username'

13-02-2024T22:19:34 - [TEST_STEP][PASSED] - setText(findTestObject("CURA_OR/Page_CURA Healthcare Service/input_password"), password): Text 'ThisIsNotAPassword' is set on object 'Object Repository/CURA_OR/Page_CURA Healthcare Service/input_password'

13-02-2024T22:19:35 - [MESSAGE][PASSED] - Text 'ThisIsNotAPassword' is set on object 'Object Repository/CURA_OR/Page_CURA Healthcare Service/input_password'

13-02-2024T22:19:35 - [TEST_STEP][PASSED] - click(findTestObject("Object Repository/CURA_OR/Page_CURA Healthcare Service/button_Login")): Object: 'Object Repository/CURA_OR/Page_CURA Healthcare Service/button_Login' is clicked on

13-02-2024T22:19:36 - [MESSAGE][PASSED] - Object: 'Object Repository/CURA_OR/Page_CURA Healthcare Service/button_Login' is clicked on

13-02-2024T22:19:36 - [TEST_STEP][PASSED] - click(findTestObject("Object Repository/CURA_OR/Page_CURA Healthcare Service/div_input-group-addon")): Object: 'Object Repository/CURA_OR/Page_CURA Healthcare Service/div_input-group-addon' is clicked on

13-02-2024T22:19:37 - [MESSAGE][PASSED] - Object: 'Object Repository/CURA_OR/Page_CURA Healthcare Service/div_input-group-addon' is clicked on

13-02-2024T22:19:37 - [TEST_STEP][PASSED] - click(findTestObject("Object Repository/CURA_OR/Page_CURA Healthcare Service/th_February 2024")): Object: 'Object Repository/CURA_OR/Page_CURA Healthcare Service/th_February 2024' is clicked on

13-02-2024T22:19:37 - [MESSAGE][PASSED] - Object: 'Object Repository/CURA_OR/Page_CURA Healthcare Service/th_February 2024' is clicked on

13-02-2024T22:19:37 - [TEST_STEP][PASSED] - click(findTestObject("Object Repository/CURA_OR/Page_CURA Healthcare Service/th_2024")): Object: 'Object Repository/CURA_OR/Page_CURA Healthcare Service/th_2024' is clicked on

13-02-2024T22:19:38 - [MESSAGE][PASSED] - Object: 'Object Repository/CURA_OR/Page_CURA Healthcare Service/th_2024' is clicked on

13-02-2024T22:19:38 - [TEST_STEP][PASSED] - com.qa.test.custom_keyword.validateAppointmentDate(date, month, year): com.qa.test.custom_keyword.validateAppointmentDate is PASSED

13-02-2024T22:19:38 - [MESSAGE][PASSED] - Object: 'Object Repository/CURA_OR/Page_CURA Healthcare Service/yearObject' is clicked on

13-02-2024T22:19:39 - [MESSAGE][PASSED] - Object: 'Object Repository/CURA_OR/Page_CURA Healthcare Service/monthObject' is clicked on

13-02-2024T22:19:39 - [MESSAGE][WARNING] - Timeout '0' is invalid. Using default page load timeout: '30'

13-02-2024T22:19:39 - [MESSAGE][PASSED] - Web element with id: 'Object Repository/CURA_OR/Page_CURA Healthcare Service/dateObject' located by 'By.xpath: //*[(text() = '32' or . = '32')]' is not present after '30' second(s)

13-02-2024T22:19:39 - [MESSAGE][PASSED] - com.qa.test.custom_keyword.validateAppointmentDate is PASSED

13-02-2024T22:19:39 - [TEST_STEP][PASSED] - Start listener action : sampleAfterTestCase: Object: 'Object Repository/CURA_OR/Page_CURA Healthcare Service/a_Logout' is clicked on

13-02-2024T22:19:39 - [TEST_STEP][PASSED] - println("After Test Case -- Logging out"): null

13-02-2024T22:19:39 - [TEST_STEP][PASSED] - click(findTestObject("Object Repository/CURA_OR/Page_CURA Healthcare Service/amenu-toggle")): Object: 'Object Repository/CURA_OR/Page_CURA Healthcare Service/amenu-toggle' is clicked on

13-02-2024T22:19:39 - [MESSAGE][PASSED] - Object: 'Object Repository/CURA_OR/Page_CURA Healthcare Service/amenu-toggle' is clicked on

13-02-2024T22:19:39 - [TEST_STEP][PASSED] - click(findTestObject("Object Repository/CURA_OR/Page_CURA Healthcare Service/a_Logout")): Object: 'Object Repository/CURA_OR/Page_CURA Healthcare Service/a_Logout' is clicked on

13-02-2024T22:19:41 - [MESSAGE][PASSED] - Object: 'Object Repository/CURA_OR/Page_CURA Healthcare Service/a_Logout' is clicked on]]></system-out>
         <system-err><![CDATA[]]></system-err>
      </testcase>
      <testcase name="Test Cases/TC_CURA_MakeAppointment_005" time="9.805" classname="Test Cases/TC_CURA_MakeAppointment_005" status="PASSED">
         <system-out><![CDATA[13-02-2024T22:19:41 - [TEST_CASE][PASSED] - Test Cases/TC_CURA_MakeAppointment_005: Test Cases/TC_CURA_MakeAppointment_005

13-02-2024T22:19:41 - [TEST_STEP][PASSED] - Start listener action : sampleBeforeTestCase: Object: 'Object Repository/CURA_OR/Page_CURA Healthcare Service/button_Login' is clicked on

13-02-2024T22:19:41 - [TEST_STEP][PASSED] - println("Before Test Case -- Logging in"): null

13-02-2024T22:19:41 - [TEST_STEP][PASSED] - click(findTestObject("Object Repository/CURA_OR/Page_CURA Healthcare Service/amenu-toggle")): Object: 'Object Repository/CURA_OR/Page_CURA Healthcare Service/amenu-toggle' is clicked on

13-02-2024T22:19:41 - [MESSAGE][PASSED] - Object: 'Object Repository/CURA_OR/Page_CURA Healthcare Service/amenu-toggle' is clicked on

13-02-2024T22:19:41 - [TEST_STEP][PASSED] - click(findTestObject("Object Repository/CURA_OR/Page_CURA Healthcare Service/a_Login")): Object: 'Object Repository/CURA_OR/Page_CURA Healthcare Service/a_Login' is clicked on

13-02-2024T22:19:42 - [MESSAGE][PASSED] - Object: 'Object Repository/CURA_OR/Page_CURA Healthcare Service/a_Login' is clicked on

13-02-2024T22:19:42 - [TEST_STEP][PASSED] - setText(findTestObject("Object Repository/CURA_OR/Page_CURA Healthcare Service/input_username"), username): Text 'John Doe' is set on object 'Object Repository/CURA_OR/Page_CURA Healthcare Service/input_username'

13-02-2024T22:19:43 - [MESSAGE][PASSED] - Text 'John Doe' is set on object 'Object Repository/CURA_OR/Page_CURA Healthcare Service/input_username'

13-02-2024T22:19:43 - [TEST_STEP][PASSED] - setText(findTestObject("CURA_OR/Page_CURA Healthcare Service/input_password"), password): Text 'ThisIsNotAPassword' is set on object 'Object Repository/CURA_OR/Page_CURA Healthcare Service/input_password'

13-02-2024T22:19:44 - [MESSAGE][PASSED] - Text 'ThisIsNotAPassword' is set on object 'Object Repository/CURA_OR/Page_CURA Healthcare Service/input_password'

13-02-2024T22:19:44 - [TEST_STEP][PASSED] - click(findTestObject("Object Repository/CURA_OR/Page_CURA Healthcare Service/button_Login")): Object: 'Object Repository/CURA_OR/Page_CURA Healthcare Service/button_Login' is clicked on

13-02-2024T22:19:45 - [MESSAGE][PASSED] - Object: 'Object Repository/CURA_OR/Page_CURA Healthcare Service/button_Login' is clicked on

13-02-2024T22:19:45 - [TEST_STEP][PASSED] - click(findTestObject("Object Repository/CURA_OR/Page_CURA Healthcare Service/div_input-group-addon")): Object: 'Object Repository/CURA_OR/Page_CURA Healthcare Service/div_input-group-addon' is clicked on

13-02-2024T22:19:46 - [MESSAGE][PASSED] - Object: 'Object Repository/CURA_OR/Page_CURA Healthcare Service/div_input-group-addon' is clicked on

13-02-2024T22:19:46 - [TEST_STEP][PASSED] - click(findTestObject("Object Repository/CURA_OR/Page_CURA Healthcare Service/th_February 2024")): Object: 'Object Repository/CURA_OR/Page_CURA Healthcare Service/th_February 2024' is clicked on

13-02-2024T22:19:46 - [MESSAGE][PASSED] - Object: 'Object Repository/CURA_OR/Page_CURA Healthcare Service/th_February 2024' is clicked on

13-02-2024T22:19:46 - [TEST_STEP][PASSED] - click(findTestObject("Object Repository/CURA_OR/Page_CURA Healthcare Service/th_2024")): Object: 'Object Repository/CURA_OR/Page_CURA Healthcare Service/th_2024' is clicked on

13-02-2024T22:19:47 - [MESSAGE][PASSED] - Object: 'Object Repository/CURA_OR/Page_CURA Healthcare Service/th_2024' is clicked on

13-02-2024T22:19:47 - [TEST_STEP][PASSED] - com.qa.test.custom_keyword.validateAppointmentDate(date, month, year): com.qa.test.custom_keyword.validateAppointmentDate is PASSED

13-02-2024T22:19:47 - [MESSAGE][PASSED] - Object: 'Object Repository/CURA_OR/Page_CURA Healthcare Service/yearObject' is clicked on

13-02-2024T22:19:48 - [MESSAGE][PASSED] - Object: 'Object Repository/CURA_OR/Page_CURA Healthcare Service/monthObject' is clicked on

13-02-2024T22:19:48 - [MESSAGE][WARNING] - Timeout '0' is invalid. Using default page load timeout: '30'

13-02-2024T22:19:48 - [MESSAGE][PASSED] - Web element with id: 'Object Repository/CURA_OR/Page_CURA Healthcare Service/dateObject' located by 'By.xpath: //*[(text() = '32' or . = '32')]' is not present after '30' second(s)

13-02-2024T22:19:48 - [MESSAGE][PASSED] - com.qa.test.custom_keyword.validateAppointmentDate is PASSED

13-02-2024T22:19:48 - [TEST_STEP][PASSED] - Start listener action : sampleAfterTestCase: Object: 'Object Repository/CURA_OR/Page_CURA Healthcare Service/a_Logout' is clicked on

13-02-2024T22:19:48 - [TEST_STEP][PASSED] - println("After Test Case -- Logging out"): null

13-02-2024T22:19:48 - [TEST_STEP][PASSED] - click(findTestObject("Object Repository/CURA_OR/Page_CURA Healthcare Service/amenu-toggle")): Object: 'Object Repository/CURA_OR/Page_CURA Healthcare Service/amenu-toggle' is clicked on

13-02-2024T22:19:49 - [MESSAGE][PASSED] - Object: 'Object Repository/CURA_OR/Page_CURA Healthcare Service/amenu-toggle' is clicked on

13-02-2024T22:19:49 - [TEST_STEP][PASSED] - click(findTestObject("Object Repository/CURA_OR/Page_CURA Healthcare Service/a_Logout")): Object: 'Object Repository/CURA_OR/Page_CURA Healthcare Service/a_Logout' is clicked on

13-02-2024T22:19:51 - [MESSAGE][PASSED] - Object: 'Object Repository/CURA_OR/Page_CURA Healthcare Service/a_Logout' is clicked on]]></system-out>
         <system-err><![CDATA[]]></system-err>
      </testcase>
      <testcase name="Test Cases/TC_CURA_MakeAppointment_005" time="10.465" classname="Test Cases/TC_CURA_MakeAppointment_005" status="PASSED">
         <system-out><![CDATA[13-02-2024T22:19:51 - [TEST_CASE][PASSED] - Test Cases/TC_CURA_MakeAppointment_005: Test Cases/TC_CURA_MakeAppointment_005

13-02-2024T22:19:51 - [TEST_STEP][PASSED] - Start listener action : sampleBeforeTestCase: Object: 'Object Repository/CURA_OR/Page_CURA Healthcare Service/button_Login' is clicked on

13-02-2024T22:19:51 - [TEST_STEP][PASSED] - println("Before Test Case -- Logging in"): null

13-02-2024T22:19:51 - [TEST_STEP][PASSED] - click(findTestObject("Object Repository/CURA_OR/Page_CURA Healthcare Service/amenu-toggle")): Object: 'Object Repository/CURA_OR/Page_CURA Healthcare Service/amenu-toggle' is clicked on

13-02-2024T22:19:51 - [MESSAGE][PASSED] - Object: 'Object Repository/CURA_OR/Page_CURA Healthcare Service/amenu-toggle' is clicked on

13-02-2024T22:19:51 - [TEST_STEP][PASSED] - click(findTestObject("Object Repository/CURA_OR/Page_CURA Healthcare Service/a_Login")): Object: 'Object Repository/CURA_OR/Page_CURA Healthcare Service/a_Login' is clicked on

13-02-2024T22:19:52 - [MESSAGE][PASSED] - Object: 'Object Repository/CURA_OR/Page_CURA Healthcare Service/a_Login' is clicked on

13-02-2024T22:19:52 - [TEST_STEP][PASSED] - setText(findTestObject("Object Repository/CURA_OR/Page_CURA Healthcare Service/input_username"), username): Text 'John Doe' is set on object 'Object Repository/CURA_OR/Page_CURA Healthcare Service/input_username'

13-02-2024T22:19:53 - [MESSAGE][PASSED] - Text 'John Doe' is set on object 'Object Repository/CURA_OR/Page_CURA Healthcare Service/input_username'

13-02-2024T22:19:53 - [TEST_STEP][PASSED] - setText(findTestObject("CURA_OR/Page_CURA Healthcare Service/input_password"), password): Text 'ThisIsNotAPassword' is set on object 'Object Repository/CURA_OR/Page_CURA Healthcare Service/input_password'

13-02-2024T22:19:54 - [MESSAGE][PASSED] - Text 'ThisIsNotAPassword' is set on object 'Object Repository/CURA_OR/Page_CURA Healthcare Service/input_password'

13-02-2024T22:19:54 - [TEST_STEP][PASSED] - click(findTestObject("Object Repository/CURA_OR/Page_CURA Healthcare Service/button_Login")): Object: 'Object Repository/CURA_OR/Page_CURA Healthcare Service/button_Login' is clicked on

13-02-2024T22:19:55 - [MESSAGE][PASSED] - Object: 'Object Repository/CURA_OR/Page_CURA Healthcare Service/button_Login' is clicked on

13-02-2024T22:19:55 - [TEST_STEP][PASSED] - click(findTestObject("Object Repository/CURA_OR/Page_CURA Healthcare Service/div_input-group-addon")): Object: 'Object Repository/CURA_OR/Page_CURA Healthcare Service/div_input-group-addon' is clicked on

13-02-2024T22:19:56 - [MESSAGE][PASSED] - Object: 'Object Repository/CURA_OR/Page_CURA Healthcare Service/div_input-group-addon' is clicked on

13-02-2024T22:19:56 - [TEST_STEP][PASSED] - click(findTestObject("Object Repository/CURA_OR/Page_CURA Healthcare Service/th_February 2024")): Object: 'Object Repository/CURA_OR/Page_CURA Healthcare Service/th_February 2024' is clicked on

13-02-2024T22:19:56 - [MESSAGE][PASSED] - Object: 'Object Repository/CURA_OR/Page_CURA Healthcare Service/th_February 2024' is clicked on

13-02-2024T22:19:56 - [TEST_STEP][PASSED] - click(findTestObject("Object Repository/CURA_OR/Page_CURA Healthcare Service/th_2024")): Object: 'Object Repository/CURA_OR/Page_CURA Healthcare Service/th_2024' is clicked on

13-02-2024T22:19:57 - [MESSAGE][PASSED] - Object: 'Object Repository/CURA_OR/Page_CURA Healthcare Service/th_2024' is clicked on

13-02-2024T22:19:57 - [TEST_STEP][PASSED] - com.qa.test.custom_keyword.validateAppointmentDate(date, month, year): com.qa.test.custom_keyword.validateAppointmentDate is PASSED

13-02-2024T22:19:57 - [MESSAGE][PASSED] - Object: 'Object Repository/CURA_OR/Page_CURA Healthcare Service/yearObject' is clicked on

13-02-2024T22:19:58 - [MESSAGE][PASSED] - Object: 'Object Repository/CURA_OR/Page_CURA Healthcare Service/monthObject' is clicked on

13-02-2024T22:19:58 - [MESSAGE][WARNING] - Timeout '0' is invalid. Using default page load timeout: '30'

13-02-2024T22:19:58 - [MESSAGE][PASSED] - Web element with id: 'Object Repository/CURA_OR/Page_CURA Healthcare Service/dateObject' located by 'By.xpath: //*[(text() = '32' or . = '32')]' is not present after '30' second(s)

13-02-2024T22:19:58 - [MESSAGE][PASSED] - com.qa.test.custom_keyword.validateAppointmentDate is PASSED

13-02-2024T22:19:58 - [TEST_STEP][PASSED] - Start listener action : sampleAfterTestCase: Object: 'Object Repository/CURA_OR/Page_CURA Healthcare Service/a_Logout' is clicked on

13-02-2024T22:19:58 - [TEST_STEP][PASSED] - println("After Test Case -- Logging out"): null

13-02-2024T22:19:58 - [TEST_STEP][PASSED] - click(findTestObject("Object Repository/CURA_OR/Page_CURA Healthcare Service/amenu-toggle")): Object: 'Object Repository/CURA_OR/Page_CURA Healthcare Service/amenu-toggle' is clicked on

13-02-2024T22:19:59 - [MESSAGE][PASSED] - Object: 'Object Repository/CURA_OR/Page_CURA Healthcare Service/amenu-toggle' is clicked on

13-02-2024T22:19:59 - [TEST_STEP][PASSED] - click(findTestObject("Object Repository/CURA_OR/Page_CURA Healthcare Service/a_Logout")): Object: 'Object Repository/CURA_OR/Page_CURA Healthcare Service/a_Logout' is clicked on

13-02-2024T22:20:01 - [MESSAGE][PASSED] - Object: 'Object Repository/CURA_OR/Page_CURA Healthcare Service/a_Logout' is clicked on]]></system-out>
         <system-err><![CDATA[]]></system-err>
      </testcase>
      <testcase name="Test Cases/TC_CURA_MakeAppointment_005" time="11.418" classname="Test Cases/TC_CURA_MakeAppointment_005" status="PASSED">
         <system-out><![CDATA[13-02-2024T22:20:01 - [TEST_CASE][PASSED] - Test Cases/TC_CURA_MakeAppointment_005: Test Cases/TC_CURA_MakeAppointment_005

13-02-2024T22:20:01 - [TEST_STEP][PASSED] - Start listener action : sampleBeforeTestCase: Object: 'Object Repository/CURA_OR/Page_CURA Healthcare Service/button_Login' is clicked on

13-02-2024T22:20:01 - [TEST_STEP][PASSED] - println("Before Test Case -- Logging in"): null

13-02-2024T22:20:01 - [TEST_STEP][PASSED] - click(findTestObject("Object Repository/CURA_OR/Page_CURA Healthcare Service/amenu-toggle")): Object: 'Object Repository/CURA_OR/Page_CURA Healthcare Service/amenu-toggle' is clicked on

13-02-2024T22:20:02 - [MESSAGE][PASSED] - Object: 'Object Repository/CURA_OR/Page_CURA Healthcare Service/amenu-toggle' is clicked on

13-02-2024T22:20:02 - [TEST_STEP][PASSED] - click(findTestObject("Object Repository/CURA_OR/Page_CURA Healthcare Service/a_Login")): Object: 'Object Repository/CURA_OR/Page_CURA Healthcare Service/a_Login' is clicked on

13-02-2024T22:20:04 - [MESSAGE][PASSED] - Object: 'Object Repository/CURA_OR/Page_CURA Healthcare Service/a_Login' is clicked on

13-02-2024T22:20:04 - [TEST_STEP][PASSED] - setText(findTestObject("Object Repository/CURA_OR/Page_CURA Healthcare Service/input_username"), username): Text 'John Doe' is set on object 'Object Repository/CURA_OR/Page_CURA Healthcare Service/input_username'

13-02-2024T22:20:05 - [MESSAGE][PASSED] - Text 'John Doe' is set on object 'Object Repository/CURA_OR/Page_CURA Healthcare Service/input_username'

13-02-2024T22:20:05 - [TEST_STEP][PASSED] - setText(findTestObject("CURA_OR/Page_CURA Healthcare Service/input_password"), password): Text 'ThisIsNotAPassword' is set on object 'Object Repository/CURA_OR/Page_CURA Healthcare Service/input_password'

13-02-2024T22:20:06 - [MESSAGE][PASSED] - Text 'ThisIsNotAPassword' is set on object 'Object Repository/CURA_OR/Page_CURA Healthcare Service/input_password'

13-02-2024T22:20:06 - [TEST_STEP][PASSED] - click(findTestObject("Object Repository/CURA_OR/Page_CURA Healthcare Service/button_Login")): Object: 'Object Repository/CURA_OR/Page_CURA Healthcare Service/button_Login' is clicked on

13-02-2024T22:20:08 - [MESSAGE][PASSED] - Object: 'Object Repository/CURA_OR/Page_CURA Healthcare Service/button_Login' is clicked on

13-02-2024T22:20:08 - [TEST_STEP][PASSED] - click(findTestObject("Object Repository/CURA_OR/Page_CURA Healthcare Service/div_input-group-addon")): Object: 'Object Repository/CURA_OR/Page_CURA Healthcare Service/div_input-group-addon' is clicked on

13-02-2024T22:20:08 - [MESSAGE][PASSED] - Object: 'Object Repository/CURA_OR/Page_CURA Healthcare Service/div_input-group-addon' is clicked on

13-02-2024T22:20:08 - [TEST_STEP][PASSED] - click(findTestObject("Object Repository/CURA_OR/Page_CURA Healthcare Service/th_February 2024")): Object: 'Object Repository/CURA_OR/Page_CURA Healthcare Service/th_February 2024' is clicked on

13-02-2024T22:20:09 - [MESSAGE][PASSED] - Object: 'Object Repository/CURA_OR/Page_CURA Healthcare Service/th_February 2024' is clicked on

13-02-2024T22:20:09 - [TEST_STEP][PASSED] - click(findTestObject("Object Repository/CURA_OR/Page_CURA Healthcare Service/th_2024")): Object: 'Object Repository/CURA_OR/Page_CURA Healthcare Service/th_2024' is clicked on

13-02-2024T22:20:09 - [MESSAGE][PASSED] - Object: 'Object Repository/CURA_OR/Page_CURA Healthcare Service/th_2024' is clicked on

13-02-2024T22:20:09 - [TEST_STEP][PASSED] - com.qa.test.custom_keyword.validateAppointmentDate(date, month, year): com.qa.test.custom_keyword.validateAppointmentDate is PASSED

13-02-2024T22:20:10 - [MESSAGE][PASSED] - Object: 'Object Repository/CURA_OR/Page_CURA Healthcare Service/yearObject' is clicked on

13-02-2024T22:20:10 - [MESSAGE][PASSED] - Object: 'Object Repository/CURA_OR/Page_CURA Healthcare Service/monthObject' is clicked on

13-02-2024T22:20:11 - [MESSAGE][WARNING] - Timeout '0' is invalid. Using default page load timeout: '30'

13-02-2024T22:20:11 - [MESSAGE][PASSED] - Web element with id: 'Object Repository/CURA_OR/Page_CURA Healthcare Service/dateObject' located by 'By.xpath: //*[(text() = '32' or . = '32')]' is not present after '30' second(s)

13-02-2024T22:20:11 - [MESSAGE][PASSED] - com.qa.test.custom_keyword.validateAppointmentDate is PASSED

13-02-2024T22:20:11 - [TEST_STEP][PASSED] - Start listener action : sampleAfterTestCase: Object: 'Object Repository/CURA_OR/Page_CURA Healthcare Service/a_Logout' is clicked on

13-02-2024T22:20:11 - [TEST_STEP][PASSED] - println("After Test Case -- Logging out"): null

13-02-2024T22:20:11 - [TEST_STEP][PASSED] - click(findTestObject("Object Repository/CURA_OR/Page_CURA Healthcare Service/amenu-toggle")): Object: 'Object Repository/CURA_OR/Page_CURA Healthcare Service/amenu-toggle' is clicked on

13-02-2024T22:20:11 - [MESSAGE][PASSED] - Object: 'Object Repository/CURA_OR/Page_CURA Healthcare Service/amenu-toggle' is clicked on

13-02-2024T22:20:11 - [TEST_STEP][PASSED] - click(findTestObject("Object Repository/CURA_OR/Page_CURA Healthcare Service/a_Logout")): Object: 'Object Repository/CURA_OR/Page_CURA Healthcare Service/a_Logout' is clicked on

13-02-2024T22:20:13 - [MESSAGE][PASSED] - Object: 'Object Repository/CURA_OR/Page_CURA Healthcare Service/a_Logout' is clicked on]]></system-out>
         <system-err><![CDATA[]]></system-err>
      </testcase>
      <system-out><![CDATA[13-02-2024T22:09:33 - [TEST_SUITE][PASSED] - TestSuite_CURA_MakeAppointment_005: Test Cases/TC_CURA_MakeAppointment_005]]></system-out>
      <system-err><![CDATA[]]></system-err>
   </testsuite>
</testsuites>
